<?xml version="1.0" encoding="UTF-8"?>
<!-- Generated by org.testng.reporters.JUnitReportReporter -->
<testsuite skipped="0" hostname="LAPTOP-A003P5EU" name="slacktestcases.SlackEditViewFlow" tests="4" failures="0" timestamp="07 Oct 2020 05:50:18 GMT" time="40.054" errors="0">
  <testcase name="validateLogin" time="9.428" classname="slacktestcases.SlackEditViewFlow"/>
  <testcase name="EditInvitesValidationOnCancel" time="8.101" classname="slacktestcases.SlackEditViewFlow"/>
  <testcase name="EditInvitesValidationOnConfirm" time="20.266" classname="slacktestcases.SlackEditViewFlow"/>
  <testcase name="ValidateManagePageUserDetails" time="2.259" classname="slacktestcases.SlackEditViewFlow"/>
</testsuite> <!-- slacktestcases.SlackEditViewFlow -->
