<?xml version="1.0" encoding="UTF-8"?>
<!-- Generated by org.testng.reporters.JUnitReportReporter -->
<testsuite skipped="0" hostname="LAPTOP-A003P5EU" name="resources.BaseIMAccountMismatch" tests="1" failures="0" timestamp="17 Sep 2020 10:47:13 GMT" time="11.734" errors="0">
  <testcase name="validateSlackLoginWhenConnected" time="11.734" classname="resources.BaseIMAccountMismatch"/>
</testsuite> <!-- resources.BaseIMAccountMismatch -->
