<?xml version="1.0" encoding="UTF-8"?>
<!-- Generated by org.testng.reporters.JUnitReportReporter -->
<testsuite skipped="0" hostname="LAPTOP-A003P5EU" name="resources.InitiateDriver" tests="2" failures="0" timestamp="07 Jan 2021 07:36:33 GMT" time="14.796" errors="0">
  <testcase name="login" time="7.881" classname="resources.InitiateDriver"/>
  <testcase name="loginFunc" time="6.915" classname="resources.InitiateDriver"/>
</testsuite> <!-- resources.InitiateDriver -->
