<?xml version="1.0" encoding="UTF-8"?>
<!-- Generated by org.testng.reporters.JUnitReportReporter -->
<testsuite skipped="0" hostname="LAPTOP-A003P5EU" name="assembly.SlackEditViewFlow" tests="4" failures="0" timestamp="06 Oct 2020 14:52:46 GMT" time="39.885" errors="0">
  <testcase name="validateLogin" time="9.399" classname="assembly.SlackEditViewFlow"/>
  <testcase name="EditInvitesValidationOnCancel" time="7.525" classname="assembly.SlackEditViewFlow"/>
  <testcase name="EditInvitesValidationOnConfirm" time="20.572" classname="assembly.SlackEditViewFlow"/>
  <testcase name="ValidateManagePageUserDetails" time="2.389" classname="assembly.SlackEditViewFlow"/>
</testsuite> <!-- assembly.SlackEditViewFlow -->
