<?xml version="1.0" encoding="UTF-8"?>
<!-- Generated by org.testng.reporters.JUnitReportReporter -->
<testsuite skipped="0" hostname="LAPTOP-A003P5EU" name="slacktestcases.SlackAppValidation" tests="5" failures="0" timestamp="07 Oct 2020 05:58:53 GMT" time="28.629" errors="0">
  <testcase name="slackAppFunction" time="3.260" classname="slacktestcases.SlackAppValidation"/>
  <testcase name="SignInUsingSlack" time="9.014" classname="slacktestcases.SlackAppValidation"/>
  <testcase name="ValidateGiveRecogUsingSlash" time="9.100" classname="slacktestcases.SlackAppValidation"/>
  <testcase name="RemoveExistingUser" time="3.454" classname="slacktestcases.SlackAppValidation"/>
  <testcase name="AddNewUser" time="3.801" classname="slacktestcases.SlackAppValidation"/>
</testsuite> <!-- slacktestcases.SlackAppValidation -->
