<?xml version="1.0" encoding="UTF-8"?>
<!-- Generated by org.testng.reporters.JUnitReportReporter -->
<testsuite skipped="0" hostname="LAPTOP-A003P5EU" name="office365testcases.O365EditViewFlowValidation" tests="3" failures="0" timestamp="27 Oct 2020 13:08:47 GMT" time="47.342" errors="0">
  <testcase name="validateSlackLoginWhenConnected" time="19.670" classname="office365testcases.O365EditViewFlowValidation"/>
  <testcase name="EditInvitesValidationOnCancel" time="10.401" classname="office365testcases.O365EditViewFlowValidation"/>
  <testcase name="EditInvitesValidationOnConfirm" time="17.271" classname="office365testcases.O365EditViewFlowValidation"/>
</testsuite> <!-- office365testcases.O365EditViewFlowValidation -->
