<?xml version="1.0" encoding="UTF-8"?>
<!-- Generated by org.testng.reporters.JUnitReportReporter -->
<testsuite skipped="0" hostname="LAPTOP-A003P5EU" name="resources.HomePageLaunchURL" tests="1" failures="0" timestamp="13 Oct 2020 04:07:23 GMT" time="8.339" errors="0">
  <testcase name="validateHomePageURLLaunch" time="8.339" classname="resources.HomePageLaunchURL"/>
</testsuite> <!-- resources.HomePageLaunchURL -->
