<?xml version="1.0" encoding="UTF-8"?>
<!-- Generated by org.testng.reporters.JUnitReportReporter -->
<testsuite skipped="0" hostname="LAPTOP-A003P5EU" name="resources.BaseDriverInitiate" tests="1" failures="0" timestamp="17 Sep 2020 08:03:59 GMT" time="15.842" errors="0">
  <testcase name="validateSlackLoginWhenConnected" time="15.842" classname="resources.BaseDriverInitiate"/>
</testsuite> <!-- resources.BaseDriverInitiate -->
