<?xml version="1.0" encoding="UTF-8"?>
<!-- Generated by org.testng.reporters.JUnitReportReporter -->
<testsuite skipped="0" hostname="LAPTOP-A003P5EU" name="slacktestcases.SlackEditViewFlow" tests="4" failures="0" timestamp="25 Nov 2020 06:43:30 GMT" time="54.707" errors="0">
  <testcase name="validateLogin" time="19.384" classname="slacktestcases.SlackEditViewFlow"/>
  <testcase name="EditInvitesValidationOnCancel" time="8.181" classname="slacktestcases.SlackEditViewFlow"/>
  <testcase name="EditInvitesValidationOnConfirm" time="20.754" classname="slacktestcases.SlackEditViewFlow"/>
  <testcase name="ValidateManagePageUserDetails" time="6.388" classname="slacktestcases.SlackEditViewFlow"/>
</testsuite> <!-- slacktestcases.SlackEditViewFlow -->
