<?xml version="1.0" encoding="UTF-8"?>
<!-- Generated by org.testng.reporters.JUnitReportReporter -->
<testsuite skipped="0" hostname="LAPTOP-A003P5EU" name="assembly.GiveRecognitionValidation" tests="6" failures="0" timestamp="28 Sep 2020 14:00:16 GMT" time="243.684" errors="5">
  <testcase name="validateLogin" time="15.857" classname="assembly.GiveRecognitionValidation"/>
  <testcase name="ValidateGiveRecognitionUsingMessage" time="32.317" classname="assembly.GiveRecognitionValidation">
    <error type="org.openqa.selenium.NoSuchElementException" message="no such element: Unable to locate element: {&quot;method&quot;:&quot;xpath&quot;,&quot;selector&quot;:&quot;//div[@class=&#039;gc-button__div shoutout-give-button&#039;]/button&quot;}
  (Session info: chrome=85.0.4183.121)
For documentation on this error, please visit: https://selenium.dev/exceptions/#no_such_element
Build info: version: &#039;4.0.0-alpha-4&#039;, revision: &#039;c2d955b49e&#039;
System info: host: &#039;LAPTOP-A003P5EU&#039;, ip: &#039;192.168.225.216&#039;, os.name: &#039;Windows 10&#039;, os.arch: &#039;amd64&#039;, os.version: &#039;10.0&#039;, java.version: &#039;1.8.0_261&#039;
Driver info: org.openqa.selenium.chrome.ChromeDriver
Capabilities {acceptInsecureCerts: false, browserName: chrome, browserVersion: 85.0.4183.121, chrome: {chromedriverVersion: 85.0.4183.87 (cd6713ebf92fa..., userDataDir: C:\Users\JAYASU~1\AppData\L...}, goog:chromeOptions: {debuggerAddress: localhost:60961}, javascriptEnabled: true, networkConnectionEnabled: false, pageLoadStrategy: normal, platform: WINDOWS, platformName: WINDOWS, proxy: Proxy(), setWindowRect: true, strictFileInteractability: false, timeouts: {implicit: 0, pageLoad: 300000, script: 30000}, unhandledPromptBehavior: dismiss and notify, webauthn:virtualAuthenticators: true}
Session ID: ddb2435b633a9b3ea97be1fbbea2c9a7
*** Element info: {Using=xpath, value=//div[@class=&#039;gc-button__div shoutout-give-button&#039;]/button}">
      <![CDATA[org.openqa.selenium.NoSuchElementException: no such element: Unable to locate element: {"method":"xpath","selector":"//div[@class='gc-button__div shoutout-give-button']/button"}
  (Session info: chrome=85.0.4183.121)
For documentation on this error, please visit: https://selenium.dev/exceptions/#no_such_element
Build info: version: '4.0.0-alpha-4', revision: 'c2d955b49e'
System info: host: 'LAPTOP-A003P5EU', ip: '192.168.225.216', os.name: 'Windows 10', os.arch: 'amd64', os.version: '10.0', java.version: '1.8.0_261'
Driver info: org.openqa.selenium.chrome.ChromeDriver
Capabilities {acceptInsecureCerts: false, browserName: chrome, browserVersion: 85.0.4183.121, chrome: {chromedriverVersion: 85.0.4183.87 (cd6713ebf92fa..., userDataDir: C:\Users\JAYASU~1\AppData\L...}, goog:chromeOptions: {debuggerAddress: localhost:60961}, javascriptEnabled: true, networkConnectionEnabled: false, pageLoadStrategy: normal, platform: WINDOWS, platformName: WINDOWS, proxy: Proxy(), setWindowRect: true, strictFileInteractability: false, timeouts: {implicit: 0, pageLoad: 300000, script: 30000}, unhandledPromptBehavior: dismiss and notify, webauthn:virtualAuthenticators: true}
Session ID: ddb2435b633a9b3ea97be1fbbea2c9a7
*** Element info: {Using=xpath, value=//div[@class='gc-button__div shoutout-give-button']/button}
at sun.reflect.NativeConstructorAccessorImpl.newInstance0(Native Method)
at sun.reflect.NativeConstructorAccessorImpl.newInstance(Unknown Source)
at sun.reflect.DelegatingConstructorAccessorImpl.newInstance(Unknown Source)
at java.lang.reflect.Constructor.newInstance(Unknown Source)
at org.openqa.selenium.remote.codec.w3c.W3CHttpResponseCodec.createException(W3CHttpResponseCodec.java:196)
at org.openqa.selenium.remote.codec.w3c.W3CHttpResponseCodec.decode(W3CHttpResponseCodec.java:129)
at org.openqa.selenium.remote.codec.w3c.W3CHttpResponseCodec.decode(W3CHttpResponseCodec.java:53)
at org.openqa.selenium.remote.HttpCommandExecutor.execute(HttpCommandExecutor.java:161)
at org.openqa.selenium.remote.service.DriverCommandExecutor.execute(DriverCommandExecutor.java:83)
at org.openqa.selenium.remote.RemoteWebDriver.execute(RemoteWebDriver.java:582)
at org.openqa.selenium.remote.RemoteWebDriver.findElement(RemoteWebDriver.java:333)
at org.openqa.selenium.remote.RemoteWebDriver.findElementByXPath(RemoteWebDriver.java:451)
at org.openqa.selenium.By$ByXPath.findElement(By.java:394)
at org.openqa.selenium.remote.RemoteWebDriver.findElement(RemoteWebDriver.java:325)
at PageObjects.RecognitionPageObject.getGiveRecognitionButton(RecognitionPageObject.java:122)
at assembly.GiveRecognitionValidation.ValidateGiveRecognitionUsingMessage(GiveRecognitionValidation.java:45)
at sun.reflect.NativeMethodAccessorImpl.invoke0(Native Method)
at sun.reflect.NativeMethodAccessorImpl.invoke(Unknown Source)
at sun.reflect.DelegatingMethodAccessorImpl.invoke(Unknown Source)
at java.lang.reflect.Method.invoke(Unknown Source)
at org.testng.internal.MethodInvocationHelper.invokeMethod(MethodInvocationHelper.java:124)
at org.testng.internal.Invoker.invokeMethod(Invoker.java:583)
at org.testng.internal.Invoker.invokeTestMethod(Invoker.java:719)
at org.testng.internal.Invoker.invokeTestMethods(Invoker.java:989)
at org.testng.internal.TestMethodWorker.invokeTestMethods(TestMethodWorker.java:125)
at org.testng.internal.TestMethodWorker.run(TestMethodWorker.java:109)
at org.testng.TestRunner.privateRun(TestRunner.java:648)
at org.testng.TestRunner.run(TestRunner.java:505)
at org.testng.SuiteRunner.runTest(SuiteRunner.java:455)
at org.testng.SuiteRunner.runSequentially(SuiteRunner.java:450)
at org.testng.SuiteRunner.privateRun(SuiteRunner.java:415)
at org.testng.SuiteRunner.run(SuiteRunner.java:364)
at org.testng.SuiteRunnerWorker.runSuite(SuiteRunnerWorker.java:52)
at org.testng.SuiteRunnerWorker.run(SuiteRunnerWorker.java:84)
at org.testng.TestNG.runSuitesSequentially(TestNG.java:1208)
at org.testng.TestNG.runSuitesLocally(TestNG.java:1137)
at org.testng.TestNG.runSuites(TestNG.java:1049)
at org.testng.TestNG.run(TestNG.java:1017)
at org.testng.remote.AbstractRemoteTestNG.run(AbstractRemoteTestNG.java:115)
at org.testng.remote.RemoteTestNG.initAndRun(RemoteTestNG.java:251)
at org.testng.remote.RemoteTestNG.main(RemoteTestNG.java:77)
]]>
    </error>
  </testcase> <!-- ValidateGiveRecognitionUsingMessage -->
  <testcase name="ValidateGiveRecognitionUsingBadgeOnly" time="41.373" classname="assembly.GiveRecognitionValidation">
    <error type="org.openqa.selenium.ElementClickInterceptedException" message="element click intercepted: Element is not clickable at point (733, 727)
  (Session info: chrome=85.0.4183.121)
Build info: version: &#039;4.0.0-alpha-4&#039;, revision: &#039;c2d955b49e&#039;
System info: host: &#039;LAPTOP-A003P5EU&#039;, ip: &#039;192.168.225.216&#039;, os.name: &#039;Windows 10&#039;, os.arch: &#039;amd64&#039;, os.version: &#039;10.0&#039;, java.version: &#039;1.8.0_261&#039;
Driver info: org.openqa.selenium.chrome.ChromeDriver
Capabilities {acceptInsecureCerts: false, browserName: chrome, browserVersion: 85.0.4183.121, chrome: {chromedriverVersion: 85.0.4183.87 (cd6713ebf92fa..., userDataDir: C:\Users\JAYASU~1\AppData\L...}, goog:chromeOptions: {debuggerAddress: localhost:60961}, javascriptEnabled: true, networkConnectionEnabled: false, pageLoadStrategy: normal, platform: WINDOWS, platformName: WINDOWS, proxy: Proxy(), setWindowRect: true, strictFileInteractability: false, timeouts: {implicit: 0, pageLoad: 300000, script: 30000}, unhandledPromptBehavior: dismiss and notify, webauthn:virtualAuthenticators: true}
Session ID: ddb2435b633a9b3ea97be1fbbea2c9a7">
      <![CDATA[org.openqa.selenium.ElementClickInterceptedException: element click intercepted: Element is not clickable at point (733, 727)
  (Session info: chrome=85.0.4183.121)
Build info: version: '4.0.0-alpha-4', revision: 'c2d955b49e'
System info: host: 'LAPTOP-A003P5EU', ip: '192.168.225.216', os.name: 'Windows 10', os.arch: 'amd64', os.version: '10.0', java.version: '1.8.0_261'
Driver info: org.openqa.selenium.chrome.ChromeDriver
Capabilities {acceptInsecureCerts: false, browserName: chrome, browserVersion: 85.0.4183.121, chrome: {chromedriverVersion: 85.0.4183.87 (cd6713ebf92fa..., userDataDir: C:\Users\JAYASU~1\AppData\L...}, goog:chromeOptions: {debuggerAddress: localhost:60961}, javascriptEnabled: true, networkConnectionEnabled: false, pageLoadStrategy: normal, platform: WINDOWS, platformName: WINDOWS, proxy: Proxy(), setWindowRect: true, strictFileInteractability: false, timeouts: {implicit: 0, pageLoad: 300000, script: 30000}, unhandledPromptBehavior: dismiss and notify, webauthn:virtualAuthenticators: true}
Session ID: ddb2435b633a9b3ea97be1fbbea2c9a7
at sun.reflect.NativeConstructorAccessorImpl.newInstance0(Native Method)
at sun.reflect.NativeConstructorAccessorImpl.newInstance(Unknown Source)
at sun.reflect.DelegatingConstructorAccessorImpl.newInstance(Unknown Source)
at java.lang.reflect.Constructor.newInstance(Unknown Source)
at org.openqa.selenium.remote.codec.w3c.W3CHttpResponseCodec.createException(W3CHttpResponseCodec.java:196)
at org.openqa.selenium.remote.codec.w3c.W3CHttpResponseCodec.decode(W3CHttpResponseCodec.java:129)
at org.openqa.selenium.remote.codec.w3c.W3CHttpResponseCodec.decode(W3CHttpResponseCodec.java:53)
at org.openqa.selenium.remote.HttpCommandExecutor.execute(HttpCommandExecutor.java:161)
at org.openqa.selenium.remote.service.DriverCommandExecutor.execute(DriverCommandExecutor.java:83)
at org.openqa.selenium.remote.RemoteWebDriver.execute(RemoteWebDriver.java:582)
at org.openqa.selenium.remote.RemoteWebElement.execute(RemoteWebElement.java:316)
at org.openqa.selenium.remote.RemoteWebElement.click(RemoteWebElement.java:85)
at assembly.GiveRecognitionValidation.ValidateGiveRecognitionUsingBadgeOnly(GiveRecognitionValidation.java:70)
at sun.reflect.NativeMethodAccessorImpl.invoke0(Native Method)
at sun.reflect.NativeMethodAccessorImpl.invoke(Unknown Source)
at sun.reflect.DelegatingMethodAccessorImpl.invoke(Unknown Source)
at java.lang.reflect.Method.invoke(Unknown Source)
at org.testng.internal.MethodInvocationHelper.invokeMethod(MethodInvocationHelper.java:124)
at org.testng.internal.Invoker.invokeMethod(Invoker.java:583)
at org.testng.internal.Invoker.invokeTestMethod(Invoker.java:719)
at org.testng.internal.Invoker.invokeTestMethods(Invoker.java:989)
at org.testng.internal.TestMethodWorker.invokeTestMethods(TestMethodWorker.java:125)
at org.testng.internal.TestMethodWorker.run(TestMethodWorker.java:109)
at org.testng.TestRunner.privateRun(TestRunner.java:648)
at org.testng.TestRunner.run(TestRunner.java:505)
at org.testng.SuiteRunner.runTest(SuiteRunner.java:455)
at org.testng.SuiteRunner.runSequentially(SuiteRunner.java:450)
at org.testng.SuiteRunner.privateRun(SuiteRunner.java:415)
at org.testng.SuiteRunner.run(SuiteRunner.java:364)
at org.testng.SuiteRunnerWorker.runSuite(SuiteRunnerWorker.java:52)
at org.testng.SuiteRunnerWorker.run(SuiteRunnerWorker.java:84)
at org.testng.TestNG.runSuitesSequentially(TestNG.java:1208)
at org.testng.TestNG.runSuitesLocally(TestNG.java:1137)
at org.testng.TestNG.runSuites(TestNG.java:1049)
at org.testng.TestNG.run(TestNG.java:1017)
at org.testng.remote.AbstractRemoteTestNG.run(AbstractRemoteTestNG.java:115)
at org.testng.remote.RemoteTestNG.initAndRun(RemoteTestNG.java:251)
at org.testng.remote.RemoteTestNG.main(RemoteTestNG.java:77)
]]>
    </error>
  </testcase> <!-- ValidateGiveRecognitionUsingBadgeOnly -->
  <testcase name="ValidateGiveRecognitionUsingImageEmoji" time="70.876" classname="assembly.GiveRecognitionValidation">
    <error type="org.openqa.selenium.NoSuchElementException" message="no such element: Unable to locate element: {&quot;method&quot;:&quot;xpath&quot;,&quot;selector&quot;:&quot;//span[contains(text(), &#039;Done&#039;)]&quot;}
  (Session info: chrome=85.0.4183.121)
For documentation on this error, please visit: https://selenium.dev/exceptions/#no_such_element
Build info: version: &#039;4.0.0-alpha-4&#039;, revision: &#039;c2d955b49e&#039;
System info: host: &#039;LAPTOP-A003P5EU&#039;, ip: &#039;192.168.225.216&#039;, os.name: &#039;Windows 10&#039;, os.arch: &#039;amd64&#039;, os.version: &#039;10.0&#039;, java.version: &#039;1.8.0_261&#039;
Driver info: org.openqa.selenium.chrome.ChromeDriver
Capabilities {acceptInsecureCerts: false, browserName: chrome, browserVersion: 85.0.4183.121, chrome: {chromedriverVersion: 85.0.4183.87 (cd6713ebf92fa..., userDataDir: C:\Users\JAYASU~1\AppData\L...}, goog:chromeOptions: {debuggerAddress: localhost:60961}, javascriptEnabled: true, networkConnectionEnabled: false, pageLoadStrategy: normal, platform: WINDOWS, platformName: WINDOWS, proxy: Proxy(), setWindowRect: true, strictFileInteractability: false, timeouts: {implicit: 0, pageLoad: 300000, script: 30000}, unhandledPromptBehavior: dismiss and notify, webauthn:virtualAuthenticators: true}
Session ID: ddb2435b633a9b3ea97be1fbbea2c9a7
*** Element info: {Using=xpath, value=//span[contains(text(), &#039;Done&#039;)]}">
      <![CDATA[org.openqa.selenium.NoSuchElementException: no such element: Unable to locate element: {"method":"xpath","selector":"//span[contains(text(), 'Done')]"}
  (Session info: chrome=85.0.4183.121)
For documentation on this error, please visit: https://selenium.dev/exceptions/#no_such_element
Build info: version: '4.0.0-alpha-4', revision: 'c2d955b49e'
System info: host: 'LAPTOP-A003P5EU', ip: '192.168.225.216', os.name: 'Windows 10', os.arch: 'amd64', os.version: '10.0', java.version: '1.8.0_261'
Driver info: org.openqa.selenium.chrome.ChromeDriver
Capabilities {acceptInsecureCerts: false, browserName: chrome, browserVersion: 85.0.4183.121, chrome: {chromedriverVersion: 85.0.4183.87 (cd6713ebf92fa..., userDataDir: C:\Users\JAYASU~1\AppData\L...}, goog:chromeOptions: {debuggerAddress: localhost:60961}, javascriptEnabled: true, networkConnectionEnabled: false, pageLoadStrategy: normal, platform: WINDOWS, platformName: WINDOWS, proxy: Proxy(), setWindowRect: true, strictFileInteractability: false, timeouts: {implicit: 0, pageLoad: 300000, script: 30000}, unhandledPromptBehavior: dismiss and notify, webauthn:virtualAuthenticators: true}
Session ID: ddb2435b633a9b3ea97be1fbbea2c9a7
*** Element info: {Using=xpath, value=//span[contains(text(), 'Done')]}
at sun.reflect.NativeConstructorAccessorImpl.newInstance0(Native Method)
at sun.reflect.NativeConstructorAccessorImpl.newInstance(Unknown Source)
at sun.reflect.DelegatingConstructorAccessorImpl.newInstance(Unknown Source)
at java.lang.reflect.Constructor.newInstance(Unknown Source)
at org.openqa.selenium.remote.codec.w3c.W3CHttpResponseCodec.createException(W3CHttpResponseCodec.java:196)
at org.openqa.selenium.remote.codec.w3c.W3CHttpResponseCodec.decode(W3CHttpResponseCodec.java:129)
at org.openqa.selenium.remote.codec.w3c.W3CHttpResponseCodec.decode(W3CHttpResponseCodec.java:53)
at org.openqa.selenium.remote.HttpCommandExecutor.execute(HttpCommandExecutor.java:161)
at org.openqa.selenium.remote.service.DriverCommandExecutor.execute(DriverCommandExecutor.java:83)
at org.openqa.selenium.remote.RemoteWebDriver.execute(RemoteWebDriver.java:582)
at org.openqa.selenium.remote.RemoteWebDriver.findElement(RemoteWebDriver.java:333)
at org.openqa.selenium.remote.RemoteWebDriver.findElementByXPath(RemoteWebDriver.java:451)
at org.openqa.selenium.By$ByXPath.findElement(By.java:394)
at org.openqa.selenium.remote.RemoteWebDriver.findElement(RemoteWebDriver.java:325)
at PageObjects.RecognitionPageObject.allowUploadImage(RecognitionPageObject.java:194)
at assembly.GiveRecognitionValidation.ValidateGiveRecognitionUsingImageEmoji(GiveRecognitionValidation.java:93)
at sun.reflect.NativeMethodAccessorImpl.invoke0(Native Method)
at sun.reflect.NativeMethodAccessorImpl.invoke(Unknown Source)
at sun.reflect.DelegatingMethodAccessorImpl.invoke(Unknown Source)
at java.lang.reflect.Method.invoke(Unknown Source)
at org.testng.internal.MethodInvocationHelper.invokeMethod(MethodInvocationHelper.java:124)
at org.testng.internal.Invoker.invokeMethod(Invoker.java:583)
at org.testng.internal.Invoker.invokeTestMethod(Invoker.java:719)
at org.testng.internal.Invoker.invokeTestMethods(Invoker.java:989)
at org.testng.internal.TestMethodWorker.invokeTestMethods(TestMethodWorker.java:125)
at org.testng.internal.TestMethodWorker.run(TestMethodWorker.java:109)
at org.testng.TestRunner.privateRun(TestRunner.java:648)
at org.testng.TestRunner.run(TestRunner.java:505)
at org.testng.SuiteRunner.runTest(SuiteRunner.java:455)
at org.testng.SuiteRunner.runSequentially(SuiteRunner.java:450)
at org.testng.SuiteRunner.privateRun(SuiteRunner.java:415)
at org.testng.SuiteRunner.run(SuiteRunner.java:364)
at org.testng.SuiteRunnerWorker.runSuite(SuiteRunnerWorker.java:52)
at org.testng.SuiteRunnerWorker.run(SuiteRunnerWorker.java:84)
at org.testng.TestNG.runSuitesSequentially(TestNG.java:1208)
at org.testng.TestNG.runSuitesLocally(TestNG.java:1137)
at org.testng.TestNG.runSuites(TestNG.java:1049)
at org.testng.TestNG.run(TestNG.java:1017)
at org.testng.remote.AbstractRemoteTestNG.run(AbstractRemoteTestNG.java:115)
at org.testng.remote.RemoteTestNG.initAndRun(RemoteTestNG.java:251)
at org.testng.remote.RemoteTestNG.main(RemoteTestNG.java:77)
]]>
    </error>
  </testcase> <!-- ValidateGiveRecognitionUsingImageEmoji -->
  <testcase name="ValidateGiveRecognitionUsingGifOnly" time="10.180" classname="assembly.GiveRecognitionValidation">
    <error type="org.openqa.selenium.ElementClickInterceptedException" message="element click intercepted: Element &lt;input aria-invalid=&quot;false&quot; autocomplete=&quot;off&quot; id=&quot;integration-downshift-multiple&quot; placeholder=&quot;Search for a coworker(s)&quot; type=&quot;text&quot; class=&quot;MuiInputBase-input MuiInput-input jss138 MuiInputBase-inputAdornedStart&quot; value=&quot;&quot;&gt; is not clickable at point (591, 109). Other element would receive the click: &lt;img class=&quot;ReactCrop__image&quot; src=&quot;data:image/png;base64,iVBORw0KGgoAAAANSUhEUgAAB4AAAAQ4CAIAAABnsVYUAAAAAXNSR0IArs4c6QAAAARnQU1BAACxjwv8YQUAAAAJcEhZcwAAEnQAABJ0Ad5mH3gAAP+lSURBVHhe7N0HnNT1nf9xjHeXfy53l+Qud//8c1FcmorUbfTeRVDERFBRLChgN9aIMVbsscXugooSAQuCgigGFcECil060pfOUheWnf/nW+bXZmZ3ZnZmdod5PR/vbGZ+8/v95vf7Tf29+fmbesfkNUokDY85Rv8NDieE1Cj1j5EXl3l9VRFegISkJbwACamtxPPqa9ioyQkntCoobFNU3J4QksIUFrVt3rx148bHB150/vDxR0haEt/3T0IIOUySQAFdn68dhKQ/9dXfKK81XoCEZCC8AAmprcR69TU9oUWgMiOEpDwtWhbkNQi++iR8/BGSgcT6BCSEkMMpcRfQx/CGSEimol5u/lccL0BCMhZegITUVvyvvrwGjVu2LAjUZISQNKV1fnHDRk2cF6AKH3+EZCyR3z8JIeTwSlwFtP4XOUJIBuP5T7F4ARKS6fACJKS24nn1NWveKlCQEULSmtb5xc4LkI8/QjKddJ2Lw/TatNuEkFpOoueAJoRkKpwOjJBaDC9AQmor+tXXuMnxgWqMEJKBND2hpe/1SAjJZFL1/bPq/3yB/7iBEFIbqaaArn+MSmAgISQzqX9MQ16AhNRWeAESUlvJa9Aov6BtoBcjhGQmDRody8cfIbWXmrXD8ZfL1NCEkMymuiOg+fJBSO2Fb/+E1GJ4ARJSWzn2+GaBRowQkrE0a54feEkSQjKW5M9+k1yhzNddQkimUu0pOPhnMUJqL/y7NCG1GF6AhNRSOPszIbWY1vlFgZckISRzoREmhBymoYAmhBBCCCF1KK1aFwYaMUJIJhN4SRJC6m5SdcAExTchJM2p9hzQFNCE1FoGnjw4v9D9OXJCSCbDC5CQ2kpxm2AdRgjJZJq3aB14VRJCMhP5/nlCs7h/CzS1rTEdNCEknan2CGhCSK1l2Dnnt2nXKTCQEJKZ8AIkpLYS6MIIIRlOq9achYOQ2ol8/2zZqjAwkBBCDoNQQBNSd5OK/qux/D1q4IMNTn1YLtTXVwkh8STRF2C/Jke93e7ne7sfcahnvUPd61VKeuq/PXTCVw/1UJHRZOR+jY8KzIQQIgl0YdXmjLYt53T51b4eP4nn1SejychntGkZmAkhxEnSBXSLFq2vufb6GW+9tXrlqn27d0vkwltvvnX1Ndc1b9EqMDIhJDJxF9D8p+qEkCxL6gvovLyGeQ0a5zVsov5WETMCp/ggJHZqXEA3kb//1fHaY24+dOzYUN5Jd6iBDY71jEAIiZmEXoD9m/xuQ9cjQ73rVeiGy9ZeMSIjyGihPvU2dDlSJgzMihAS6MKqzlltWpR2/5dEX32l3f5FJgzMihBiklwBfcWVVy1dsiQUw9LFiy+/4qrAJISQQOItoNN3ugxOxEFIimI//2ILjF9bKSsrO/HEAYGBTuSmnTt3TpnySmB4EklxAZ3EOaM5zTQhsVKTArq+/urwy+Krf37B2iZ3hBrfWtHkrlCDAXepmzgOmpA4ktALcHbbfw31rleuD7FUJVdPT+fV68jK3kc6V9UIPdVfGTnUp55MGJgVISTQhVWdD7v8Sl59B3ocEf+rT0aWV59MGJgVIcQkiQK6ZNx4sztdEQqVr/lx74ypu194RrLnzdfLf1wpA41nny0JTEgI8SbeAjruFBa2veDC0fI3MJwQku7Ip15giDdV35rJTJnyys6dO6N20ClsnyWpPwJ6QLOmgwYMPPX0MwedPGjQqadFzSly05AzTzlpwEnHczAmITGTdAFd3xz73On6eqd+9YsRK4+9o7LRrRWNb/d00A3UCISQKpLQC3BfN1V+HequE267VLrXq2yrY84GoP+qMcMjy4SBWRFCAl1Y1dnX7SfJvvp+EpgVIcQk/gI6r4E6rMG0zwdDofKNG3bedfOmAV1Lu7TaWNBIUtq51aaTuuy8+5bytasPHJRRbAdtJiSEBBJXAZ3IMXz3/fWR2e/Pu/WOuwPDqwrHCBJSs8iHXdXMON5JajdRO+jUts+SFBfQf2lXuGdIv6233lC+9sdDoVDFwYMqFRWHDh2SvwfFgQOSilBo/48rN//pip39O/w5v3lgJlHT9+F33p3z0btz3rljqB1y8XMfvfLwWRGXz7rjLRnNzZPX2/HdDH3slTnutM4QNf5zY9yBTq5/yTvDd+e8dHFgBCdqzNi3Ro9aYN/CBBK5tBnKmCejbj2VKm6qrahFiv7wpTLNmxUUH3dsYGAak2gBXd+eC0x9of9Nj7/86wVrjvj95/927tJj7ww1uvWQpPFth469K9Rg4Fg9muqgw5PElT6PviNfX8J5Z+yQ4AiZyJAnXn1/3quPnhkcXou5ceLsGU/0UZdvfkq2zAs3B0cg2ZmEXoCq2NLHXbr9lzkFbe8jKx8cqSIXTAum447cM94PYv0CrJXXnXpiP3VjYKCOPPnfnzgqMDC56Je25x0mxj2S3EigC6s6vheUSdyvvsCsqsi0lbKbsGpaxPC0Z9qqWPd7/4KyUNnC+yOGJxN1L15lC+6PGIfkUhI6AvqSyy6XJ43s3x344dvNf+i/sW3T0g7NSts329SrjURd7th8Q/Ojtt90VWUoJLuDMvIll1wWmAkxCe/zvvQXdcHd842WKvYi1U11bGetlqM27FuP6a/rdT1xFdCJ5LEnS+RrlfwNDCeEpC/ySRcY4o25tepxMp9AB53y9lmS4gL6pW5tVp/aa3HvdotP67P2tUmby3Zt3rpt08aNm7ds2bRpU+mGDZu2bt20s2zNlIk/nNT5+w4tVvVu90xh08BMokZ9ZvjrxSoKaPfjVre3gU9fmdUrb6lPoL6egWZ4zAI6YuToSUMBHWtp0586X0DH/7ikLPEW0OOenyhpekJL70C5aoZ7B1adRAtoiTm9xlEnjv2fq8p+ceGPPxv2/U+Hfd/g5vImtx1qdGul20EnfC6OM8fOmBeuWXVunJiSekh1atne2LoFNKn9FBa1m/bWO7feHjzKo3OX7jL8hhv/EhheRRJ6Aaoyq3vgv/0/orJdvcpxN8n+tkrJTeqqDDS3hkeWCQOzihF5Db7z6oxa+deXjBXQKZrV4R/1hlw3C/pBp50ue7lnnn1eYLgMkeFya2B4rAS6sKpTk1dfYFax8+bKUFlZWWjltMDw9CdjBXSqZnX4Rz0Z6mZBP3Hiy2Vlu84865zA8GnT3pThA08eHBheReIvoJu3aLVs2dLKQ4fK127cMuTEjR2alXZutfn0/rvHP7F//of758/dPf7Jzaf23nLB0IM/rqysPHTwwIHKysply5bxm4RRkti+ZHYU0DF3sTMbtRhpLqBTuANIAU1IticbC2iJ00Gno32WpLiAfq5T4Vf9O31xYucVfdsv69t+9T23bNuwYfvevVs3b966adPW3bu3rl+/+s6blnQrWNq55eddCua0azb2hAaBmURN5EdXXAW0fzQdGeGdO4aOeTLin5TrZAEdc2nTHwroyMRbQJuPee9XEPPlI9HP/oQLaP0Dgw0G3tPg1sr/vWb7f1+68RcXrf7pWd/9+rKtx96lTgOtCmjVQR9sMtZ20HH+JuGoF9J1YC8FNElt5LU2bca78lrzdtCmfZaBl195jTOw2iT0ArTFlpsjKrvUq/zD/1ZuL5XdcpVtpepq53qVPcMtmEmcR0APeeJVeZrVzpONArqupe4W0H1OHCAvNIm3gzbts0RudQZWnUAXVnV8LyiVBF59gVnFzLRVoZVvqsJ35ZvBm9IdCug6l7pbQD/19LOyNxvooKdNe1MG7tq1q3uP3s7AahN/AX3NtddXHqqskLt44roNBU1LO7Xedsm5FZtK5U4r9WHR8rd89eryTZsOhUIHKw4drKg8ePBgZWXlH6++NjArkuDeTRV7kcE94lpM7hTQKdwBrKaATvD8GGbBEloGFc7CQepk5MMlHoGpMp+ql8HcWheWMzKmg05H+yxJcQE9sUvxyn7tZp/W75Pzz1jWq82y7oUrLjxz06fzt+/bv23v/tJP5i0/f8jSTi0Wd2z+xQVD3zixy6yWeQ+1jOtctCkroIc+9or+XJfhgRkmVkA7Z+3wnvnBFNDuTW5rbD7z3Jm486yygI65tKoCDty7uouI+1UT2oFOM27ucYz8dUdWS66vugtpWmY1srnJs5DhAtqsrx0oifpdx4zsLLAa311U70p5Nql7X8FNau/Os15mJoHN6Nk+3iX0zG3GO3Nem/b0ec5NeY0G3/DwbXfeO+bmW6++bnQvd3jbLgP/0PfEAd169G5TWBBnAS3fNsa/8HfnK4jz5UMGOt9I4klC/Vd9/bfBgLua3KVOuHHMmL2/VR30hl9euu1XPe9rMHT8sffI8IrGt1XqDvqQ5zcJffOJElUMxfoP/1UP8uqjN6vjo51xVCcV8R/Re//7ets466OqwwPDx3V6BkYv2rxdWJSRPecJscsTaM99lbdnqZI/sNTtBM3WMPMxy6n+2oYuyhYgaYmqmz0dtNM+J3byu0QLaHP0pXMMZq+fqDPPvnCrOvryYHnlgXJ1YcJtaqDcFC6/zIXArKJGnrf6qRXZBZvnmPd5Ff1FpF4Idkyn5/U+S+1w9xXkPkvNaO5s3RdLuIAO/htVEm1yjEnU8sx4YlR4qZyNoK8670v2peeuo/8l5nlbcBZeTeJuSbUivrnZm6K+RZi1Nm90vjuyi+EOcd8coi6Dmb/33VVWzV71rrhvnt53Ev8y24HRH3T3XuLbpMnHqZtNBx24GmcCXVjVqcmrLzCrWJm2Uh/7fP/CskDzqNphK3xw9JvqXB2G21Y/uKDMDnN7XtMsO3NQI7ujuYdam9HUXRvuAoQLaDVV2YIH7fhmkkTb5OiTmDm/GV4qfdfOArvjq1VeOc1deN/C2LOXWHa91Oq4rboawZmb9ybnvjwbxKz1NH1nvjuKeHRkts4IUZYhssF3N4J3xWM+4u4/DLiPjneR3A3i+SeEODdp8pk+/S01p3AH7bTPkYdFV534C+iZM2ZUVlYe3L34wDv/teOPv9l8Sq+KDevkTg+Vl1ceqpD/1y20Ia9F5dChCpnkrbdmBGYVNZ4dnPBehmeXIfZemHcPxRt31ybGOHafwtnX8O6meXZAnL0tM361O1aByaPctXdN1XoF9rOcebqHAQV2f9xVM8sTsVOm45mPd9Wib9WYm9oODCyJu4J2ZHeRJObuou6xOlG3ykaL3IBqSbzjy76evWomuTg8W30vzp6gO4kZrc81z782bebLU15/bsJfz7SzUjnpUtkBvPHSy68eMfLsznZgUfu+Azq3a9OqfZf8wqJjGzc6puFxzvhRk8IdwOoK6IghVSbZAjpiCCEk7siHXWCIN+bWqseprZx44gD1UR0KOefiSGFSXEC/2LXNyp4F314+4uNFX/7jitHf9+2wvHvh0gFd100oWTfh2aX9Oy/r0urbHoWfXnv598tWzB5++nvNfvdgq7gOwFSfGc7Hno58wjmfmp7L6nPO/bgNfHJ7x4y4KfIubGRM/7cHSd+HXwp/npmCVV82H5bOyOqq76PRnYk7z8BXB19iLK13krPueFgvs3eE6x8zd6q+BITXyLMA5quAXTA1jrvMal3Cczaf3M7HdvAmvcqedZeobwa+Tapj5mOGh7+FmKXS32ns5L5vFZ7Z+japntx5jNxtaG+yi+edrVlxd8t453bmmEkzX37oSjPa6Tc/ee8Nw83lorOvvXT0sHx1uX3PPww7pW8XM7xJYef8wnjPAe18BXluwqTnJrycxJcPSUL9lyTvpDua3BVqfHuFOdj5mDH7fjem8jenPGNubXjGhGPvUcdBN77tkP6rfpNQJnEmjxlPhxIR03p4OgtTzZjLnm6lz6MTw+OYMstc1lWI2+D46ptgpWXjTu4dYdSjegm9937jE+YeA/Nx79FX/fiWKrG428e7/KbQcQu1WFuApCNOB/3AXx9Nrn2WJFZAm1ZL0r2eOsqyS73K3/+/yq0bKysOVh48UHnwoLogV//w/9RNzmGY+ry0gVlFizxn7HPV/3z2PuXOHPuoGh7ldeEfaPpHPdz7LA03mO6rw3mWmtF8LxZ7p84rzvvSC76u44u6R3cOTtSsfHfnLolaKc9LT24KL7C+6mwEdzSJu/DehTT34llffRex3iLMYkRbQc+2VZG7NvcVaxn8d2Fusld9Kx6MWkHPe4j3aeB9rG9+yruC4QXwzTnmJq1RnNL5L7ffZS4k1D5LAl1Y1bGvpqRefYFZRY9biZr2MNwwehvP+xcuULWmd4QHFywwBbRvKtWEmmLa1I7mcrjBNN2oKkYDJaxTTaqr9k6d/jRQpHqL13gjs43SfpoK1d6d7XDtaKp0Dt+L6dydotZ7k56DWUeJXk29jmp4uAg29+JZX3MXak29Da9nrd35e+PbznoxzCSxlqGaAtqzRoE4c9bxPg30utv1un/hyvDCuA+6f86xN2mN4nTQ73/woVxIon2WxF9Ar1m9srKysmJNyYHZRxyYUe/A/OvkTg8dLFcDD1V+tbpi0aqKRSsPLFp1cNGPFV+sqvhmTcX+A4fk1h9/XB2YVWR8X+OHPnaH/nofx16Yf5fBm6GPPWl3Z3w7Sp7YvRXPbD17KMnvWMXaL/PHu3ej7tq7C+Nuh/BOk2f3x7/Keru5e0PeXPxc5HwCe0/hvcuoA2MvieceIxbG2c6+lbJ7rN6YJQ+P79mA3qW1N9mrZhI7mpq//+EIb08z2oxnb9CTN+r25+eeevae0/XlU/5475hL7Rmi8gePPOesQS3UZVVAd+vRs1VTNfyYxs0aNq6mgJakagewhgV0n34D+vQ9yck4U4u/8HfvQEnTpi0CE/pCAU1IDSIfhYEh3phbqx6nVuKcecM5F0dghBomxQX0S12KV/Qo+Obi4Wu3bf/4889n/vXeL07puaxbwdKexUt7FC/r0vqLAd0/fvrx75YuXbNt++yzTn23+VEPtUr9EdD6g0fHP4n3s8p8pHk/mCPvwsZ+ksWap+fe1Zjej0b3a4Gaufd7hoxpr7rjRCTW0qpJvEuu4s4wHPU5Hf6AV3Hm5r9H/8e5ZyOoe/QumGcV3IUJfpeKsgG9S242kbtUzqbzPpoSd1aBTepdTd8quyvlXSTnJrsAgbld+fTLL4ztJhdOumns324dbAaqnHbW5ZcPaN/omJ5DTh96aht3eGI/QijfNp5/cbI8Z+Qj//kXJyX65UOSUP+Vd+LN6jwbtx3UBzhXqpb5jlD934+rn9e4fl4TiYzT4Iznm4zVx0Hb80GrDrpBv5u884mMaiuiVS06vqInohZx+xdvvAN9M7/R33RHL6TcGijKzANz0PHUMSrOPQYmr3I1q4x7p94ayNMxRSTqZiGpTecu3d98+73Z+gWYRPssSbiAdg7A7K0PwJxwmzruMhBzGKaMYMbUCcwqSrxPbNUYOq+L4CtOEuXZFXwpOS2n+2pS8c3ZO5/gk1m9WMzyuJN4ZxVlqaqPWkjVVIZjl8S9LxXvS8y7Xmq47/XrLFiw4fVsTHfhZfJ3nnoh/A4QHiHmW4Sa0D9PJ767C2/nKpYheJPz0Oi7C2+EiPi3sDM3E3ezeOIZGN8mrWlUB/3BfPNoJto+SwJdWNVRr6NkX32BWUWNqinD9aWvslTNo3Nkq4mqF8O9ajiBbteZyluw+jpKiafiVKN5m1C3ZnUXJtiBesePL+pePDw9rFuJ+u7Fu1mCzam7YP51tDfpqdz1ldmWrVoZ3m4yXM8quCXDw/Ucgpvdxr1fibPZYy+Db3yJM4mpid2HIxDfFnYWzMSZuS/+OcexSWsa00GLPXv2JtE+S+IvoPfv2yV3dHD57eVv1jvwzj9VlD5fWVl5qEL90uCe/Ye63r6raExZ2z/vkhTftCv/xrJOt+z6dq26de/efYFZRcTZeYmZmHthvt2EGIk+jtpx8OxKRNvtkrj7WfHtWMXcL/PHu0hqjdy78C5DeK09d+2ObBJjsX1xxwnsiJlEG1jVkvj2vzzL49tDjL7N3aiRPSvi34DeLeZuQDVOtF1CFc9mN3P2fMBdevOzz18/vNExfa76053XneQO7z9o+PCeRXJBF9Cd2tjh8RXQkpTsANbkHNCTXnkj/FWqmox7/qXAtISQVEU+5gJDvDG3Vj1O5hM473M6OuhUHwHdqXBl99ZfXzx89abNa1as+PTrb96eMmX+RWcv7log+XjkOZ++M2vx6tUrli5ds2nzu2cPnt38qDQeAa0++fwf7f7PPJnKO8/Iu7CJ8UmpJg+30vbePZ+1zjjmJv9Ho3ee/o9Jb2Ivrf4Edf9FV0f1vDLQ/U6gFsZdQhN9a8wPZolnI/iLY4m7PJ6b3FWO8UUqMJ+IldJLor+1BJbWjObOPzy5c9U3K2elomxP51EIzu3Kp1+e8rez5cKIex7+25P3PuCcgkP9F1h/6Nuo1cDhp/9hQDNn/MQLaPNP37PnfPTchPQX0H1ubDJWdcqNbjW/N1jRZGxlgzOel5t0Aa1r6D883/jOkIzT+LZwAT32UF4feyxArPjbikD85YUuobzfbFTCrdCoF9yBziRup2MLF3ccHX9ro+LpuVQNJON46xK7AN7yS92vp5kK36Nacs8d6USspneRvFWUL277490anuUMJ+oWIGmKKqBnzpZN/e77H0X+JmE8SbiAVkdf6uMrOx9Refr/Vm7ZIDvhlau+rbx/ZOVtZ1Z+9aG6unWDuklGkNHClVlgVpHxN6G+p5Z9inqfupGvCzvEFz0H/7PU32N67jTiyeyMqeZs78h9ofnn46SaV1OM6lNN5c5NvcTcJXEnCbwReW7yLGHwJrVe4YJY7sL81feoZxX7LSJynm7cJVFL7myQWMugLsQuoKNtRh3fdvBu2HDC81TzdwbaZYhvk9Y0zkHQsz+Yn4kCOtlXX2BW0eJvQn2Noa4pI7tXNcitNe0QHz0HfzHq7zEDBbSvP/VVsRG1ZqwSU6ZyBCtyiduQehPZlrpL4rkjVUD75hmem2cJgzd5x5G7MH/1PZoVV/MM0ncXZZ5O3EfHfdSqWIbgTe5G8K94MN4CWo0Z5MxTZuiIOueYm7SmMWfeEHv27MlMAV2x/Lbyt1QBHVo3Xl5tUQvobrfv6nHHrr537V70Y3wFdOB7uyfV74XFnlbf5N/d8CWwKxG53+TctZl/5Aju/bo7Vt47Dce3n2UiozmL5K6C3cvzRc3Wvevgnqa+Kcr8VdRNznz0OBE7fSoxBzrT2viXxCbQ/Ib3YZ05xFi24Iq4V9UM4y2g3ZkHFsN3DujBl/9NF9DDbvLuAI4Yeck5wy/o31VGMKfgcH4q87gGcRfQNd8BzEwBPf6FBH4akRCSUORjLjDEG3Nr1eNkOIH22STlHXSqj4DuXLiyW6tvRp/z4+bNP65cuXrVqi+++fYfH8379J7bP7n79gVffrlk5cplS5cuX7Zs7dats4edOrv5UQ+1TuMpOAKfYd4vK+FE+4oQiPergI3+7AyPHLPf9NwUWBLPPCM+sMOpemmdEXzT2m9FerSIhQnHf4+xvidFfu1wl9l7k8xNf/xH2Uom/vn4Rwtvn5gbIbgW3qu+WTlzUBd8i13FA+QroL1HQNuoAnpgD8+QBApo+bZhTvv1/IuTnn9xslwwpwMLjFZ1Euq/JHn9bm4yVvXL+lzP6jwbx94TanjmBHPrb04p+d2NlcfcuFdVz+YUHGNDMokzeczE17boRBRVnuFOC+xt09yOpprCxUnwLmz5Ep6Jiu1c7DK7vZhO+B4DS16DuHWbd56B5Yy5BUg64pz3+f4HH438TcI4k3ABbdLrJ5Xt6lU+f4s96PK63pWt61UW1qs8u7H6MTQZIjf5z0UbmFVE9JMnEO8T3jzJIw9SdkaL+RL2P0vdZ7KK51kafNG5Y3rnLK87PTDJp3eM6tP/thCrLY14OTs3+VfKd1N4UeUu9LSymu+MHeLcRey3iJjbU0duDb/D2EWtYhnUhVQU0NHG1M8BbxNtlzm+TVqjOO1zpk/BkfirLzCrKFEVYZC/mjRVqdNIqpi214wWszBV7WSqCmg9muou3eI1sbjdqzdxtqVVFtCBRtW9I7OOchd6Tc1w9y4i5hlOzO2pIxtHTeVZ1CqWITgrd9n8Kx6M59GJPaZ+DoQ3V6w5p6eAds77/MEHc9Xz0P+bhHEm/gJ69Y/qFBwH146rfKfegZn1Vn93k9xpRcUBGWhOwfHFqoOfrzrw5Y8Vl4zfWzxm18D7dq/apM4BXf0pOPx7DeHEtxcWuBqO3nuKuivhJLBX4l5Ve0lOB+ruQPnHj7VjFWN5gvEukjtJxE6ZjX/ZfLuxUXaIVPSuYnhpnXFk/pFHEcUaWM2S2Hi2Q8Sy2cWIukHUyJ4Hxb2qJvEuj7t4/kn8Kx5YjJgFtPcIaCeBAjqupGoHMAWn4PDEPQWHfzin4CAkfZGPwsAQb+RWIzC8thK1fTZJbQed8iOgC1Z0bfn16HN+3LJ11YqVP4pVK39YvPjLHxZ/vWTpkqXK8hUrVq5YsW7r9veGDX6v2VEPtk7uFBy+zzn3y0fw49b7MRn5OeqbScRdhBP57cQ/JOZXH+/C+CfxfFL6lsGTapbWxvOx6sQuT/Bz2ol/Pv45eDZC8BtGrJtkuMzN8xAE4p9PjE0nF2JufO8Keq/6ZuWuVMSs/I+Cd25OAa1OwfHwiD7h4U6Cp+AoaBHfOaCdLx/mtF8SczqwRL+CJFpAS/JOvFV30If0Ac7qOOhj7wk1GPrcf/Z84BeXbP31pet/e/W2+jfubXTbIdU+n3hrYPIYiV3EBG+KMaa/f/H2U6oKcaq0qmsdm4guzA70ljgqzr347kIPN1edCzWMp83xrr5/OWNvAZLyBH510DkfdKIddGIFtDmgUv52qVf5h99UbitVhZe4oV9lpyMqO9ervKSNuioDt28Kn4vWtmaBWQUTvb4MPuGjVYfh10XU8e0I8TxLgy869zXle83K81/uJcqLMa7EqD7ja0sj3nmcdYlcd89qmhUZ9YIdQVZZ/ySjXYyYbxG+tY6MnoN3dapaBv/m8ozpX/FA/Nsh+vLE2lZxbtLk47TPpnQOXI0zgS6s6tTk1ReYVWSi15ee0tAkymhOtxhtfBX/8LgLaNVgRju2VyYxv1UY7b6qjduQehNnWxosi92bItbdM5VZkTdX2vvVyy/je26NWuz61zoieg6ee6lyGfxr7ZlzzHvX8RbQumh27suNbxzPHcW5SZNP4FcHA79JGH/iL6Bn6B8hrNi1dMd7/33nK027vnru2l0b5E7LKw4c8vwI4Y49hwb/VR0Hfc4Tew5UVITi+RHCqPsyMXYlqtplcOPfvfLPKpzADpdz1bNDIXF3oPzjx9qxirlf5o93kdxVCCySE8/w4PoG9+NMPHtzEmeNos4//oHRhntWxH+nbqLuPKqRPQ+K56r/sfNsT/8kzko5o9nNYkbzfKpeevOzT40+0ZyC444zuzvDnSRcQKdwB5AfISQk21N1uVz1rZlPWVlZ1PbZJIUddIoL6Akd85d3afnNqLNXqwJ6xY8//rhx48ZNpZuWL1v2/fffL1mydJmqn1etWrli/bYd/zh78HvNj3qoZVIFtP/T3fMB5v/UMRPqMf0fTp5bq/t0jPLtxPsdQn3eh+9dX3Zm4rtHNUl4wfTl8E3RP8irXFr3FzCcbxuen+NwZ6iqWHcmZ93xXLR79G9Jz0ZQX1zcrzLeVQ58p5Gb3non9pcq/8j+jek+cN7to0ezl8Mr6Ax3r/pu8qyUf1a+LRmYm1NAmx8hHHtVO3tT91OHmx8h7NN/6LCTetiv4M2Ku8T5I4R/e+JZ58uHGeJ8BZGbnNGqTcIFdAP13xM0UB10pfNThOo46LtC/3X51p+e+e0vLvrx15du+O0124+55VBef/3zg3qS6qNaCX8Xc+NE3VlE6308fYr95T1v/6JGcCeJrEI89+L+gpYnThd25tgXwhOG5+/5oT/PgnkXSd+7vQu9Ut4Sx72cQLz1jXdrOMupE3sLkNRGXmuRvzrodNCXX3mNM7DaJFZA6zJLnV62uF7lU9eqYy337a08VFH5+ezKnj+t7PN/KhfNqayoqNy/V90kI7TRI8fxI4TBl5iK80zzvEbU82riqGivC7msulTvC82O43+Wyhw8jWeggHYrzuCT2e0r5eX86owqatMqo2YbpfqMry1Vwz3vPL718q975AvTs2re94fwrd7tYy/71zoyatPJdvC8fcVeBr3kdkzfWlRbQHueFd6ZSOyzQt2pb852mdNaQPc5cYDahv662emg5VZnYNUJdGFVpyavvsCsIhKsVn0Dp61ybgq3kG+udApEt/dUnaOnWAyP4y9Gqyyg3cm99av3skTNoSzZBtNfxYYTZ1uqNoi7Lmo03wHC7iL5btJz8Kya2oZyzdnaasW9I68ylwNrHRG16dRmcB+12MugLofH1Jej18TB+J8V3plI7LPCOwe9faLOWU2bygL6qaeflbsK/Oqg00F379HbGVht4i+gr77mukOVh0KVoSc/vTvvuf4tXjz5nFnXbdi9Se7UsW1P+ZXPHeh4y+42N5WNe39/KFRx6FDl1VdfG5hVZHz7MuZHCL27JOqLffj7fxW7DG68O0F6T8ezVxJtHN9VtTB2L0kNDM/fP75aPPd+PTtWsfbL/JHFjrrboi67u1rh/b7g6jiLoe7Lu2PlxDNPtWzOOL75e39vsOqBviXxDPft/Xn3xaLusXrj23HzXdV34dv+9u78k6ib3BX3PBxmfV9+wH50nn3vy0/dMcpcVj9CeMNFRWaSvE79TnN/hNAtoI9t3rChGSFmUrgDWF0B3TA4pMokW0Andi+EEG/s519sgfFrN1W0zyYyQknJuMDAJJLiAvqF9vnLOrX4auSwVaWbVq9auXHjxg0bNqxbt07+Ll+xcvGSJcuXy/+L5foI6NPea/a7BxP9EUL1sef9hFNxe8zAp46K/nrx3GNRP+S8X2LcuwhE7tHzQWhiPsNUnhvj3rtatpcutksocb9/+CaRubnzjPrpG3Wgs7TmQ9d/F+6deif0julsFv/MY35PMl8d9NbzTe7c5FzV9xJ106n4R/ZvTM8D51sFdxw10LMZfVfDa6fuOnKlImYlCczNU0AfkzdgxFj3HNBnnRQeJ69Hr0F/6HvigG49ehe2jPcUHPJVw/vlw8R8BZF4B1adhAtodbrnxvLXexx0o9sqm9x2qMHN+//PWd9J/uPCH//7qh2/632LM3LcMRVGOLa/CPQgKqrdcEYLdyLuQHW8oXcS020Fqi4Tp07yxu1uVL0SGNP0RzrepXLHfOFmtSROU+MZP3bXEyuBJZd4t4a3Y1KJvQVIKlNY1G7ajHcjf3XQdNA33PiXwPAqktAL8FAPdUzloV4/qWxfr/KOoarnMtm3p/KsvMqzG1UePOAOlBHa65F71JMJA7MKxG17PQl3iN5Xpe0No7wuVHyv3/Az0/8slZeD51XgeZaa0ewT3jN5RBUbaGwTiu2C3Zh7D6+pGU2thTt/ty01L72bnXUMvL482ySweHqzOG8Ikcsf9S0isNaRUSMEH7WYy+CuuEwiG9lO6F/xiNgFc+7FfXSiDXxn7I3OtopzkyaZQaedLvcYebCz6aDl1sDwWAl0YVWnJq++wKyC8XfETmzdbCpLw/aGuuu0vBOaitbwNsvuOFUW0PrQYMvfV3qrWH9jm1jc+VsRLWoVbakpZN11dNtYFe828S+ev7rVfbRva+shYfa+ItY6IurRCY4Qcxncu5BJZCNErYkjEp4qvLTerefctfv00A9f1DmnuoCeOPHlQPtsMn36WzJ84MmDA8OrSPwFdPMWrZYsXXKo8tDqsi0nTR1xwoT+LV86ue/rF/ztyxfnrPnkg3WfPfvNlMHTrmrz8N/b37znjEf3bC1TZ+dYvGSpTBiYVdSYLlXHs8tmhkTuhTkTBq46cfcR9C6bdzfBxr9P4bvq7Ba9c8f1zg5U5D6Ie7/+vcvwnouOf3c1HO8i+VfBXWuJnWdgUb17beqmqHfhbM9XHh7jG0fdnXNTeJ7RBsZeEjXDwMg6dsHUwKj34omauedB8V11Hzt5Jsg8Pc8HdxL/inseDjPaqAfeem3azJenvP7cM7d2sZNI+p55g3sO6EE9zUB/AR3HjxCmcAewJueAjkySBTQhhKQ6KS6g/96h1fouLZZcMnzb/vJdO3bs3LlzR5hc3LR5szogetOmzaWlO/YfmH/u6fOaH/VI67gqMPWZEbPiTE0ycBeHaWJ+xSE1TKIFdP088y/V6h91dAdd2fh23UHfeujYO0M/H770iMGf/+t5P/6m25/0yOqlF56EEBJMQi9AVWbpn0FTXVi3epW3D6l88c7K8TdVXt29svsRlT2OqLz51MoX71CRm7rp0czIcfwIYdakxvVlsjEFdJ35R50bfVU+SSKBLqzq1OTVF5hVdsdtOTMcU0AHBtZa/FU+STLxF9CSSy65TDXtlZXfbV3W/42Ljnuh3wkTTmr6wolFfz+t+OXTmqnLfY97sUvvcU9/u6YyVKl+gfDiiy8NzIRkcwJVOKlRKKAJIYdrUrzf2+/442YUHff2sN9/+vW3H8+b//HHn3z8yaeS+XJBX/7wo3kfzv3oow/nfrzoq7+fdtL4pkf3PDbuAtr+g2fwphTE+QdVCujEox+aaIcYkBon0QLaSf0GpoO+xflNwmPvqPyPEavqnbrov9pfrUbQJTUhpIok9ALc1+2IQ/qAShP1S2jFOh30yQG66wtytaieOvrSM+a+7kcEZpW18R9NnNHUqQJaHXdch9rw7EygC6s6+7r9xPuaSuTV95PArLI5qgWupeK1LhXQ6mDkZA8DJ57EX0DnNVC7cs8+W6I66EOhjbs33/LxI12nDGv10imNnuvVcHyvFi8O7DT5zGs/vG/5jqWhkGqfn35anY7ATEgOi1BApzJxFdCJnB/jvr8+Mtt/brrqw/k3CCFpyGF04BXJfOx/RUX7nK4kXUBLAufiaHJH6F/PW/2rosvUTfymBCFxJKEX4Oy2/xrqXa+8u+6/etQ71Psnlb3/qbL3kZX6v/Sv7FlPXegjQ/5J/bf/+uhLGTnUp55MGJhVNsaeX6J22mdJHSmgdQVP+5yKBLqwqvNhl1/Jq+9AD/WPQHG++mRkefXJhIFZZWfs+SVq77DfulFA21Ne0D6nJgkdAW1iO2ht9c71byx/79lvJj/zzeTXlr2zdNsqdQYczbTP5PAKBXQqE1cBnUgKC9uOuOhi+RsYTgghGU6qC+gk/q2Mf14jJEZqUkCr6B8YzOt387FjK4+5ueLX7a7UA5vU945DCImRhF6A/Zv8bkOXI0O961XoIytV7WWif+gscFVGkNFkZJlEJgzMihAS6MKqzlltWpR2+5dEX30yiUwYmBUhxCSJAlpy+RVXLV6yxDbNEb7/YfGll10RmIQQEki8BXT6jijiWCVCSHrCEdCE1N3UtIAOHwd9zMn3Ht3/XnXBfJ/gX30IiSOJvgD7NTnq7XY/39tdn4ujuz7u0lt+ha/KTTKCjCYj92t8VGAmhBBJoAurNme0bTmny6/29dDn4qju1SejychntGkZmAkhxElyBbSkeYtWf7z62unT31yxauWuvbslcmHa9OlXX31ts+Zx/eogITmeeAtoQgjJtlBAE1J3U/MCmhCSdHgBElJbCXRhhJAMJ+kCmhBSw1BAE0IO11BAE1J3I98/itt1DAwkhGQmvAAJqa0EujBCSIbTqnVx4FVJCMlM5Ptni1YFgYExk9r/sJX/TJYQks5UXUDzBkRIbUa+f8g+QGAgISQz4QVISK2kUePjnBaMEFIryc+ngCakdiLfP1vGX0BLUtUa0z4TQtKcKgto3oMIqdW0bF3YuPFxgYGEkMyEFyAhtZLjjmsW6MIIIRlOy5aJ9F+EkNRFvn82aqR+ST6B1PxnA/nhQUJI+kMBTUjdDt8GCKnF8AIkJONp1rxVoAsjhGQ4rTkFByG1mCS/fybX3tD5EEIylCoK6Ib12fEmpE6ErwWE1GJ4ARKSueQ1bFxQ2DbQhRFCMp9G/DdAhNRmkvr+qQqc+CdsyJEWhJBMhh8hJKTuh/6LkFoML0BCMpfmLfIDLRghpFaSX8BB0ITUYmr2/VP9t+yx5tCQ/9KdEFIriVFA809hhNSl1KcCI6T2wguQkMykSZOmgQqMEFKLadqsZeBFSgjJWFL3/dMc6cy3WUJILSdaAU37TAghhBBCMpiGDY8tKGwT6L8IIbWbJsc2DbxUCSGEEEKSSGQB3bA+/0UGIXUz/OMQIbUYXoCEpC3HN21eWMSpnwmpi2nWvHVeg8aB1ywhJEPh+ych5HCJr4DmvzImpI6HnwYlpBbDC5CQlKdBw2Nbti4MFF6EkDqV1vltGjc5PvDiJYRkJnz/JIQcHqkX+HpBCCGEEEIIIYQQQgghhKQkFNCEEEIIIYQQQgghhBBC0hIKaEIIIYQQQgghhBBCCCFpCQU0IYQQQgghhBBCCCGEkLSEApoQQgghhBBCCCGEEEJIWkIBna1p0arguKbNGjU+rmGjJnkNGgd+XJIQQgghhBBCCCGEEJJE8ho0btioSaPGxx3XtFmLVgWBUo4kGgroLEt+Qdvjjm9G40wIIYQQQgghhBBCSAaS16Dxccc3zy9oE6jpSJyhgM6a5BcUH3d8s8ALgBBCCCGEEEIIIYQQkoEcTw2dVCigsyOt89s0aNgk8KRPdRpGDCGEEEIIIYQQQgghhNg0aNikdT4ddGKhgM6CtMovbtCQc24QQgghhBBCCCGEEFLLadCwcav84kB9l3QKi9q5l7sW5A84If+Mxvnn5LUeUV8iF9TVASfITe5onkmyIhTQdT2tWhfl5dE+E0IIIYQQQgghhBBSJ5KXl5oO2lTJ8regZ6v8MxrmX3h00WVHF158dMHoowtG6YxWV2Wg3CQjFPRs7Z0wW0IBXadTUNiuYaN0n3mDEEIIIYQQQgghhBCSQBo2PLaGLbBtnzsVFpzZqODiowsvPTp/1FEFI4/OH3lUIDKwYNRRMkLBxUcVnNFYJnEmz4pQQNfpND62aeDJTQghhBBCCCGEEEIIqfU0btI0UOXFH1MfF/RonX9B/aLL6re+6Hf5F+muWR/4HPWCjND6oqOKLq+ff/4x+d3UodDZ0kFTQNfdNGveKvC0JoQQQgghhBBCCCGEpDB9+vQPDIk/zZq3ChR68cS2z93zC0cdXXDx0fnqAGe3blZds7d3Dg8MD1GTFI6sn98t35lVHU+KC+gBAwcNHTosMDAz6dGrX5euPQID0xpZ2fMvGGkilwO3Srp17x0YEn8KCtvlNeDkG4QQQgghhBBCCCGEpCuFhW1mz36vadPmgeFxpkHDxgWFiVXAtn3uUFRwwTGFFx+df5HbL5u62Xs5cqD6e9FRhZccLZPLTLxzrnlM2xm156xJUllADx06bO36DTt37Q4Mz0zuHHvPX269vUevfoHh6cgFI0a+/+FHsqbeLPziSxnujDNpyqveq4mmadMWgSd0bee2+TtDoWVTIoaTmJm8rKotdoveoJMjhhNCCCGEEEIIIYSQzOTyy6+cPfs9+RsYHn+aNm0RqPWqTmFRu4LitvlnNiy6VFXJgXK5+OK8wlH1zWUzsHB0fRnojCB/VS46Sk1+ZkOZVWD+SWfAwEGm2pW/qe2gU1ZAO+3zpCmvBm7KTC4adUlmOmhZQdM4L166fNz4Fx752+PyVy6bgZMmv+KMU5MCOunDn5s3b3XHHWNnzJj50EMPy+XArTVISgvoWz/W5WvE8GhRNe7Oj2+JGF73k+0FdNH5tz/40LUnRgxPTYpH3PrQw1f3jxhOCCGEEEIIIYQQkqlMmjRp9uz3Xn55UmB4/Mlr2CRQ61Wb/D4tii49uvWFv2s98ndupzzyqJYX/rbJOb9ofsH/dQYWjDz6hPP/p/E5v2h10f86o8mtMqFMrjroPi0DM086F4wYaerNGraakUlNAV3r7bNJBjpo0yyv27Ax8mG44sqrTQ39w5JlNXyoWrUuCjyV40zz5q0WLVr00Ucf3XHHWPkrl1PXQVNAJ5wsL6Dbnnfbw7ee3zZieFw58ZqHH7xmQFVDKKAJIYQQQgghhBBSqznzzGGzZ79nOuhBg04L3Bp/WrVO4FQYBW3b5J/dQJ1DY6RtmdUvEOr2uf2ljS95eFjf64uaX/AbuVXS/IL/O2BMh4sfPqtodINWF6oO2owskVtlJjKrwPyTzoCBg9Zt2Giazzp3BHQdaZ9N0tpBj7npL7Kai5cuj3VyZxluHieTpAvopM+/ccMNN3755ZfOVbksQ5yrNQun4Eg42V1Aq4L49vOKI4bHl+oLaEIIIYQQQgghhJBazWOPPTF79nt9+vSXv3/72+OBW+NP0xMSOAy5oEfrgtGqejaHP5uDnYtGH3P8uf818KaOoVDo1uevyTvz58UX50mOOfNnf5t6jwzs9seWJ5z/P4Wjj1HVs55KJtc19FGB+dckAwYOumDEyJr8rF3U1LSArlPts0n6OmhzgLOscmC4E3N8tJOkC+gmTZoGnsdx5uGHH5k82W08x40bL3Gu1iwU0AknqwvoGvbFFNCEEEIIIYQQQgipa+nTp3+fPicOGjT4ssuulMye/d599z0gw+WvXDYD5VYZR+KdsOo0ObZpoNyrIgWnNC26LHj258JR9Zue9+sBN7YvP1B+07grGg77t6LRx0ganPnzB6bctnf/3q5/bN5MnZrDnh7aTKsmvPTowPzrYGpUQNfB9tkkHR30FVdeLWv61sxZgeFOAu2zJOkCulGj4wLP43gyePAfSkrGzZ0799RTf2/iXA2MGWd0Q2rtnD8lWEDr02hY4VNkRDldRtSzbUQM9N5XoJb1ztNWup673jn/NmfMY/KmyO0uX/nruyl817pVD/POyr/u7nC7AOr/jJ3zb5Xhnpl77jRyab0bxy2g9Rrq+bjRw6KdeMS9a+GZKtbwBJc5nAFX+86Poa4+GI73vBmqVg4M73+tM0Tn2hMjh8hovlNw2LvTZ5024wQPvvbfkRrfc3qQmItHCCGEEEIIIYQQIjFn24iMOfOG/A0MN5GpvDOJlUaNjguUe1Ukf1jDgott9WyiemRdQA+8qePBQxW3PHf1scN/2e7SxpIm5/zykdfu2n9gf7erWzS74P96f5/QTCizCsy/Dib5Atr7w4gPP/p4taniwOGE0qNXv2Fnn1tt/nLr7aaD7tK1R2AOyeWRvz0uKzvmpr8EhpvI2skIgSR9tpQGDRsHnsfV5oYbbtwUWxIn4tB1pVMEh4tap6m0N3tuNW2pGu5rP6Mf5+sroM3M3XH0vN2Z6Fl6Cmh1Y7iZ9S2Gui+31NZ3Ee6OVdnq9siTl+nR/Md03/rxsvAIdq7h4Z75hBfATmVWfOdOZ2kjR5Zb3R5Zd77hq54t4188iW/7uDG1uGd9l5n71UvlbrHAaAkts4kqgm8bUWSv+tve/teGG151kmh3NN0yO+Vv9UdARxTQMrlzL7pudn7/0H9HwZFjLR4hhBBCCCGEEEKImz59+k+bNn327PfGjRsvlwsL2wRGkCEyfPz452QcGVMuB0aIlQYNGwfKvSrS+rxjVHesj4B2euSi0ceoI6DHdKg4VPHHx0f8YkC9hsP+XfIfA+rd+dKNBw6WmyOgvafgkAvmcmD+Sadb994Lv/hy567d8je1Z+FIvoB+RBey8UfGD8whuQw7+9w7x94Tf2T8wBySi1nfpA9qTijH5CVcQN9xx1hbNkcjtwbGryaqlPT1yLY89ZaYTnUrcQvTQJeqxgyUmyreglX1o4GG2jd/XeN6C2jvyBFL4omesb4pyupI1KJGlry+ZdPxdujBBdDXvStY5dL6Zu6drfdy5FWbiAXzDA+uXVWLUeUy6/h/fjDWyaBV4+wbrlrjcE2cTAEd61Z1R04Z7d5qlzDW4hFCCCGEEEIIIYT407lzN6eDbtq0eeBWGSLDTfssYwZurTqBcq+KtL7w6Hz984OmRzZVsimgT76p4/7yve8smH73329+9LW7H33tnrv//uePvpmza8/O7le3DBTQZkKZVWD+SeeCESOdIje1FWjyBXS37r0/mPuRWaZx418wx/zGyti7701Vcd6ufechQ4c5RzpHzXnnX2ja56v+eK2MH5hDcpG1SPnWj5UkjoBObQGtClBfIynxVL1RGk+3d/aVp9G60fBw26Wq9jOiQfbOJNil+keOKE/1cjrsTbo995aw7pjBxYuy7vo+zGjBBYgohate2io3lDMftWCRrb1v/MDwwAJLkl1mlWCla4449lfA0SpmfQINO1oSBbT/yGX3uGY1oXv4c/DWWItHCCGEEEIIIYQQEpnCwjbmGOdAB+20z3JrZDdddRI6Ajp/xNH5ujv29simgD7lz5327t+9auPyT36Y+/nSTyQff//hus2rt+/a1vOa1tEL6NQdAT106DDT9EpSdSoLkxqdA1odmL0oLQdm1yTt2ne+9vo/3Tn2HvmbqvZZMvbue2VNx41/ITA8MgMGDkr65BsmSZwDOrUFdLCRVPEU0OrmKGxnGiiXI7tRiTuOZ7aeJFdAm+Vyqlv/vbvFdLB71XxTRZHmAtq7HdQ8o7T23jlXP1wPTa6AjuyO7Ukw9IkvwjWxO8SflBfQ+o6Cy+MtoCWRi0cIIYQQQgghhBASPU2bNp80adLs2e8FCmgZIsMTbZ8liZ0D+txjCkars2c4VbJTQJtTcFz31Kj/GVxPrkr+e3C9eybdXNUpOEan8hzQV1x59SN/ezzlB+DWqICW1LUOOk3ts2TAwEGymj8sWRYYHohsBBln7foNgeEJpUmTpoHncbWp7SOgvXHGjHGOC4mnAw3WozrJFND6knepvBM60XO2FbAbNaqdc7R1dxNcgKQKaDO+v4A2y6CuxlqAxIbr5UiqgI7sgt2YHwl0D0wO9sJuMltA23gXjxBCCCGEEEIIISRWzJHO5rLzS4OmlTaXE0qTY5sGyr0qUnBmo4KLg0dAF46uf/x5/zXwpo4VhypuHn9Vw2H/XnxxA0mDs/79oVfHlh8s73a1LqCj/Ahhyo6ATl9qWkBL6k4Hnb722WTSlFerPQhabpVxZMzA8ITStGmLwPO42qS2gI4sc01rGe4x3cN4o8d0qeZv4CYTTwca7GFVfIdFe+tRPUtfpeveqi95llktZNTGNnImErfGDc7Hl+C01RbQgVXzzDxixU03Hbu1j7Vg0YYHFyPuZfb//GCUOD2y94QbkUldAR3tjvQPHkYtmiPvlxBCCCGEEEIIIcSbPn36z5793q233t65czdz2g35K5dliFxO9OzPkqYntAyUe1WkYMAJhZeqHtnEFtCj6psjoMsP7P/zuCt0AZ0naXDWv/11yu179u8xR0AXhAtoZ3KZVWD+dTApKKAldaGDTnf7LBkwcNC6DRtlNR9+NPoPKpr2Wcap4UZo1boo8DyuNikuoO0JK5x61Fx1e0xdnnpLzNvmL/NWvbr8VbWoW1LrScI9qa8DDdxXsLetqkv13qrnGTyTRvimZe6SOO35lGXurLyVd3B5vJMHF6D6Atozvh7Zvw29BbSZdudO30C9JcOT6Bm6XfMt85eZyxHDZc7uVXVrvMusDjcOFrvFI652h3gPPVaXfW11/2udEjmyNQ4OibuAjrgjfdW5NebiEUIIIYQQQgghhETJiBEXzZ793ssvq+OdJebAZ2eI3BoYv9q0al0UKPeqSEG31gW6O2498nfOgcxFo485/tz/PPmmTqFQ6PYXrss7819NAX3MGT97/I37ZWC3q1uccP7/eE/BIZOrDvqiVB4BPW78C+9/+FHJuOcDw2uY1BTQEqeDlqUM3JSZXPXHa9PaPpsMHTrMdNCymjeOudkUzTJQLv+wZJlpn1Nylu68hk0CT+Wqc8MNN9qyORq5NTB+HAmXzsrO+bd6K1od3Xo6vIWmJFCJSmIX0Cq+mYULXPcmb6XrXQb/rd5Fkpm7N5nmNyxcUtuW3Iqcrcvfhsdb5tqRTVlvRDTyvgI60FDr+ApoiXdu3g3lG+6fbQLLrEph788P6uim+MFw/PWu/0zQvkOnbU3sKZ39QxIooO3V8B3J5J5bq1o8QgghhBBCCCGEkGDuu+8Bp3oeNOg0GSJ/nRpabvWOXG3yGjQJ1HpVp6Btm/yzGxZecnTBSHsgc+uLVBPdYsRvOl95wgNTbv39LT1POO+/C0fVL9CHRZ9914D7J9/S9tJGLS/8fzKJjGymkssyE5lVYP5J54IRI3eGf4QwtaeBTlkBLXE66MDwzCQD7bPJ0KHDPpj7kfN4eCPDU/Ubkccd3yzwbK42w4efd8cdYyMjwwNj1n5UB+qrp4lKbW+W7Dl/RWRhTQghhBBCCCGEEBJXTNd8+eVXBn6EUIbI8JdfnuQMjCfHHd8sUOtVm4K+LYouPbr1hb8zB0GbQjl/5NEtL/xtg2E/b3b+/zgD5ULT837d8Kx/b3Xh/4ZHUwNlQplcZpLfp0Vg5kknOwpoSbfuvVPVwCaaHr36ZaB9diIPw6Qpr34w9yOTceNfSO0DU1jULq9B8Al9+EQflOs7+Jf4j56uhfgOSa7bUeeAjjhSmxBCCCGEEEIIIaS6FBa2eeyxJ2Kd6FmGy60yTmB4rOQ1aFxQ2C5Q61WdwqJ2BcVt889soOrji9xO2fwtvriB95cG5ULh6GNkoDOC/FW56Cg1+ZkNZVaB+dck48a/8MHcjx75W/STDyedFBfQJIU5oVmrwHP6cEnE2TyIJOLMGMSmeMStEb9eyKk2CCGEEEIIIYQQkkS8Rz3HSjzjmJzQrFWg0Ks2hUWqsC7oUFRwwTGFF6sOOlguey5HDlR/LzpKJiw4P6+wYwLnnq7FUEDX3cjTsVHj4wJP6+yOOsTXnKOY9tkTc+pn2ueY8Z4AWoWTbxBCCCGEEEIIIaTW06jxcaZNTjS2g+7eunCUPo/zSHU+aLdfDtfN4cvuTfq00WqSgpH187u2dmZVx0MBXadTUNi2YaNjA09uQgghhBBCCCGEEEJILaZhoyYFhW0CVV78cTro/PPyii6v3/oidVYNb+8ceUFGkNFkZJmkoFvWtM8SCui6ntYFxXkNGgee4oQQQgghhBBCCCGEkFpJXoPGrfOTb59NbAfdsahgSJOC0UcVXnp0waij9DHO9pwbTtTAUXqE0UepkTuoM29kS/ssoYDOguQXtGnYkOOgCSGEEEIIIYQQQgip5TRqdFxBQU3bZxOnRC7o0Sr/zEb5Fx5ddNnR6vzOo9VRzyqj1VUZKDfln9FQRgtMmBWhgM6OFBS2a3Js08DTnRBCCCGEEEIIIYQQkrE0ObZpastf79wKuxbkDzgh/4zG+efktR5RXyIX8oc2loFykztaVrXPEgrobErzFvkN0ng6job1zYVjCCGEEEIIIYQQQgip83F7rbSnQcPGzVrkB8o6Ek8ooLMsBYXtjmvagrNCE0IIIYQQQgghhBCSgeQ1aHz88c0LCtsGajoSZyigszUtWhUc17RZo8bHNWzUhD6aEEIIIYQQQgghhJCUJK9B44aNmjRqfNxxTZu1aOWe+4IkFwpoQgghhBBCCCGEEEIIIWkJBTQhhBBCCCGEEEIIIYSQtIQCmhBCCCGEEEIIIYQQQkhaQgFNCCGEEEIIIYQQQgghJC2hgCaEEEIIIYQQQgghhBCSllBAE0IIIYQQQgghhBBCCElLKKAJIYQQQgghhBBCCCGEpCUU0IQQQgghhBBCCCGEEELSEgpoQgghhBBCCCGEEEIIIWkJBTQhhBBCCCGEEEIIIYSQtIQCmhBCCCGEEEIIIYQQQkhaQgFNCCGEEEIIIYQQQgghJC2hgCaEEEIIIYQQQgghhBCSllBAJ56idm3admzbrpP8NReixrlV/sokwZkcZjErWNSuWC7I9tFxrrojkKQyuEPHv/bo8nzPznd069i/bQcZojZsxGhZmkL/uhQWti0sKi4oKMjPzy8slL+t5WKBXCpsExiTEEIIIYQQQgghhNT9JF9A9ylq+0mbwveLCz5rV/TX4iIzcGpxoQyUyAUzRG6SEWQ0GSiTmIFZnKQrsMOxOysuate2sK2Kbpzlqm2cwzFD5CYZwYypRoiYT46noE37wh5d2/Tt2apH51Y9OuX37FrYs2tBr66tendr3bPrJd07zejT5euB3X8Y0PXrk7pN7tF5WLvDcxsWFrUrLCwuLCwsKpI/unMuVEW0/JUhErlSUFisxwxOS4jzhqPeZGLEN0JgckIIIYQQQgghhKQnyRfQA4vahjoWV7YrCHVp+2abAjNwbdt8GSiRC2aI3CQjqNE6FsskZmB2p6hd1979e548uFfvfj269uzeo0+PXn17yN+eKuaq/O3etaeM0PPk07r06Z9zR27S78Sd/LbtWo88pfkj5x1zz5BGdw85/r5hze4/p/m9w5rce9ZRfz37zKtOm3dqz9ApPTed2mNl/y7bTu4W+n2fST069G9zuG1eeY2odrm4yJTOkTE1tL5V/XMXR0MTX5J4PvAUIoQQQgghhBBCMpLkC+gBRW3Ki1ttK2xxsG3rKYW2bv6hsJUMlMgFM0RukhFkNBkok5iB2ZvObdpf2aXzUyMvevyxJ579+6Tnnnth3LMl454dN65k/Ljxz0tK5IJcfaZk/HMTnvn7pMcefeyJ84df0a5tlzbBWR0GaVvYdlCL1hcdd8IfGx83pmHjW/Ia3XFMg7vr592jIxfkqgyUm2QEGU1GlkkCM8nxFHTrfNxfzz7+0xs7vjPmoi+eGTDv3sYzLj962qhjZl7xmxmXPfaXoTtO7b24d4eJHQsean3CpA6tt5/c7esTO9/W6fDpznSV3K6wULXPkY1zuHR2B6rRZDAdNPGne37xFU2Of+io+s//5rfv/uq/5v3ilx/+8ldzf/FLiVyQqzJQbpIRZDQZOTA5IYQQQgghhBBC0pQaHAHdpl2od9fd3TuG+vV4vXNHM3B5t04yUCIXzBC5SUZQo/XuKpOYgfHk/gVloVDZgvuDw2s3wzt3nndy79Dl520sebx8U2moSvs2rl/3t7+Gzjn1wx7thrVXp+6NL2+utDMwUrIR9DxXvulcXjnNe2uSufC4Ez785a92/+TIA0ccEapXr4rICDKajCyTBGYSmWmyfGUL7/cOvH9hWRLbYdoqswV9AnMORE2yalpgYDpT2Kfb0WN/337WmLvnvPj8wplj3h9XOOGy/3xyyG+fP6/+02eXnNN3Z9+un/XtOLbFcRfmHf1gq+NX9Ov4w4mdxneursdXW8x5xKPcVLbgweDw2kthYVGbNsWmYs7Pb22qZ33VnovD6abNKaHVwIT+NSvwTKj6OVBd1PMzhU8S37Jl9Lmn86C80UZ7N4g1vI5mcPPWy3/2s8DbThWRkWWSwEyixLyOHO4LyvuOGkiq3mDVQ5Cy16lvRWrrg7WKjUYIIYQQQggh5HBO8gV0x05d/3T1NdddedVN111/zplnm4GXjb7shquvl8gFM+TcM4fdct21f7ryij9f/cdOnbqagXFE9r1F3arJJBd17PDuKX13/77vD73aLRl1zso3p27dtWf3ocqdW7du37JFIhfkqgxc8cYrP5zz+8Xtm2/r3ebVbu2GFtqTYlcT3UZ5y4v7F5SlugZKTT/StrDt9F//d0W9ehJfuXPEEaEjj1R//cPNmDJJ9QdBR9TN01bW7JkgWzXOzjHjBXTz7h0a3TX0ggVPPfLJay0nXnrDByU3f/h80xdH/eq5Yb99fvgDI09a36/L4hM7TWjXemzzYye1a7VlYJdFfTvd2zG+Ajpa06T70zr0yiosamtaZqd91r2z85OD7fQIqoCWm0wBbc4HHecR0BF9sby3VPsQy2vEu+kCV1MW/c9s7sLcv2CVuRc1PPGeLqmpalhAp2vLJJo3fv0/8iZTfsQRFZLwu4267L0aHiijycjTfv3fgZlEiXodOQ9QzEbYv+VT8wZbxd3FSOzHQr2teW6atirVnykpTfxv14QQQgghhBBCsiTJF9Dpjez2yy5o3dsRvbBjh7f6dloxbNC8U/r80KHF9wN7LH3g7vWLF287cGBrWZlk24GD6xf/sPS+O77v22FxfqP5fTrNO6nr34qaDS20p8muKhHFa3qSmn5kUIvWC//9P0L16u37yU9MreP+lcjAn/604sgjnYEymowsk8iEgVlFRpWGTqHj64CSSh0uoFv37PS7O08b8skjz3/x9tAZ97z09ezHFk7P//vFvx5/xhEvnHfpLad9d2rPdT27LOrfaUHPdl/27rj/1B4ze3YY3CaeAnrVyijFvWqp6tQ/7ahzOuvjnU37rBLtZPGFhfYQaRN9ao7qNoJpBpN5Dwl0ebGrvRolzkIz3uRuAV3U7tuf/5t5q5E3mUr/P32F9DuPibnJvCN9/fN/q/400P43n1hPpzpeQPveTut+KKAJIYQQQggh5LBL8gV0YccORZecVDiqf/EVAwv/0NMMbHbmvc3Of1rlzHvNvv2VQ4575o9HP3RJ/ccvO7prx3hPuyn783rHO7gnb/f/VUtoBI9NM0d3Kp79bTWVVdOu5ILOXd7u2Hr9dZfOf37copuu/aFb4fKOrVZdc/GGOe9uK9sp2fCP2auuGrWs7fHftW++6Por33vib/POH/p00/rD2lZfllVTE5hu1Fl3NaZaa3vNs5XcjeCur7fLSE0/csHxzT7/9/8wzbL8PXTEEZXyt379ylNPrezWTS6rq+G/zmgyiUwYmFWUeLp4WR2nhfE8lO7AiOI+oogJNhqBLeDp2sxGVjMM34l3Pu5wz73XLIW9uh591++bz7rmopkP3/Xxy/d+MmXojNv/37hzfvrM8LavDH/9vf4bx7RZ3rl4ef9uKwd03TSgy8q+7W9rXxxvcWZWxzPcNGXeTepdKffpV9V2cJ91KemJ9K8K2lNtqCa6UL1LFBapA5/lcmGRcyh0exnJOReH/rlCdSboKhPHU915QTljeob4XnGK2pj2XUhNHnzb8T0rvFtvmn44nJvCifaS92xeZ4ZVPEZm8VZ+G2WqmI+UO7xswZtyOdomUuOEh5vN6E4VfUOFt8w0PZ5vU6Q5nQraLP3Zv6pm2ds+H3FEaOzY0AknuFf1BRlBRpMLMolMGJhVMOZ1FL5qXj76stoaeh09G9mudXBzuZtCzS3mO5X3zU1vYecu7GWzkdVVz/PBjhDxWJh5mniesRGJnFXgcVy9xr/MkUulOfP3PS2jPLc9C+x9h7HL7PnwipycEEIIIYQQQki2JvkCuqBHp+JXzi946Zy2b41sNWagGVj/jo15T4UkcqGNro2m3/yfodn1KifXC02rN7Cn/a3C6uLulgcKGruLHh6ir5odV7snHG5M9FUzmtnR1eMXTVvo2ZFOJiO6dp3VpnnZn6/++ssvP1u06LMH7vpucN/FBY2Wnd5/9XNPr3n+6WV/OPGHFvW/Gtj9k3tu/3jBwvkff7zkkuETj/3f4R2qawz1MkdrgsLx7tKH99vN+J7tIHlzpXf7+JsyO4K7oZLPJcc2/erf/j1Ur97+I36iiuZ/+idV7rRtG5o6NTR3buicc0InnFD5i1+YxkdGkNHkskwiEwZmFTW2JFVr6ukm3BpFrYVdIzVOzFpHRTadr38JbAHPljcb2VemhGflu5fUbENJ6x5dmtxzxm+njaxfMrz/G39pP+Wq/yw548gnzy586dypH/ULbei2Y+qpi84Y9EOX4i97t99xSvcZJ3Y/pXMcp7Kx2y3wpLJX7bbVA53TPvhWKvZ28L4kpy3wbtUko7tmG33CjXB03VxUVJifX2SGFBS2cY6ALjQn4YiYmy+eJ0/0qPUKjxB8fL1PId/VwMtKeDZaeDQ1N2fLm9GiLYkezf/kVFF3Ed7I+mrsx8g3mncqdafOo+x51PTChEfTbx3Ocnpjnyr6srpTZ9X0JM66RGwZNZ6904ylo1NAB878s2lTaOfO0GWXhfS7kxMzmkwiEwZmFYz3KeR7hvg2r3/L+zaXuVrtO5Vvq96/cIHa8u5d+N76fDNRM/c8TN6Ze2MWKeIZGGNW/sfRt6Z6EjMf33D3CRbxtPTEM4kZzfs6ciaRmyJeEYQQQgghhBBCsjo1KKC7d8x/5szWjw8pnHBO62tOMgPzbvq2/r27JXKhWBfQL13/P/sn/WTdM0due+4nJ/WIr4D27n+q3VR3t9nffUicfWb/HqzEmTCle7MXdu3ydvuW26+7ZPmCz1bt2PnZN9/Me2nCl5ecv6RH0ZLOrSSLu+Z/cdGwuS889+nX36zYun3pp5+sHHXWi8f/7uz21RbQgfrAVAaKZ4/dXXdvDxgxbTjRywK3aKhJrmp83Dc//7dQvXr7f/ITVTH/8z+rvy1aVL7ySmUopPL224e6d1cD9Qgymowsk8iEgVlFj1549yQSvq5Ex3lkgzdFbI3gcyCwBdTGsVfVRvZO62432eDhDajir5yST8senRrfO7ThjMt/+8ywf3v6tP8qGfJ/njm38O/DX//kpNCKtntWjPjyi8kLH3lkcc/iHzq23Hr+6S9cdnHXgacGZhIlzkPvXffw5cC6OHGHx70d0hR1Go62nrpZn5SjsKidXNHVsxle3WltAo+7WinDrJrncdfxrFrgKeS7qh56O1s1B8/TwJ2hzMr39HBfiZHRMxGe8at4dsV+jPxTBdbd+3zwLUlwI0Qbrl4vngfduzUitkzM1Uxj3ALa0zKr/PCD3rKh0BdfhIqL1RBdPSdYQLs8G0FtH+eq//EKbC7PEybmO5VvM4Zj7yKwVQMvQM9dR52JG/WcVOvgPitizSpwj+7ye++uqidYrMXwbLTAaN65BeZMCCGEEEIIIST7k3wBnd+9U+uXzm4xbmjBq+e1vMEW0EfdsvqoR0Iqt6w2R0C/Pua/Qm/W2zOhXmhyvQHxFdD+vWK1M+/0I949YR2nJfHVASpu46PmIKKVLAnnwq6dZ7Vrsf36Sxcv+HTtli0rV65a9N338z/44PN7bv92QLdv+neZf/tN895//+slS1atWrV+246lCz5bOfrsl47733PiKqCjLKS/b4pVQ/irB19pYibxbp/od5Roqi+gZ848pM/FkWQBbRuT8Cr7V1/FeYhj1jrhBBuNwBZwnkVR7iW8ndU4QaloSVr26Nzo3jPqv3nJ0c+e3eD5c/7lmeHFE8977eOTDq1tEyq9aP2yOZ8u2/Txu29/O/KsxYWNf7zr5qcef7xHQgW0Z2s4zxn/k8dsZ8sOj7kdzE3C/1ikOgUFRW3buid9DhfQbdVhzwkV0FGW09kg6mkQFL3L8131vAsF3nacq4Hh3ocjVszC2HHcmi+ceB4j71TqcpBahdhvoYF4h6tl84zjvRpry2Q0aS6g3Y3sWUHfQ+zd8hGbSz9SZqpY71TRn6j6Lsp8XbAZGGQXyfdYxIiZ3IwWc1bBx9FdbDWJWTU1TlAV62Ki1yjqs9d71dlchBBCCCGEEEIOlyRfQHfs1u3qh2654r4/X/fYHWdeOsIMHPnnR6+6/yWJXDBD/nTpHyY/fun4By566eFR3bt1NgOrjNp7D/K2Kr5dU2d/2LNnaxJofNRVEWvHON5c2KXz222ab7v+0h8+++TH0tLVq1atWLniy+UrP/vkky+nvPzF5L9/sWDh92vX//jjqrWrV23YvmPZ5wtXXXzOS8f977nVn4IjWAsGB/r32P0ju9WD7gXCNYS7EbzbJ6IfSSrVn4KjadOanIJD4nu4I1sJZ+3cfsQkoogJThvYAm6rEtjIkvB2jniCpSitenTOu3towzdH1y8Z9tNnzmvz4ojpn/cvX138w8ILF3y3aOe2vaXbd8z//MuFf73rmz7tl0ya+NSkV3r3PjEwkyjxPP/VZpRXkGeI58mjX27h11esJ5vvJh1bP7mlW03innbDc1l1zeYUHKpzNgMDp+Co/oc9I54JvoGBp4E3gQl9Vz1Py8CzwrnqeUaZeDZ+7Lhzsw+ZHa6WM57HyDuVZyF98c9ZErGoUYYHNpT3aqwtk9G4BbRult2k9hQcKs76ug+WJPLx8m1S5/0n1jtV8A3KRN2FaaA9c/Pdrz++x6KKyFNIL23MWUU8juEnQ+BdJepjHfG09MRzj4HRvFejbw1CCCGEEEIIIVmc5AvoOFNY1KGwqJNJ4Kboidz59Oy0R+z0Rq8DVKLtxAZKtCSifoSwuNn26y5Z/NmnqzerI6BXL1v246pVy1avWbxm7Q9r161ct37tmjVrVixfu3ZNadmu5V988eMl50w89v/FcQR0xD65Tqy+yb8uvu3gthVuX+DdPhH9SFJJ748Q6vge7mB3432I/c1LVWOa+LeSd4MEHwJ3zHBr49yUmrTs0en4e0//32kX//Pj57SecO5rn50Y2lj41YKLRj6+cMQzoY+/3xOq2Lpu44ZPJ0/+9Pwzl/xjdsmrb/Tt2TswkyjxVEXm8gK1Jnb5fU8qz5aJ9WSL2GIm/s2ebNSBzBE/QqiGF7YtLCouKHR/hFDGKC4uNAW0ulD9jxBGfdR8LxbPi8ibwKr5rnqeloE5uFeD9xvcntHjbH91F87k8T5GEVNFvcfgcM+T3xfvIx4Yx3s11pbJaDL2I4Se9fU99L4tH7FJPbf6Npf7ThX5lqUSvgv1kLm3RntKm/hnHjvO8sSaVeTjaCaRv84qx/0E88az0QKjea/K5dp4FhFCCCGEEEIISV+SL6AL27bPP7lb/sCuBYO6F/Sy5fIZJ7U4b1AziVwwQ07t3eqiwSecd/IJFww6oX079d/RVx13B9WNu9eqdoPVvrgdwbP/rMbx7KW7FYDn97t8lUFyubBLp5nFJ2y6etS38+et2LBx+bJlK1esWL9u3ca1a1evWiWXVy5btkr+rly5evXqjTt2Llnw2bLRw15q8ptz21e/7hK1Ru5a2CFR99jd4Spu9RCxTcwk3nUP9iPJZVCL1gv//T9C4Wa54ogj3L8SGfjTn1YceaQzUEaTkWUSmTAwq1gJ9CBq1dyr3rXQaxr9maAT0Wh4Z6UuO7NSG9mZlX8BVEnk2W7TVtV8G0rye3U8+q4//OyVS1s8d/brn/YPbSj69vMLL3vq04KbQwVjyi5+ZvMnS3ZVlO9a/eXn8x/56w8LPntu0pS+fRI7Alqi19HdJnLVPhm8zZded8+TLep2eHDBSu8G8W/npFJYWFRcXFRQkJ+f31rX0DIgSi2oyujw4c8SXVXH85pSzxP/o+++WPRquqsQ/bf+Iq76tobaBM7L0HPVN2e9DN66zUbG9wz0bM+IJ553gb134Zun//XifVFInN8mVQvjLLPvye+Lmjw8vIqtEWvL6HiWUN2RZwGi3WMNUtTu25//m3mrMRWz/HWj33lMzE3mHenrn/+bTBicVSCRr6NoD71/xdUKug+N72XifVD05fBNnjmrSQI/Qqjm78xEzdCzAd03opgbdtpKZwEkntFizCr4OKrIVGXCMx/vuugRzOWIp6Unno0WGM171X+TZ2E8k/u2KiGEEEIIIYSQup4a/Ahhj05Fk87Nf35YmzcuzP/TQBlSWNR+1ZP/FHq9nkQumNGm3vRfobfrlf+9Xui1egN6Vn8O6Kh7lc4uqLkwTf4a7k6y2TV9070lXA3ovVnLHZhsLurc+Z3CpjuuvWTxgs/WbNm6bt26zaWl23bs2L59+9YtW9avW7d27dp1GzZsXL9+48aNW/fsXfnVotWXnP1yk9+cF88R0CaeBVacdfTvlrsdoopqB8LbzdQfasoF05z2xLPr7i0gapC2hW2n//q/VekTLndsjjgidOSRzvGGTsyYMolMGJhVrET2IKYvM3yroJsUTbaDd2voyKbzz8ezlWQ+auPYuZmN7D4EnorE3hoWnGGSKezR6Re3Dmk146Kpc/tWriv8buEFox5fUHxzqP/d2066Z1vxjTtHPLHzkx+2l+/YuOTLRatWrJww4cV+/QYEZhIlaoN4Fl6W3K2KfE8etZGNlW+6w2NvB89DkJoCyHtm53AHXVBYVOz88KBcKCxUDbUZQaLPyyHjxPua8j5thPd9wF194dlE4eF2xb1XPU9L78sq4qp36wUejnD8C+bdnvb5aeZW1WMUnlXkVN4nedSZC9+T3xfvcDW+Zxzf1RhbRsezhGpN7eYNzC01eePX/yNvMuVHHOH+G5gkcDU8UEaTkaf9+r8DM4kS941Fc9cu8NDbTaqHmBW0Q4RvZWO/U0W8snx3YW61s3KfWt5F8j0WZoh/uOVbnmizCj6OOmoBggPddQwvc9SnpRPPGgVG811Voyn6CeNZGM/kajN6n9KEEEIIIYQQQup0anAEdPeOBSVntX7ijKIXhxdcYxuxrx76+c4XjpTIBTNk4vX/t3zykeuf/ecdzx95Unw/QlhFou4Y6wTqgHTl7M5d3ik4LvTnq7YtX3JI7yMHVFRUHDh48OCBA3JBrpatXL7zjxf+veH/DO0QnNVhkAuPO+GDX/5q95FHmkKnisgIMpqMLJMEZpLTKWrXrHun7g+c/vrSUyqWNf3u07MvenRhmzEHet2+uc+dpb3v2NTrti1FN2w959Gt878uLdu25sC+3S9PfrVff/XvPelNVS1S6qOOeW5jD3A2HbSumPMLCwtlkFwwh0ibW/XwgqhHSdfdyPaM/sZFUpPBzVsv/9nPAm87VURGlkkCMyGEEEIIIYQQQkg6knwBnd+9Y9Pnhxz71GnNJp3Z7Np+MqSwqP3SR/4l9Pd6ErlgRnv1hl+HXq9XNr5e5cR6A7K/gO7crsMl+S0eO33w4/ff//T4F555+tmnn3rmafn79LPPPFMikQtPPvn0E088JX+fHPfcY/ff99dTB1xwwrGd2gZndRikbWHbQS1aX3jcCVc1Pm5Mw8a35jW845gGd9VvcE/9PIlckKsyUG6SEWQ0GTn+w59zJO26dZ7yVo9QaPDyH26+4sUN3R4Knfi30KlPhAY8FjrpsdApj4f6PhLqcn/owhdDn+pDFed+NLd7rzhOwVHDZLCA1gcyt3NOxOHE1NASueAdWFxcnC+32AmDc6uTUQeKZuDdKcfTPb/4iibHP3RU/ed/89t3f/Vf837xyw9/+au5v/ilRC7IVRkoN8kIMpqMHJicEEIIIYQQQgghaUryBXSH7t1Gjb95xNM3XjLxttOuO98MnPbQgM9eGCSRC2bIgzf0+WrS4A+fPVkG9une0QxMOrVeQKsUtu3StkPP7r269+zXvXuvbnKhR2/5ayKXzVV1U8++3bv37NxGTRKcyeGdonbVn1yV6LRv3+Hh2/NnvX3q5Xc/WzD6805Xfnjidf/ocfW87ld/1P3qud3+OLff9R91vGJu/qi5F9390bQZc+65e2zb9l0CM0l9MnsEtESdakP9xmCRt272xumjza8U1vX2WW1AV8rPOEGCSeL5wHsUIYQQQgghhBCSkSRfQBcXd+jbuW+fLn36dunXtUN3O7BT/+LOJ6t06m/HbN+nuPMpxZ0GysDC4poW0LWfpDuLw7HsKC5q17awrUpRO7lsotY0HGegjGDGVCNEzCfH075dm67dezXveFZxl8Ftuwwq7nJqUefB8lddkL9dB7fpempx51NbdPh9x+4nt2vbITD5YZPConYFhcWFRapoNjW089c9FDor2mdSK/G84XjfhbzxjRCYnBBCCCGEEEIIIelJ8gV07qaoXZuidm3bdmzTrpNELrSVv4F4bpWRD/+yw6xguNmRVTZr7RY95i+pItVuIj1CYVHE8CxPoE02Pzmoy2ZbQMv/9FX7s4SEEEIIIYQQQgghJItCAU0IIYQQQgghhBBCCCEkLaGAJoQQQgghhBBCCCGEEJKWUEATQgghhBBCCCGEEEIISUsooAkhhBBCCCGEEEIIIYSkJRTQhBBCCCGEEEIIIYQQQtISCmhCCCGEEEIIIYQQQgghaQkFNCGEEEIIIYQQQgghhJC0hAKaEEIIIYQQQgghhBBCSFpCAU0IIYQQQgghhBBCCCEkLaGAJoQQQgghhBBCCCGEEJKWUEATQgghhBBCCCGEEEIISUsooAkhhBBCCCGEEEIIIYSkJfWOAwAAAAAAAAAgDSigAQAAAAAAAABpUS8EAAAAAAAAAEA0O2uGAhoAAAAAAAAAEJ0tkpNFAQ0AAAAAAAAAiM4WycmigAYAAAAAAAAARGeL5GRRQAMAAAAAAAAAorNFcrIooAEAAAAAAAAA0dkiOVkU0AAAAAAAAACA6GyRnCwKaAAAAAAAAABAdLZIThYFNAAAAAAAAAAgOlskJ4sCGgAAAAAAAAAQnS2SYzjllFPspRgooAEAAAAAAAAA0dkiOZpTwuz1aCigAQAAAAAAAADR2SI5gu2ew+zQCBTQAAAAAAAAAIDobJHsZ1tnP3ubHwU0AAAAAAAAACA6WyR72L45GjuGBwU0AAAAAAAAACA6WyQniwIaAAAAAAAAABCdLZKTRQENAAAAAAAAAIjOFsnJooAGAAAAAAAAAERni+RkUUADAAAAAAAAAKKzRXKyKKABAAAAAAAAANHZIjlZFNAAAAAAAAAAgOhskZwsCmgAAAAAAAAAQHS2SE4WBTQAAAAAAAAAIDpbJCeLAhoAAAAAAAAAEJ0tkpNFAQ0AAAAAAAAAiM4WycmigAYAAAAAAAAARGeL5GRRQAMAAAAAAAAAorNFcrIooAEAAAAAAAAA0dkiOVkU0AAAAAAAAACA6GyRnCwKaAAAAAAAAABAdLZIThYFNAAAAAAAAAAgOlskJ4sCGoDfwQOhFV+H/thN5dRfh3ofGbqhX+iTt1T2lNlxAAAAAAAAkBtskZwsCmgAHgf2h76bHxrZOtTvpyq9fhLqWS904v8JnXusylvPhHbvtGMCAAAAAAAgB9giOVkU0AA8NqwM3T8i1PefVe/sTZ9/Urmsfeij1+2YAAAAAAAAyAG2SE4WBTQArXyfyidvqdNuBNpnJ/3/NfT4VaHNa+0kdd6KFSumaePGjXvwwQfvv/9+uSDef//90tJSO1KVDhw4sHz58tdee+1x7a677rrnnntefPHFT7S9e/fa8dJjn1ZRUWGvAwAAAAAAZJwtkpNFAQ1AW7tE5a8jg6VzIBcXh+ZMspOk0xbt5Zdfvuqqq+68884dWmVlpb05toqKiqXavffee8EFF5ys9e7du2vXrl26dJEL4rTTTrv88stfeOGF7Zqd0qO8vNxUzPfcc8955503YMCAHlon7cQTTxyq3Xjjja+99lpkl71Oe/zxx2+Nj9yLzGf//v12em3cuHFXazKf5cuX26FxWLFiRYl20003vfTSS5s3b7Y36I3zlSYbx953DHfccccTTzzxsXbw4EE7fYSNGzfKkt9///3/0OzQGNavXy8PqJn/5MmT9+3bZ2+IQZ4Ab2ryBJDVkav2BgAAAAAAkEG2SE4WBTQAffjzB6+oDD0q2DgHMuDfQ49eGtq6XiVtdu3aNUsbOHBg8+bNO3ToYA5krvaI4/Ly8i+++OISrWPHji1atGgWQ35+/kknnXS3tn//fm+1LTOZPn36SE1mYieIprCwcNCgQabkdXre3bt3z9R69OjRJj6ygueee+4nn3xi5iBWr149dOjQVlrPnj0fffRRGSLszbHJvT/77LP9NVm84cOHz5kzx94WCsma/kXr3Lmzve8Y2rVrJ/d7jvbII4+UlpYe0uyMdJct3nvvvVNOOaVTp06jtUCH7jioyTYZMGBAsTZkyBC5am+OZt++fe++++7vtbZt28ozQR4UexsAAAAAAMggWyQniwIaQCj04/ehh0arBOrmqDEHQafzOOjFixdfq5met0WLFudq69at83agkbZs2XL99dc312TC/Pz8Qdro0aOvuuqqiy++2By53LlzZ7lVxjEHRJeVlXkL6M8//3zUqFEyrZDR2rRpc+qpp5pS+8orr5Sbfv/73+uSto0puG+44YYfNDP51q1bn9fkpvj17dt31qxZZg5i0aJF/fr1s7c1a9a/f38zz23bttkxYnjjjTf+8Ic/tNTMhC+99JK9LRTau3evrIswt8apU6dO48ePl/USdkZ6VuLFF1804/TUNm/eHPUoddNWy7J16dLFjF9QUHDeeeetWbPG3GTH85BHQTa4GVm0b99eVt/eBgAAAAAAMsgWycmigAZy3oH9odkvhoY1VAl0zVFz8i9CD1yosj2u0ygnavfu3a+99lpXzbaPukoW06ZN27Vrlx0vQnl5+YIFC9q3b2+nadZs1KhRU7SFCxd+++238tccWP3MM89cffXVp5122lWaTGhnoT322GM9evQwc+jUqdMf//jHN99883Pt66+//uyzz2bOnHm/NmLEiCFDhsjc1mpm8kABbdrwwYMHn3XWWcNiuOCCC+69995Vq1aZOYhAAS1kciELX8UJMWQdL7zwQtObGzKT5557zt6sW+MBmimgZe3kroWp+x2yTYYPH96mTRszE3HKKafIugvnHwDkgRDjx483I+gzlPRYt25dFadJkcWTzW7GF4WFhQ888EDUk6vIfGTzFhUVOWPKpv7mm2/szQAAAAAAIINskZwsCmgg563+IfRgdad+DmRkvsoHU+wcUuq777677rrrTPMYcNFFFy1fvjzWQdDyjjZp0iQ7arNmrVu3njVr1h7NjhFWXl4u85k2bdoCzQ4Nu/baa50O96yzzpo9e7a9wcO8gc6fP3/mzJk//vij9zDeQAHdQpswYcK7775rTpQc6eOPP16/3ndKk8gCulC76qqrovawpgH/y1/+0qlTJzuBVnUBfcYZZ7ylrfRbsmTJnDlz5L7MTIwZmszBzCqJAloeCJmDPjtIf5lENoss7Xuacz7o/dqrr7568sknyzjqQO6WLQcOHCgPpRkBAAAAAABkmKlBkkYBDeSwA+UqM8eFhh8brJirzsm/ULlneGhXlF/wS9pu7e9//3uP8AHIrVu37t69u7ksCgoKqjgIeuvWrU8//bQdVTe23333nbcajtOll17aInzy6AsvvPCzzz6zN8QnUECbCvWHH35IaDEiC2ijS5cuY8eO3bhxox1P27t377Oad1sZVRfQI0aMkDsS9maPffv2zZkzx8zEeFFzzgGSRAEtZMmf0JzDq2UZxJIlS8yR3V9qzsk3umkPPfSQU3wDAAAAAIAMs0VysiiggRy2dqnKfecH++U4c0Gz0Lw37KxSwZzm4tJLL20WPnC4d+/eDz74YLt27cyJLGT4JZdc8v3331dqdrIweUd7+eWXdW9pTZgwwRzSu3v37qpPHu31pz/9yTn5w0knnfTUU0+tW7dun2bHqFI6CmizNYRcNp3yXk3GlO3wwQcfmDM7t2rVKurIZp5CJomzgJYxZ86cKeM4Jmmykc0IyRXQYrk2cuRIM6Hx2GOPbdy4ccuWLbdoxcXFMlAehWu07dtT+e8cAAAAAAAgIbpGTh4FNJCrKg6Gpj+lcu7xwWY5zgz8j9AdZ4T2B09wkZx9+/aZY2PbtWvXrFmzttr111+/Y8eOK6+80tS4MrywsPD11183x0rbKcMOHTq0ePFi7zkounTpYgrN6dOnf/vttxs3bizTDhw4YKeJpqSkpF+/fk7l3bNnz9tuu22OtmrVKpnJrl27dAEevWmNWkB/9NFHa9as2RBhsxZ5kpBAAS0r1UEzVwcNGvSxdvDgwU2bNplCWchNsn26du2qfyJRHWJcdQE9bNgwc2KNFRE+//zzG2+8Ud2Z1r59+/e1/fv3m1klXUCr4nzv3g8//DDwSM2cOVO2/EBNhrRo0eKss84yd2qnBAAAAAAAtcEWycmigAZyFQV0DBTQggIaAAAAAAAYtkhOFgU0kKtKV4fuGqYSqJUTytkNQwtS8+twH3/88YVas2bNmjdvPlj76KOPDhw48Nlnn7XTTCN8xRVXfK1Fdp3ypvbkk0+a8tqM7Ojbt+/111//svbVV19t27bN6VID1q1bd8stt5jC15zIQrTW+vfvf80110yZMkXGETt27CgvLw8sRqCAVjV28+bnn3++LPZVEW7TZs2aJfOx02uBAvqSSy4ZqZlfR5S/52iLFy++++67CwoKzGiytHJHf/rTnwZpMqTqArqoqKir1iuCDNSztMaMGbNGszOqQQFtbN++/fHHHzfnDDHOPfdc7zmsO3fu/Mgjj9ixAQAAAABA7TE9ctIooIGcVFkZeuNxdexzrMOfex2h0vsnoV4m+mpgHMmAfwv9ZXCo8pBKDRw6dMic61k0a9asuLj4Bs3ceuDAgYs107QWFRVN0aI2yDLwKa1jx46tWrVqoQXKaJnD8OHDZ86cWa5Fdqbr16+/V+vSpYuZiZ0yzHTcl1xyydy5c+WdVObgzCRQQMfj9NNP//TTT83kRqCAHjt27GRtxIgRZl1kUwhzsLCjZ8+eb7755gsvvBBnAR2/xx57zByy7ZxKu4YFtJDtJiuujtyOWBjZ4DfffLPzg4cAAAAAAKAW6Ro5eRTQQE7aXhq6ZXDMWlkGDviFygXNQpd1CI3MD538C5XAaCZ/+E3o6w9VDiXwI3sBn3322fnnn6+PFVbt6pAhQz7QzK0VFRWztS5dupiC8krtyy+/NCMEyPhi1apVJSUl52mm1/Zq0aJFcXHxMG39+vWBnyisrKw8qH3zzTcPP/zw0KFD7WRhZlFlJh06dLjvvvvMTx2aaZMooE899dQ5c+aYyY3IAnq19uabb/bq1csO1WthLphzbrz99tu7d++eMmVKygvoVq1aXactXbrUzKrmBbQ8RvIIOv/q4HXuuefKox//rAAAAAAAQPrYIjlZFNBATpr6WGj4scEqWdL7yNAZx4Qm3hXask5le2lox+bQjk2hFV+pPDQ6NPi/g5P0/1noltNUyvfZmSfu3nvv7dixoykfi4qKbr31VnNssr1ZH9csBg0aZCrX9toLL7wgA+0YESoqKvbs2bNNW7JkyfTp02+66aY+mrmj5s2bF2tXXnnlvn3RF/7gwYO7d++WOZgzI7/22muXXXZZz549ZTHMkpiZPK5t3bpVJol6Co6TTjpp6NChZ0S4SHvuuecCKxJZQKtTfqxbJzMfP368bCJ7Q9hD2oYNGyorK1955ZU4C+iBAwfepck4AePGjbv//vu7a2ZNzTHXDzzwwOrVq2VWNS+gxYEDBx7WOoRPb91XmzRpUhWPLAAAAAAAyCRbJCeLAhrIPds3hcYMCPX9l2CVLDnzmNDrfwvt3GLHdFQcVNmwUnXQfX/qm6TXEaFB/6ny1QehA8mUhgsXLjznnHNMyym6du163XXX/T2aM888s0CfhUPXvy2uuOKKRYsW2blUyZTRpaWl32pPPfVUz549ZT6mHW7Xrt0333xz8OBBO3Y06pjqiopdu3Zt2LBhxYoV5gQdTmk+WjOn0QgU0PoMEy3nzJmzcuVKcxplL1Mr79ixw9yLI1YBfejQoe++++7aa6+1N+hVGDNmzCpNllCmjb+APu+88z7S7AeChyzS5s2b52nm9wyN4cOHf/LJJzKrlBTQYrHWu3dvMx9zbPtXX31lbwYAAAAAALXNlgXJooAGcs+0J0NnN/KVyJIT/4/KDf3UIc+xVB4KvTcxdFHr4LS9j1S588yqpo3t7rvv7tSpk+kfRX5+fufOnXtH07ZtW9OcGl27dn322We9B0pX65C2evXqhx56yM5Fd8RTp07du3evHSkO+nzIGy699NLi4mKZwyna9OnT5aaoBfQPP/xg2uE4xSqg5ab9+/cvWLBA7lrItho1atSyZcv0+UJsgR5/AT1ixAi5I2Fv9qusrNynDRw40IwvevXqNWuW+tnJVBXQZks6K3ujJpvL3gwAAAAAAGqbLZKTRQEN5JKdW1Su76POmxEokU/5lcoDF9oxY1kwK3Rtr+C05lzSg38d+vzd0P69KvH5Uhs6dKhz+HNCZKpLL71U5mBnp0/psHTpUnNwcRWFr7z3vfzyy3YuuiN+/fXX9+zZY24tKytbtmzZJs0MiWXMmDHt27eXOZyoyUxkYLoLaLFv377vtffee+/bb7895D+BdQoL6N1a//79nQdIVlPuVG6lgAYAAAAAIEeYHjlpFNBALpk5TmXoUcEGWTLwP1TuOceOGcv8aaErOgWndXL/BaFNq1XiY05AbA5/bt26tfk9uo7VadOmjWl1ZaoePXo8+eST5oTRZWVlb7/99sUXX3y59vLLL69Zs8Z7aLCo0L777rsbb7xRF55Kq1atPvvsMzMHMW7cuMsuu+wmbcqUKT/++KOd2OMb7YwzzsjPz5c5DNHeffdduSlqAf3+++8vW7bM/FZhVOvXrzdzNqouoKsWfwE9fPjwD7Xt0WzcuFG2oWjfvn1z/eOQZhJzppFAAd1VW7BgwYoVK+wqRdiyJeLULhTQAAAAAADUebZIThYFNJAzyraFrumpcmLE4c+Svv+scm3P0J6ddvxI+/eEXnskdHbD4LROTv9t6JM3VWTM6nz//feDNVOG9u3b9zbNlJ5VeOihhwZqMlWLFi1GjRr1tbZu3bo///nPusZUTjrppD/96U9Pa6+88sqbb745c+bMidp1113XvXt3GaeVdsYZZ2zatOnQoUNrtREjRsgimd/cO/nkk2+44YZnnnlG5iBkDjNmzJg0adIVmnNyZNNWL1u2TNYrUEDLEorRo0dfc80118YmK/7BBx+YLSMyU0DLRrhMuzUaWSMzH1l+vRTK/fffv2bNGplVoIAu1C6//HK7PtHce++98+bNM0vioIAGAAAAAKCOs0VysiiggZzxzgR1lgxJoDX2ZvixoXlv2PEjff9J6PYhoZP+NTiVN3+7XGXDCjtJbOPGjeusmebxuuuu+06zN8e2efPmmzVz/uX+/ftP0EpLSx944AEzN0cH7cQTTxw8ePDvf//7Plrr1q3lphYtWvTUXnnlFXOUtMxBjB492oxgtGzZsl27dnIvQuYg+vXrp1tlW8uedNJJ07R9+/bJTAIFdJzatGlz/fXX6/VTvvnmG1lme1uzZvfcc48pau3NVfIW0LLML730kr0hooBOyJnavHnzyvVJtwMFdDxkHW+55ZYDmlkeYdbLKaD/rC1dutTeDAAAAAAAapstkpNFAQ3kjCu72l8aDFTG3gz8j9Ctvw9t22gncWxep/Lsn0JDfhecJJDzT1D5Nniga6Tnn3/eKaD79u37+uuv61+8Ux1utd7UTj/99BYtWpx66qmTtP3793/xxRdXXXWVKYur7lgLCwv/8Ic/PKpt377dnLlY5iBeeeWViy++uJdmzrARS7t27c4++2xZEe/hybt27XpNk7uw48Whbdu2N954o5mDKC0tlcUzNXe3bt0mTJhgTg9ib67SnDlzztFkWvk7d+5ce4NeQXN+koKCAnvHsTVv3lxWX/Tr12/06NEztR07dphZmQdr6tSpXbp0sRNUp0OHDnfeeac+XYr7u5EyQ3HWWWe1bt1alupBLXBCEgAAAAAAUItskZwsCmggZ1BAe1BA2zuOjQIaAAAAAAAIWyQniwIayBkDfxnq9ROVQGUcyO//b2hGiZ3EMfsllZH5wZEjc+LPVD57204Y24oVK8z5FkaOHPnMM89E/a2/WPSpMkpLSkquuOKKJ554wvzGnQw/dOjQhg0bXtQuueSSYcOGmbNF9+7du1evXn369DFXZfif/vSn6dOn79XMPL2++uqrJ7Urr7xyyJAh/fv3N320kFmdeuqpZ2u33XbbvHnzdu3aZSfTKioqftDGjBlzUXxkC9x4443vv/++nYUm62VO0Pzggw8uXrzYDo2DbJnx2uWXX/7cc895a2tZNrkXcc0119j7jk2W6gZNZrJkyRLTztsZhcnwBx54wE4Q2yjtzjvv/Pjjj+2Ufi+88IJs6muvvfYfWpz/DgEAAAAAADLAFsnJooAGcsbpvwv1PlIlUBkHcuL/CV3VNVRZqeJ4+GKVgf8RHDkyA/5dZeE7dsIqmf5369atkc1mPMrLy3fv3u09nNZry5YtX331lTkYedy4cU8//bT8nap98803cVacsmwff/zxyy+/bH7MUDz77LMzZ86UOVQ7k4qKis3x2bZtW9RZmaODk9g45jzLsnFiTbtnzx7ZPvbuY5AR7NhVku1vJ4jNrEisR8qQEeQz6aBmBwEAAAAAgDrA9MhJo4AGcsYdZ9h2uNcRwdbYm95Hhs5uFCyg7zxDpe8/B0cORKb904kqy7+0EwIAAAAAACCb2SI5WRTQQM5Y+U3osg4qqoP2n4ij1xGhPv+k0v9noTOODpWMCRbQf79b5Zwmob7/EqW/Nmf26PfT0BnHhBa8o1LOKRQAAAAAAAAOB7ZIThYFNJBLNq1RuWd4aNB/+hrkgf8eOr+pyl8Gh95+zo7sta1U5bVHQqOL1SmevdP2+knolP9UubJz6PPZoX17VAAAAAAAAHBYsEVysiigAQAAAAAAAADR2SI5WRTQAAAAAAAAAIDobJGcLApoAAAAAAAAAEB0tkhOFgU0AAAAAAAAACA6WyQniwIaAAAAAAAAABCdLZKTRQENAAAAAAAAAIjOFsnJooAGAAAAAAAAAERni+RkUUADAAAAAAAAAKKzRXKyKKABAAAAAAAAANHZIjlZFNAAAAAAAAAAgOhskZwsCmgAAAAAAAAAQHS2SE4WBTQAAAAAAAAAIDpbJCeLAhoAAAAAAAAAEJ0tkpNFAQ0AAAAAAAAAiM4WycmigAYAAAAAAAAARGeL5GRRQAMAAAAAAAAAorNFcrIooAEAAAAAAAAA0dkiOVkU0AAAAAAAAACA6GyRnCwKaAAAAAAAAABAdLZIThYFNAAAAAAAAAAgOlskJ4sCGgAAAAAAAAAQnS2Sk1Vvm4edJQAAAAAAAADNFmdArrJFcrLq7fWwryoAAAAAAAAA2rZt22x3BuQkWyQniwIaAAAAAAAAiIkCGjnOFsnJooAGAAAAAAAAYqKARo6zRXKyKKABAAAAAACAmCigkeNskZwsCmgAAAAAAAAgJgpo5DhbJCeLAhoAAAAAAACIiQIaOc4WycnyFdDycgIAAAAAAADgZbszICfZIjlZvgIaQDYyn4X2n2UBAGmwa9cu82aLTJLNbh8AAACAWiXfTOweOJCTbJGcLApoIOuZvXT7qQgASLWDBw+ad9rU2rp166ZNmzYeFmRFZHXsiqWUbHz7MAAAANQe+Vpi98CBnGSL5GRRQANZz+yi209FAECq7d6927zTpsoWbd26dasPI7I6Zr3sSqaIbHz7MAAAANQe+Vpi98CBnGSL5GRRQANZz+yi209FAECqUUDHgwIaAAAcxuRrid0DB3KSLZKTRQENZD2zi24/FQEAqVOpmbfZVNmyZctazRa3h5E1Wso7aPMo2IcEAACgNsh3ErsHDuQkWyQniwIayHpm/9x+KgIAUme/Zt5mU2Xjxo22r129esOGDWk6dXImySrIithV0itlb0gR8yjYhwQAAKA2yHcSuwcO5CRbJCeLAhrIemb/3H4qAgBSp0wzb7Op4hz7vH79+sOgfTZkRWR1zHqtWbPGDk0R8yjYhwQAAKA2yHcSuwcO5CRbJCeLAhrIemb/3H4qAgBSpKKiwrzBppZpacXGjRvtoMOC98huOyil5OGwDwwAAEDGybcRuwcO5CRbJCeLAhrIembP3H4qAgBSZN++feYNNrVsR0sBnSB5OOwDAwAAkHHybcTugQM5yRbJyaKABrKe2TO3n4oAgBRJ+ck3DNvRUkAniLNwAACAWiTfRuweOJCTbJGcLApoIOuZPXP7qQgASIXKykrz7ppytqOtcQG9efPmdZrMas2aNevXr5chwt6ccekuoIU8KPbhAQAAyCz5KmL3wIGcZIvkZFFAA1nP7JbbT0UAQCocOHDAvLumnO1oa1ZAl5aWrlmzxs4oTIaITZs22ZEyKwMFtDwo9uEBAADILPkqYvfAgZxki+RkUUADWc/slttPRQBAKuzZs8e8u6ac7WhrUEBv2bIlsn12rF27duvWrXbUDMpAAS0Pin14AAAAMku+itg9cCAn2SI5WRTQQNYzu+X2UxEAkAppOgG0sB1tDQro0tJSO4sYtmzZYkfNoAwU0JwGGgAA1Bb5KmL3wIGcZIvkZFFAA1nP7JbbT0UAQCqYt9Z0sB1tDQpob9UbVa2cCToDBbSwDw8AAEBmyfcQuwcO5CRbJCeLAhrIeuyTA0DKmbfWdLAdLQV0UuzDAwAAkFnyPcTugQM5yRbJyaKABrIe++QAkEIVmnlrTQfb0dbeKTi2bt0qI6T8NB2ZKaDNo2MfKgAAgEyR7yF2DxzISbZIThYFNJD1zD65/VQEANRMuWbeWtPBdrRp+xHCdevWVf0jhBs2bJDJRWlpqR2UCpkpoM2jYx8qAACATJHvIXYPHMhJtkhOFgU0kPXMPrn9VAQA1Mw+zby1poPtaGtQQItNmzZFdtCmVq76/Bve8loupPA46MwU0ObRsQ8VAABApsj3ELsHDuQkWyQniwIayHpmn9x+KgIAama3Zt5a08F2tDUroMXmzZvXabp2XrN+/Xp1Wo3qTr4h49u71zZs2GBvq7HMFNDm0bEPFQAAQKbI9xC7Bw7kJFskJ4sCGsh6Zp/cfioCAGpml2beWtPBdrQ1LqAdWzV7pUqbNm2y9x2WwoOgM1NAm0fHPlQAAACZIt9D7B44kJNskZwsCmgg65l9cvupCACoGfMNyby1poPtaFNXQMfDlNSBw5+NtWvXmlvtqMnKTAFtHh37UAEAAGSKfA+xe+BATjLfw5NGAQ1kPbNPbj8VAQA1s0Mzb63pYDvazBbQpZq94wibNDtqsjJTQJtHxz5UAAAAmSLfQ+weOJCTbJGcLApoIOuZfXL7qQgAqJntmnlrTQfb0WawgN66das5T7S94whrtRoeBJ2ZAto8OvahAgAAyBT5HmL3wIGcZIvkZFFAA1nP7JPbT0UAQM2YN9X0sR1tBgvoKo599qrh8mSmgDbsQwUAAJAp8g3E7oEDOckWycmigAayHnvjAJBC5k01fWxHW+PCd/PmzfGcOmPLli1VHPvsJaPV5CBoCmgAAHAYk28gdg8cyEm2SE4WBTSQ9dgbB4AUMm+q6WM72poV0N5aubS01A6NZv369Wa0eGzYsCHpDpoCGgAAHMbkG4jdAwdyki2Sk0UBDWQ99sYBIIXMm2r62I62ZgX0hg0b7Fz0kcubN2+2N3hs0eI8/NmR9K8RUkADAIDDmHwDsXvgQE6yRXKyKKCBrMfeOACkkHlTTR/b0VJA14B9qAAAADJFvoHYPXAgJ9kiOVkU0EDWY28cAFJou2beWtPBdrQ1KKA3bdpkZxG2fv16e1vY1q1bZWBC598wImcVp8wU0ObRsQ8VAABApsj3ELsHDuQkWyQniwIayHpmn9x+KgIAamaHZt5a08F2tDUooKPWyoEjlyNL6vjJtIG5xSMzBbR5dOxDBQAAkCnyPcTugQM5yRbJyaKABrKe2Se3n4oAgJox35DMW2s62I42qQK6VIt6Vo21a9du1cyYSRz77JD5C2dWccpMAW0eHftQAQAAZIp8D7F74EBOMt/Dk0YBDWQ9s09uPxUBADWzSzNvrelgO9rEC+itW7eaathOH0FmaOZZWlpqB9VAoosn49sp01lAm0fHPlQAAACZIt9D7B44kJNskZwsCmgg65l9cvupCAComd2aeWtNB9vR1qzhjcrU05s3b66ipI6fzCShg6AzU0CbR8c+VAAAAJki30PsHjiQk2yRnCwKaCDrmX1y+6kIAKiZfZp5a00H29EmWEBv2bIlzlo5Je2zkdAPEmamgDaPjn2oAAAAMkW+h9g9cCAn2SI5WRTQQNYz++T2UxEAUDPlmnlrTQfb0SZSQG/durUm53SuiS1bttiFqE5mCmjz6NiHCgAAIFPke4jdAwdyki2Sk0UBDWQ9s09uPxUBADVToZm31nSwHW0iBXSqzqqRhHXr1m3V7KLElpkC2jw69qECAADIFPkeYvfAgZxki+RkUUADWc/sk9tPRQBAKpi31nSwHW18BbQpf9euXWunqQ2lml2g2DJTQNuHBwAAILPke4jdAwdyki2Sk0UBDWQ99skBIOXKysrMu2vK2Y42vgLalL92glqyVqv2IOgMFNDyoNiHBwAAILPkq4jdAwdyki2Sk0UBDWQ9s1tuPxUBAKmwZ88e8+6acrajja+AXq/ZCWrJGm3z5s12mWLIQAEtD4p9eAAAADJLvorYPXAgJ9kiOVkU0EDWM7vl9lMRAJAKFNAOCmgAAAD5KmL3wIGcZIvkZFFAA1nP7JbbT0UAQCocOHDAvLumnO1o4yugN2nmJBi1ZYNWF07BIQ+KfXgAAAAyS76K2D1wICfZIjlZFNBA1jO75fZTEQCQCpWVlebdNeVsRxtfAZ1FMlBAy4NiHx4AAIDMkq8idg8cyEm2SE4WBTSQ9cxuuf1UBACkSJp+h9B2tBTQCeIXCAEAQC2SbyN2DxzISbZIThYFNJD1zJ65/VQEAKTIvn37zBtsatmOlgI6QfJw2AcGAAAg4+TbiN0DB3KSLZKTRQENZD2zZ24/FQEAKVJRUWHeYFPLdrQU0AmSh8M+MAAAABkn30bsHjiQk2yRnCwKaCDrmT1z+6kIAEidMs28zabK2rVrTUu7fv36an/ZL1vIisjqmPWSFbRDU8Q8CvYhAQAAqA3yncTugQM5yRbJyaKABrKe2T+3n4oAgNTZr5m32VTZsGGDKWqFXD4MOmhZBe9KpfzIbvMo2IcEAACgNsh3ErsHDuQkWyQniwIayHpm/9x+KgIAUqdSM2+zqbJly5Y1mu1rDyNrNVlBu6opYh4F+5AAAADUBvlOYvfAgZxkeuS/J85MSAENZD2zf24/FQEAqbZ7927zTpsqW7R169bZ4vawIKtj1suuZIrIxrcPAwAAQO2RryV2DxzISaZHtqVyIsyEFNBA1jO76PZTEQCQagcPHjTvtKm1devWTZs2bTwsyIqk6VwisvHtwwAAAFB75GuJ3QMHcpLpkW2pnAgzIQU0kPXMLrr9VAQApMGuXbvMmy0ySTa7fQAAAABqlXwzsXvgQE4yPbItlRNhJqSABrKe2Uu3n4oAgDQ4cOCAebNFJslmtw8AAABArZJvJnYPHMhJpke2pXIizIQU0EDWM3vp9lMRAJAGFNC1ggIaAADUEfLNxO6BAznJ9Mi2VE6EmZACGsh6Zi/dfioCANKDs3BkGOffAAAAdYd8ObF74EBOMj2yLZUTYSakgAayntlRt5+KAID0SNNPESIWfn4QAADUHfLlxO6BAznJ9Mi2VE6EmZACGsh6ZkfdfioCANJmt2bedZE+ZjvbjQ4AAFAHyFcUuwcO5CTTI9tSORFmQgpoIOuZ3XX7qQgASJtD2vbt280bL9JBNq/ZznajAwAA1AHyLcXugQM5yfTItlROhJmQAhrIemaP3X4qAgDSbP/+/eaNF+kgm9duaAAAgDpDvqXYPXAgJ5ke2ZbKiTATUkADWc/ssdtPRQBA+vGDhGnCDw8CAIC6Sb6o2D1wICeZHtmWyokwE1JAA1nP7LTbT0UAQPpVVFSY916klmxYu4kBAADqEvmiYvfAgZxkemRbKifCTEgBDWQ9s9NuPxUBABnBiThSjpNvAACAOku+q9g9cCAnmR7ZlsqJMBNSQANZz+y3209FAECm7NHMmzBqwmxJu1kBAADqHvnGYvfAgZxkemRbKifCTEgBDWQ9s/duPxUBAJlVVlZm3oeRHNmAdlMCAADUVfKlxe6BAznJ9Mi2VE6EmZACGsh6ZgfefioCADLr0KFDO3bsMG/FSJRsOtmAdlMCAADUVfK9xe6BAznJ9Mi2VE6EmZACGsh6Zh/efioCADKLAromKKABAEBWkO8tdg8cyEmmR7alciLMhBTQQNYz+/D2UxEAkHEHDx40b8VIlGw6uxEBAADqMPneYvfAgZxkemRbKifCTEgBDWQ9sw9vPxUBALXhwIED5t0Y8ZONZjcfAABA3SZfXeweOJCTTI9sS+VEmAkpoIGsZ3bj7aciAKCWlGvmPRlVM9vKbjgAAIA6T77A2D1wICeZHtmWyokwE1JAA1nP7MzbT0UAQK2ig64W1TMAAMg68h3G7oEDOcn0yLZUToSZkAIayHpmf95+KgIAahun46gCp90AAADZSL7G2D1wICeZHtmWyokwE1JAA1nP7NLbT0UAQB1wUNuxY4d5i4ZsCsFPDgIAgCwl32fsHjiQk0yPbEvlRJgJKaCBrGf27e2nIgCgzjh06FBZWZl5l85lshFkUwi7XQAAALKNfKWxe+BATjI9si2VE2EmpIAGsp7ZvbefigCAOmbPnj3mjTo3yerbDQEAAJC15FuN3QMHcpLpkW2pnAgzIQU0kPXMHr79VAQA1D37NfN2nTvMWttNAAAAkM3ku43dAwdykumRbamcCDMhBTSQ9cx+vv1UBADUVRUVFbt27TJv2oc3WU1ZWbvaAAAA2U++4dg9cCAnmR7ZlsqJMBNSQANZz+zt209FAEDdtn///u2aefc+nJj14qhnAABw+JGvOnYPHMhJpke2pXIizIQU0EDWM7v99lMRAFDnmV/k2717t3kDPzzI6pj1sisJAABwGJFvO3YPHMhJpke2pXIizIQU0EDWM3v+9lMRAFDnmaKWAhoAACBbyLcduwcO5CTTI9tSORFmQgpoIOuZPX/7qQgAyB4HDx48DM4KLasgK2JXCQAA4HAk33nsHjiQk0yPbEvlRJgJKaCBrGf2/+2nIgAg2xzQsq6JlgU2S25XAwAA4PAlX37sHjiQk0yPbEvlRJgJKaCBrGeKAPupCADIWgcPHsyK83LIQnLIMwAAyCnyFcjugQM5yfTItlROhJmQAhrIeqYOsJ+KAIAsV6nt37+/rKzMvMPXBbIwskhm2eyCAgAA5Az5OmT3wIGcZHpkWyonwkxIAQ1kPVMN2E9FAMBhpELbt29frZTRcqdy12YZ7AIBAADkJPlqZPfAgZxkemRbKifCTEgBDWQ9UxPYT0UAwGGqsrLSnHN5z549aeqjZbYyc3MvHOkMAADgkG9Kdg8cyEmmR7alciLMhBTQQNYzrYH9VAQA5AxzbHJ5efm+fft27969S5Ovdzt27Ni+fbv5dPCSgXKTjGDGlElkQpnczMfOFAAAABHkq5TdAwdykq6RKaCBHGZqBfupCAAAAAAAUooCGjnO9Mi2VE6EmZACGsh6FNAAAAAAAKQPBTRynOmRbamcCDMhBTSQ9SigAQAAAABIHwpo5DjTI9tSORFmQgpoIOtRQAMAAAAAkD4U0Mhxpke2pXIizIQU0EDWo4AGAAAAACB9KKCR40yPbEvlRJgJKaCBrEcBDQAAAABA+lBAI8eZHtmWyokwE1JAA1mPAhoAAAAAgPShgEaOMz2yLZUTYSakgAayHgU0AAAAAADpQwGNHGd6ZFsqJ8JMSAENZD0KaAAAAAAA0ocCGjnO9Mi2VE6EmZACGsh6FNAAAAAAAKQPBTRynOmRbamcCDMhBTSQ9SigAQAAAABIHwpo5DjTI9tSORFmQgpoIOtRQAMAAAAAkD4U0Mhxpke2pXIizIQU0EDWo4AGAAAAACB9KKCR40yPbEvlRJgJKaCBrEcBDQAAAABA+lBAI8eZHtmWyokwE1JAA1mPAhoAAAAAgPShgEaOMz2yLZUTYSakgAayHgU0AAAAAADpQwGNHGd6ZFsqJ8JMSAENZD0KaAAAAAAA0ocCGjnO9Mi2VE6EmZACGsh6FNAAAAAAAKQPBTRynOmRbamcCDMhBTSQ9SigAQAAAABIHwpo5DjTI9tSORFmQgpoIOtRQAMAAAAAkD4U0Mhxpke2pXIizIQU0EDWo4AGAAAAACB9KKCR40yPbEvlRJgJKaCBrEcBDQAAAABA+lBAI8eZHtmWyokwE1JAA1mPAhoAAAAAgPShgEaOMz2yLZUTYSakgAayHgU0AAAAAADpQwGNHGd6ZFsqJ8JMSAENZD0KaAAAAAAA0ocCGjnO9Mi2VE6EmZACGsh6FNAAAAAAAKQPBTRynOmRbamcCDMhBTSQ9SigAQAAAABIHwpo5DjTI9tSORFmQgpoIOtRQAMAAAAAkD4U0Mhxpke2pXIizIQU0EDWo4AGAAAAACB9KKCR40yPbEvlRJgJKaCBrEcBDQAAAABA+lBAI8eZHtmWyokwE1JAA1mPAhoAAAAAgPShgEaOMz2yLZUTYSakgAayHgU0AAAAAADpQwGNHGd6ZFsqJ8JMSAENZD0KaAAAAAAA0ocCGjnO9Mi2VE6EmZACGsh6FNAAAAAAAKQPBTRynOmRbamcCDMhBTSQ9SigAQAAAABIHwpo5DjTI9tSORFmQgpoIOtRQAMAAAAAkD4U0Mhxpke2pXIizIQU0EDWo4AGAAAAACB9KKCR40yPbEvlRJgJKaCBrEcBDQAAAABA+lBAI8eZHtmWyokwE1JAA1mPAhoAAAAAgPShgEaOMz2yLZUTYSakgAayHgU0AAAAAADpQwGNHGd6ZFsqJ8JMSAENZD0KaAAAAAAA0ocCGjnO9Mi2VE6EmZACGsh6FNAAAAAAAKQPBTRynOmRbamcCDMhBTSQ9SigAQAAAABIHwpo5DjTI9tSORFmQgpoIOtRQAMAAAAAkD4U0Mhxpke2pXIizIQU0EDWo4AGAAAAACB9KKCR40yPbEvlRJgJKaCBrEcBDQAAAABA+lBAI8eZHtmWyokwE1JAA1mPAhoAAAAAgPShgEaOMz2yLZUTYSakgAayHgU0AAAAAADpQwGNHGd6ZFsqJ8JMSAENZD0KaAAAAAAA0ocCGjnO9Mi2VE6EmZACGsh6FNAAAAAAAKQPBTRynOmRbamcCDMhBTSQ9SigAQAAAABIHwpo5DjTI9tSORFmQgpoIOtRQAMAAAAAkD4U0Mhxpke2pXIizIQU0EDWo4AGAAAAACB9KKCR40yPbEvlRJgJKaCBrEcBDQAAAABA+lBAI8eZHtmWyokwE1JAA1mPAhoAAAAAgPShgEaOMz2yLZUTYSakgAayHgU0AAAAAADpQwGNHGd6ZFsqJ8JMSAENZD0KaAAAAAAA0ocCGjnO9Mi2VE6EmZACGsh6FNAAAAAAAKQPBTRynOmRbamcCDMhBTSQ9SigAQAAAABIHwpo5DjTI9tSORFmQgpoIOtRQAMAAAAAkD4U0Mhxpke2pXIizIQU0EDWo4AGAAAAACB9KKCR40yPbEvlRJgJKaCBrEcBDQAAAABA+lBAI8eZHtmWyokwE1JAA1mPAhoAkDKbFpWUqJTa66lVqma9yV4x95WeOwIAAEglCmjkONMj21I5EWZCCmgg61FAA0BKlZqetKTk0/UVIUkUmxZNlNu/KJXYIXFSlWtJyWfrJVFnXPqFmrFwW9pUK/2iyiVPQQFdtnhWycQFagUj1jFHCmhZzdnLd9srAADgMEABjRxnemRbKifCTEgBDWQ9CmgASCmngC6Zu6pcYge7KtYv0DVx0gV0yVw17312mKti/ULbP6ewgLadrzPDtBfQW7+eOnHixJL5a8pDEr/Du4CuqDgUkujVNAW0KuH1EAAAkN0ooJHjTI9sS+VEmAkpoIGsRwENACllC+hZs2aVzFosKbPDw/atmlsyderrSRfQesaSJcEZl8uMX586taREkr0F9Javpk78YvHiWVHr+8O6gN60aPLEVyWz5s2dVTL70y/mvDqxRDJ/deS/YQAAgCxDAY0cZ3pkWyonwkxIAQ1kPQpoAEgpCuga9cIU0BTQAAAcfiigkeNMj2xL5USYCSmggaxHAQ0AKWUL6EWrVs0tmSFZvNPeYOxdPrtk1uLFbo27d/l7JVO/2mJvVtRJkCUzvt9uBzh05SozVvOeGai21XxmLVmsxvC2tOJQ2RrdZpaUTJZM//DrUs/pO1Sh/PmaLd/ZulNGmPXF+nK9nGpRvd5bvjc8vjNJycRXZXwzieItoNWprtWpQpyzhVSsX6hPEzJ/zQE7xE9vuolTv96qt9J7y809elRTQJdvXjx/lqyjMvG1WZ8u367PIq1OZLH+s5Kp33g28tavp/qWzY5gxynfvvyzWeENMvHVOd4tppZh4eotErMBSqbMWrSuXGJvl3ntWC759B17qyxGeEkUWUhnOSdPmyv5emN42opyyfZl818tKZn1ZWnZgZAEAAAcBiigkeNMj2xL5USYCSmggaxHAQ0AKWUL6IUb1bmeJZ5yucyUy3NXlXuPI9ZHLn8tI9nxdi+fXTJDEmiuFVW5Liw9sF6yUBe1rp16xvt0Reu2tHslq96fOPH9xVv2lpeXl0nWLJheMm1RabjZVEtSMnnuEnW7ytbvZpdMVCdgtmzn69S+evzpkvnL9SR6fMlC87OI3gI6tOXr130HMpd+MVH9TGKMX1C09bTeFPo48VkS/0aoqoCu2Lxoesn0hWtkHZW9WxfPmThxznLb0pevnm8qe3O9bPEMWY35q8vDxxfb4ltvUvUYTV8gM6qQVBzQW0wfya6nVctQMmWuZPFWtQG2fK82mLvNdi2fM3G6JLx99GJIVuoufevX0yfOkehpy/du+loya+J0+1AeKJUsmjbru1XfzZr46foDIQkAADgMUEAjx5ke2ZbKiTATUkADWY8CGgBSyhbQs5fvDW1aJJkY7mZDW7/Wv7CnrnoL6FD5mvklE52S1xwiHeXcHUJVrurn6SSlX0ycuMBtctWZK9RVfwFt7lEf6uux/buZevE0tSS+Rrh8zbySiV86pXm0Avqz9Z5J1JHX6iBuc+ywr4AObflmqudA5lLZFp7NEaCOQVaHIdu+vnzVhyWSGb7NEKuALjeL7T+QPFSht6t6POSKqvWdHzYsWzxzxtfffOquyM7FM5wx1YHI5b6f/gvfkb5VLcOn6yok+jb78Kl72qyubflSHeEtcVZy76r5khmfyT2rhZQ18q9UqPRzu8HLls2WzNBbsmzxLLkgibqxAABAdqGARo4zPbItlRNhJqSABrIeBTQApJQqKheZAlod06yOAjaH2W75amq4JvYX0Lp7nfhFqcQUr7OWlEWe4lnxFNC6WTZH3Zp7McWur4C2p9GYHT4MOMzce+Rlwz8kWgHtOwe0LaDtEH8BrYrdktkSu8ATF5r+PQp9amyJc1h3+aq5zrHhYbEKaPmjblq4UQ93qNI5vLlU6RwujncuniWzVcXxpxJZHrWVdBNtF21f6XfznFNwGL4C2rtB7BC7YGprzF5WJjG3+W1Z5M7Qz/8QAACAwwwFNHKc6ZFtqZwIMyEFNJD1KKABIKVsGeocYly2ZFbJh6vK1dklpjrnzQjUuOpGdXDwotJ9a+a7nWkEbwGtzxQxV8/YPXOFrwytAwW0XkiJbI0t30wNl+xRqK45Ou+ZRuzCWIkV0LIoM8wClC2frY/XLl8zb6Jk4fry9Z95f+tvy9fTSmZ9sX5vRUiihO/I3JdZBncxfNu86gJajTl/5V6JOU+Ii1NtAABwWKOARo4zPbItlRNhJqSABrIeBTQApJQtQ50C2pzOeNEX6oTGzok1Impce3qK+fPmqrY6pE4qEYWvgNal7axFiz4skYSPmPaWoXGfgsNfCqe0gA6X4O/Nn/+6c5LlSKqnnvX9FoktZBV1CuVV80vMMeO6CrYLY7kFtNpg1ZyCQ8immPmp5NP3bKltDrKe+PmihRPVVrXCtbVr40JzR3o+wQ1ih4QXTJ2Cw3eKklD5psWSr5eUlqvzcZdM/aJU4twKAAByAQU0cpzpkW2pnAgzIQU0kPUooAEgpVRRuchbQOtuVMiQQO3rqXHtCTpkNOcn+6LwF9D67MNqxmag5itDQ9F+hHD9l7MmBn6EsKoCWp1CJFwNq9Y00QI6tG+VruBLfD+0GKB+QVH93mDk7y7qY8PVWTt0oRurgFYifoRw+fxp7o8QaqWLJpaok2DoVlpxls17xm11l+ZHCNX20vORMZzzR1dTQLs/Qrhqu7MYakn0jxBWbFILKTE/UVi+d4tk8YevVvWgAwCA7EcBjRxnemRbKifCTEgBDWQ9CmgASKlS00h6CmhTaarDkJ0jkSML6BhHK/sFCmiZ8YKJJR+uMgdNa4ECWjtUtuaLOfp0xpMl0z/8utRzF9UV0KG9az6dMbFEUvL+KlmlhAtofXjyqg+Dhyd7qeZdV8Dettiy265cV7RVFdCifPPi+bNkHZWJr836dPl2/4HG9ncOPT/eqAp6WfjArwJW7Fj+aXg+k2U2a76bLaPYfry6AlpPrubwjtrkZjG8S1K+8TuJXc4psyTzl2yhfgYA4PBGAY0cZ3pkWyonwkxIAQ1kPQpoAKgLzOkgSubpo2wPK+q456/1+TcAAAByEwU0cpzpkW2pnAgzIQU0kPUooAGgllWU792xauG0iSruqYMPBxXlZaXfzZFM9J7jAgAAIMdQQCPHmR7ZlsqJMBNSQANZjwIaAGqX+o2+ia/O+W6L5LCqn/W5KSbP+lSyZpcdBAAAkIMooJHjTI9sS+VEmAkpoIGsRwENAAAAAED6UEAjx5ke2ZbKiTATUkADWY8CGgAAAACA9KGARo4zPbItlRNhJqSABrIeBTQAAAAAAOlDAY0cZ3pkWyonwkxIAQ1kPQpoAAAAAADShwIaOc70yLZUToSZkAIayHoU0AAAAAAApA8FNHKc6ZFtqZwIMyEFNJD1KKABAAAAAEgfCmjkONMj21I5EWZCCmgg61FAAwAAAACQPhTQyHGmR7alciLMhBTQQNajgAYAAAAAIH0ooJHjTI9sS+VEmAkpoIGsRwENAAAAAED6UEAjx5ke2ZbKiTATUkADWY8CGgAAAACA9KGARo4zPbItlRNhJqSABrIeBTQAAAAAAOlDAY0cZ3pkWyonwkxIAQ1kPQpoAAAAAADShwIaOc70yLZUToSZkAIayHoU0AAAAAAApA8FNHKc6ZFtqZwIMyEFNJD1KKABAAAAAEgfCmjkONMj21I5EWZCCmgg61FAAwAAAACQPhTQyHGmR7alciLMhBTQQNajgAYAAAAAIH0ooJHjTI9sS+VEmAkpoIGsRwENAAAAAED6UEAjx5ke2ZbKiTATUkADWY8CGgAAAACA9KGARo4zPbItlRNhJqSABrIeBTQAAAAAAOlDAY0cZ3pkWyonwkxIAQ1kPQpoAAAAAADShwIaOc70yLZUToSZkAIayHoU0AAAAAAApA8FNHKc6ZFtqZwIMyEFNJD1KKABAAAAAIetA2Vrvpw74/WJkgkvTZj4+oy5X64pOxCSZAwFNHKc6ZFtqZwIMyEFNJD1KKABoFaY71IlJSVDU+Gaa66ZP3++nTUAAABCob3L50gmj5cvXBHGT5bMWb7XjppmFNDIcWbfx5bKiTATUkADWY8CGgAy79tvv+2k5aXUNddcY+8AAAAgt+1dPGNCSYnEeO6V6ZJZ78ya/spzdpAyYcbiTHTQFNDIcaZHtqVyIsyEFNBA1qOABoAMk69QTvX84FV5O2fmhT7IW/OKjVyOM96R5z+Z17+LnqFm7ykOm+Y9/+cLehWrSeVPca8zrnt05tL99kafnYtnPnrN4M6eMZ+et8ne5rVzqWTmw9cN7qpH7XOG5Lon522qsLcDAACkXfniGS/YjrlkwvRFW31fRCq2Lpo+oUSivDBjcbkdnj4U0Mhxpke2pXIizIQU0EDWo4AGgAx79tln83T1LAl9kLf21byPn8orm6niFMoxM68oNPc4FX3VTCuRyztn5nUqUp2vkG9p9s5i2v/Nk2dIivPyOp/75/smz5w5+T7JdWpA3uCHF+6XMeyYof1fPSoZLDd0HXnH+Kkz33ha8udzO+flFV/+xmo7krH/m0dPzZPIXEeOfX7qzKlPjzlXoka9aqqM6h8bAAAgLco+f1W3y5Ml86P9i3lo03yJ3Cxe/bzMDkwbCmjkONMj21I5EWZCCmgg61FAA0CGUUADAACkFQU0UKeYHtmWyokwE1JAA1mPAhoAMmzIkCF5ebZxXvtqXssT5Jo6gYbEtsxVZOk9oa9HqXygemfHbSPVrSVj7NW3337b3lksq14+Ny9PUjxmpn+nbLW6IW/k1A0hiTNEDSy+Y94eM8RYPfViGXjfvP0hiR00WY2nRv3Qqa+V1a+ONKOqsQEAANJs8UxdLb+2UBKjXZbBZQtf06PNXGyHpQ0FNHKc6ZFtqZwIMyEFNJD1KKABIMNMAW0KZW+JLL6bEC6aY2XpPaFvr1D5QB1A7SVDnLlVexroTW+oRljy6Od2iEOXxXky3N60aebleXmS4ocX6uuune/+Wca877OQRNs0Uxap+FFJxKj/UKM+sFBihwAAAKTLlvmTbLNcdblse+pJ87fINHZYWlBAI8eZHtmWyokwE1JAA1mPAhoAMqyKAtqcTKOqpKiA3rls3rx530g2RRyRrAvoM15eFZIonz9q5jnyjYj/fvXbp0/Sw8M3LVSjXjxVEjHqN0/3j3UTAABAalFAA3WL6ZFtqZwIMyEFNJD1KKABIMPSV0DPetBerraAjk2fguPcl93zNVdRQG+YOjIv76Rnv5Ho61UU0JvU+Tr6Py0xowIAAKQNBTRQt5ge2ZbKiTATUkADWY8CGgAyzHsO6G8n6HI3LOkC+qLB6lZnyPz58+2dJWC/ZOHDg/PyBj/6lee46OoK6LyHF0r09eoK6Dy5PeLsHAAAAKlQ+vn0ieNLJMkbP3H656V2dilFAY0cZ3pkWyonwkxIAQ1kPQpoAMiwBx9UBypPuVMl9IHqjh1JF9Bmwv5d7FX5lmbvLG6r37hcUpxXPHKyPfTZooAGAAB138rZE2yLXEMTZq+0s0whCmjkONMj21I5EWZCCmgg61FAA0CGrVmzJi8vr1ORSuiDvJ0z84b2kwFKEgW0U2Sb829cqNl7itvOD+9TRz5LHl4YPCk0p+AAAAB13pb5k3V9/KpkzndJkInmyMRisjohR4pRQCPHmR7ZlsqJMBNSQANZjwIaADLv1ltvNa3uNWfbZvntB1XWvBIummPFU0B/O8Ed/7sJeS1PUDNco9m7ic/+zx9V1fM98yRRDpzmRwgBAECdFy6gZ0iqOutzTDLRYplYUEADKWd6ZFsqJ8JMSAENZD0KaACoFSdqeXnq8OfqD3w2mXucKqC/HqWih5TNzCsZo2La58mTJ9u5x23/t0+fW5zX+ZqZ7q8OBmyaeXleniTvgeDJM3a++2cZfN9nIYm2aaY6KPs+ScSo/1CjPrAwciYAAAA1RwEN1GWmR7alciLMhBTQQNajgAaAWmG+S1199dV5mjkjx3cT/I1zIAtPVgW0/JV8oHpnR4sWLd5++2076zitmSpRZ32+amr06tlSZ89QJ9Aovnyq79Dq1XrgffP2hyTGpjdGyiA16hu+Wa5+VQ2XUdXYAAAAqUYBDdRlZt/HlsqJMBNSQANZjwIaAGrX/PnzzaHQYtaDEaWzZEFfle+uVe3zktvUcdCSD+yZox/U5GuZnV2cNsy8vDhPktfzupc/nBfNUomZ6f6vHpWo30rsOvKOyTP/8cbzkjsu7hxZNIf2f/PoqXmSvLzOI8e+PPMfU58fO1KiRtU1d5VNNwAAQJKqKaAPbf9u7nTJqy+9On3ud9sP2cEeFNBAGpke2ZbKiTATUkADWY8CGgBqFwU0AABADVFAA3WZ6ZFtqZwIMyEFNJD1KKABoNZ9++23qkvW54P2Vc8mi85SMWd//qiFGfjdBDX+kCFD7CwSFf5pwdhkhEe9J2zev2zmo9cM7qxuUifZ6HXGdU/Pi/aDgnuWSmY+fN3grnrUPmdIrnty3qYKezsAAEDKVVlAly9/Z4K+1ZrwzvJyGWpvNSiggTQyPbItlRNhJqSABrIeBTQA1AVDtLy8vNtG+tvniKx9VaV/F1Xvzp8/304PAACQw6osoG2z7KHG8Y9GAQ2kkemRbamcCDMhBTSQ9SigAaAuMF+tzLk4hvZTmXKnKpq91fPHT6l6uuUJKuLWW2+1EwMAAOS2Kgvo9XMn6hsdE+eul6H2VoMCGkgjs7NjS+VEmAkpoIGsRwENAHWHfLu68MILVbusPXiVr4A2WmjPPvusnQYAACDnVX0O6L3LZ08cXyJRxk+cvXyvvcFFAQ2kkemRbamcCDMhBTSQ9SigAaBOkS9Y5ncF86IV0C1btvxWs2MDAACg2h8hFAf2Ssp2le09YAf4UUADaWR6ZFsqJ8JMSAENZD0KaACoO7799ttOnTqpplmLegS0cc0119hpAAAAcl71BXQ1KKCBNDI9si2VE2EmpIAGsh4FNADUBearVcuWLfN07yyZ/2Temld8BbQMeftB9fOD5hcIOQc0AACAQQEN1GVmZ8eWyokwE1JAA1mPAhoAapF8nbrtttv69++vGmWtZIyvdI7MzpkqnYrUyC1bthyqvf3223aOAAAAuYcCGqjLTI9sS+VEmAkpoIGsRwENALVoyJAhunZ2lc0MNs5R8+BVdnzH/Pnz7UwBAAByzPbPTAGdApM/225nmjoU0Mhxpke2pXIizIQU0EDWo4AGgFqxRsvLy+tacMKzl/RLOncM6yaR+Vx44YV21gAAALlm7+IZE2yDXCMTZizea2eZQhTQyHGmR7alciLMhBTQQNajgAaAWjFfy8vLO6d3UaBTTiIynyFDhthZAwAA5KADW1Z9952kBlZtOWBnlloU0Mhxpke2pXIizIQU0EDWo4AGgFrhFNBdC044p3dRDUMBDQAAUGdRQCPHmR7ZlsqJMBNSQANZjwIaAGoFBTQAAECOoIBGjjM9si2VE2EmpIAGsh4FNADUCqeAThUKaAAAgLqJAho5zvTItlROhJmQAhrIehTQAFArzHcpU0OnxLfffmtnDQAAgLqEAho5zuz72FI5EWZCCmgg61FAAwAAAACQPhTQyHGmR7alciLMhBTQQNajgAaAFFoFAACAw479qpcsCmjkONMj21I5EWZCCmgg61FAAwAAAACQPhTQyHGmR7alciLMhBTQQNajgAYAAAAAIH0ooJHjTI9sS+VEmAkpoIGsRwENAAAAAED6UEAjx5ke2ZbKiTATUkADWY8CGgAAAACA9KGARo4zPbItlRNhJqSABrIeBTQAAAAAAOlDAY0cZ3pkWyonwkxIAQ1kPQpoAAAAAADShwIaOc70yLZUToSZkAIayHoU0AAAAAAApA8FNHKc6ZFtqZwIMyEFNJD1KKABAAAAAEgfCmjkONMj21I5EWZCCmgg61FAAwAAAACQPhTQyHGmR7alciLMhBTQQNajgAYAAAAAIH0ooJHjTI9sS+VEmAkpoIGsRwENAAAAAED6UEAjx5ke2ZbKiTATUkADWY8CGgAAAACA9KGARo4zPbItlRNhJqSABrIeBTQAAAAAAOlDAY0cZ3pkWyonwkxIAQ1kPQpoAAAAAADShwIaOc70yLZUToSZkAIayHoU0AAAAAAApA8FNHKc6ZFtqZwIMyEFNJD1KKD/P3v/GxzXeR/4nnmxL/blvLgvUrXJTbpqbhLHTnKncoO6U7VRae8tje1YqWTFmthBrV+w4qQ4q9jcscvFckWX5dkJoxkX453VsDSjpd2lMFJ6GMqU0aRCABIEssABGFJNUvxrkIQIAiBIgCBIgAIIQGB6f8/z+53G6X9An8M+JA7P93Of8QW6+/x7utlkf3VyGgAAAACA5BCgkXHakS0qR6ELEqCB1CNAAwAAAACQHAI0Mk47skXlKHRBAjSQegRoAAAAAACSQ4BGxmlHtqgchS5IgAZSjwANAAAAAEByCNDIOO3IFpWj0AUJ0EDqEaABAAAAAEgOARoZpx3ZonIUuiABGkg9AjQAAAAAAMkhQCPjtCNbVI5CFyRAA6lHgAYAAAAAIDkEaGScdmSLylHoggRoIPUI0AAAAAAAJIcAjYzTjmxROQpdkAANpB4BGgAAAACA5BCgkXHakS0qR6ELEqCB1CNAAwAAAACQHAI0Mk47skXlKHRBAjSQegRoAAAAAACSQ4BGxmlHtqgchS5IgAZSjwANAAAAAEByCNDIOO3IFpWj0AUJ0EDqEaABAAAAAEgOARoZpx3ZonIUuiABGkg9AjQAAAAAAMkhQCPjtCNbVI5CFyRAA6lHgAYAAAAAIDkEaGScdmSLylHoggRoIPUI0AAAAAAAJIcAjYzTjmxROQpdkAANpB4BGgAAAACA5BCgkXHakS0qR6ELEqCB1CNAAwAAAACQHAI0Mk47skXlKHRBAjSQegRoAGirJRkTHxUb+GhChtz96MHkjdsLj+QHW6SdliZOySgWB67cq1397HBRhu7DUyJ/3cxeKZ6aeGi/AwAAZAEBGhmnHdmichS6IAEaSD0CNAC0VRCgL0+t1HokQx7x4JOB4sD1B/KDLhGRdeThxm/dQYAuFgeu3S+XZVQ81QD96NE/yf+GA7S7xd8IAADwjCNAI+O0I1tUjkIXJEADqUeABoC2CgJ0k0D8+FoL0MeOHS2euLEgw+54ugF69soHPR+eOHfWjeKpi8OlD3uK526vyLAHAAAAPLsI0Mg47cgWlaPQBQnQQOoRoAGgrTYO0C4Q+wrsQ/DslWLx8vjUxcEeGVaHV+7LuH5m4INisdjz4YmLEzIefFYuP9RzmysaXMsiCNBXpqYv9hRPyZgIEnRtgF55IGPi4okPe2RVPR+WrsmYXdb7ggf/bOKOj8XuMfKQT+4/+sztmO1b38C5sQfha4ms3Ltx7sQHMuTODwbOXrsb6suPVh6Mn5PxYbF44srsghwOAABANhCgkXHakS0qR6ELEqCB1CNAA0BbxQnQxb6z16fuyLhzb+lReeHGiaKMgctTCysrK0v3b5zukdFz+Y52XkvDG5wBfWW2vDJ1rkdGz+lJLc62oAXo8FYePfpsYerygAx31nT4wcFeCPeIYk9P34krdxZkBLcMXJ8vy3Dmrg30lG7MLcmQe5dmr53oGbg2V5bhfDZ7ZeCEjOu3rp/ouXiHAA0AADKDAI2M045sUTkKXZAADaQeARoA2ioI0LXc2cp6wnJ9gL44Hf7CwPtXeooyzk3ZjY8e3pdx5+6Cnk5saXjjAF0uP5yUUerpKd10m7IFgzOg3RWpZVSuwjx7xe+LX7Dy4J+Ft+KPq+qWhRtDRVm5X//K1LniYOiKH2L2Z8WeK/dlyM8L46cGR+7LcD/fOCE/hE+dBgAAeIYRoJFx2pEtKkehCxKggdQjQANAW7mw7EJt3ZcQVnprfYC26BtYuHlWxgfFng//8dzlscn7Dx/JsPsqabiVAO0t3Sz19JybWq4N0OXlWRnXz+klOCqqA3TVVurP7Ha3nJpYkqHdvIHh2Wa7CgAAkBEEaGScdmSLylHoggRoIPUI0ADQVkGAbl5dNwzQ5tHKg9nJGxdLH/b0yDjxiTtlWDRKw2vqA3S5vCD703PxztRwUUYQoO9fGyjKODF8Z8nW2+gM6AgB2i187qa7+EaVz8oyAAAAsowAjYzTjmxROQpdkAANpB4BGgDa6rED9MLUtWsTMqw3l8uPps7JWDcNr2kUoMvlT2+cKB47drQowwK0+z7DUzLWvsbw7mUZjxGglyZPF48Nz8per52tDQAAAAI0Mk87skXlKHRBAjSQegRoAGirxw7Qj+5fGSjKODHsv+nPf9Vf+OsB748ck1E8cf2+v6xHjcYB2i01YNfE0AD96M7lnqIM/ZLBpbmJcwNFGcXiuSl/qenoAbr8aFb2euDcxH0Z/lsI79848+HZWysy9NEAAADZRIBGxmlHtqgchS5IgAZSjwANAG312AFa+KszXzsz8IELxh+cOHdDxv1KxX04JePiYE+xWJr0qwhrFqArXdsCtNzwYELGxRNuIx+cuDgxdV3GqeLgjU/dvTECtFi5e/3ciQ9kuB3vO3FuzO01+RkAAGQcARoZpx3ZonIUuiABGkg9AjQAAAAAAMkhQCPjtCNbVI5CFyRAA6lHgAYAAAAAIDkEaGScdmSLylHoggRoIPUI0AAAAAAAJIcAjYzTjmxROQpdkAANpB4BGgAAAACA5BCgkXHakS0qR6ELEqCB1CNAAwAAAACQHAI0Mk47skXlKHRBAjSQegRoAAAAAACSQ4BGxmlHtqgchS5IgAZSjwANAAAAAEByCNDIOO3IFpWj0AUJ0EDqEaABAAAAAEgOARoZpx3ZonIUuiABGkg9AjQAAAAAAMkhQCPjtCNbVI5CFyRAA6lHgAYAAAAAIDkEaGScdmSLylHoggRoIPUI0AAAAAAAJIcAjYzTjmxROQpdkAANpB4BGgAAAACA5BCgkXHakS0qR6ELEqCB1CNAAwAAAACQHAI0Mk47skXlKHRBAjSQegRoAAAAAACSQ4BGxmlHtqgchS5IgAZSjwANAAAAAEByCNDIOO3IFpWj0AUJ0EDqEaABAAAAAEgOARoZpx3ZonIUuiABGkg9AjQAAAAAAMkhQCPjtCNbVI5CFyRAA6lHgAYAAAAAIDkEaGScdmSLylHoggRoIPUI0AAAAAAAJIcAjYzTjmxROQpdkAANpB4BGgAAAACA5BCgkXHakS0qR6ELEqCB1CNAAwAAAACQHAI0Mk47skXlKHRBAjSQegRoAEjc0nSpuGfH17fIeC7nPb+l87u7ZOzvH5uzBzU1d61fxr5Xtr7wesluqjc96B7QoWvPdXxx6843B6dXyzJqzV3tfm3HluftkbIn217ZV+LvAQAAgMQQoJFx2pEtKkehCxKggdQjQANAouYGdnd25J7bunNvsV/G4MWxuemrpcHB7gO7ZGx7PtfRuat/3B5cZWGsVNyz/YtBVBavNQjQSxf3ydgqj3p+2643u/q798vY/crW53K5jm93yRizB5bLt7pl7Hhe7nhh+6v7urq7ZOx7dZtr4h3bu8bLMgAAANB2BGhknHZki8pR6IIEaCD1CNAAkJCx4nYZHR2du/un7aYG5i78eGvH8zv7Z8syAvL46a6XXRh+4Vt7ut7bK2Nb4wA9tn9rTkauY2d39UbGCu5WGbsHl/wNS4M/6JCRy23Ze9HfEFga2OUe91pJht0EAACA9iFAI+O0I1tUjkIXJEADqUeABoAkLJ3bsyW3Rcae09p/17FUem1Lx6uDMoKHzrkwPVAaW/C/3eqS0ThAz/XvzOVk5NaWDZzeIzeLbUUt0yX53d30clddDi/t9rc3ugsAAACPiwCNjNOObFE5Cl2QAA2kHgEaABLgTkx+8bWSjEoXXrrWJWOXuzaGu0bzruJVGXbvbPeO3FYZ+0f192rrBOjmlgZ2yRJi5wf+KtNL0xcGB2UMXqu/6LQP0K8ONqjYAAAAeGwEaGScdmSLylHoggRoIPUI0ACQAAI0AAAADAEaGacd2aJyFLogARpIPQI0ALTfxb0v5nZ0z5ZlqKVzezs7OmRsfb3/6vT01fd2vZjbJiP43r+5/ldyMoLLZVSLFqCXZMxd7Nr5Uq6jc5+MC3Z7U/4a0O5S0cHVogEAANBOBGhknHZki8pR6IIEaCD1CNAA0HYXfvyiXk85yMn+hOgflmRY4nUXaN4mo+uW/l4eO7hNRuPE3GKADi76rLa82j+9WpaxgfGu7R25jm+7rzDkAtAAAABJIEAj47QjW1SOQhckQAOpR4AGgLZyIbfr5VxnYcxuEKf3dOQ694+W166wcWp3LudGpShPF7fJaPw1gC0G6Nmrg4OD/cV9MnZ/r7Mjl9vy/X4Zof2otlCSseelXO753YP6bYcAAABIAAEaGacd2aJyFLogARpIPQI0ALRVScaeXG77e2sl2Z0Q/ZW9F+QHu8Hl5lxOHrWnnQG62lhxe0cuJ2NHd/1Fn8vlhav7v90hI9exPbgMCAAAABJBgEbGaUe2qByFLkiABlKPAA0AbWUBes9p+71cXhp8NVd9RY7yWKFTbgnnZgvQr/Q3qMWxArRsdlcu576IsMFXC451+fQsY/81rvsMAACQLAI0Mk47skXlKHRBAjSQegRoAGgrC9C7Biph112RoyZAl37obgkH6NJrHTJe/HGjrwxcJ0D722U0WLBpgB7r//6WXEfnntNLMuw2AAAAJIYAjYzTjmxROQpdkAANpB4BGgDaakzG/q/nth1cu/ayy81f3+/u0N9n+3d2VAfohcFdHS/K2HtRf6+23hnQF/Z+JScj95XdperrOE93u43I2FasVO4lGaXXtuRyW0jPAAAATwwBGhmnHdmichS6IAEaSD0CNAC0lYu87pob/rxjrbxzLjh3bH29W8Zg//5dnZ07v79Nr4DRdW1ubvrC/m93dLw6KKNxFV73EhxLp/fI2CL3Pr9t15td/f1u7Ht123O5XMc39su4GjzwwutbZMgDt77WPdjEhVuEaQAAgDYjQCPjtCNbVI5CFyRAA6lHgAaAtlsa3N2R29E9W5ahN1x4c/sLHTkZHV/cvvfUnLsOxqtbZTznwvGWHW+U5KZG3xXotXAN6Lnh7j3f7ZT1q+de2rbzzcHp1bKMgLsSiLsYyLpCp0sDAACgPQjQyDjtyBaVo9AFCdBA6hGgASABF/a+lHvxhyUZnFEMAACQcQRoZJx2ZIvKUeiCBGgg9QjQAJCIi/s6OzpkbP3xhaanNgMAACADCNDIOO3IFpWj0AUJ0EDqEaABIBEEaAAAAHgEaGScdmSLylHoggRoIPUI0ACQkKVr+2XseN5d93lPsb90bVqG+wfU+IXB7n07v7FXRtOLOgMAAOBZQYBGxvmMTIAGMowADQDJWp270L1358vuGwLtSwI7Xuh8eefe7qsyODkaAADgmUeARsZpR7aoHIUuSIAGUo8ADQAAAABAcgjQyDjtyBaVo9AFCdBA6hGgAQAAAABIDgEaGacd2aJyFLogARpIPQI0AAAAAADJIUAj47QjW1SOQhckQAOpR4AGAAAAACA5BGhknHZki8pR6IIEaCD1CNAAAAAAACSHAI2M045sUTkKXZAADaQeARoAAAAAgOQQoJFx2pEtKkehCxKggdQjQANAG40CAADgmWP/1IuLAI2M045sUTkKXZAADaQeARoAAAAAgOQQoJFx2pEtKkehCxKggdQjQAMAAAAAkBwCNDJOO7JF5Sh0QQI0kHoEaAAAAAAAkkOARsZpR7aoHIUuSIAGUo8ADQAAAABAcgjQyDjtyBaVo9AFCdBA6hGgAQAAAABIDgEaGacd2aJyFLogARpIPQI0AAAAAADJIUAj47QjW1SOQhckQAOpR4AGAAAAACA5BGhknHZki8pR6IIEaCD1CNAAAAAAACSHAI2M045sUTkKXZAADaQeARoAAAAAgOQQoJFx2pEtKkehCxKggdQjQAMAAAAAkBwCNDJOO7JF5Sh0QQI0kHoEaAAAAAAAkkOARsZpR7aoHIUuSIAGUo8ADQAAAABAcgjQyDjtyBaVo9AFCdBA6hGgAQAAAABIDgEaGacd2aJyFLogARpIPQI0AAAAAADJIUAj47QjW1SOQhckQAOpR4AGAAAAACA5BGhknHZki8pR6IIEaCD1CNAAAAAAACSHAI2M045sUTkKXZAADaQeARoAAAAAgOQQoJFx2pEtKkehCxKggdQjQAMAAAAAkBwCNDJOO7JF5Sh0QQI0kHoEaAAAAAAAkkOARsZpR7aoHIUuSIAGUo8ADQAAAABAcgjQyDjtyBaVo9AFCdBA6hGgAQAAAABIDgEaGacd2aJyFLogARpIPQI0AAAAAADJIUAj47QjW1SOQhckQAOpR4AGAAAAACA5BGhknHZki8pR6IIEaCD1CNAAAAAAACSHAI2M045sUTkKXZAADaQeARoAAAAAgOQQoJFx2pEtKkehCxKggdQjQAMAAAAAkBwCNDJOO7JF5Sh0QQI0kHoEaAAAAAAAkkOARsZpR7aoHIUuSIAGUo8ADQAAAABAcgjQyDjtyBaVo9AFCdBA6hGgAQAAAABIDgEaGacd2aJyFLogARpIPQI0AAAAAADJIUAj47QjW1SOQhckQAOpR4AGAAAAACA5BGhknHZki8pR6IIEaCD1CNAAAAAAACSHAI2M045sUTkKXZAADaQeARoAAAAAgOQQoJFx2pEtKkehCxKggdQjQAMAAAAAkBwCNDJOO7JF5Sh0QQI0kHoEaAAAAAAAkkOARsZpR7aoHIUuSIAGUo8ADQAAAABAcgjQyDjtyBaVo9AFCdBA6hGgAQAAAABIDgEaGacd2aJyFLogARpIPQI0AAAAAADJIUAj47QjW1SOQhckQAOpR4AGgLZakjHxUbE4/DTeWmevFIs9Mko3ZTeqLE2cKhbl3itP7x3fTYuMp7gHAAAATwUBGhmnHdmichS6IAEaSD0CNAC0VbIB2nXkjyZk1AZm5QK013NuatluU083QD96JP9TFaD9LQAAAJlAgEbGaUe2qByFLkiABlKPAA0AbUWAboAADQAAsowAjYzTjmxROQpdkAANpB4BGgDa6qkH6GMyjh0t9ly886hcrmTepxagH07IOFX8YODM2dLRQRnnLp870VccGLlvDwAAAHjWEaCRcdqRLSpHoQsSoIHUI0ADQFu1EKBXHkxcPPFhT1FGsdjzYenabNXZyiv3PzkrY6DP3/uPFycePJIROr3ZNGjJ7iGnZExM3zhRPHb57iMZek9dgHY74faj3+9Ef+na3RUZep/P3NdlTI65WFwsfiDjxMWphX9amKrsec+HJ4bv2AJqYepKyd/jVnjC7bfdUS7/06OFu1dOFIsyPjw38WB57R4AAIBnHgEaGacd2aJyFLogARpIPQI0ALTVhgF64caJ4sDlqYWVRzIefbYwdXmgeOLGgtyhd4+5u/URKytL92+Uenouy3DnM1saXv8MaB+gH5bvjwwUB67IuF9ZMBSgw1t59OiR7oTbj08rD3YZuXTj/pLsxNwNGaWeYk/P4LkJf4u/Ufbs3FSQoJenzvXYTjsPJs8N9Jy7XQnUCxOnP7h4c9KNHtsKAABARhCgkXHakS0qR6ELEqCB1CNAA0BbbXwG9KOVlUf/ZD87rhq7LqwL3L/SUzw/JcNOEn60dP/OrIwF33JbD9DlR/evDBRlaIKuCdDlz1ZWPivLCPidCO52Dz45IUObuJodLlbf8ujOxWLPFbuSxv2RY0V/0Y+KhfFTxdOTbjrkoXevDPpWLePR9MUPzk5WyjQAAMAzjwCNjNOObFE5Cl2QAA2kHgEaANpq4wBdXp69fq5yCQ61FqDLC5Nn+4oyevpPnPvZjcm5pUfl6ks5txigZal7V2QMFAeuzdUF6PLK7CfnZOglOCrWAnTdVlyArr/FHaY75MnTtoYq/vGNdxUAACAzCNDIOO3IFpWj0AUJ0EDqEaABoK1ccV03QN+/NlA8MXxn6VHZpWVRfQa055rzyoPZybGLpf6enn+8LmPtShotB2hdz+zPjhVP3LgzXhWg3QU6TlyRcedhaCceI0DLIQ+MzNr1N9boygEAADKNAI2M045sUTkKXZAADaQeARoA2mqjAP1w4tRaIPbuXg4F6IWpkWsTc49k+PvK5c+mzhWLMtZJw2tqA7T32Z2LPcVjR49VFeaP5EFLMvwjxKzshO1Hk600D9COu3JIs70CAADINgI0Mk47skXlKHRBAjSQegRoAGirJQvQl6fsJOAKvebyozuXe+wrBmUszU2cGygWi+4Cyf77/PyVm/XcZP99fjVfD7hy+1yx56KMqaXqC0mrhgHaL+UvtFEJ0LYTth9L9yfOu50Q+rWBMQJ0eWGi1NOje207/rPBEyPuvG3OggYAABlHgEbGaUe2qByFLkiABlKPAA0AbRUE6HrDs5prHz2YuHjiA73tgxMXJ6aunyoO3vi0rInZXZ352lkZA336gHM37q3I0PvKj+5f/+gDGcViz5V7dtuaJgFadmnydE8oQJfLn7mdsP3o8zvxUVHG4A33LYNxArQ7rskrJXddaxe7ez4sDU8t1CdyAACA7CFAI+O0I1tUjkIXJEADqUeABgAAAAAgOQRoZJx2ZIvKUeiCBGgg9QjQAAAAAAAkhwCNjNOObFE5Cl2QAA2kHgEaAAAAAIDkEKCRcdqRLSpHoQsSoIHUI0ADAAAAAJAcAjQyTjuyReUodEECNJB6BGgAAAAAAJJDgEbGaUe2qByFLkiABlKPAA0AAAAAQHII0Mg47cgWlaPQBQnQQOoRoAEAAAAASA4BGhmnHdmichS6IAEaSD0CNAAAAAAAySFAI+O0I1tUjkIXJEADqUeABgAAAAAgOQRoZJx2ZIvKUeiCBGgg9QjQAAAAAAAkhwCNjNOObFE5Cl2QAA2kHgEaAAAAAIDkEKCRcdqRLSpHoQsSoIHUI0ADAAAAAJAcAjQyTjuyReUodEECNJB6BGgAAAAAAJJDgEbGaUe2qByFLkiABlKPAA0AAAAAQHII0Mg47cgWlaPQBQnQQOoRoAEAAAAASA4BGhmnHdmichS6IAEaSD0CNAAAAAAAySFAI+O0I1tUjkIXJEADqUeABgAAAAAgOQRoZJx2ZIvKUeiCBGgg9QjQAAAAAAAkhwCNjNOObFE5Cl2QAA2kHgEaAAAAAIDkEKCRcdqRLSpHoQsSoIHUI0ADAAAAAJAcAjQyTjuyReUodEECNJB6BGgAAAAAAJJDgEbGaUe2qByFLkiABlKPAA0AiVuaLhX37Pj6FhnP5bznt3R+d5eM/f1jc/agpuau9cvY98rWF14v2U31pgfdAzp07bmOL3bueK376kJZRq25q92v7djyvD1S9sQ9csOdAAAAQFwEaGScdmSLylHoggRoIPUI0ACQqLmB3Z0duee27txb7JcxeHFsbvpqaXCw+8AuGduez3V07uoftwdXWRgrFfds/2IQlcVrDQL00rm9MmQTuee37vzh/u5uN3Z/z92Qe2mPjFKlQd/ql7HzpZxscoc8sr9Lxr5Xt7ts7R+29kgAAAC0DwEaGacd2aJyFLogARpIPQI0ACRkrLhdRkdH5+7+abupgbkLP97a8fzO/tmyjIA8frrr5Vwu1/HCt/Z0vbdXxrbGAXps/9acjFzHzu7qjYwV5FZnW1HvWBr8QYeMXG7L3ov+hsDSwC65deuBMRl2EwAAANqHAI2M045sUTkKXZAADaQeARoAkrB0bs+W3BYZe04v2U1NLZVe29Lx6qCM4KFzLkwPlMb0lORbXTIaB2h/u4yO+rvG7a5gqQt7v5KTkfv6/trMHKy84RnWAAAAeEwEaGScdmSLylHoggRoIPUI0ACQAHdi8ouvlWRU8vPStS4Zu7a6q0B3fHHrruJVGXbvbPeO3FYZ+0f192rrBOjZq4PehVt1mTsI0J2Fjc5rHt3fmcu9+OMLMuwWAAAAtA8BGhmnHdmichS6IAEaSD0CNAC038W9L+Z2dM+WZSh/meYOGVtf7786PX31vV0v5rbJ6LKrP8/1v5KTEVwuo9o6Abo5fwkONxpH7cDS+OCeb3Tkaq8BAgAAgLYhQCPjtCNbVI5CFyRAA6lHgAaAtrvw4xdzL3e5CznbDf6E6B+WZNiJyqf3+LOTt3Xd0t/LYwe3yWicmKMH6KXTe7bkcltevyCj7tTo4JobgRe+te/CnN0DAACAtiNAI+O0I1tUjkIXJEADqUeABoC2I0ADAACgggCNjNOObFE5Cl2QAA2kHgEaANrKZeeul6uvvHx6T0euc/9oee1qGKd253JuVIrydHGbDM3WtSIF6PEuGds7ch3b3JcNNr7889L0hcHBwe79Mva+uu25XK7jG3svLJRlAAAAoO0I0Mg47cgWlaPQBQnQQOoRoAGgrUoy9uRy299bK8nuhOiv7L0gP9gNLjfncvKoPW0O0LODu1/Kyci9tKfUck3W06VffOOCDLsJAAAA7UOARsZpR7aoHIUuSIAGUo8ADQBtZQF6z2n7vVxeGnw1V31FjvJYoVNuCedmC9Cv9De4GEaLAXqhtMel590yBqO9r4/t/3ou9/X9MhqfMQ0AAIDHQIBGxmlHtqgchS5IgAZSjwANAG1lAXrXQOXay+6KHDUBuvRDd0s4QJde65Dx4o8bnYPcSoBeuLD3Gx2553d0j5dlNOKzuKykQeMmQAMAACSIAI2M045sUTkKXZAADaQeARoA2spdeHn/13PbDq61XJebfdu1m2b7d3ZUB+iFwV0dL8rYe1F/r7ZBgHYr7vp2R65je1fj9Kzmur+bk+G++bDmYRf3bsnlOl4rybBbAAAA0D4EaGScdmSLylHoggRoIPUI0ADQVkt2zY1XB91P/qY5F5w7tr7eLWOwf/+uzs6d39+W69jukvG1ubnpC/u/3dHx6qCMylnTVdYL0NPd3+6Qkcu9sKMw2MxVfZsPvp8w19G544f7uwe7Zez/4Y5OueWlXYOz5YgX7gAAAEBLCNDIOO3IFpWj0AUJ0EDqEaABoO2WBnd35HZ0z5Zl6A0X3tz+QkdORscXt+89NVcuj/W/ulXGc7lc7vktO94oyU0Nrv6s1gvQwYU11hW6IHW5PD2475VtW563uzq+2Lnjte6rTbcNAACAx0WARsZpR7aoHIUuSIAGUo8ADQAJuLD3pdyLPyzJaHxSMwAAADKDAI2M045sUTkKXZAADaQeARoAEnFxX2dHh4ytP77A6cUAAABZRoBGxmlHtqgchS5IgAZSjwANAAlZurZfxo7n3WU39hT7S9emZbh/QI1fGOzet/Mbe2XwrX8AAADPPAI0Ms5nZAI0kGEEaABI1urche69O1/u1GtA++suv9D58s693VdlcHI0AADAM48AjYzTjmxROQpdkAANpB4BGgCSRYAGAADINgI0Mk47skXlKHRBAjSQegRoAAAAAACSQ4BGxmlHtqgchS5IgAZSjwANAAAAAEByCNDIOO3IFpWj0AUJ0EDqEaABAAAAAEgOARoZpx3ZonIUuiABGkg9AjQAAAAAAMkhQCPjtCNbVI5CFyRAA6lHgAYAAAAAIDkEaGScdmSLylHoggRoIPUI0AAAAAAAJIcAjYzTjmxROQpdkAANpB4BGgDaaBQAAADPHPunXlwEaGScdmSLylHoggRoIPUI0AAAAAAAJIcAjYzTjmxROQpdkAANpB4BGgAAAACA5BCgkXHakS0qR6ELEqCB1CNAAwAAAACQHAI0Mk47skXlKHRBAjSQegRoAAAAAACSQ4BGxmlHtqgchS5IgAZSjwANAAAAAEByCNDIOO3IFpWj0AUJ0EDqEaABAAAAAEgOARoZpx3ZonIUuiABGkg9AjQAAAAAAMkhQCPjtCNbVI5CFyRAA6lHgAYAAAAAIDkEaGScdmSLylHoggRoIPUI0AAAAAAAJIcAjYzTjmxROQpdkAANpB4BGgAAAACA5BCgkXHakS0qR6ELEqCB1CNAAwAAAACQHAI0Mk47skXlKHRBAjSQegRoAAAAAACSQ4BGxmlHtqgchS5IgAZSjwANAAAAAEByCNDIOO3IFpWj0AUJ0EDqEaABAAAAAEgOARoZpx3ZonIUuiABGkg9AjQAAAAAAMkhQCPjtCNbVI5CFyRAA6lHgAYAAAAAIDkEaGScdmSLylHoggRoIPUI0AAAAAAAJIcAjYzTjmxROQpdkAANpB4BGgAAAACA5BCgkXHakS0qR6ELEqCB1CNAAwAAAACQHAI0Mk47skXlKHRBAjSQegRoAAAAAACSQ4BGxmlHtqgchS5IgAZSjwANAAAAAEByCNDIOO3IFpWj0AUJ0EDqEaABAAAAAEgOARoZpx3ZonIUuiABGkg9AjQAAAAAAMkhQCPjtCNbVI5CFyRAA6lHgAYAAAAAIDkEaGScdmSLylHoggRoIPUI0AAAAAAAJIcAjYzTjmxROQpdkAANpB4BGgAAAACA5BCgkXHakS0qR6ELEqCB1CNAAwAAAACQHAI0Mk47skXlKHRBAjSQegRoAAAAAACSQ4BGxmlHtqgchS5IgAZSjwANAAAAAEByCNDIOO3IFpWj0AUJ0EDqEaABAAAAAEgOARoZpx3ZonIUuiABGkg9AjQAAAAAAMkhQCPjtCNbVI5CFyRAA6lHgAYAAAAAIDkEaGScdmSLylHoggRoIPUI0AAAAAAAJIcAjYzTjmxROQpdkAANpB4BGgAAAACA5BCgkXHakS0qR6ELEqCB1CNAAwAAAACQHAI0Mk47skXlKHRBAjSQegRoAAAAAACSQ4BGxmlHtqgchS5IgAZSjwANAAAAAEByCNDIOO3IFpWj0AUJ0EDqEaABAAAAAEgOARoZpx3ZonIUuiABGkg9AjQAAAAAAMkhQCPjtCNbVI5CFyRAA6lHgAYAAAAAIDkEaGScdmSLylHoggRoIPUI0AAAAAAAJIcAjYzTjmxROQpdkAANpB4BGgCQIosjffkPR2Qs2g2NLd85P3Rl3n5BZIsjH+b7RhZl2A2osjx+5uT4g7IMAABaQYBGxmlHtqgchS5IgAZSjwANAEgRAvQTQYBeHwEaABANARoZpx3ZonIUuiABGkg9AjQAJGV1UkapkO99pkro1Nl8XkYDG0XhuJanrgy78dD9smGAXr1zVsbhQ2enVuyWTWzK5nPafn+aHk4NX3Fj2f2SzgD9qbw4+kY+td+S9WDk6JGzMtLwMgMAPH0EaGScdmSLylHoggRoIPUI0ACQkOWxIRn5QqHw0/MzdlsaBBWvScizAN03fG+51qo9pL2Wx4cKBTfGXRrdKEDPnD/U5cZd+31z20QBunaaN2GA/nRkg8T8JAN0uTw/3CujcGoymdc9AOCZQoBGxmlHtqgchS5IgAZSjwANAMlYHh3Iy+gbHi4V0tJDvRYD9FNKk+sH6OXR4/neYRkpOed8M50BXYUA3QL/f+JwUl5tc3YDAADNEKCRcdqRLSpHoQsSoIHUI0ADQCJcCzsuY/RheepMoXBmym4PrN4fkXHy/YOFfD7/Tu/JkXsywqdSLt8+f/zQAbmz8O5RGedv+0sjOPLD8syVod533J0H3z8pY+R+sGjDSDftIqeLne4XVzxLYzOXjh6UoVs/e9NWPnVGfg+p220Lps0DtKzBreT0yOQZv/bCQRlHL82srsxcGjgswx3SO4eHrriDrRzv4qQ7WD1enY3QvbZFrbTrBujl8cF837V5GXaDnwoZl0Yv9cl0nZmyI3o0P+53T/ew99TIPXchBbfNyVP5rguhE9bvnu/yT2LAHmCPWb43cqrX1uOO87xeJ8Tz83xt/OSRggzb4RX3eBl+EuQwL8kYWjdAL98ZHvIPP3DouIzQy8A/WcE864FsNM+yuyd73y3IcLvrX1RrK/QvEhl+guoC9INRea0GL9fDx8+5K3Ws7UqV5ZlLx2UcDl6f8uJce336l27w6j1weMDNmE1a8GQNT46e9IdcePe4jGG/bAuvTFuDLq5rOHBoSBcP2B+c8NYD9nzpUxa8wNxRhve2ehE3tfJ6OJKW/94BAHh6CNDIOO3IFpWj0AUJ0EDqEaABIAnzV3rzA6MyXKS7e76rUJpcLa/93+o/GDlaOCxjaGRmcXl58e7w0ULBjeuueq1On5VxuNB7dnJ+eXl5frwk43D+8Nk7LnjNfHxYRv5QafyB3Lk4M3xUhiw6ot+H1lqAzr9zfPjuogy3hst9eX/hBX/tBat4sniTM0lbC9D5w6Xx8M4XCu+4w6kckRzOpdmyDOEulF04qvuzurq67GdD5stNmV+lbrGFAD1V8g9b67nuWPIyCkdKI5OTk/eXZZRdpy4c/sjtn9ub5XujQ4cLg+7o3RgbynevBcX54SNyMENjOjVi6qw/n92f0j4/3Jv361mVsboyP/7RYT352i9u83xpfFLG5J3FVRcrC/LEBc/d/OTHvTIKwaHVuntexmE/M/LoxenzMnoLhytn04fn2a1uo3l2r0m/aRkyz/7eXrfHegLvOgHanqEZGW5XHoyXDrkrmze8uLluJfz6lCfTP5/u3pkLhwvHhmX4FS1OXegtHDovw+X80JOl8zN+qktG/tCle27RJq/tML+GwvtnJx8sy9A1hJ4R27psOrx12bT/jwn2fOlT5p8v9/jKIvr4yiIV89f68sdGG/9hAAAgQIBGxmlHtqgchS5IgAZSjwANAAmYH+7OHx9dluF/nTn/0/zJm6sy/K/lmY8L+aFxGfZ7ubw4OiTjyKnxZfnxWF7GkcuW3dTMhSO9l2fclXrzXTJC1/SQdazKrXaSdWsBurInjltn4eydsgwnWHz9AF3HtmgB+rTflLOoNTN0i3Dzc/T6ogb38upy9fWja06/bTlA1++5u+WIjKqLJLiTmk9WXbj3gTzs6Ohi2XVEt4heB9l1y+HuI+cvnMz76/y6JeaGjxQqM+l2fPWR/0mtP8+Lo0f9Exd67txjK4dWzZ3NLaPm7Nqp0/nCx9Y/q+dZbDTPK8vLVd+YVzWx6wVot+dHLt0vy1DL9ycn7y7KsN9Dal/bq4szk1My5l3dl1eaey5CT8dUKV+Q4V579U+WT/Bd/qlxWgrQ1c+1O6jgP64EWw9xWw9e+fZ8rT1l/vHVi7jny/Y2sHrzpNwQTtIAANQjQCPjtCNbVI5CFyRAA6lHgAaA9nPVLHROcbk8c65r7YRorXvhK0VUsSxYum2/V3FBrSQjXBmFZlmX6VoL0NXF026xG4PFm2Q+2736LyHUbmcBeu0KCbJTPoxWXTOhJjGv3hs9u3YJDi90r21Rdy96gHZXdQgfy+L1o7aNKpUFXbR1FXJuWEbvT8/PuBDpgrUMt/VKjBYPpy4NVi7BoZrPs3sWbD0B99jah5mZs4W8jAaCmayeZ7HhPC9PXRqqXIKjwra+ToAur059fKSQPyDj8MDJSyOT99YuQ1Hnwejxd/IyCu/2Dp0eHr3rTiW2I77T+ICE24f6J6vmxdxSgK6+1x1U8Mw22bps2s9A9Z8C4R/fbJE1wR8uAADWQYBGxmlHtqgchS5IgAZSjwANAG3ncnMDx2X4qwn7upf2AN2oAIsYAXp5bKjw06GRu8sy6u+tbFF3rw0BWm577/yUZfM1lU46P3ykcGZqfqRPhr/Ws7tkR2lyWcbkqfDlOGbOH8r3nplcXC27yCrWn2f/3AX3Kvdb7cOMHfXQdXf1hyrBWcxRA/TMhcP53rOTn67K8PdWTazuvAy/fM1T4K3My5gZHzk/2Hsgf3hofFGG3VXLzeXy/anRKyePvlsovH9Jxozc5jYxNPrpsowa7kTy+iervQE62HoN2bQ/jd2eiLXnwj++2SJrbrtTojkDGgCwPgI0Mk47skXlKHRBAjSQegRoAGin1Um9YO7JsZpuOHOpOy9DL5vrLlNwalLPpVXL08Myzl+ZWrsER/W1F+bHzp8fm/eXBWjtEhx6SWjl26KLne6X+uJZnd6Citck81m1rEqTITECdF1Infd7ED1AN74GdG2A9me2No+Y4u75ru6TJz/skqHzvDx6vHD6rIxSIbRgfe687bbfdJ79c9fyJTjsZdB1ZqryIqkRMUDbz3aP46ZLZ8zxLxLd/+oFy6t3Rs5fmnSrcHc59y4fafIszI9fOD9yd1WG3bAiR+06rtuKvwjJ2elVGXZvWP2T1d4AHWzd7qpV/adA+Mevu4jDNaABAK0gQCPjtCNbVI5CFyRAA6lHgAaANlqdLPn+HHx/Xsj8lV73/Wz+K9HWvoRw1F3IYvHuyNChgoyaLyE8P+0q9vzkWRm9hSZfQjgyJONw5UsI3RequUtOr33J3oPJs+8XNCz6tlhfPKvTm+ukLqC7hl51yWDlH5xvcAkOvQhHjADtpiX4EkJ3uP57+bouzPizj4VtUXdv3QDtrptcdWp5fdN05keOFUJfVee+rO9I7/mZ1bI7S9eZ8hdfOCvDdvrhqDt9PZ+3p0+5Z3ptnv2TKI+oXHqlfp6jfQmhvQzy9k2V8lS7r/QbOBhcWDxqgF6d/MhtXTbttu5eOIf9ifnBOd3NA3T509Gjha6hazMydE+GZQI/mpRR9zJ3r89871l3qnUwt6GvOlydOiMv3SEZI/rNineHj797XIb7vwzYMEAvj1denI1emRsF6GDrsunw1mXT/v8uofpPgeMeX1lEH19ZRB8gY/JU7X8rAgCgHgEaGacd2aJyFLogARpIPQI0ALTP8uhAXkajMOe+v85dUzg4eXn1/oiMk++7qwcX3u09OXJPRnip5dvn9ZrIBw4dl3H+duXKD/LD8syVod535M7CwfdPyhi5X7XB1buXjgbX+ZVlL41e6ms9QJdXZy73yYZlVL7vLsRycAM+CscI0HI4U+eO2pWUCwePnpsaPZ0PnSFuW9TdWzdAu1OVq+5tHKDL5ZV7o2eCLbpNnh0PnzDuq2J1YHU7LKMmNbpnsNeuW31AnsNxmefKl+zVz3O5/Gh+9FSvDLfMO7LAqIzz3XUPC1m+fWlIN/FOr4yhKzOV10HEAO2OesRvOtj6+KUP8zLsoNYJ0Hqk7x/Ul6ubsDPj84/KMhqRZ/O4jMPu9SnTMjR8Z1mG3emvQ+0uRV1/74YB2gdffXE2emVuGKCFvwr2O/nw1vWOyvNV/Vy4P2vhva1axP7PHbStAwCwHgI0Mk47skXlKHRBAjSQegRoAMAzZOb8oS431i5zASRicaRPRiF0IR0AAJohQCPjtCNbVI5CFyRAA6lHgAYAPEMI0HhCCNAAgNYRoJFx2pEtKkehCxKggdQjQAMAnil3z8s4fOjsVMPLBANt8WDk6JGzMniZAQBaQYBGxmlHtqgchS5IgAZSjwANAHj2rN49f7LyVYRAmy2Pnzk5/qBcfelwAACaIkAj47QjW1SOQhckQAOpR4AGAAAAACA5BGhknHZki8pR6IIEaCD1CNAAAAAAACSHAI2M045sUTkKXZAADaQeARoAAAAAgOQQoJFx2pEtKkehCxKggdQjQAMAAAAAkBwCNDJOO7JF5Sh0QQI0kHoEaAAAAAAAkkOARsZpR7aoHIUuSIAGUo8ADQAAAABAcgjQyDjtyBaVo9AFCdBA6hGgAQAAAABIDgEaGacd2aJyFLogARpIPQI0AAAAAADJIUAj47QjW1SOQhckQAOpR4AGAAAAACA5BGhknHZki8pR6IIEaCD1CNAAAAAAACSHAI2M045sUTkKXZAADaQeARoAAAAAgOQQoJFx2pEtKkehCxKggdQjQAMAAAAAkBwCNDJOO7JF5Sh0QQI0kHoEaAAAAAAAkkOARsZpR7aoHIUuSIAGUo8ADQAAAABAcgjQyDjtyBaVo9AFCdBA6hGgAQAAAABIDgEaGacd2aJyFLogARpIPQI0AAAAAADJIUAj47QjW1SOQhckQAOpR4AGAAAAACA5BGhknHZki8pR6IIEaCD1CNAAAAAAACSHAI2M045sUTkKXZAADaQeARoAAAAAgOQQoJFx2pEtKkehCxKggdQjQAMAAAAAkBwCNDJOO7JF5Sh0QQI0kHoEaAAAAADAM2tlfvzj40d+WpDx1t+9VfjpkeMfj8+vlGU8MQRoZJx2ZIvKUeiCBGgg9QjQAAAAAIBnz+LIURkH3sw38OYBGUdHFu2hCSNAI+O0I1tUjkIXJEADqUeABgAAAAA8ewjQwCahHdmichS6IAEaSD0CNAC01bSMrpdzudyeUrksA0/aXL+MnR25ju/3z9lNUSxd2PNSLvfSvqvlsgzUKL0mr+1tXbfs1/Xc6tomj32NPwQAgKdjcfjIW/m8DPU3Pzkso/f93sM/+Ru7yXnryPCTaNAEaGScdmSLylHoggRoIPUI0ADQVhkL0HNXu1/bIWPL83LIudzzW7a9sk9Gab2/WJamT3ft+e6WHcVpGXZbc0u3Sl2v7ZDR+dJzfhu5517qlLHj1f39o40K82y/jJ3P557797ECdPnCvs6Ojm93uyfSbsEaAjQAIB2Wh4/8rTXm/FuHz95dtdu91btnD7+Vl+H87ZHhZbs9OQRoZJx2ZIvKUeiCBGgg9QjQANBWz1aAXnL/4FtaLcto4Fb3judzuY4XZGx/dV9Xd9e+V7c9l8u5TtyxvWvcHqWWZq/2v7lTxlZN1bnctuK0DLu7gTkZgz/s7Mg9t/WVvTK6+gcvjM9NXysNDnbL2O+21dH57/vHymUZeDII0ACAVJg/fdDX5QMyhhr+c2N6SIbcLQ6enrcbE0OARsb5jEyABjKMAA0AbfVMBejpokuIe06XZdRZGvxBRy63Ze/FsoyKpYFdMuSOjqryWNojK3Jp+rmtr+zrP7BTflk3QI91fbtDRkfn7v71GvWFvd/oeO77/TJineyMyAjQAIBUGO72afndkowmdVluni+96x/WPWy3JYYAjYzTjmxROQpdkAANpB4BGgDaKhSgF67K6Hp16wsd8mvHC9/aI6O/+rxgb6705s6tX+yQ4R73xa073yzJWCuqp/fIkLu2vzd2tXvPjpeek6GP3FW8ulQuyyhPD+797hZ/iQoXebd8d2/9RTCWxvtl7HtF9yf33EvbZMga1km36wZo35Rf7nIHbLcoF953B3cFxkr9V+eWyjIcfzjNA/TShde35F7aI6O0YDc1tVDa81KHjF0DumrhdqCyb2Fzw90y9thEdbzwjZ0y9p2qmYC64wpCqoyla127vuHmT5/Sra92j9WeG7401r9Pxk7/MPdcvLxLRtdw3TSvTg++sUNGp3/ec89v2fFat4yrdYc8N9y162W3z5Xdln2u222xpC8P9yjhV1i1Nn8gHa+XZMydsj1025ZHvuFfb3NXZay9Yr+xS0bXtcrEOhagr7mHrf/I2gB9ce+L8tAfDMqDwo8bO7BVhjww9AzWWXBXetnyfE6v9KJ/RmSH66eg8vyG58ruM+6Pp/sT2rGnNFvSPw7+KOxPjf+DM3e1uEv/PLq1BH/QAADpMTP091aW14/L1qn/fmhGlrHbEkGARsZpR7aoHIUuSIAGUo8ADQBt5bqlD9BbtrzUIeOFb+3a+8bevZVrU3xlT6kqZblTfXMdnTt+uF9Gd/f+3d/r7Mi5LKiXIXaCAN0hOnfsfmOvjL1v7NrmYlzH9tf3uCH3fG+3bGj3K1tluA29tOfCUlmGWjq9Z4vskyzQuWNvsX+wv2vv9zplyIa2vF55VK31AvTS9IXBwcFr9Q0wCNCvutTY2PoBenT/1tyLe04vybBbXLFcck3QH3JN7pzr3iEjt3V/cCGOxgF6un+nzcAXt+860N19YPeOzg4Zbg6L4Wt4NAnQL22RscVdbEQm341dL7tpri6qS6XX3BZkdH7PXTOkv7g32MqWPecqhyP88+7/a8G2mquX+CeuQp8497wf6Jahu62b2P5e5fjcLvhN29oqK6x6GeiBdMjrraPj+W273FHIa0ZXmNvyg727X8rJeO5lfcVutzLbsb07dL6zD9CyvHtY3SO37R+1hzk1Abo8tv/r8pjdMl+hV0YlB7vbG3P/jUFW5A5Nj05ftx3f7pIRfub0Kdbnt/IUyw3y/Iae4mCL7ihknfZs6p+73Eu7Zez9wZaczY8c4K7trkSHZxsAsPkRoIHNRTuyReUodEECNJB6BGgAaCvXLTVvbT84JsNuLpfHCltlyB27T9ktwt+ybX/1adFjB7fJkDVYkwsCdO7lqtxWnu3e4W51toU2JHRDuwaWgrNK5/pf7ez8+h4Zg2unxMpdS/3flwfubHYBi3XPgG4suATHOkFxgwB94Y0Xc9/tDp3funThjU4ZHR1b9/RfnZ6+2v3qizJy24LZmOuXsXPtuhCNAvRs/86OXG7rXhkX1mZAVqAheGuonDYJ0B3bZVRf2Hpsv5/mtaI627/r652drw3KWDv4hX4Z7pojr4Sm+dwe2WrnW1dl2C1rz3tu5wf6QLcL3d92N/SHT2ReKO3+Sk5G7it7L/gbgjl/cfdg1RO5dGr3i3JsB8ZkuN/1QL6yW0b1qeUX9sracrkXf1iSUdnzYLW5zsLaq8sH6NyW19zD1o7x2j4ZbjL8E2dqA7Q72Vlf1WuvDf8alqEdv47bSOk1OYgtof8a4egfkLU/I/rNk/4pDj2/wp7f0FNcCdAv7j5VtU73wlM187Mw6Gbh6+6/cKxNBABgUyNAA5uLdmSLylHoggRoIPUI0ADQVi4a+ry123VQu9ELOnJQXS9Y+Ks/U/hWl8a7F3/sA2PtghW6oV3aQKusf4pxiE/MoUv6aule13o9erxre0dOxtrp2w2tt3tuTqpu9ydEy6jkwtJrOZdB1/qy78jb3I55DQK0P8zq9FnhLw1hU+00CdA/LMnQGyrsehS3yuteE9mtyT1T4SDecAZWl2S4f2LbPgYLdrjriYfJg0KPm+t/JSdDC2k1fyyv9Fv7DopwOAorfyCd+0fLNacwVxaxW0KHXE1W73aj6j9m1C3rn0rXmiu5ee6DnVUduZYsW3KpPty11Vz/7q93ytj6lnvi5PmtPMV6/xp9ftee4kqArp3Vyos/HNw9/YP2THytKAA806ZOHy68mZcR35uFw6enbHVtRYBGxrl/uhKggSwjQANAWwXRsD5X1XTkSt1bh8a7DQK03NU4pdX0zbnRfhn7XtmmF9INCfXEc/s6v965NvxlcJ97qVNG5cZ958oyGtBLJTy/W0boPOtGGuZX5ebEldCK0msdua/vD9fV0g9zMkI52OY8WJubeLeBUPD12XR793S5URf3D/bF3N/ZJEA37bY1AXrOrgHtr9pcJRygly7oZSVkbH1lX/fpq9NNZmz6ve0u0H5x+55iv4wL40GdXuN22O1zMy932aajHUjoJbpxgHb8Wckvrn0jZd2y+jTlOnYHoXhp8NXwr3Vq/ktMc7JXlae4TjA/9h9F3D5U/oRWCQJ03cuyyZ9oAMCmcr3vLavIj+mtvuu2yjYiQCPjtCNbVI5CFyRAA6lHgAaAtppumquaBOgtP+gabEavsNyOAF25BvRzL+/p6h+8MK7/lpu7WpBdaNwTRYRLcCxc3e8uZu0uUlF9nYpG1gnQ7q5wRnQnRL/44wuhBBkExLWyKY92NwZrcxPvNmDB1+5tHhBrivPjBGi7ELOMba+5aR7zcyxjv6wiHKDF6vTgmztl+AtbC/uayu6ar/Ir+y/W+5a/xrI+8Pmar6kMAut399nLpsa5aRlupREOxIsYoCuvFlO3rHBX6/anPLuHLQ3ukp9eK8mwu2sEO9DgdVIleEnU/0FwgvkJXg9NH+xflqJuc+u/fgAAm8LM0AGfjw/KOHopBlnoqCwsDrgLcrQZARoZ5z95EKCBDCNAA0BbTTfNVc3OgG5W3yraEKD9tT627g99U5/x0fAxA7S/Aoavz/vr4mljtbsX4u4KHY5vlNWPdN9lJyN0i/zgpiK4dLKbeLeBUPCtnB7b8AxZ95WJbQnQ/moPWwtjMvzvyq3JPVM1ATpkaW7sQvfebc/n/BdLblk7iTjMX6Bj+trg/n8ffAuhXVS6JrA21/qBqIgBeqzQ6cpy5ez4hi/vykWfXystDe6WF816r65gBx7zDGh5fitPsT4XlT+hVfzLUtS9LJv8iQYAbCZBgD4iY72rPjclCw3LwoIADbSddmSLylHoggRoIPUI0ADQVtNNcxUBuqJ290LcXQRou70KAbo52avKU1yHAA0AmUCABjYz7cgWlaPQBQnQQOoRoAGgraab5qqajrw0qHU195W9G9S1xw/Q093b5fdG5dFHw8cJ0GP9398iI9fRued0a/VZ1OxemLsr9J2Kvj9WP9J6YvgWGXs6Klcf9r/KBkJB1h/I430JYQvddvo9N8110+UC/f6vV+/PxcHBwatzZfflfWuu7ZPhIu7rfmfmxmSUBgdL4zX7vNT//ZyMoLdakc/ldnSv//d5ywdiIgRodygbfwmhE3xlYsfuPT/s0Bd/89e/fyo7Gn0J4dKFrjf2ytj7gWv98vxWnmK9f030LyGse1kSoAEgBQjQwGamHdmichS6IAEaSD0CNAC0leuWLQXo8pKM0msvulsOVJ+XvDomo+vf7x7Ut+c2nAHtK95X9si4sOpvEONdMtw33MUP0HrJYzci1GdRu3sho/s7ZX/WriLtcnNnYUyG/j73wU49/7ey7NLALhkdax3fTbzbQPiM4Nl+t9jWfTKuVmagcu52bmvoaw8f4wzo026aX3z9ggz/uzN2cLsMuT28Pxd+7Iro7lNLMuwmcXFvVQ2f65ex0y9Y/fqY6/5uTkal9gb5NffiDwerQ+3c4Ou79l9bsjPT2xagc1teK7mXr91mey6vg6pS3DhA2/Pl1iI7/EZ1fPZneYe+ZtFtxP8ZqX2BjRVlSjtkWHGe7a88xaHnV9jzG3qKCdAA8GwiQAObmXZki8pR6IIEaCD1CNAA0FauW7YWoL2F0h5/QYXO7+2Wsb+7v+vNXXYpBv+Ffk4bAnT5wo9dHhQdX9y+6429u1/Z+lyuw43nXRpteoLzkvsH39JqWUadpQuvu3Vufa1bhn7dXY0Lt6qi4Zp1ArQ/K3zXQGXBuf7vd+Q6tsrY0z3Yf2BXZ+fOnS/nZHR8u+vq3Nz0xf3bOzpkhBZxE+82EA7QMln9OzWWd3Tu2H2gu7+4d0dnhww30cVw4H2MAF2+sPclucWt84Vv7dr7xu6dwTQ/56d5bXl53t0j/dcVvrpfjqzrDbcvujvdoQrsS6vb573FfhmD3ft3vSxLOVtevxAcsyvp3d91tz/38q59xX4Z3Qd2+6PbsufUnAz3qLYF6I6ODrchGXvf2Lv31e0vdOT8lyQGr1jVJEDruf+73YRUTlpX7j+TuIRfcx6zzlXHC9tf3S9D/ojsda/e3HPf7ZYRfub0Kdbnt/IUu90qjoWeYgI0ADybNgjQj+5dOn5YxsG/O3j4+KV7j+zmEAI0kCCfkQnQQIYRoAGgrVy3jBCgxer04Js7t36xQ4arX89v2fZqlwx3gQbVjgBdLi9dLe6SoVt57qUde/rHZEx/4E6xrVtzK3Tr62m62nUCdHlp8AcdeiKtTcDChX3fekFGh6u6e0vyV9Z4v4xdLkK6A9l7ak6GPtZzE+82UB2gxdxwt4w9393iC27HC9/YJWP/ufCy4nECtOzt1a5Xt8pwQTb33Jbv7ukfn3bDXZ7CPXLN3NXu13bI6Kw876/sk+EOsNr04L6dL7t9tt3u3LGn+6qMurova9yz4yX/KH3gd/cOhqegbQF6T2kufJg2k101VwBvFqD9ec3uEiK1F5+5sK+zQ0ZH595KWTcLbq62PJ+TIdyrt7vuAiZe5fmtPMV1zy8BGgCeTesG6OWR99/y95q33h9ZllvtXkWABhKkHdmichS6IAEaSD0CNABgc3EXc6i7PEUErhM2DNDYFIIzoDf8akEAAFq3boC2shziHlP9MAI0kCDtyBaVo9AFCdBA6hGgAQCbzYU3Ozs6tsrYW3v6agsql05ucO4tnr7p7p0yOnJb9tXlAQAAYls3QE8eL/g7KwrHJ+VWu1cRoIEEaUe2qByFLkiABlKPAA0A2HyWrh7YIeO5XMcL39rT1V+ScXXa/etz7OJg95s7ZWx9o64vz5X2v7F318vP6VWSd4S+Dw+bwFzpgF583F0fo+MV/QJFAADaY/1rQC+O9BXezMtw3iz0jSzaHWsI0ECCfEaOjwANpB4BGgCwec1e6H5j57bOF2T4KyXnOr7Yue2VvTK6h+sC5nT3DnlQxwsytr7aH/56OmwC093flafnua2vdssYa/C1lgAAxLfBlxCKlUUZ8w/mF1fshmoEaCBBFpLjIkADqUeABgAAAACk2sYBegMEaCBBFpLjIkADqUeABgAAAACkGgEa2MwsJMdFgAZSjwANAAAAAEg1AjSwmVlIjosADaQeARoAAAAAkGr3TmmAboMDp+7ZStuHAI2Ms5AcFwEaSD0CNAAAAAAg1QjQwGZmITkuAjSQegRoAAAAAEC6LQ4fecsK8mN568jwoq2yjQjQyDgLyXERoIHUI0ADAAAAAFJvZWb00iUZj2F0ZsVW1l4EaGScheS4CNBA6hGgAQAAAABIDgEaGWchOS4CNJB6BGgAAAAAAJJDgEbGWUiOiwANpB4BGgAAAACA5BCgkXEWkuMiQAOpR4AGAAAAACA5BGhknIXkuAjQQOoRoAGgjUYBAADwzLF/6sVFgEbGWUiOiwANpB4BGgAAAACA5BCgkXEWkuMiQAOpR4AGAAAAACA5BGhknIXkuAjQQOoRoAEAAAAASA4BGhlnITkuAjSQegRoAAAAAACSQ4BGxllIjosADaQeARoAAAAAgOQQoJFxFpLjIkADqUeABgAAAAAgOQRoZJyF5LgI0EDqEaABAAAAAEgOARoZZyE5LgI0kHoEaAAAAAAAkkOARsZZSI6LAA2kHgEaAAAAAIDkEKCRcRaS4yJAA6lHgAYAAAAAIDkEaGScheS4CNBA6hGgAQAAAABIDgEaGWchOS4CNJB6BGgAAAAAAJJDgEbGWUiOiwANpB4BGgAAAACA5BCgkXEWkuMiQAOpR4AGAAAAACA5BGhknIXkuAjQQOoRoAEAAAAASA4BGhlnITkuAjSQegRoAAAAAACSQ4BGxllIjosADaQeARoAAAAAgOQQoJFxFpLjIkADqUeABgAAAAAgOQRoZJyF5LgI0EDqEaABAAAAAEgOARoZZyE5LgI0kHoEaAAAAAAAkkOARsZZSI6LAA2kHgEaAAAAAIDkEKCRcRaS4yJAA6lHgAYAAAAAIDkEaGScheS4CNBA6hGgAQAAAABIDgEaGWchOS4CNJB6BGgAAAAAAJJDgEbGWUiOiwANpB4BGgAAAACA5BCgkXEWkuMiQAOpR4AGAAAAACA5BGhknIXkuAjQQOoRoAEAAAAASA4BGhlnITkuAjSQegRoAAAAAACSQ4BGxllIjosADaQeARoAAAAAgOQQoJFxFpLjIkADqUeABgAAAAAgOQRoZJyF5LgI0EDqEaABAAAAAEgOARoZZyE5LgI0kHoEaAAAAAAAkkOARsZZSI6LAA2kHgEaAAAAAIDkEKCRcRaS4yJAA6lHgAaANlq5fU5GsefKfbtBzV7pKZ6aWJJhN5TLC+OnZBRPTizI3cPF4vCsDLuv7WavFGX7D8syWrYiY+pcT/HMpPvJbvQeTsg4Vew5d7vq5mQsTXxUDPtg4OyVWw9kPIFtp87KvetnBz7QierpL127yyQBALApEKCRcRaS4yJAA6lHgAaAdlqYkHGqeMp15Yq5a8eKxeLFOzIe2U0rU+eKMrRUP36A1jXYL/XiBGhv7tpA8di1ubKMwKPZ4WMyiiduhA8xMT5AX56SseItzN64ONgjY2B4NpjMp2ODOU/ekrzQPgr9N41Pb5woHjs3fn9pZUnGg1uXB+RJ+tTuBAAATxEBGhlnITkuAjSQegRoAGir+zKuHS1enF6rows3BosnT53quSIjeMO9f6WnKEMftnkDdPnRnYvuJGg9D9rx5z7LCB9gknyArpmcz+7IuNjTc7nS85+GzRagH92buPbJnbUeLa+7IXfevf0GAACeHgI0Ms5CclwEaCD1CNAA0FaPfLQNX4RjafJ08dztO9eOHnNDTyX2Z0m7E6V9EXYp82dTMu5/Uvqwp1js+VDGieE74QsoLN25ZldX6Dsh4+LEAxdfXQ4uygg0qcx1AXrh1sUT/T0yZJkPBs6ud60Gf16tDL/n7vTn4kcTVSfeLkzJuOJ3vNgn65qVEazObdiN8N8zbp/twIU/9ompC4M9xVPuOiW1O98oQHuzwz3Fc1Nr+/1PC1PDodmTCfrM324XDDl1/Za7PIXO4QfB/AVWHkysTUjNxSsqe6g7OXGvyZzbVm6cO/GBDLlDtjK1UF64fVGGX3PPh/945c5yWYb5p4XwbstOhXdbXyE37kxe9Gvr6T8r44bbbZvVCpneqhk2tf8hBAAAPC0EaGScheS4CNBA6hGgAaDt3Kmp/uLO7iIVLke7Rjk73CNj0F+44tH0xeLRazK0UrvEWRyQcW7i/tLKytLcdRmninaG76M7l2X09JRuzC09evRoZe6GjFL1+b8bnI1bHaAra5PhLmoxZddqaHK5huCaG2cmV1wVrb4ix8NJ2RM3brg913XJCK6P0VqALn5w9pOpO3fuy1iq7aVNA7SbZJvAFX9Jk56By1ML7iodD2RMnh/o0TxtAbrYc9rtop/f+xPnB3R2dQoXxk4U/cIyZIZrJqSyh7qTlT2snfO6rdw43VPs6Rk8PyGjckvP+SkZPm+7fQ7vtuxzeLc1c/cM6t0LUxePySgOXH/glnVqL8GxRnZRnjV5Gq7cr51PAADwFBCgkXEWkuMiQAOpR4AGgPZzF31213t2fXP2Ss+Qq86Ppi+67uyLobsAx89mZejDXcqsukK0PMSF12Mjvq8+WpGxslJJiXZv+OoKkQL00s1Scch1zCBlrjy4c+f+w7KMxpanZJzrOXbixDHNo76fOvdHXJheu0CHeHBdxqAl5tYC9NqB11s3QOuK565VJnyNO8e8NCkzFJwBXXVVbtfg3dnBdoLwZysret6x8bsdnFZc2cOanWwUoKu3otO+UK7c6F4APVfs9Hi/z1W7bRcQt90+VRyUsfZfBeww/b1eswC9MFGS0dNTqtoZAADw9BCgkXEWkuMiQAOpR4AGgATMXi72XLlXlnF/5Jh15JUp/9WDF+88Wpg4WTx3e0WGf7ClzFDNXKqEV/+ri58Pbl2xS3AEYgfo8mezVwZ7in0D7ooZF69P3Hmw8k/+9nXdHxko1n6pne/g4wsy7AZHdsMCrv2wYYBeZ8/XD9D+DOilmyWX1BvwW6kE6GCLnhX8YA5XZj85V7kEh6oK0I32sHGADm+lZtpFaD6a7LOw3Za1Va2w7kAaB2j3mGN6ojoAANgkCNDIOAvJcRGggdQjQANAAlxpPjU+JePGUCUFalbuuTI9ddGf2VqJuesH6JXb52T0HD03MafB2u6NH6C9Rwv3ZUxNXHMXLB44N/WwLGM9laq8xu/GUwrQlWtAL02ccin2+LVZdyGLKu7c4hYCtGvrJ67cefhIhr/X9l93O6kA7fd5nd2WtVWtsMUA3WjKAQDA00WARsZZSI6LAA2kHgEaAJKwcGOweLoko9RTlQLl9sGzZwf9jZXb1w/Qcm9161xwV1k46fqp3RCswX6pV1VCH90fv3b9TrhbPrg+5NYWXmEDVmWrtHgJjst39T7v8QO0v1TF2lWw712R0egLDL2NL8FhMdrucmYv+0PVo222h7W3RwzQus/r7LasrWqFLQZoAACw+RCgkXEWkuMiQAOpR4AGgCQQoP22CNCVafcI0AAAZBIBGhlnITkuAjSQegRoAEiEy4tFd0Xhmm/Yc98jV9RrR1SirabMUM1cCgfohbETMoo9pRtzSysrC3eunJAha7ZLS3suBJ+4ft9fvaFqc6q6hC7dLPkLeizJWFlZWZq7oTHXem4zjQJ0+eGk+7Y7GTfuu3XJ3v1jj4yB4Vm/LncpEhk9p/3dS/dlTJwf0J1RLQXoy1My/NUplh7cuXFuoCgj2ITwRf50T88/Xrmz4B8lOzJ1efDEtfvyCOu2xYHzE7IPupdTlweKR6/I8n4VvkYPXJ5aWJER7OHaRbqb7WHtnEcN0H6fw7stuxXe7Q0D9MptmdmLU0srj/6pLMMsz94Yc2PtPwkAAICnjQCNjLOQHBcBGkg9AjQAJMKl16IbwTcNBmbdia9VF03eIED7Ur0ye630oUvaH5auzcqY/Fl12n44dXFQ7i5NLpVl1KotoY8eTFysfOdeT3/pylTV/jTWMECLhSkZV/zeuW81vDYrY+2Y/b0XT7ivT+zpPyHj4u2Jy6GK2lKAXtPz4eDZK1gQh4QAAP/0SURBVLceyKgNrJ89mBzWndBpCo4p6LbXb14/O/CBfpHjBycuToaP+DM3H3KHu6/vxMWJqesfFQdvLMiQO5vuYc2cRw7Qbrvh3ZZ9Du/2hgG6/Oj+9Y9kl+3rLu22O5d7es7JcP+JAwAAbA4EaGScheS4CNBA6hGgAQDPsvpuCwAA8GQRoJFxFpLjIkADqUeABgA8ywjQAADgaSNAI+MsJMdFgAZSjwANAHiWEaABAMDTRoBGxllIjosADaQeARoAAAAAgOQQoJFxFpLjIkADqUeABgAAAAAgOQRoZJyF5LgI0EDqEaABAAAAAEgOARoZZyE5LgI0kHoEaAAAAAAAkkOARsZZSI6LAA2kHgEaAAAAAIDkEKCRcRaS4yJAA6lHgAYAAAAAIDkEaGScheS4CNBA6hGgAQAAAABIDgEaGWchOS4CNJB6BGgAAAAAAJJDgEbGWUiOiwANpB4BGgAAAACA5BCgkXEWkuMiQAOpR4AGAAAAACA5BGhknIXkuAjQQOoRoAEAAAAASA4BGhlnITkuAjSQegRoAAAAAACSQ4BGxllIjosADaQeARoAAAAAgOQQoJFxFpLjIkADqUeABgAAAAAgOQRoZJyF5LgI0EDqEaABAAAAAEgOARoZZyE5LgI0kHoEaAAAAAAAkkOARsZZSI6LAA2kHgEaAAAAALDZPHz48F4U8nhbcvMhQCPjLCTHRYAGUo8ADQAAAADYhBYWFkZbI4+0ZTYlAjQyzkJyXARoIPUI0AAAAACATYgADTwbLCTHRYAGUo8ADQAAAADYnBY8y8xNbPL6LAjQyDgLyXERoIHUI0ADAAAAADazZg3a1+nNXp8FARoZZyE5LgI0kHoEaAAAAADAJlffoFORnhUBGhlnITkuAjSQegRoAAAAAMDmF27QKarPggCNjLOQHBcBGkg9AjQAAAAAIBUWAvZ7ShCgkXEWkuMiQAOpR4AGAAAAACA5BGhknIXkuAjQQOoRoAEAAAAASA4BGhlnITkuAjSQegRoAAAAAACSQ4BGxllIjosADaQeARoAAAAAgOQQoJFxFpLjIkADqUeABgAAAAAgOQRoZJyF5LgI0EDqEaABAAAAAEgOARoZZyE5LgI0kHoEaAAAAAAAkkOARsZZSI6LAA2kHgEaAAAAAIDkEKCRcRaS4yJAA6lHgAYAAAAAIDkEaGScheS4CNBA6hGgAQAAAABIDgEaGWchOS4CNJB6BGgAAAAAAJJDgEbGWUiOiwANpB4BGgAAAACA5BCgkXEWkuMiQAOpR4AGAAAAACA5BGhknIXkuAjQQOoRoAEAAAAASA4BGhlnITkuAjSQegRoAAAAAACSQ4BGxllIjosADaQeARoAAAAAgOQQoJFxFpLjIkADqUeABgAAAAAgOQRoZJyF5LgI0EDqEaABAAAAAEgOARoZZyE5LgI0kHoEaAAAAAAAkkOARsZZSI6LAA2kHgEaAAAAAIDkEKCRcRaS4yJAA6lHgAaANhoFAADAM8f+qRcXARoZZyE5LgI0kHoEaAAAAAAAkkOARsZZSI6LAA2kHgEaAAAAAIDkEKCRcRaS4yJAA6lHgAYAAAAAIDkEaGScheS4CNBA6hGgAQAAAABIDgEaGWchOS4CNJB6BGgAAAAAAJJDgEbGWUiOiwANpB4BGgAAAACA5BCgkXEWkuMiQAOpR4AGAAAAACA5BGhknIXkuAjQQOoRoAEAAAAASA4BGhlnITkuAjSQegRoAAAAAACSQ4BGxllIjosADaQeARoAAAAAgOQQoJFxFpLjIkADqUeABgAAAAAgOQRoZJyF5LgI0EDqEaABAAAAAEgOARoZZyE5LgI0kHoEaAAAAAAAkkOARsZZSI6LAA2kHgEaAAAAAIDkEKCRcRaS4yJAA6lHgAYAAAAAIDkEaGScheS4CNBA6hGgAQAAAABIDgEaGWchOS4CNJB6BGgAAAAAAJJDgEbGWUiOiwANpB4BGgAAAACA5BCgkXEWkuMiQAOpR4AGAAAAACA5BGhknIXkuAjQQOoRoAEAAAAASA4BGhlnITkuAjSQegRoAAAAAACSQ4BGxllIjosADaQeARoAAAAAgOQQoJFxFpLjIkADqUeABgAAAAAgOQRoZJyF5LgI0EDqEaABAAAAAEgOARoZZyE5LgI0kHoEaAAAAAAAkkOARsZZSI6LAA2kHgEaAAAAAIDkEKCRcRaS4yJAA6lHgAYAAAAAIDkEaGScheS4CNBA6hGgAQAAAABIDgEaGWchOS4CNJB6BGgAAAAAAJJDgEbGWUiOiwANpB4BGgAAAACA5BCgkXEWkuMiQAOpR4AGAAAAACA5BGhknIXkuAjQQOoRoAEAAAAASA4BGhlnITkuAjSQegRoAAAAAACSQ4BGxllIjosADaQeARoAAAAAgOQQoJFxFpLjIkADqUeABgAAAAAgOQRoZJyF5LgI0EDqEaABAAAAAEgOARoZZyE5LgI0kHoEaAAAAAAAkkOARsZZSI6LAA2kHgEaAAAAAIDkEKCRcRaS4yJAA6lHgAYAAAAAIDkEaGScheS4CNBA6hGgAQAAAABIDgEaGWchOS4CNJB6BGgAAAAAAJJDgEbGWUiOiwANpB4BGgAAAACA5BCgkXEWkuMiQAOpR4AGgDaaudAlI39sdNFu8D4d6csXzk6XZVRMnc7LyJ+ekh/P5vM19yZn9f7o8Nj8qv3WmrvnZRzOd52/azcEVqfOdOUPnZcxY7ckaFFmsUrh4PtDw3eW7W5neerK8NTDsowI3LPTN/Kp/dYC/3z5p+yxPJofPdUr42BBjuVA76mReytlGQAA4NlDgEbGWUiOiwANpB4BGgDa6XZJRj5fmrLfneWxoXw+f2R4XobdVJ45/9O8jKPXF59wgL536XD+0KV79luLlmWMDxbyA6Ph3Kth/eTNVRl2S5J8gC6NL1fMT106Wsj3Ds+VZTjL40OFwtD4sgz/e2NTZ/L5M6Hn5+kE6NXJj2Tfz8qYfLC8/GDq0rFC4aNJGU9iKgEAwJNFgEbGWUiOiwANpB4BGgDaaXncZdD8EUuizurkqXxfX1/+wxEZdmb04ujR/BEZ/mFPNEDHNzfcW3UStD/9udc19UpWT5QP0GfDZV87ft/Iogy7oQWbI0DPj184P3J3VYb+vnrzpK61+gABAMCzgACNjLOQHBcBGkg9AjQAtJXrscPdemqzmjlb6Do/OT6UH5Jh5+beLuULZ2X42uiCZmlsRsalo+56DIV3e2WcvVl1Gu/yneGh3gPuYg2Hjss4f9vunTqTd0X19LgtnJfHHOg9M9nsHGCXcSsdXDwYPfm+X+6dwzKOn5tqfvKwP2nXnwTtHuO6bdfZ6dAJu4/mx8+4fdDdODxwPnwpDM2+ofK7OPJhXoa2Y79Xl2SMXuqTA2jYdhsFaDfVoQBdlfL9tIyM/+MRGQV51JRbPnQVDxedXXf2AXp4cvRk7wEZcseBQ0PD90PHtXJv5JS7w933Tu/JkUtD+byMyk4uTp6XcfyQu98/4J4Mt7yfovN3y2vV3kX8IzIu3bcbKpZHj+e7h2U8mZoPAACeJAI0Ms5CclwEaCD1CNAA0HZTZwr+4s7e3PARF5qtt+rVKuaHj+QHx2X42uuyaf7QkIyRu4vLy4szl/tk5AsluxyDXoK5cHTY3bu8OH1eRm/hsGZNC9D5A8evzLiF716SIQs3uwzFWoBenZRRKsh63YLLD8ZllA7le680T6BWVFdluNOfq67IsTh6rFA45tblVzc//tHh/KGzUytlGWLjAJ137f3I6ZHJycl7jS7iXBegV+evHZXdH/20LMOrC9AyLZfGZUxOziwGSVn3xH4R7qDyhffdpTDc1TBkz0+Fz+xenTxVyB8qjT9YliH3Tn7c63Y0CNA6hW4W7y6urq4u3x12vxT0yVseHch3nZuR4R6qh9CwMj8YcUtdXwz9dwsAAPDsIEAj4ywkx0WABlKPAA0Abecu+uwjowzXHE+5GDk/fERGwaXPxdFj+b5r8zL8w102rbqS8qcjlZNnZWXjg3kZoetHO1On84WPXda0AO034bkTlOXxem+9tQC9OKpXAgmfjbt8f3Ly7noNdObC4Xxvr4zevBVwc/d8V/74aFU4vncpdHryxgF6o/N/fYCucaRUdap3XYD20xLMjGkUoMOXTCmXp2U1LuC7hu+mqObbF/1WggBdXl1eXpb/V9lI1XG5V8Laqe7urt4r87WJf2Xq7KH84TNT9bsKAACeDQRoZJyF5LgI0EDqEaABoO0I0B4BmgANAAAcAjQyzkJyXARoIPUI0ADQfg9G+vJHRxeXZYwP5ofGfCT1V9Loco11quSbZpA1q7KpYwFaE+fM2UJeRgO+olqADhfV+sYashagXe1cnfr4SMFdr/nkpZFJGQ2vfVHl4fhQIS+jsJa8HbfavpGafKy7UdnPys9eXYAOf0ljIz5Al8aX18xPXzpaOFCaXA0uVlIXoBtNQu3tbqqrv4TQBejgCtHu55NVh1oToMur90bPyrBrQAf0uMqrkyfzBRnuwQ9Hj+d7h+fKVbHb7Y9dWRsAADyrCNDIOAvJcRGggdQjQANAAmbO/zRfGh+XcbLyxYPlKdcuC30jN4eP+KYZZM31A7TlzqHr7srKVYJrK9eX1mbtVYQCdGBlfmZ85Pxgr4wD+cND4+tEYFEVjiueVICu+RJCv9pjozL8ggkF6FL1WqoC9PLYUOGnbozc1ae5Zn7cNzfKKJyZcmdD+wMMHaP7rX4yAQDAM4YAjYyzkBwXARpIPQI0ACRgdfJUvu/YURmFtajqzjiW248fP14dItcP0O56HTK6/CUa6k3FDdCrd0ZknL80GW6f9y4fWb8CazBt0ExbuQTH6am172asXk/8AH064QC9PD607iU4dG2hFc7L6vwag0OZPiujUBgaGpAJ4kRnAACyiACNjLOQHBcBGkg9AjQAJGHx+lG9FEPNtZvdabD5fNeF8AWa1w/Q5dXpszIO5w8Pjcy4s6AXZ2QMDxzUmjkV+wzoT0dlHC10DV0LrfZYofBR9QUnajUJ0C6UFwrHhmVdfnXzkx/3Fg6dnVopyxD+ashHZQzflbsXZ0aGDufzMiIG6PAlOBbvjZYO5wtDY8t2kZPWAvTMha5876UZf9lmd6TrB2j33wwK+UOl8QfLMuy48nkZupX5K72h41q7N/QUyw/ujPh8baAXbhfmx4ZH76875QAAIOUI0Mg4C8lxEaCB1CNAA0Ai3BnBXTKqT57V3Jkv3bbfvA0CtFq+fWmo119l+J1eGUNXZqy5Pt4lOFbvj5x8/6C7xHThoIyjZ8bnH9ldTTQL0OXyo/nxM0dlXX51Bw4PnJ+q6q3z46d6ZbhjKBzsPTU+cjovI2KArnLg0PGzo/esIzstBejyp+Mnj8guHh1dLLsTpzcI0O64Rv1uuz1/p/fkyOj57ryM4NlZnjp3VIY7apnAc1Ojp/MyQl8L6cyc62p0oed59+WUvfnDl+7ZDQAA4FlEgEbGWUiOiwANpB4BGgCAJC3LGB0IvosSAABkDwEaGWchOS4CNJB6BGgAABKyuuyuE+IuFVIorX9lEwAA8AwjQCPjLCTHRYAGUo8ADQBAMtzlSgrvHpVx6S75GQCA7CJAI+MsJMdFgAZSjwANAAAAAEByCNDIOAvJcRGggdQjQAMAAAAAkBwCNDLOQnJcBGgg9QjQAAAAAAAkhwCNjLOQHBcBGkg9AjQAAAAAAMkhQCOehebsESlhITkuAjSQegRoAAAAAACSQ4DGOqwot4+tdzOxkBwXARpIPQI0AAAAAADJIUCjhqXi5Nn2njYLyXERoIHUI0ADAAAAAJAcAjSEJeGnx/bjabCQHBcBGkg9AjQAAAAAAMkhQGeZ1d/NxPbsCbKQHBcBGkg9AjQAAAAAAMkhQGeQtd7NzfY1eRaS4yJAA6lHgAYAAAAAIDkE6Oywsps2tveJsZAcFwEaSD0CNAAAAAAAySFAZ4Gl3DSzI0mAheS4CNBA6hGgAQAAAABIDgH62Wb59llhR9VWFpLjIkADqUeABgAAAAAgOQToZ5Ul23b4tB1sXe1gR9gmFpLjIkADqUeABgAAAAAgOQToZ49l2sdgzThJtqXHYEf72Cwkx0WABlKPAA0AAAAAQHII0M8Yq7OxWBt+smzbsdgxPx4LyXERoIHUI0ADAAAAAJAcAvQzw6JsdFaCnzbbm+js+OOykBwXARpIPQI0AAAAAADJIUA/G6zFRmHdN5YHG7HHxWL7F4XNQiwWkuMiQAOpR4AGAAAAACA5BOi0swQbhYXe1lhRbgdbY2tsX6OwGYnIQnJcBGgg9QjQAAAAAAAkhwCdalZeW2NltwUWjJNkW2qB7X1rbF6isJAcFwEaSD0CNAAAAAAAySFAp5QF19ZYyt2IteEny7a9ETuS1tgctcZCclwEaCD1CNAAAAAAACSHAJ1G1llbYwW3OSvBLZiPzpZsge1Nc3Y8rbGZaoGF5LgI0EDqEaABAAAAAM+slfnxj48f+WlBxlt/91bhp0eOfzw+v1KW8cQQoFPHCmsLLNw2Yd13XVaR28fWuy7bvybs2Fpg87URC8lxEaCB1CNAAwAAAACePYsjR2UceDPfwJsHZBwdWbSHJowAnS7WVjdisbYJC71NWCpOnm2vCdvXJuw4N2Kzti4LyXERoIHUI0ADAAAAAJ4xi8NH3srnZai/+clhGb3v9x7+yd/YTc5bR4afRIMmQKeIVdWNWKNtxOJuI1aFm7PgGp0t35ztQSO2343Y0W7E5q4528u4CNBA6hGgAQAAAADPlOXhI39rjTn/1uGzd1ftdm/17tnDb+VlOH97ZHjZbk8OATotrKeuy9JsIxZ061gDbsQKa7vZ2huxfapjx9CIHfm6bAabsN2KiwANpB4BGgAAAADwLJk/fdDX5QMyhqbtxirTQzLkbnHw9LzdmBgCdCpYSV2XFdlGrONWs+hbx8JqC+43Yve1wLZXx/avmh1JI3b867J5bMT2Ji4CNJB6BGgAAAAAwLNkuNun5XdLMprUZbl5vvSuf1j3sN2WGAL05mcNdV3WYutYvq1mobea9dQmrC7HZWtpwvagmu1rNTuqOjYL67LZrGM7ERcBGkg9AjQAAAAA4BkyM/T3VpbXj8vWqf9+aEaWsdsSQYDe5KyerssqbDVLttUs7lazklrH4nG72drr2N5Us/2uZkdYzeZiXTan1WzzcRGggdQjQAMAAAAAniEEaERg3bQ5i691rNRWs6YbsIBazSJxI/fisuUbsa1Ws/0L2N5Xs+OsY/PSnM1siG01LgI0kHoEaAAAAADAM4QAjVZZMW3Ommsda7QhlnJDrJ6GWBKuZgm5fWy91WwPQmwvQ+xIQuxo69jsNGfzG7BNxkWABlKPAA0AAAAAeIYQoNESa6XNWW2tZmk2xPJtiHXTgDXgalaLq2miicGWr2Zbqmb7FLA9DrGjCrEjr2Zz1JzNsmcbi4sADaSevlXZ34oAAAAAAKTQ1OnDhTfzMuJ7s3D49JStrq3kQ7d9AsemYZW0Oeus1azIhli1DVgxDVj0DbE2HKJZpqG7zdkjGrH1hti2Q2z/Arb3ATu2EDv+ajZTzdlcE6AB6NuT/a0IAAAAAEDqXO97yyryY3qr77qtso3kQ7d9AsfmYH20OSus1azFhlivDVguDVjrDVgMDmiNCbO0HJetJcS2FLD9CNheBuwYAnaEITYL1Wy+mtMJt23ERYAGUk/flexvRQAAAAAA0mZm6IDPxwdlHL0Ugyx0VBYWB9wFOdpMPnTbJ3BsDhZHm7C2Ws0qbMAybcBCacASb8ACsKcRpsLicSMzG7HHNWJrD9i2PdungO1xwI4nYEcbsLmoZrPWhE64rT0uAjSQevpmZH8rAgAAAACQNkGAPiJjvas+NyULDcvCggD9zLMy2oRV1WrWXwNWZwNWST3LugGLvp7mF2WduJp15bhsLdVse57th2f7F7C99+yoAnbMAZuRajZ3Tcic26rjIkADqadvQ/a3IgAAAAAAaUOARousiTZhPbWaldeAdVnP+mjAaq5nodfT8KIsDAcsHlebjsKWqWZrD9i2Pdsnz/bVs2MI2BF6duQBm5dqNoNN2ErjIkADqadvQPa3IgAAAAAAaUOARiushjZnMTXEmmvAiqxncTRgHbe19GydOMRyciNT1ezWRmxdIbY9z/bDs/3zbL8fr0HbDDZha4yLAA2knr712N+KAAAAAACkzQYB+tG9S8cPyzj4dwcPH79075HdHEKAzgSroU1YSQ2x2hqwFutZGfUs33rWdFtLz3fu3LFyHLDGPDV1uzX26LoqLWu2bXi2bc/2ybN9bX4qtB2tZ7MQsDkKsXlsxFYXFwEaSD1907G/FQEAAAAASJt1A/TyyPtv+XvNW++PLMutdq8iQD/7LIU2YQ01xDprwCqsZ1nUs2rrWc0N1WeLvp7FYM86sacF2YpyyK2N2ONCdFW2Xs+259l+eLZ/T6pB27riIkADqafvOPa3IgAAAAAAabNugLayHOIeU/0wAvQzzjpoE1ZPQ6ywBqy/etZEPeu1sdKzxmIrx551ZW/Su9mcPsAe7dlaPF25bSlWhrYj9OzIPZuRgM1XiM1pNVtRXARoIPX0vcb+VgQAAAAAIG3WDdCTxwv+zorC8Um51e5VBOhnnHXQJiydhlhe9ay8ehZEPSu169Zni76exeC69Gz92Efnmzdvnjp16r/9t//2H/7Df9i+ffsf//Eff/nLX/7d3/3d3/md3/nt3/5t+V/5WW6R2+VeeYw8Uh6vPdrWEirRuiHbapMMbXsct0HbfIXYnFaztcRFgAZST99o7G9FAAAAAADShgCNdVgEbcK6aYi1Vc+aq2c11LNG21p9tgBcnZ6tFt+6dfPmzWvXrr399tvf+c53/tW/+le/HZ0sJcvKGmQ9sjZbb1CidaO2B6EMbXv5RBq0rSIuAjSQevouY38rAgAAAACQNut/CeHiSF/hzbwM581C38ii3bGGAP0sswjaiBXTEKuqAQuurdVnC7qh9Fz5mkGtwFqEtQ7r+c4HDx7cvn27heR2kLXJOsPnROtGdQd0Z8JfUWh7HGRoO56NGrTNTsDmLsTmN2DLx0WABlJP32Lsb0UAAAAAANJm/QDtrCzKmH8wv7hiN1QjQD+zrIA2Ybk0YD01YLU1bn3W2itq0vNN74033vjDP/xDy8btJmuW9euGdKO6A5UGLWwvk2nQNr8BWzguAjSQevr+Yn8rAgAAAACQNhsH6A0QoJ9ZVkAbsVYaYjHVs87qWQeNXp/9acdr9VnPev7Rj3705S9/2VJxkmQrsi3Zop4Nrbuhu6S7Z/sapUHbjHg2U57NYIjNsmcLx0WABlJP31zsb0UAAAAAANKGAI2GLH82YpU0xEqqZ4XVswjacn0OX3ZDm68/Bdmd+Pzee+/98R//seXhJ0W2KNttdip05XIcdgzJNGhbMi4CNJB6+s5ifysCAAAAAJA2BGg0ZPmzEUukAWuoAcurbarPN71/9+/+nSXhp0G2rrvR3gZt8xWw2QzYXBOgAejbiv2tCAAAAABA2tw7pQG6DQ6cumcrbR/50G2fwPEEWftsxPpoiAVUz9rqupd+1pZivba6Pk95Gnm1Ph87duyrX/2qleCnR/ZB9qSmQYsNG7QdeQsXg7bZDNEJt2XiIkADqafvKfa3IgAAAAAAqbM4fOQtK8iP5a0jw4u2yjaSD932CRxPkKbPhiyOBqyeelZVPcufserzLe/mzZtvv/12R0eHNeCnTfZE9kcbtHicBm1z5NnceTanAZ1wWyYuAjSQevqGYn8rAgAAAACQRiszo5cuyXgMozMrtrL2kg/d9gkcT4p2z4asjIZYOvUsqW5Un4VWWo22zerzf/7P/9nS72Yie9VKg7bjbKFB29x5NqchMue2QFwEaCD19N3E/lYEAAAAAABtJR+67RM4nhRtzQ1ZFg1YN/Wspza6+IZGWKEVRROt5tr6+jw5OXnz5s3/+B//oxXfzUf2TfZQ9rOVBm1HHjRomxfP5mujk6Dt0XERoIHU03cT+1sRAAAAAAC0lXzotk/geCI0NDdkTTTEoqlnMbW1i29oqBXTXorqs6pv0HogdlSNGrTNRfSToO3RcRGggdTTtxL7WxEAAAAAALSVfOi2T+B4Iiw2N2JBNGDF1LOSGvHSzxpta+rz5rzyRj29FkezBm3H2Y4GbQ+NiwANpJ6+j9jfigAAAAAAoK3kQ7d9AscTYbG5jtXQEMulnmXUugCt4VVoP9Emq4m2cvGN296t4FsHre+mQeU7CfUQtEFHuhCHzRoBGsA69H3E/lYEAAAAAABtJR+67RM4kmexuRGroQFrpZ411CgX32hYn48dO9bR0WFxNw1kb2WfIzVom5coDdoeFxcBGkg9fROxvxUBAI9nFAAAAM8c+6deXPKh2z6BI3kWmxuxGhqwUOpZQG1y+rOWE02xQsus1mcN0FqfJyYmvvrVr1rZTQ/ZZ9nzSoPWg5Kj08O0Y27UoG2mCNAANqTvIPa3IgAAAAAAaCv50G2fwJE8i811LIUGrJJ6Vk/jnv58y1/6eWJi4vvf/7413bSRPZf9r7kYdBtPgrYHxUWABlJP30Hsb0UAAAAAANBW8qHbPoEjYRabG7EUGrBE6lk6beH0Zw2ylfpcCdA3b948fPiw1dx0kv2vPwl6wwZt80WABrA+ffuwvxUBAAAAAEBbyYdu+wSOhFlsbsRSaMASaTtOf9aLb3zta1+zlNuyt99+e3h42F4l7SPrjPFFiLL/NRfiePyToG2uCdAA9O3D3qUAAAAAAEBbyYdu+wSOhFlsrmMdNGB91LNoGv3059ve5OTkzZs39+7dax23ZUmk5zBZv22pZXIUcixyRHpobTwJ2h4RFwEaSD1977D3JwAAAAAA0Fbyods+gSNJFpsb0QxaYXHUs2gaK0Dr6c/j4+Nf+tKXLOK25o033rAXR5JkK7a91shRyLFEPQnaZo0ADWAd+t5hb04AAAAAAKCt5EO3fQJHkiw2N6IZtMLiaGvX39DwKmrqs9DTn//rf/2vVnBbViqV7MWRJNmKba9lcizNToK2WfANWifHZqqFq3DY3XERoIHUc/mZAA0AAAAAQDLkQ7d9AkeSLDbX0QZaYWXUs1z6eKc//+Ef/qHl25bZKyN5tr2WybEkcRK03R0XARpIPX3jsHcmAAAAAADQVvKh2z6BI0nWm+tod66wLOpZLg0CtOZUoXVVg4lWVy2wWp81QOvpz++884612yjslZE8214UckSVk6D1YOWo9fB1KnRadIpsvoIGbbNJgAZQQ9847J0JAAAAAAC0lXzotk/gSIzF5ka0O1dYFo1y/Q3Nrw1Pf/7Wt75l4TYKe2Ukz7YXhRxRKydB6xTZfG10FQ67Ly4CNJB6Lj8ToAEAAAAASIZ86LZP4EiMxeZGtDsra6KehdIo19/wJwSvnf585coVq7YR2Ssjeba9iOS4ak6CfsyrcNh9cRGggdTTdw17ZwIAAAAAAG0lH7rtEzgSY7G5joXngAVRz0JpawE6fPqzBuiJiYm//du/tWQbkb0ykmfbi0iOS45OA7SQo66cBK0TopOjE6WTZjNIgAbQkL5r2DsTAAAAAABoK/nQbZ/AkRjrzXUsPAcsiHoWSptfAFpjqz/xt/H1N7797W9bso3IXhnJs+1FJMcV+yocNqcEaABhLj8ToAEAAAAASIZ86LZP4EiM9eY6Fp4DFkQ97aTWOKNff2N8fPyFF16wZBuRvTKSZ9uLSI5LA/TjXIXDZtmzO+IiQAOpp28Z9s4EAAAAAADaSj502ydwJMZ6cx0LzwELou24APSJEyes10Znr4zk2faik6N7zAAtbK4J0AD0LcPemQAAAAAAQFvJh277BI5kWGxuxMJzwILoY18Aenx8/O/+7u8s1kZnr4zk2faik6OTY9QALeTYH+cy0HZHXARoIPX0LcPemQAAAAAAQFvJh277BI5kWGxuxMKzZzXUs0S6UYD2p/zWBmi9/sarr75qsTY6e2Ukz7YXnRydXoVDDzkcoAUBGkA0+pZh70wAAAAAAKCt5EO3fQJHMiw217HwHLAa6lkijf4NhHr9jfHx8W9+85sWa6OzV0bybHvRydFpgK5chaMmQAuZJZ0um7vm30Oot8dGgAZSz+VnAjQAAAAAAMmQD932CRzJsN5cx8JzwGqoZ4m05QA95YUD9Ne+9jWLtdHZKyN5tr3o5OhqArQgQAOIyeVnAjQAAAAAAMmQD932CRzJsN5cx8JzwGqoZ4m0OkBrTtVOoo1Ve2t9gB4bG/vSl75ksTY6e2Ukz7YXnRydHOOGAVropOkE6mTazBKgAVTo+4W9MwEAAAAAgLaSD932CRzJsN5cx8JzwGqop4XUAmdrAfq2VwnQv/u7v2uxNjp7ZSTPthedHF04QIvWA7TQ6bW5JkAD0PcLe2cCAAAAAABtJR+67RM4kmG9uY6F54DVUE8LqQXOiAF6YmJibGzsd37ndyzWRmevjOTZ9qKTo5NjlCMlQANoA32/sHcmAAAAAADQVvKh2z6BIxnWm+tYeA5YDa27/obQfqotVTuJNlatzw0DtJXaWOyVkTzbXiwNA7RoPUALnXC7NS4CNJB6+n5h70wAAAAAAKCt5EO3fQJHMqw317HwHNAYKiyOPl6AzuYZ0IIADSAyfb+wdyYAAAAAANBW8qHbPoEjGdab61h4DmgMFRZHHy9AZ+Ea0ARoAO2h7xf2zgQAAAAAANpKPnTbJ3Akw3pzHQvPAY2hwuLo4wXoL33pSxZro7NXRvJse9HJ0RGgAbSNvl/YOxMAAAAAAGgr+dBtn8CRDOvNdSw8BzSGCoujjxegv/a1r1msjc5eGcmz7UUnR0eABtA2+n5h70wAAAAAAKCt5EO3fQJHMqw317HwHNAYKiyOPl6A/uY3v2mxNjp7ZQSGh4dLpZL9EpesQdZjvwRse9HJ0RGgAbSNvl/YOxMAAAAAAGgr+dBtn8CRDOvNdSw8BzSGKs2jFjjXDdDaoGsC9Pj4+F/91V9ZrI3OXhkBvfGv//qvZcfspihkKVlWV2I3BfTGGOTo5BjrA7ROiE6OTpROmk6gzWYQoP1MO3ZrXARoIPX0/cLemQAAAAAAQFvJh277BI5kWG+uY+E5YDXU00JqgTNigL558+b4+Pjbb79tsTY6e2UE/viP/1hvf/7559944w3ZPbtjI/JIebwspYvLeuyOgN4egxydHKMcKQEaQBvo+4W9MwEAAAAAgLaSD932CRzJsN5cx8JzwGqop4VUaOLUfqotVTuJNlbtrRqgtUFXAvTg4KDF2ujslRGQ3di9e7fd533nO985dOhQ/SU1lNwu98pj7NGerEHWY48I2H3RydGFA7QefosB2s+rY3NNgAag7xf2zgQAAAAAANpKPnTbJ3Akw3pzHQvPAauhniXS6gAtNKfKU6aNVXtrOEDfunVrcnJyfHz8xo0bL7zwgvXaiOyVUe2jjz76sz/7M3tEyO///u/L7Up+tltD5HZZ1tZSzR4RkRyXHJ0coxypHO86AVqny+aOAA2gGZefCdAAAAAAACRDPnTbJ3Akw3pzHQvPAauhniXSlgO0NuhKgJ6YmLhx48a3v/1tS7YR2SujkZs3b+7evbtyUY51yGPkkfJ4W7IRe2hEclxydHoB6EqA1knQCdHJkVnS6bK5I0ADaMblZwI0AAAAAADJkA/d9gkcybDe3Ii1Z89qqGeJdKPLQGtv1faqAVpogB4bG9u3b58l24jslbGumzdvfvTRR294u3fv/tM//VP5X/1Vbl+/O1fY9iKS45Kjq/8GQqETovVZ6HTp1Nk8EqAB1NO3DHtnAgAAAAAAbSUfuu0TOJJhsbkRa88BC6ItB2ht0NpeawL0+Pj45cuXLdlGZK+M5Nn2IpLjkqNrFqB1WnSKdLp06mweCdAA6ulbhr0zAQAAAACAtpIP3fYJHImx3lzHwnPAgmjEAK0Nesq7XX0Z6G9+85tWbaMolUr24kiYbS8KOaIWLwAtdLp06mweCdAA6ulbhr0zAQAAAACAtpIP3fYJHImx3lzHwnPAgqinkdQaZwsBenp6OhygJ/xloA8cOGDhNorvf//79uJImG0vCjmi+gtAy7FHDdA2y57dERcBGkg9fcuwdyYAALJtcaQv/+HIov0GAADQBvKh2z6BIzHWm+tYeA5YEPW0kwqtnFpRhUZVeda0tGp1veNpgBYaoMfHx0dHR//gD/7A2m0Uhw4dstdHkmxjLZNjkSNa5/obQqdF5kcnymat+TcQCr0rNgI0kHouPxOgAaBNZi50ycgfG60qmJ+O9OULZ6fLMiqmTudl5E9PyY9n8/maexM0LVvrG/nUfmvNsozxwUJ+YFR+quIPTcbQWO09bRd9YuPIYoB+ND96qvdgIZ/PH5DRe2rk3ordAwAA2kI+dNsncCTGenMdC88BC6KehdJYl4EOX4Xjv/yX/2L5NqLvfOc7hw4dKj0G2Qd7kTVhW2qZHEvN9TdEOEDrhOjk6ETppNkMEqABNKTvGvbOBAB4TLdLMvL5Ujh/Lo8N5fP5I8PzMuym8sz5n+ZlHL2+mIYA7d09fzjfdf6u/eatTp3pyvcOy6gcWIIiT2wcGQvQqzImPyrke89OPlhefjAl49KxQuGjSbkDAAC0i3zotk/gSIz15kasPXsWRD0LpY93FQ49CfpLX/qSFdwnTiu2vdTq2INaI0cRPv35ca6/IWyWPbsvLgI0kHr6rmHvTACAx7Q8LmMof2R4zm5wge9Uvq/PZc21srk4ejR/RIZ/WEoCtDsQOwnaznb2JyCfvLkqQ29IVuSJjSNjAXpexviF8yN3157B1Zsn5fUY8wRyAADQiHzotk/gSIzF5kasPQesiTYP0ELTqjxx2lu1vfqTgBtchePGjRtvvPGGRdyn5Pnnn//rv/7r+hOi7e7WyFHo6c+xr78hbE5DAVrm3O6LK00B2l50AKrpe8c/IW3sLxMAm44resPd4TNwZ84Wus5Pjg/lh2SMa7u9XcoXzsrwmc8F6NLYjIxLR92FEArv9so4e7PqohbLd4aHeg+4qyQcOi7j/G27d+pMXkb+9LgtrFdRODNZtXBYbYBenrl0/PA7sqDb8sH3T47cb16T54Z7/UnQ/jxof/qzb7WVQ9Wd1P2UQzg5cs+dYav3uVrdJ2Nt09Nn/c6sTYKbh2vjJ48UalYbiDqxYnnmypCMXn+AcnThA1wc6fO5+dLopT7ZY/1vADUBenX67OHCkbPTwZws3xvxV6vwU104ePT81EO7p3z3fFdlN9Tc8JH88dGHZRmi8gyK8DMo/DM4Mv6PR2QUbIrc81J5anS3156a5XuVPdHdCO9J8JJwK3RrmxqR0Vdz9rp7Ko9cul+WUWN59Hi++4mc0g4AQGYQoJ8Myxx1tDtXWBb1rJU2vwy00Gyi+VUDtDboyknQY2Njo6OjX/va16zjPlV/9md/dujQITk0fe3ZrS2Q/ZejkGOpOf1Z1NdnoVNk87XuBaBlzvXe2DZdgLZXFoCW6duHRU08i/RvHQBP0tSZwto1iOeGj7geujjyYV6Gniw8P3wkPzguwzdI117zh4ZkjNxdXF5enLncJyNfKNl1EO6ed5e/KBwddvcuL06fl9FbOKw90Wpj/sDxKzNu4buXZLiLMlel0JDqAD1/pTd/qDT+wK3YbXr4aKGy3QZ8dB4YdedBu6Bc1TRX75w9nD9cGp+X4VZ3163r6Mi8DHd3awE6/87xS+OTk3cWZRfq9yLixK7OfHxYjq5ygHJ0/gCPjvh/kFuAzheOnB6Rf2Tfe1iWsRagH4zIOFo4HNRn/58WevOHP5LDW5WxujI//tFhvfyIP0LXx8PXwtadkd/dTaFn0O1K8AxWnkT3DF4a9wc/Iwevz0t4z+V5CZ4atxuVPdHdqOyJrq2yQr+2ZRmjA/muczP+fscdpq/MuoixQy7EvoAJAABoaJYA/URY5qij3bnCsqhnuTTKVTi0QfuTg6tOgu7q6rKUuwk8//zz3//+94eHh+33Fsj+t376s9Ap0umyuXuGA7S9lADEpW8fliqRAfYvIABJctcmDuqeK32nXDacHz4io3BmSm4bPZbvuzYvwz/ctdeqC1l8OuJzrebd5fHBvIzQZY6dqdP5wseuJ1pt9JvwXPCUx+u9DVQH6JmPC/mh8WDZcnl1cWZyan4totZ5OD5U6JLR29tVsM6r3EbDiVOsjg+tnY/cWoBe/2oe0SbWXbKjcr62kof7nXIPDgJ09dm+7pYPR+Z9epYxNFY17avLy6uP7Gcn2H9/CL4aV4qzz8T+cOwZafgMVp5EPZbKwevzsvbU+Oel8tS43QjvSdVM1r8kHDd1dmL4ojvKD/O9V6r2p7wydfZQXsbhM1PhBQEAwOObJUA/EZY5GtH0XGFlNMpVOEQ4QGuDrjkJeufOnVZz00b2fJ3Tn0WlPoua+ixs7ppcf0PY3XE96QBtrxoA7aNvH9YmkSX2TyEASXgw0pc/Orq4LGN8MDgr1p/I3OVy51SpKoz69hq+BrQFaHejv9BEXkYDvqJabfQ/V9TfsqY6QJcfjB5/x10uY+j0sIzRu+7U4/XNXDgsI5/vrb7OsjuK0m37xYSjc2sBem0SGoo0sW7l7ksLayZCE7OvsHoJjrULbgh3S9/Jk735/LFRGbVnAj+cujRYuQSHWgvQ/roW7tRzF6HlZztheUafxAbOTFWexNrnyz8vladGn5e1p+bhVGVPQqoDdM0KVydP5gtueh+Oyjhe+/TJUu4C33qNbwAA0F4E6CfDMkcjmkErLI56VkzjngR969atmzdvTkxM3LhxY3R09I/+6I+s6aaH7LPsuey/HIUci9ZnEa7PQidBJ0QnRyfKZq356c/CHhHXEw3Q9pIB0Fb6DmJJEtlj/yAC0GYz53+aL42Pyzi5dl3gKRlnC30jN4eP5E9OrpaDM1TXD9BWZoeu29Ub1qy4xzasjQ36Y0VNgHZWl+9PjV45KePou4XC+5dm1o/Q1efbBp5IgI40sbEDtLtGx/zIhwUZdv0Qx3Xk84fyvWcmF1fL1umD/Q824c4sHhpbliHrKXykO+J3r8kzWHkSGz1fsrQ9Nfq8BE+N243KnjgNz4CuXeHq5EeFwpmp5bEhdzZ09VHrnveNLMqwGwAAQPvMEqCfFCsddTSDVlgc9SyaRg/Q2qArJ0HrhTj6+vo6Ojqs7KaB7K3sc/jiGw1PfxY6CTohOjk6UTZraQ/Q9koBkAx9B7EYiQyzfxkBaI/VyVP5vmNHZRTWSp/riXL78ePHLYDa7esHaHdZCRldTS6M0LA2NgmaniuVWoHnZYxfOD9yN7TilfGhDStw4wDd8iU47AtRatbTYoCOMrEtXoKjOsWu3eIviNxXOVPYnpTqdn+7pPtfmQr3DX6nhmUMf1i5lrbbo3WeQVH3fNnzsvbU+OfFnpr6lH+7VNkT0fAl4UyfLRSGhgbyMo5zojMAAE/QLAH6SbHS0YiW0Arro61dhUNoPNEUq1lWA3S4QeuFOPbt22dxNw1kb+svviFarM/CZq359TeEPSKupAK0vTRisSMD0Bp9K3mEZ4tF5ejs30cAHtvi9aN6WYSaK/+6k0/z+a4L4VC7foAur06flXE4f3hoxH3N4PLijPtSuoGD2hAb1sbG/VGtBWhXY93X9PWenXTfdOfMj5fcl9lVX5yhVuMAXf8lhCNDh0JfQuhPXpbhvzpvefnB5Nn3CzKC9bQYoCNNbN2XEI4MyThc8yWEzQK0Nz9ytHDo7NSKrGxSRqlg+y/DH6BsM7jmhnJXt8jLCC64bMLPoD6J+gxWnsTq58uel8pTo8+LPTV+Nyp7ortR2RPR8CXhuafA793x0Yd2U2B1fmx49P6qDLsBAAC0zywB+kmxONiIRZCAJVLPumnEk6Cnp6fDDTp8IY7/9J/+k/XdzU32s9nFN+To9DD1kPXwdSp0WnSKbL7WPf1Z2IPian+AthdFFHYoAGLRtxLLlnhGWV2Owv6hBCC2u+e78l0yQqffer4sV1+qYoMArZZvXxrqPZAX7/TKGLoyo82zYW1s0h+9tQCtlqfOHT/8jluxONA7NHynElObaBKgxfKdYdlJ3c/Cu70nR+65yG13llfvXpJx9F133eIDh45fGr0koy9igI4ysWJ55sqQjF53gIWD75+UMRI01lYCtEvQxwpdpydlUmSs3h85qc+Cm6uTI+Oy/0eG58qhZO/OBK8/GVysPYMieAYrT2Ld8+Wel8pTo89L5amR3ajsie5GZU9Ew5eEmjnX1eRCz+4rEw9fuifDbgAAAO0zS4B+giwX1rEIErBE6lk6bcdJ0HohjtHR0b/6q7+yyrtZyR5qfa65+IZoy+nPwuaaAA1A302sU+IZZVE5CvuHEoDYCNAE6GoEaAAAMmuWAP0EWS5sxDpIwCqpZ/W0hZOghYaUO3UnQYcb9PXr1zdzg5Z9kz1sVp/19Gc9TDvmxzj9Wdjj4mpngLbXQsvsCB6DzQeQbf6/ad1ZxaZnLfmxWWBugf1bCQDwjFgeHbDvSLQbAADAEzFLgH6CrBs2YkEwYFnEs4Aa/STohg16bGxMG/TmvBaH7JXW54aXfm7x4hvCZipFAdpeCBuxvW6BHSuAjejbijVOPBOsNG/EMvO67J9LAICUW11evDdaOuy/GdG+HBEAADwpswToJ8syYh2LhiFWRjxrqE1OghYaYTXIapzVorJ+g963b19HR4el36dN9kT253Hqs9BpsTlqoT4Le2hc7QnQ9irYiO1yHTuyuGySgKySNxfxGTY9q8vRWW9uzmLzuuzfTQCA9Fl0Vxb5MF949+ilu7RnAACeglkC9JNlJbERi4kBi4OeVZLWToIWmmg114YDdH2D7uvr+6M/+iNrwE+P7IPsSX19FrrzchR6OHpodpyPffqzsIfG1YYAbc9/c7andeyAmrOjB7AuAvSzx8JzI5acG7HSvC771xMAAAAAoGWzBOgny5JiI1YVQywjehZKolyIQ2i0bdigK99JeP369Z07d1oJfhpk67IP9d86KHS3a+qz0MPUQ9bDt7mIWJ+FPTquxwrQ9syvy3YzxA6lETviWOyAgOyRtxixgk3P6nJEFp4bsfBczUpzE/avJwAAAABAy2YJ0E+chcVGrDAGrCp6VgmrO6EmVy2wQoOsxlkNtdptp6svxCG0QYvKqdBdXV1f/epXLQk/KbJF2W74xGdRX59l//VA9KD0APVg7cjrLr4hbL7WDdAy5/bouOIHaH3Km7EdrGPHEWJH2YTtJoDmfH8mQD87LDw3YuE5xKpzNYvNzdm/oQAAAAAALZglQD9xVhgbscgYYpHRs6S40UnQQhOt5lpNt+EGLbRB37x5M9ygxRtvvPGlL33J8nCSZCuyLd1opT7L/mh9tr3cqD4LPXCbheinP8uc2wJxxQzQ+nw3Y3sXYkcQsIOrYzvViM0QgDr6drOMNLP23Ii152qWnwMWnqtZbG7C/hkFAAAAANjILAH6abDO2IgFx4AFR88io2dVMcrFoNdv0OEM/frrr//BH/yBpeJ2kzXL+nVDmp5FpPos9DD1kO34G9VnYXPn2ZwGdMJtmbjiBGjdcDO2dyG2+wE7soDtSIjNR3M6cQCUvO+IJaSNtecmLD9Xs/wcsPwcYu05YLG5CfuXFAAAAABgXbME6KfBUmMj1hxDLDt61hyrq6NVxZYbdCVDa3WpORW6kqH//u///s///M8tG7eDrE3WqSvXDdWkZ6E7pjsZrz4Lm6MWTn8Wtkxc0QK0brIZ268Q2/eAHVbAdiFgMxGicyR0ypqxeQWySt6AhP0pxSb2cCPNwrTl54Dl54C154C154DF5kbsX1IAAAAAgHXNEqCfEmuOjVh8DFh8DFh8bH4StKjpihpwNeaK8KnQmn0ngwZdn6EvXbq0b9++f/tv/+0LL7xgITkKWUqWlTXIenSFunJNz6Jhfa6kZ6E7b0fS5NLPwuaiSX0WNpsBm+vNE6BtvwK21wE7poBt3D/3NhMBnaAKm7YW6EQDGSRvQ8L+KGKTsXfP1liHrqZVWtX0aCvQNGgAAAAASNIsAfopsY/WjViCDLEK6VmC9KxCPl6DFtp/azK0lujR0VENx+K///f//tZbb/3lX/7ln//5n3/1q1/90pe+9Lu/+7u/8zu/89u//dvyv/Kz3CK3y73yGHmkPN6WvH5d1qPdWegmZFs16Vm0qz4Lmy/P5jHE5vpJBmjbYCO2UwHba8+OJmBH7Nk0VEdnm6pqOo+x2bMBPKP0Lcn++OGJs/fBx2ZvtSFWoD0r0J5maBXO0MIKtGf5OWDJuZr9YwoAAAAA0NwsAfrpsc/MjdjH8hDLkZ61SM86aMsNWmhymfbWz9Dj4+OajP1Zy3ZOdCS6oK5E1qarXSc9C90929eE67OwheMiQAOpp29M9scPT5y9Dz42e6sNsfbsWXv2rD17BGgAAAAASNosAfrpsc/MTdgn84DlyIDlyOrrAFuXbLlBi5oGLbQLa4auL9FCm3LFaMB+D9ijq7uzqE/PouGJz8L2u4X6LGxGWr74hrKF42p/gLa99uyAgqdZj9nmwNN5UTpTMms2i9V83I9Jnh7gGaZvVfaHDU+cvd89HnsDDbG3Vx+mLUJ7FqG9tjRoYf+kAgAAAAA0MkuAfqrs43Ej9hE6xD5mB+yjezsatDZGi8GeNmJRKdFCO7II9+h6leIsbMlQdxa2DU+2qztge5NwfRY2vwFbPq42BGjbr4Dutx2Nf3btcD2dAp0RnR2bLc+m0NNpDfOpLQ57roBnlP5HM/0jjSfP3uweg75thtn7qWdvtZ6+G4cztDZopSXa2rNn4TlgvbkR+1cVAAAAAKDOLAH6qbKPxE3Yh+cQ+2jt2Qdvzz7Ge1YqG12hQYulsF65UYYW1oy9cIxuRTg6C1tjQLalG7U9aJ6ehR3JRvVZ2Ox4NmshNrMhtoq4Wg3QtrVqtlMB22tPD0Y2YIfr6RTY3Ny9a9N2546vxI5NbRP2PEQhTyHwzPvEszcbPD36FheDvUUG9N1Z6BupsvdZz96XFxfb2KDtX1UAAAAAgDryic8+huEpsRbZhH1aDrFA6dnnas8+b3v2Iby1Bi2sY4YydH3MtCIZnS0f0JXrhmyrofQsbP+eSH0Wtpa44gdo26mA7bUnR6Jrt8MNnfisc6Szpk+VzWvo4ikV9h8CAnZWehTjQAZc9fSPFZ4ifX+Lwf7SCOjfHELfOYW8i+qbauXvCXsjXljQs6EtP/sArQ06nKGtPYdYda5m/7ACAAAAAFSTD2gWyPCU2GfgJqxOhuhn5wrfXY1+vlbaLYV9/G7UoIV9evcsAYQu3hDOm81o9hT2e3OV7ixsS03Ss7B9jVufhc1XiM1pNVtRXC0FaNtUNdupgO31gwe2Yk8P2GbC12eZMpnHd8/8VMbLXd/60t+++L+/+UUGg8FgtDLkPfObh/5f7138B/1rQ9575d3YXxraCTdosc6p0Jacq9k/rAAAAAAA1WYJ0JuABslmtE+GWakM6OdoZeHS03qpLOJGydDCarE35VlLbo0uYst7tl7PtufZfni2f43Ss7Bj8+yYPZuLgM1UiM1mHVtXXBsEaNtIHdupgO60Homu1w43qM86TTJrMqF/ffT/U5NUGAwGgxFp/H+P/2cZ8pYr78DynmwFuq5BW3v2rD0HrDqH2D+sAAAAAADVZgnQm4NmyWa0UoZpsazQdKk0YCqLmJ7V3FCDFhZ9PY2cShtxmCXkEO3LNey+EFs+xLbh2bY92yfP9jXh+ixsdXG1IUDbXofOfbbDDeqzTdudO7dv3z54+t2ajMJgMBiMeOPQ+cPylmvvxZ9+Gm7QYv0GbdW5mv3bCgAAAAAQMkuA3hysSzZnH49DrFoGrMV6mjErrGaGGrTQtqksAHsWhkOsfjZijTlgtzZi6wqx7Xm2H57tn2f7XZ2ehR2nZ8cfsNkJsRlswtYYV9sCtK3PkwPW45fp0OnTU8onJyf/nz/9Zk1AYTAYDEa88efF7fJOK++69nbsG3TlktAaoJtdDNqSczX7txUAAAAAIGSWAL1pWJpswj4bV9N0WWFF1tOSWaEZV2nbVD75GovBAevE1TSHtsiWqWZrD9i2Pdsnz/bVs2MI2BF6duQBm5dqNoNN2ErjWi9A2xbq2H6Fnj85EltfUJ91RmS+ZB61PouJiYkv7vtKTUBhMBgMRrwh76jyNitvufr2K2/L8hatDVozdKVBa4a29hyw6hxi/7YCAAAAAITMEqA3E+2TzWi0rGEFM6BZtkI/UyuNuRU+8xqtncrCcDWfjuOztVSz7Xm2H57tX8D23rOjCtgxB2xGqtncNSFzbquOq/0BWmdB5+WOv+jzrVu3JrwbN27U1BMGg8FgPM6Q91j5W0rfeOWtWN6Z/XU4nEqAVi2eBC3sX1gAAAAAAG+WAL3JWKNsQrtlDYuYAd9m11jWDFjWDeiHbqXNs8I6cSOalddhj2vE1h6wbXu2TwHb44AdT8CONmBzUc1mrQmdcFt7yB82Z48IiRagbb8Ctu/B9Tf0sGUiZF50sqanp2/fvn3z5s0x75NPPqlJJwwGg8F4nDE5OSnvtPqWK+/D8oYs794aoMMnQYv6k6CtN9exf2EBAAAAALxZAvQmY6WyOWuX1TRjhlmmDWjhrNDUWaH9t8KX4Sr62Tw2W0uIbSlg+xGwvQzYMQTsCENsFqrZfDWnE27bqGa9uZrdVy1+gLZ9D53+bJNx755Mmb+GibvGtl5547p39erVmnTCYDAYjMcZ4+Pjt27d0v92Kn/9yHuyvD/re/iGAVpYcq5m/8ICAAAAgM1gZX784+NHflqQ8dbfvVX46ZHjH4/Pr5RlPDGzBOjNx2Jlcxowa2jMDNNcW6GRs0JTb5jVzxCNxQ1pWW7IHtGIrTfEth1i+xewvQ/YsYXY8VezmWrO5rr5JTisOgfs1joEaAaDwUjxIEADAAAAeMYRoNGE9crmtGHW0J4ZptE2TFNnhTbfGpZBq2lBjsGWr2Zbqmb7FLA9DrGjCrEjr2Zz1JzNsmcba8Tac/P6LNofoGXK7vqLb2h91utvfOL97Gc/q0knDAaDwXicMTo6qlfhEPLeK2/F8ras7+F6FQ7Lz567CLRn+ZkADQAAAGATWxw5KuPAm/kG3jwg4+jIoj00YbME6M3KkmVz1jHraNUM03obpsEzzBpwNS2ibWTrrWZ7EGJ7GWJHEmJHW8dmpzmb34Btson167NoQ4DWFclE6Bzd9dfY1hqiAXp0dPSad/HixZp0wmAwGIzHGSMjIxMTE/JmK+TtV96K5W1Z37HlbbzmJGjLzwRoAAAAAJve4vCRt/J5GepvfnJYRu/7vYd/8jd2k/PWkeEn0aAJ0JuZfgReh6XMOho2a1jKDWj2rOGDcGNaR2Ow5RuxrVaz/QvY3lez46xj89KczWyIbTWupgHaNhhi+xiQw9Aj1BXZbAXX39AacuvWLb3+xrB3/vz5mnTCYDAYjMcZV69evXHjhrzZ6oU45E1Y3pD1XVreyZc8y8/BVTg2DNDC/pEFAAAAAE/F8vCRv7XGnH/r8Nm7q3a7t3r37OG38jKcvz0yvGy3J4cAvclZu1yXflKuoaG2hgbPGto/61kkbjdbex3bm2q239XsCKvZXKzL5rSabT6umAFaj0QPUld0L7jKSThAT05Ojo+P68U3xLlz52rSCYPBYDAeZ1y5cuXGjRvyZivkvVfehOUNWd+o5Z285ioclQAtCNAAAAAANq350wd9XT4gY2jabqwyPSRD7hYHT8/bjYmRj1qay7BpWb5cl35Yrqeds4ZmzxpaQZuxeByXraUJ24Nqtq/V7Kjq2Cysy2azju1EXI8VoG0dXiVAz8zMVAL0zZs3b9y4ce3atcvexx9/XJNOGAwGg/E4Y3h4+Pr16xPe1NSUvAnLG7K+Ucs7+YYBWll1DrF/ZAEAAADA0zDc7dPyuyUZTeqy3Dxfetc/rHvYbkuMfNTSXIbNzArmuvTzckNaO2tY6K2jObQVVper2X0tsO3Vsf2rZkfSiB3/umweG7G9iWu9a0BvTjYlQDvcvXvXehtaZn/9Atn18PRrv/dzjf2zzvylh/aw8r2Bv/yXdrv4l385cM/uEHdO79mas3sa+v2/7Bt3a7r1D9/5nN3UwO+9dloe9Mnf/8nP2w0/93M//ydvX324/lL/4nt9t271/cX/bL8KXY96ePW97/xf7faGfu8Hg/c+sweXP7vV94Nms6F+b/eHt+SB8Q5ENyIenn/75f/F7mnof/vee59UHn6n6uia+udVm9jAw0/e3vrPbMGf+7nP/Zs9u0PP4M//6U/Wtq4+u/Xed0NH/K9/dOmB3SNufbi78xfsngZ+7U/ePh+8Wu6d3v2C3Vznc9v+39s2nNXyZ/cGf/iS3dSYPUcAAABohgCdFpZ71mVFthHruHUs+jZihbXdbO2N2D7VsWNoxI58XTaDTdhuxZW+AA20kfwVYn+ZAECr1gnQVU2zaYD+7Fbf90L3NJH7N29fevDEA/SDSz/647XM2sTnvlPUXvnwk78LbbqZL+8evPd4AfrO4O4v283N/Z87Xz9tZbzFAP1zP/e//UB2rSUPz//opf+TLSUz8Bf/8MknxZfXCvT/0Pn25WBvVfMA/fDqT17+Nbu5qX+957Tu2WMH6Hsf/sXGr7b/21/23fGbAwAAQCME6BSxnroRS7ONWNBtxBpwcxZco7Plm7M9aMT2uxE72o3Y3DVnexkXARqZRoAGEF11gP4fOne//p1w4PvcN+1k2GYB+lZvdRD8551/ua/v9JnTfX+3+0+qsum/+M4/3Crfu3Xp/KVLZ/r2/Gu71fnyX7536pLc/sktt6UG3dYvdXrgR3/yy3az+Jff+8ngGbfUpfF7D6sTbRCgH37y96GoKl74zp7ioOzbe6+/XLXP//c9Lqc+OL3n9+0G55937v6H07fu3bt1vu9H/+Zf2I3Ov/yLD+/FPBDn3uAPq4r/P/v9v/jRPwyePtX3k9eq9+qXg0XqAvTP/+u/eLv39Okzgz/5YfUiv7/7dOjE5Oaqn/T/9S9crh1/L9yRX/r/rZ387jQL0A9vvfdvw9H451/6P97uO3X69NB7u/80PGmfc8++aBig/5eXOrd2vvTl3/uLAx9vMKuyG+HNfeFPfjRw6+Fn5Yfjg29/NzwTweYAAADQCAE6XayqbsQabRMWd5uwKpw8214Ttq9N2HFuxGZtXRaS4/q5X/qlX/ofPfnhF3/xFys/669CfpBbfsHTn/V/hXu8LPGL/+MvyW3yP/4Hud+vxv2go3JXZcivv/xLv5yT/++Xflnv+sVf+EX531/4v/zCL//yL7vVevKz/uD2RpbzZDf+HwCQeb/yK7/6a7/2uV/91V/7n/6nX5H/lZ8/97lflx/kdrlFhtyid+ljZPzKr8gPv/qrv/q5X/u1X3dDHi9r+LXPyQ+yMveDX4muR4b8ILfICmXoz/q/MvQBMmRZXU/NDzJ0VbpUZbgFfv3zn//8F+R/9S7dkGzi13/9C5V9k5/1h8/9+udl6Ar9Efs1//rndSW6TvlZf/jCF35Df9a7dM0ydEOf//xv6P/qpvVX2dDn5MfPf0GW1aXkfyu/1gz/eLfpmiF3yf/KIjL0AHU98r96oz5Ab9df5Qcd8nPlkfK/uja9RRfRpfT2L3zhN2X9X/j8b8j4jS/8pv7w65+T/99vfv7XZUu/KT9X7tUH/MZv/KZusbJd+aEyfvM3f0v+Vx8j/1u5V37WG+UB7sbPy61yk2xF1v8FHfKr3ChD79Uf5AG/9Zu/JXfpjfqDDl1cbtT/1ce7H4Kty5A9rGw6/MNv/db/LHui/yu36OHIz3LX/5+9/wDXrazOvXG/71zHluv7f/nOOTmJ2dQE9upt7w0iUkQs9LYr0kQhmpB4ooAtFor5ItiNItiwRcXE2JVmL0TAQlOahQ1bEGm70BH/vzF+c4717HdtFDTn5HyXa3pneD/3M57xjDnfd717vbczc7nEWfNRAEpVU4mpvEqTE3QY8CpB6oqpew1NoFvgybanLGo4QMCKFSvB8uUrJDVcuXLVqlUHE51aHv+1ctnS5aEsi1HkrIjZmFm+EsjJacU2R7Jq5cFyp5YtjXJx5H+vzL2IK0he1g2DZ0x9JXqdl6RF/uDF1WgxHpeUZC5RXGve03DetbyNiIrweAHy7eE1rOVeK3UiOaXUvqWTQw8m1GvhWtqYjPf/6ES8dsGZclVVIPLxBCnEwj6HWLPwCQiVEYeG+QyCo8enGz+MCYYUBPAgI2OjfF4NjUQDpPMJk6u6T0Mqs3uWMgJzWjJ3CgU+wW5ZTWWYD+TMZApusns5C1CcMic4n+ILh8eG+cjjTAJwh3xw8yELQu97ru2A3AhMADVsyXiDrLnRkJ9Pf0r5XONjkU9nyrIFF7zqwCVM1aaeconmUHOCYZIpXrXkk7x2ma9uWUQjOSgO4cbSiTUcwMC5iOjBIixh8/51QYxqKdYpuK+lRFWOfrL+3L1KJ4dXyoTq0LUkWKFmTTC6nFjLhVesMpvi/GDEj8AUP3H56sNRPFlhgmdXhASWMKUoES5HNJo/QDY9NTo+xSfzGJ/LEX3fEuHxczHMqXGyMQupdzWKU+aMDfErxRhxYoSPCc4qAHc4Tib/jFKTUhShPhVYS7WhESA3AhMoGz8vfT8tKUQPuaQWUmSKy5u7oFCcOLpwGAVuZWdNcBUgpxXbHAll5U5VvmUVieR4RgzNt5o6sYYDiFmS52CSWXbnvDiFhcPwcepTeWhE0QR1hxABr0yi1SZHOl6r1K3vEusA15IwxevYF0QxwehyYi0X07wQfQ6xLa5Igmek2HZlAnBWQgJLmFKUCJcjVpMhkgPvyQTnsrEimRmbmB4dN6KQRoQzlUvG2XRmfNKW3A7FTauHbsfRSI78rGZZ6hR3WJuyEZAbgQmx7ygK+YOkMKAwnBmbXDQ+RXRqcpitJyaG2GISjmiOpFYBclqxzZFQVu5U5VtWkUgOikPzraZOjOH4pFepRbU3XegvGnHROOfFKXSvi5dRsb1ude4C7hA9KmcnKnbCvr5ktLSI3077mosnpiSUhbMFMdtAn1o8MQ0k7mh0o8KSyRni4slpKhNjlrLJFZdMzbC7Wy+ZnKYNNwUM2dE2itDGdlMzTClKBNwmZ0YjLqaBsUniLKmpqtlPbTc5s2RimsjpcBZeJRSm4MRuNvO9bihET1PFhXG+eXG8Mg5pzCbVGWar0bwvnNwITKhVc4mVgVe+HVKEy567xJQtceVRbNIcSa0C5LRimyPx1YQ4VfmW5YIYF+dJLfE9kz0TGaoT6d+XwI0K1R5LWnjivnC+8/N9mNX6V/PkE05Udwh51Gabbaaxy6Hzu+WWWyoay4NOEziIaczGVLrJGspGazC5JYpmdONQF9dxJt+hCmg32mqrreyhFPmhhx66eP6YP+aP+eP3+OBjUHN5ISFtVjnicOsOJyeapr27kJSMYUanAQ00oKlDpvmuRYEQJW01h5HDF5xIjMiApfmVme+ts442pLhl9VVLyYJwxDHI6Oi4febX9qgGaosxvtk1/rKlqiyzROCORBMg4/x+njkF3WeujEM4aeGV9UUUy9ZUL061id63RSfCBbMMc9NubVVj1mT1ckiLAHMkVY2IGD3zpSINU51TIoq2KRjhi1CSEKnau7RVQZHoFooDCa2iKzc5MVmunyadQ804iDafImRqcqpyBIqeXSmT/HY9Mjo1NV0tDRDhENitRJ3IcjmirrSQE03rOF8k0mKua1iXEV3RaKZ6nRTR03To+VZE5LqZHL5uWsz6zg2HrVy5cpVDFa1nnWXIyhWrtJtLkZvW+Mu93g/hzHar0ncm6jJDVoXrHcOCw7Kq4WXC+koNnKx68XjteE1HRvP0w4PufmbSgGbIe5eYL15XAWIFrxLwfdISUPvaA8R8xFqu0um8ZLyIifYUqkitrbcrMT5Tsj5kNoEfH/6T7uE4s+Tww5irTDCf6JCPzhjy2cXHSK5NMzqWs7AqABQ/cEthdnjhEDr5DONjbmPiZ1/3Mc2HZFrJEnUiReSItRbIiUyFB0dv4TWPGDWjE/FhTRwnMytEfq61eaKkqlVxcyo6O0F+dm7NjTifauE4cynig0aguLY28kK1itw0L2yXwDC3C580uXYqcEeWBE8yxTshcwoOLVW8pqLhjWsCFWHN2CJb8nUUdOtZENuzcBVFqqYucEuAzUsAxHxEpxiqlE4U5SMrkmC+SlvNUooDCaHQT988YKiiSHRYJxtXLNNMmOIHs88RKN1F6BVmWY5uBeIACfCv2AiNBeptTFQnttazrrSQE03rveYxo2a0KBNWB9ZYdi1RYhqzHclmqFyRjfjJgtuMigtd4nJi6/CiVE0AYVb7uBS5acwSWz+6hvCqbLLbSaa4FH1N4bAtBa+pEq1ZtqkE6LcSdTmJcMEsw7GFw0STywZl1mT1sPY2JmVAw9tqRMRarlI6qyCgfGQrkGC+SlvNUooDCa0iGKooEh2WQ221WuXp1BLgtbJ+p+QlmiGThSjU2ZgIh2CCLVieRJ0Y1nParBNDsal9Anm1UdwYHaa5BihCtA2IMSqnZ0SUmOam073tO9NbXUREvd2ahQxwTV5zStHbdQhhVvu4FLlp7tX60TWEV2WT3U6yqDd5Cw7bUnENmdr4MrZ+NGkz7BIbTUwNj2m66akR4YJZhlwrYl1AL6Yb0QytgnISiwBzJPSgBWwbMez9Poob3U6jkCUSlhMtS1Rxa4duoajj7BYQYiliyeT0gOns0BOH2IMiZLupmcoRKOSUAa1xPD0yjh5GM6ui4e6MOlc6Aa8+7dmzgDBb1vNM+KrhSsewP0dPH1LcaIVEd/XQPRdjXuTOd5aY5ovo0JyKzmZy9+K6Rcvd15xSPCmHEGbjbTZnuWm5V7wxSq8hvCqb7HYSLlS0yhn1cOjbtThnUWc3UNNSJniyvL55yujxssIFswyp5qv5mhNOsqCrIGFAb5mOs1FzuXWi5SUSPZwi6juDrbfa2nVhRsfqrfSg9ZfDm95scyNDVknkXeyP3DAOtugkarFJHvMG9Pwxf8wfv+eHd0DnTc06y+E+j6QJW8pcPnATNIRvytumYUwMz7m3mCnlWniJ1gFOGfPrZFgxUAb57TXdGABJjPLdZ4hvSBEZWsop98oYvqrus6DJUPr6EouPjY3TLdEiVJaUoljbOYT0dz0HtyXvgIakHzLbswjfLGGCSq7q8ou0eqHETAgXuOddQVC7OKwcwJRDibzcUh1nonc9F0lLNwgI0hc3TvBVn5BRUcC9ZXhAYWs21XoDE6xNaL1NTky2piHDyql8RDIVB9BZh1Eq9pril97s0Da0jG0GQgJQNGEgrWxolbm8W8XX0fSUY9Mmcrnq2rZKinEinlF2GxfEyCl4EeB1RorlL+fNznmDczjEuslB5BUDvdccCOM4FDDrKYdrHMO4Y3rOHdClKHa2cobwmtu7npctZxYSPI+OLFvOD1iBcxGerAq8rgBA4a3J+fr27d49Ca67ogmZGRcwkxl0lb1cDisH9MU7IjezKsymxft/dIKvZ/H+52t9VChCzmxms9BZOTVnFdaNjE6Ox+3Po2l6UgqQIODa3JTqRH7W6GGYH9fgrHLhOELvbw6AKSJpJGi3mVmbytuhZcuDdgpAqCBRGeDxvwdufBM0JOOQUQ86Yt8zq2rT2ho4ZSTTzuEuJE6goDNMwLVEid3HWXrQ8oyxUMBFFQflSJrphSLGMOu7kU6rQCQHYmOxu3cZ9zwqZJ8oikT0FuQLC4Yn22/BUGJXNgPsU5RogpmgClZN4HC2LJlpBBeRm1kV5qaFyd7ntwuNtbxEAWfhoJK3P9Nwe0bCc+EHRJdZMKycykf09OeCKWJbykx3NCfqjNAPl4jpzlz2DdzZu6lAyoZWmcsHboKGZBwx6rSW31pKiUThFD9KNGBxGqtmalOIsJrROpK2skO5qBxQnrKZDEfzjmkz1UEpitrKdsvQHooPGM0S9Bbki1o1RSdw9mJtQ1q9UKIJZsqJ5ujzOivMARq1ReRmVoW5adN8xvf57UJjLS9RwFk4VxnjGqatLNpZdOqQU2J1ZYIcsdoYwHRaupNkDo1oymgrazFDnO0N37B1FMuD7tPCXZ3p74AmigFuP0SGnmzsmLG2MLZKiblR11IfZy0weBleihABj/YyMrRbp1xlLEVUDqhqZjKcyDumzVQHpShqK1PHoT0U74zmfq0EvUV5r14xlEXh0I1PsxdrY1VcK6K2msNCiSaYmbwzB+2nfD1hV/YTQx3nbAO+qDd/rW/NhsRNzay1ZhHqGHUSjYoCvmRqhi2ifgLu7c9s6u6AfYU7Lpmc1mUWDO3NBDkimYobId3n3jjuSulNE7s6OasTTTKwW84rrkxGpkwrG7pT5pxgrWLIFYBk9NbjeOE8qdx6VimRKJwykgm45nAXGpN0W8P7vcjpOnHKDgf6FJUDqpqZDHlvEM1UB6Uodu+fPGuGEC5g9JxvS36Ey4NWJKK3oKCoCv0WsxdEEq9aPyyUCP7+xJPMBOrxCI4wkfuHbGj7DhzkGDfvPeiwgTnSNRZxy3O6yXrQxFn0vrMg2QjCqu4rBAi53i2IEo+om8e8AT1/zB/zx+/5oQENhtMglg+lO+yd0WCbbbbVZgXOMlXuc9xfnL7z0PAIUWK1FukVRGQaEknpzMqFpUBUyDiLoc53Fq4ixoJ0gVvYmL4zsTWgSR8gY3yzyzaoYymiIoAwlBepYeXnVMD8NMq6Cs4qMiz7UqWIgNcShi2vhAFFsYj1RXp3nXNtKXMkmqSNN9o9gkMRjPFFNyHXg55I07Z8WHcphV0kRMEU26H0m3b2H1EHcGyUzULh9TAyNDJklmh+SwZ8xqnJ6RDzDmXNZbtSsROIsw+lK5buSQE6Z0ruLFNcEK7VZN4BrcvM0Mvl9RwAOcb2FDwLuPBSqJTOXmkEd75zf+j2hkGcepBZhFPc+c7BGwMafYB0XnOfIykDGhJitxnK7NGZzpE/6D5nqRW8iPEzxuue4FzqZSWqzJJ4HzJFJhcxTptXouXCoQsLNYS0bwyvMCKo7Rw626ZByOlEmon3/GznRJp3IZyoWLMqfGxJokhCB3mc5b2vGjwviwtZQkTx9ufhhcMsMfogDh1M1raEIvHhlWA4QdV+F6cgYZv2+wI/SSHe3QxnyjT1ylH3zmjAZzpT8sikq4VD5T57H3Tc79zpkLjTNtB3COyq+iHCq9XZ4plcOUES5TsLFT9z+TmXJDZa7naS2m6AaFOSo1tKZaK2LCiDVUeVzIL5swt7sZ0C6t3y9Igh1m8JsKvZJf21kguHKq6KhVWhb1jArQ/Y2jSHzrZpkGpPmFmr2itjWjurwosiIYpuIRc5X4Xygom6xpyLCidrZGhkWOfusIhrBUNvfEasKQhrVSotPFxGw3Tb38vMv278u5a6YumkSXiHMyV3dmyI30VG2/ugHWq26sYOYJLlGcui1ZCVsxfwRwnAjYXoIfbt/FwdXqJ1JIVKoLj5EIE+QFxeOZKqWR2aL6lh5Q/k1BRQV2RowSlimphFBLxcWoYtr4QBRbEIBUuHT/H7SOZbyhxJZWZacI3gFDubtZKJmr8kwE1rZ1XqNm2iqIXVgPnmqKt4+zORodG1RPNb4lrBcCZ93mnE/o5jiGa0Jq+Ksw+lT4edCu+adxdAD3qXgO2ccja81LznkaE1+1KDIMfIjhAiXDHbCOuWrekBwI2F8HDTdxYqTqFLCpWQZxT5lq3KLXF55UiqJoShvEgNK38gp6ZA6HnpumuV5i8RndNfxDBJezWI7bWSV8LGyqQdFikPEcA1+0B0RX7uLtGA1t0D0Un/WIPERnWIFtc3JFaCRIVdvNnZJ28Ad0SZ3TQtaTZaknc0cxa1e/VQnTBrPw6LuFaEZZw3PodtnVFRM9olGsoxm+5t+qfReZ1F50pnjr7zDD0kiZPa2Lf1kkLqamTz0bZnMRdZIaJnlGcdhqxc1NrK6REXP3eJfYEK0d0lhUpoWxXoA8TllSOpmtlhd4mK1FADeq77rOLV6E+ha8aC1u8JU/AAvJYwbHkl+AiOUsCjFixYoM+7xRZbwMMDTv/XA67z66Hisdlmm2291dZETWTiZpttLnLRVgsWbFZ3QOsvhz2d1jPJutVU2IjkUftmC2FAb5X3PiM6NW9Azx/zx/zxe37wMTiUtvI222yruZwGbpi83hatDS0Z6W9n1tUFCxcG32Yb5GEwNDxCGWIVAXAWEoWKYNkov3L391zzXdU6gAFDihGZrQpmxnSvj/GVbSMSRgRdDQ8Ht09Ifk3mWzDfkcPdzi+zodRya7oFYJdxvnLylTjFzvjqk4FTwLuh2aJyUpzlVtZDq1kiYGFlKpKjKDdnYGGtklR+C5ZU2wwrWs2cicZuHiWXr7h83+Za8b2IL+p80+hN1fCme/tVN9YtrC9KIQq5yfDy5sr7Y6j9N1d3WLPFS0c0TTKZ96tqIht1iokSuTrRbgeG8PKabb5WQab653t0yKtH9HIVJzpVou5zojs1wZsynjsxGr5nnkLcOSuYZciLRax7nEGS8HjryRurVh08QED4zmkxB+k95bSSO3uaoUp5zaY5C5YtXeaToBVXsmEiNs9D3xmUWIrc14Vz0WP1lFWMgJfMtDKg8yKM6jVzlYkMISrGqiYxWqdAHYqbxrAiyUxVjgnqiqyKhfH+H5uM93/XZ1VwlZ07Wzkq1gnOG4MfIkI6iZpi8bnTL3QJgLgw9LSeXSv05kRZcoiWlaDwualuZKosXT9VEfWXiUN8nvd2cw1dRQTko9QqyASV0oBufTHi8LYLIfrCcKKfs9ahIP3YhsWLU42LQ6y24YJZhm7Kx7Sf3QDiRvEDmfc+88PZk3AbRe1rD5AyJZ0qU5LIUJ293MJd6kEWiOWomhwVcgqUWMoAjxNMixagwI0gTqTPtD36sWE5MRrrm69TiM7z7IgWsWCBvTiFrnK/o8lMVY4J6oqQKliZrkIkclmIlVMohSjkvC5MRcP9Bdcjdggvm7jVHdZs8dIRTZOgcDXUjUx5DSW8UctBJpbb2w7h5TWTj1KrIFPsnDk+bQOMD/Nvv8+4GCuu/doar7qupRcfG4pnWXTmcm6UP0cBNxqhWu5uA2XjQqqmz2tuCTBHAiBlJddyFSJD9VoIOJEqiGh+JQOnQImlDHBvoHa5irYp0H4taGuWJ6vXyRCiYqxVkspvwZK0cTdaaLJlzUER6IqQKliZrkIkTqcbWzmFUohCbrK8lEqAg7m6w5otXjqiaZLpPF+iFjBxiinaJj+JXJ04zsVh+cZDbcqqb3E3hczwm0zTlTrRE6cO++puA4YCPtM4pyqCHReNTxFn0vAlatrq6jL09mQ4ICHaS2PXZHWNrZYAcyRVjYhYy1WIDNVrIWDrKohofiUDp0CJpQzwuIGaizDe3XoMj2gdKkeFDlyTRfnsguJEhhAVowmACu5OrB1FXtiubYYRWZK3YGsHgzBqexfP4tYHLGdJGZFUKOvQ5w67hbOVo6LLrNFMXJxPfJYbyz5mX3jZxK3usGaLl45o2qyzPBKPcQiekSnvg5YEH+/ua6ZJL1p02w+doo6+8wwXoTkpSN6eHPkFh/lyUIrMeO1szIupmJcuRPXiXOe8zTwMbvS8qnHx8/rHKqrl2m4vt6MTSOlUGCDAHImnYD5iLVchMlSvhYALUgURNeiBsyDW0iQvTf6vCNF/DkFxz9e3a+3oWot4poVMY7sQ5USGEBXiySecWKskjyqTV3u3PVA8ipu2WT58I4bxrOfOgA7fOWNNEgW69z6TDwcQPWh56R5b5d8eZC8OeXtQfd6Anj/mj/nj9/zwDuih3mKGEIf7W6HhQK7t2/Nwdb39eWRkjKhlPBT/z9nBSRaoovjISFi9VVCOyDDs7KrAVBYUpFnQ5QAyyrf+HBJLTzAVf3uQ3sJ6Th4ILyJgccDXUoqwZIzvqHzLy5pVhyGixK1r1q0Vhdu1dYRcXVsTOCWpIRjn1/4sLiqhCAmliKpPZC3EnMo3ZyAzI1/TO39Zn5Q4SoEcqmg9Bw9bMKpZsNogqlRZhp5m6RARyQwTunjE8t0Y+gAKZ1GIA0PgqpoCVgBtk4W65nLiVP8XCBkWIZJjsqKKC80pHd4N+e0qbr6Oy6XLLC+k6RzoeTRPtGeI3NNRJNZsDLs7oMPVDWO3caL1oOWlC2+L1j6etZgLvcvc+MvhR6vErEifOkk8ZyPX5Nq867nE7kjaGdDJPZGyVkG9anWOFYPwjXRikh/LOOcE19pYxApet7p6KkT2gtQucnMGMo2bzEzLeALoPusR13Ig8bychcidquQxfpr48YmaAU4t3MNE1YlPIv7DVDYZs8P81I2PDI2k9dy5jWFiZhFdSKsJpiRMFS8gDvOJnm4yQ+tUZhEiORCioooLzemSew96PG273jWLp3CMsWMmdMglovjA7nJPR5FYsxF7WFOjE/BxEz+ffKbkwzckiaip5+iF6vzHBrW1CQwneTPw4qZhWjsy1GmFRJM5SzKItBStA6yJbs4m9XK0KWW1iiDSoE1NejMW2ei8ErZnEa4PxBNRhJszkGncZKZDFbhr5eoSM52FyJ2qZPVwbCnedA4muRRcc+QUiQy9kdlZFH3kdghcVVOgyg5s0Yrqmrn1FwgZFsl3b7RKrFuh631uTum6z97+PEV36T4zTEu682dF68NKNGH1eVX48UFkI4hRUg0IdfKrcvm51lEXTJUub1EuswnlL6swFAwRJZrINQspUZhWBTepz1rkKL2/aRRTbLcwbgQWlVCEhFJE6+1647A5lW/OQKZxk5kOVeCdu9rsKzHTWYjcqUpWhwgThNsR2zrTXJ9+FsU67RC4qqaAFbSSJ6iTvKCoDifq6TgsQkyHOh3kvFcXWF/OjqXbgMNF6UoDy1KqBYooPrC7fCYNL81fomS6N52Feok6ZQ6JA8kWVJe3sD4wgSE5tcSNzEGU+BSOmoWUKEyrghvpea3Aot75dSouBZElsTAQF7O5hdxrRSyi6aaS6HqGuC9Ex1BRpy/3ykyWUKGPGnyW1eOrXcJeTLeROsUhFiTWpirymErHuexmiXBfUVay2xEZxo3MaSyqh4+88RC4qqYWsTU9sK/Ocs8LcY40ljoJxO3y7xB6FnVe9k8CkdlFdJWKJ9Umy2uoKw0Y0g99tuiaTF1iWnOdg2ep7iUm1izR4sBmbBXYgEP7URf2pi5v0Z4UYEhOLXEjcxAlvoVqFkJv/AhnhwF71neWt7oblaNNKavlFLxL5sVqazrlVZKQcPIJJ6oI6ocBrbG7WX/oMqvXENL5yjnkYKhxXAa0VjJZoTCVf4ow1uUjOJyVuCRWLQj/urzpuD+637o9Yq/+zmiOeQN6/pg/5o/f86M1oHV4CyjDwyO60m0O0Ruf49HPw6MQjWNArhjhS3paxkTyHboc4rASiChZmVF8wU+B77PBOz96iK87YeYCCdEilIVbpK8ZXXWmcw8UapJVZflSjFJlhZ6GIrzE6KwRGfp3CIH5o3xh5DsGX4z5tpxFiEJuWg1Nc0i1SoC7S83WpnLhrKJpA1GQoGHaioBhGaOT/XOKiSN8i+O7TW+YEkUZu3qvbfNEh+5imrOVjN5lIiInyoMDWoE1BCSUH+2wJUQdQwEfHYnbn4E7EuVEm7GfqbyLuWDDtaQFimvlbZRwTcp09mKiiFavoWfXdl6nU6dfeuXQYbi5+QgOjWaJFjNYtiymSOg8aI1iY4vBG5yXz97gXDnpOJdYzrU2tKZzd79z/3cIOTSdaxbk8uWchfDEiUWInqZDfiYnOPV4E3q7dNwBLVAcEuWJ7kK1pQaiIIErWU/WLjBE9yLXLFHzd5LJNKBRhBuBWo4CeNc5RUTXWa7ZLpmU/NApI8xZfedwnHPV7JCPOn4M+f4/NqEB7dqWdHWyoJxPSaJim5BTnZWMntZ2flgn6sZnYwsUlrtqoxxietAj7MjnFh3GMBxbH8GROrtGESqwyk5cXo0Bh0QUojuWAqGO24HG0AzCRwyfhoBPfDifyPFhxOddX9NShdrFIXuVialicX1Yt9BIlbAQkTQ4kWE8IjkXml+zVhjQiZaSEE1z6NlZzatkY/bWdk4UKCwJ0tRso+BVYKOBhzIDhtVqzRLpxCmG1aFTklqFAqjvlKsYmuZsJscNxeiRic4syxOenaKvRQ0BCeVHO2wJUTNawLkURMU2gUjZwDB9xp8Z1EQWo0P0T8NhQBNboNC8q9ocojc7++jnNJ1jmEpn3U5SIdI6x9ZhWbEOK4EYPm/8HEUzoDYF+s5hPferXE5kIRhdGA9xpril3MXYwoTS2xucKwe0vdUWbX1Fhix31vyatcKAbiyiialxOUG1NI61O+G6sTXrUJuVKJxVNG0gChK0/1oRMNRFhdcsUftbvTp0SlKrUEDbAHo15mwlo5tpcuWUSFo7BCTYWA1bQrSymOYFytufwRQKBVM0akCnvxzmDrOF/sbnbsmUtunGV0beRglTJHSZuXWVZZfavYZuAXFYCUQdLo1doNslRxSlSFwCvEvatRap2MKE0tsbnCsH1C7yEqu+IkOWO2t+zVphVs9LZCxCXKTvRgLV4hRI7q5hXpDOg+uvDwW7ayWcdRd3HIiCBPrsbER27BENNPcgU8p+rJx6528KSkl0KlWAezl0F71md/EpHFrPoBNzX7d2X3toh4CE8qMdtoSoGR3I25bj9ue8RVeXWTEiZ0eTCYb51/Oic+FL1p4gIA2gRNne822jhKm6FMRU4hUEqXenU0OIisNKIKIQSSi9crJgvJFSyfaS5JLohFOAV5+Qii1MKJ1VA3awqF3kiu11gBMZ+ncIo1XOKAFfwusSr0hwYp1O7SIh9hvFLO86ibyug6JDrx7x5FefUAmKYUC3prNHKd6AjOKwXGD96ODpI+sg60GHoRwpWy5YEFnhRPe3OTOl9UxkyKqtt9paMaznzl7ujtpx4KCleQN6/pg/5o/f86MMaOEtz5rO7b3PYLh3kImZEAa0HvTChcMIaU309y9nWrgBqHz1611m3dW2WoEhuQQi3xYZQCgbcr8QaEBFEl8qs9QYX0tThKMnyA+M8LW3vw/aL6GCb7KznMh/8a2Vb505BNasXUoZ6KGGSSKH7bgyJjAU8IneAq7lTtWwTbATOIShIrESIOxeaS4BNavuElHOaaJ7KMQY3/e5MnyxSa7XXJwpb38GofTLKcUuk3k7MFuU6NBN5YiVACbDtCWDQVh4LbTqSHCoM2hsE1zukNm2YACtP82W2EnNtkOV4kwJeVUAni+kKnBNAFfS61Omc10xlanJafUcEuMc23MRDBXbHF9NneVyn7WetaGXL1++atXBvcjR+chCH1lDuUW5zIIclPKjgQmdZ53mctrKYTHnHmk3523ODmdJ/k1Ch+2p1SsVP9u8Oftzr2G4wHynjSsQTx3hNeDSc90ZQoyKcBe2VxIO5FaGAzmgvjnCITr5bSkARwzzl4vPT1Z/ChLT+Gyq5SU6tKAcsb0DeoLgp1vmtHAhq2I4zI/luI/gIGo4+mmlO+nQmuXqFiqhyPBCPgRzIz6y+JBMT7lQNYE+tQlEptodO46YD3ruveYxlfhIzVkRCic10t2MzEKHxI2q9WCo2OZEJ/1dz3qa+psM44eQH47hYX8gAXzgg752HIAeZYGcyXRpLQ70WGMXEnLTTsmyEGCHDovUiTgU8DJ5556Iw0qgglfMPhlCjIruyy605BKKpNXb9WxB68sB9c0RDtHJ5wrLXVKcKVB1JIAElni52lUOgasgfSleoIBesOdFbFEJDss7rkwTXO6Q2bZgoRKKkNPN8q9Yb+8WUIozJeRawE5tdK9098RnfucY9T7oxozunNyx3nfW5w3XNYcauJDygiO5d5+NtfsIP7mpVDM6vFVNI1ixLSjclzgA1xbIQZm9PblPoKCzpVRZZ2tYBLFuizbNWd1qE8pIBWW5TrN7iihT7JUcwlCRWAmQsXzacrsE1Ky6SwT1zREO0clvS4HiTIGqIwEkhNvLZW90RIfAVZC2rDm2V5mFSnBotbamCS53yGxbUF8SaAG3ROu5ZtuhSvHeqt6oczfyfCFEpkwAdR20h6oUZVvzCMUhEQ5p951qDGI9MhQInZTzS3TKWSJDjWBFOHqLdmEL1xbIQaFOKVXc2VKqrLM1LIJYt0Wb5jtt0cRUdw1ZFVcjeFwKtoCHhxj2pRennDUIQ0XiwNWzYRqjWnp5cR1qX7g9C43gwqwvnC8Nu7sd6Hl3NaqyBCzOv1ynfVm6fmJtSnENaGK7aZx1buFehfCR01N2qLlsbBPaJpnVXNZuLjBUKaL1XLN1UqI9NU/ZBKKn45RuLKQ7wT5ZncuYV4D8eFlBKXmhQneY+XEWvpoFhoptjq+1m1YbORs59kB9xWq40C5s4doCOSjlR4Mq7ixxSSpVNme7/rWbJYi+Vx1yCgBOcRdWkwNF4qXsL0u90JA8/e6yKJ786hMg7Zv2UVrJPgl6i/4+aEiJHqaFMdy4zxyR3PvLPsd5i/7hGxINaLHVlltttiDyRSQ3j+Ag6nd3TnMebKHivpB5A3r+mD/mj/mDj8GRtHHFgPUM5ES9XbgJus9xz/LwaJCh4XyIdNwKTY3wo9N0tqBwbVtnIz2NCL4zStL6CA+aSIeuiiS+emRx4RSxyCjffcp0Tng3tN+1WQqpXeDpY4RFm2s7guhQ0gJxnF//+HLOd6tUGCK6abnPrjUCjUtAvrqlnC1FUlGvU8ARgdsV6KQd1lqiS6pCtUrnMct3c75KoTHkbJII9XKiHYLwo/MsLAjhvNzIoRzkXp3oeYEy+PTsdNwGiEaemYq1SmXA+JMrljtsBLrGduXtzBBnp6amw0TuiWBoNM1MI8vLg2boBeHiTPb3j2vWe9GApnM5+MCePZ2B/kufmgyTGjgVmWPj3a3NiZUrVy1r7m5uvWmJ9nRZyfrIKsRlS1kW/jJcsczoWgUxwdnMnD1WLF8R9z7nU6FVGJYf3T6Uo04N+PIBfuTU42dv44uAkifOxUKJyEvSvQzJ4xXNh0TXKmDBgpfO2L0rcl/AFqVUlNiJaQ4jOV7K0B2C2suhS+qMiJXAJ1eIvPqjsw9VKEeMNNDd77wxiV2GSR5L63k0ebeWqBFJpGZ8fiXgiiY4FZ+eqVMzbnPOyuUpQ1xSRIThm9E0M422AedjVOsZ6A5L8knQs7PxadsXFKwlVp1N6tqFwCndTKOYYLL+zmE+fMNYxAqcVMHiECJ7QWoXuWlplfITG6RMWEmBJYhTvOjp+VpEK9Zd4vqkCBCNLiE/lvTmLITobCmQWrhRb8m7sj2JHM+o6dBSxjoLQf1SKkrmNgPaZGGHpUDaMyJWAu+EEvNN0p0CKJc5+p9DPGUzFWuVistriVzRBKeIpccbKReWjQuZ4uOBH9aeCIZl/lamcZKPej6TRji7znoGPnlDksYrvxOEEVzW7cN5SMUo+bkLcAt3rK1rCCYZNTXdxZoSEkoRtS+RfiDmVL5ptQpSRSqzgDjFlU57XUXn2l3a87UU0SXkT8Wl68zZck6FiqQi+c7KEUER4T3LhVpLNLMqUL+UipK5zYA2WdhhKRBy2rYrga5KrA6dqv7ddIDUKklxVqm4vJbIp3s/lzhBkYxA3duc4U45q4lTRDCcyruD3dQdjWFW8iI2/TuFKKENKrij2/UFu+KIJpizsd7ZplpUAEWxopjh3/DmwReVUISEUoROMYTIWog5lW9arYJUkcosINIkNWvKnt1lE73lddOQBaQxRDe/uzm3N4IlFTXdhDYcKJKIfYkFT8doY3DBdrTB7rQxG/vKEpE7aoOGUVgVrFkKRN9ThRg8vWb3YovgFM9zd2pJ7zLXji1ZnI4zUVK8zGiXz3ZLJ91DMzrTWUvaC6s+TTPeuptToeQNvDbcGq+eC9ETBHIiZ1oXhKFg6BV4ypN3Wb169elvP42WfGkgV1x++a/yuH716qc8eef2IsNJdpbj3LPPUdetBmSScM8997zk2OPZ0WbcLt42/dApYpFqsmCfEGK8Ln1O5ZtWqyBVpDILiFw6auat0FTmSk5rPcN9DwuN6TovSgEWukXfVQcyvWguMdZ7QI4I/v7EkySCHcOADhM5D91ejy233HLBggU6wqVrBIfx7F3SaRx7U7M+cpjI+dcIy4AO0qMSHEIcEruEPFwc69Nu5ujK9ce8AT1/zB/zx+/5wcdgucBihC/+6e0Kh+jbbrtwm222lQ8Njejq1rM40mfmu/CIHnStZdUo35uYGuqsZwvWpnLESAjPIcCXx65OOdFNTWDNWMDXzBxaNhPgnemsKZzuxHgoWbngXqxtl2cFvr9qaHQbmQPQEcU43wgis7tNlY3Ybjz9Voa6lgDiWldZ2Tp6aw4lA6skFVVAlZK3FeQSuUMJ3Yazx5doNodnLDJC/81wcmJKY1oXtXs6x8Tso5ABQ/clUr8Ut4M463CC/yAmCaONK9APBbyeh6CjV7M1bBPKT4QwDGs4O7QNG2D31jjWR65ZdZeIqXxCdMEhOvltKRB8Y8dZ01kCvIB1B3SK0SrRc4mekw9YpZ6OCvumBTzrOJfLDCAONaArQdM5hmkih4/c29CFSug4CSINaMWI+fANUaYzh4/gUAkDmkNXOipAVnmOcQq8AfLl9hX31OCerMO4AnwvjYvDEgiXhYsTpGIq3RLQLod4DeUSuUNJodLaYdvSBL/axstH390bVQ+X2drIVcT2vFTgDjkprUmgL2ZNqvEBB3co4CzXgB4Z4iNp1oDmQ9APxwm2671OzTUrM1QkKvoBOrTtkNtRPH3k7IGZdJarrBzYZMEhOvl8yo+zNl1mULwc5/hI7WcBa1lFw1SwpSpYm8oRK8EcpkJn2FfrajKbtmYMR7r7oLsfzvzoh7TV4DRQF41hoRLkkdBvMckS9H4jogi/tW9yiqqZSYy0rMDQjaxQSyhlfZQqyxRwKBlcpZ6nYJN2SykQetZpK8glcoeSQqW1Q167dhgn2L8EzsLZRcNd2HB7Xipwh86GqQrPs5B4uWoo4D52w4R2toZtQvnOYS6zXYrESoCwS6WFgZs+cusyaz3LgU+ILtQDo8kfHeIlSw96hH/mx733uW6FVizLFUyyf/+ki9IRHYKxodnnWlQ/UZ+FvStNbGFCmb9Wa2tCgHawQ2ajfmN/izYfQoKAV0EiijkA3VXAm5pVTCazNrJCu8Ti5WmGX5mWtEMJEV5DSUUVwFpQvK0gl8gdSgqV1g51jWs4zQlmcffSR2YXdNOAjZngqmrVobM1LII4YEw7S/FKaGdr2CZ4yvBpLnJavRq+2rtwyHj/lwlV4KBm1V0i9CULDtmCjdhCzr51HewhGusrS8AMrQ6NLEpzqnREh24qn+kNX8FQfxZObFEJDsvJqkwTXO6Q2bZgoc2HkCDgVZCIYg5AdxVYlI/gUDGZzNrICrEk/+4f4FrFK8VHipcu7t0OZ206ksNu41IQtdUcSiqqAK9e8m53CP10O/Zbyx0GoUgPGjBSubagZjOcWpI+o8vrZBf/pltlvbfaXXSc3cthxN5M9HwdCriP3TChna1hmxBmdPrOmssQo6J2s4/mKAUO4HVxPBE5KKtUOEQnnysgd0nxMprPOO0d1ed555xz/errd3nSk3ff5SnXr15NjjqriKR965vfPGDvfeEH7rPfhvUbNK8rZ9cdd2KVBrSNiXZrkNViSGwT2rNjFqg4K9p8CAkCXgWJKOaANJ1jFfARHP4FQr1mXlCGvkt9EEeeSyQ4a6kqa2NMVRqxvwIxlFRUec0JJ2Wp7s0D6R7BsVUazUU8NKaJ5HjIiRrB8C3zSRqAGT1l3ecFC/gvVsdzOXxAB7Pt7c8+cwPdCp1OaLzmrbfeWhITKRrnDej5Y/6YP37PDz4Gh3t/mSjginrEThFL3ybudu7vfV5ITjyCgy+qQ3n78yhflHozl+QqJeREXVS4CYnwTKij+6ypzXftGOZEFRSubev0OhExHIk0iIOEHx0mDF+HuyjG+EKXkbbTxIhqEHcc57fr3KKddYhOpL469SmiBw2xYBFEh5IWiBP8Jp97qTBEbHcRliLmks4FJk3dfGdLkdikHihRwMs5lQiN5gKZFW3Mfe22lIoSOzGtdJ07HToxRgWq9gqEHEWHlaA3pwivfFCGIMm1XRE6hBAlxSf7p0WXv+ysvIzmmiKWHo58LvTKeHE0mouIuGgZM61vMiNt1wVhKBh6BSDxlsjZMHTDDA5HuL39uZN1nJN3yByd5YEHPUMOXr7iyBUrnrN8+dGJ565cdcTyFc+Ku5g3Sst7mVewXENZAzpYHsHTmJ59NIcPiU4POkut8CwAxHP0dCAtEKf4jjbSPXkD5G3gvG85fd7D8b8gLZqZ2WXnnffff//nHHnkC17wgmNfdCzHMcccc8ThR+y15147PmlH1mZ+1Be1r6KRNGfliKCI0Ghu26vIKrnwPTmQI4mPGDN56REZ9gZZmGL8qCZqL4cuGRniA2usbGjXpnecJmZyP7yc0mUDmrYt0ePWfQ7CZ1o/ZTWGEGL50XJFE5wignFWwfNmZ/hI3vsMIFqNRQJZpEqJKkvbdm6CYIgoYbsY5o5uZ/2ueFSjuI4z5xJcJI/LAjQfAYpiReGLom0K2AVA3LFMWGdnV2XnxM6BzYupWKVMkyBaRNIC0V1qSofXc+dSuCOo5gE55AP3JbPtsxRJRfKdlSOCIsITL9RaoplVoXpucyQbN0PO7GuhQSw4HYalQMpKdlgJcZq9GFemzwftSzyX1KogtDES/YBJ/u3KxspfdlbeGc2Z4JT+r/rowpH23mcAmeITPW9/TtI5tgyJ8RgNiiT0Z8OKpQfqD4d7S4JgCzaVjCwcdmun7EFRhJjL3cj6Fi9d+xs4JakhsIfyixUh3svM8raasw7RiS5EcUhsSxXpdmn8yoKuXNmpIOw5VqXlWi4tQDS6RF+PNHXznS1FUpF8Z+WIoIhodwS1lmhmVaie2xzJ3GZAmyzssBQIOW3blaA5rjjgXHdlUUieQ/R5tSwV5dPp/DKEmOnsZD5EwpeAyrWpO9ZLQ4RXDxDNICpIRNV3U3c0zvRe6nSYvLFvWbcS7ybO2ZiClChMQzdnk7pWF3BKUkPAdsaBNDdieVvNWYe25EIUh8S2VJB8o86kDQ2XzNZh63DipqbSj/ai6b7llekuoEA0grTkAhSpHohwoSLp4nhnAYvOGs5S1hTsm6SrwxYV0y4MLqhZSsXZykmEO8ZjFnozUbARw1IgkdMbkcRK4MRLhFc+0IYGOs4DpPxoSfFwpZuTGrh07XnVBSzdCwtHOf3t79iwfsMxz3v+hg0bzjjtHfS2ZHLmoH33R3RIny859ri1a9e+5NjjgSRPZ9Z+veLyywFini9lx889+5wf/+hHt95660uPe7Fb24xbC0QiOpDP1et/LXBKUkPgGREH0tzIm51V2lXwOAVe0zSaadshUUXRl8mTcpWkQeTwCsby/n0YL2iWgvfvxoClXnPCSS7x1SftUVuk51smLwfDrfKmY8Sagug7QyqNY6t8fLM3NXduct71vOWWW4GOq/d/pdA/PCh3FVPOan+3u0sGjnkDev6YP+aP3/OjvQNaD5e4bVq/KGk0R2RoZJh+NIRVIx0J/yGc0t5GiCKjvYdrtDLLVRiqOBs6+YhpU0SFkPn+GGJwvor3pcynvpw6Tjk7yvcjNud3e7bKW6ElVmvBV1TiGN+P+vpwCcWrfm2qqE7U1WVtety0Ectz6zZH/zdiZoaV6ZRRZxMiGIa/2VdgCkhKH+e7c7+kXeuw8muqHGSgRcNQpDI60d+fq9IYpgG490GHSA/wLG6rwGGrKBYp5xdM9q6rbh1xgv/kUE+QKJGTUyIws1YxC7FgGcqgnGUIV0BCFEzZlU1CzDdHXSWuXkaGRtcSI398crNn/PUfHnwGgPjEZ8F1m5qcJiIaU4yG7bY9HZSH0mMq74Aul1niHx7sxZgNCzhnvTk6ok9wXqY1HKbwX65cccqqZR9cvv9nl+57/tK9v750768etPfZS/f6xIF7vOfA/V6x/KDDs1qUaczoeqrGitA7G5rYWc/1LI7egO6OZct9fSvys+0J6rQaPVlIpPF1qzvlOPjx8F11yCGHnHnmmd/61reuu+6622+//Z577rn//vvvu+8+fuP/xS9+cc3V13zhC1849dRTn/60p1vQWJdRotJtlLoiQ3aEEFWiASrwasf7P3qzVRe2XDhsFcWO8OUcwjChEUYRoC9MpkOXRCm+4fOzxtnz0zo0koTLF4gPx4Rcd5KycGIlSELn42th3AFtfYuzSm9XZ9klEhc6i+KfKCQyNHZr0xEeY2FD4sOUCgmGcZr20PTGchWG1S3KQ+lamUBn011A2Ny8N9J65hONGJ+/+XcI0VFy966mpebC18U+2ZSyZcXqnHZ79Zv2dmqcC5FkImsh9uywTsE0o3Vc5ekYLWJ9h0BOAlPAyu4S1bLtjjdrgfm1sMR2yn1riqE9uG9LBLyWMGx5JQwoikUm+dHLtz2AD/jFno6kMk2DkFMiMLNWeTUsaFo7qxIvUBJigB9q/gkbpr3upmOIRjNRV9pZnV8jQ2Os7U3nvN95lvgM6ERYrlPsP7yRvatlrFLOrLMWt5/Ygt8lsgfF0u0HjCyMPzxYRaL4UNxfDKkdyxGWzIUVzKxOJCbI66kaiupEl7PWVbWdyZJKJlJnMj1NzVljWZwivDnKJi/vVVJ6u6Rd67DyB3Jqyn1riqEFrd8SAa8lDFteCQOKYhHrC7j1gaXMkVSmaZBqT5hZq5iFWHC6N5TL4VXxDmgIUTClMa3pDDE/csLxSZO3393IsDpxd/dtyUx3k2OAUovyjlpEoyK7qFRazk6mHubadOPzalHJ1TV5AR0yJXeWqXKEXVuOcK0agBXMdBfXWhDIy/JWVCe6nLWuqu1MlnTJnDKvUdr6M/yimlPG8NSoGZkBhqAuDteqLmDpsaS/1PZQYGgzkhK7qf5ebNoQ1lzcuL0NCcNRz7Eqp+04yythVqFUgr2KtI+fXpIPbmYXz8LtHELKVTTNTkoEZtYqZiFRMJ+w0VrMpXgHtI6zYIqzqHOpsyDqwzqL4pXMlykfKjLnahQ5cJ/Ocba9lxx7/K233nrgPvul3zqxdL8DvMe5nGjTmMpTmL7i8svPO+dceLv8b/7yGCLcLYCNAZqxVeAsU87q8BIdlj4XVjDTE3GtBYG83k6K6sS8qvH+8SboeCP1rrFDT6cib2NW1XbG7CFmha+ynApeDUnpf39iGNByyaO2TH+ZQ0LU9l2wYAHcm6AZ1r3POTl7hCvd3MK8YMFmW2+1NWUAufEIjYSz2s2ixFKC9webuvVWeagYOeYN6Plj/pg/fs8PDWjvcYaUKeyQiELUki5FV9fHQIM0HPh+HY5KuLXETGYVvF8yW9PZggmhZ5G4h5ovLOEb9I9sTpAjqClKLCV5eKxgOJ8QohkN8nt0+DBWjj7jK3xUdq2EmM5Gp9NTJcCp75SiQxtIAyTAcoDClKUGoiAhTMx0NksEDPU34TVLdC91PWiBuHC73Rbs+df/felJ4I8OAif+yb4v3nqHvSKfL+P87js+6WM0HKrok9IG6PzlTDCnTGfS2mHuHt5uNWBLRYgatQJOfWInclIs7y2/zhQbZdd4/LGeneClMtnYAqVzCfvZiu5IG1rJDlVEq9cQouKwEogoRBJKN2ebnQ583LPPevRfnh94/nmPfv65jz/iLEQul6Yz4KLBvYZ5VekgHMbos4EnUjonnrcAx5nyCnKmq/o/PCj0nctrbpVZnvbxsqXLiStXrHrWilWnrFz2jeX7XHrQM6858JlX77/7NQc+/UcHPO3aA5529X67Xb3vU67cd7fv7rv7Zw7Y62+XL13VPBV62dJlSdJSXrpMl1mkFMPOdE6nu08I47s93zYKTpMT9HVkGIZvnjJvd0SuNWTRzMyb3vSm66677u67737ggQf8/3P0eLA57rvvvnXr1l126WV/+fy/rPpd2XxX1LvFoQqI7fLtp2iCYjm2Pgm6hqAK1rAl1iEKeDiPcYKdZRYeWZ/JJ6ZgSCa7BPjI4ZNkIf/Hp8ysp1lAoQhl5W2UMEUCpfS4wTCfXXwYxq3NFIwEMnMYq8qJriIO3YKoJa3iJykYYVWiFAmRj1cwvO3Cts+qaamCCaWzF9cKRbE8TbewfqD3mgFcDHD+1aHIwMW3MhvBhYpuKVFD1iFnIQF26BSwCIQoF84qmka0slFwImw0xRukEQFDdHuoWaJXyRMxBmlq1ioU4IVyiM7QNGcrub2kJphTImntEJBgYzVsCdHKYpIwNKz5W82XI8wZCYY+W6PABTTZ2ALFtfI2Sphqt1PRydViHh+hrfB2y3FWcVgJRBQiCaVHThrNPnkDlPUsyUdzdNbtJO+4dI2pADE6Wwj3Oc1lZkGYy7kpiKncFzgLnALhHWcFlosBrndMmmaxs0SgX1yZNUU02SEVKgE+sKo1nYnCWUXTKpZ3CTQ0p7mYjQgYapPBa5bobb/qRlHLaxUKoL5TrtJLrdlKRjfT5MopkbR2CEiwsRq2hGhlAafz2q5NILo7YNjWBJ5vLWmB4lp5pzAFTzKRj9pQIaqIVq8hRIUepka6Vo0otWMpckQxk24RkBApZVk4ldtNq6VCJsxatxND3Z/XU9T8As4Cp0CJpQxwvWOX1ywRULnNrCmiyQ7DNe4T4AOrHNo5UTiraJpXrKIgQVvNR3AUuFboOmsx219VL6O6MdEZeaDMQRtwd4foDGdYNd49X6VzhNPdcwvLCniKUVZTsnYBVFuSf1Ouhi2hbOs4wzlrYiB3JOopE/uziDP12RoFT7aWtEBxbfDebm7d55l81EbpKkLdbjmpNECDqDjsTiRjnX7plYMoUA7aNyzmM047PbudPv3tp12/evUuT3oynBPZbaddGCL2F7Y7a4HO2gP23tchq65fff0Zp73joH33v/XWW192/EsoAthauDsosZQBHi96NgxqlgjqjEqpBJMdUqESfEc5lWKcS5nOROHtz4pcjSZ29YXXLd9IkVBgOPAqK/JB4dRrTjjJ2cqPR3BskRYzMb3f7h7nBQsWEMtxlmsBG7feauvwiDff6GEaW+VdzywqDzqW5qzRe5/LsFZX3GqruJk6W+h2mUuIbDpvQM8f88f88Xt+aECP8MV5eKR5xHOYwkJOlHhPtAb0woXD9QgOaiwkZzgdj96r3bZ5lIcK3L2MYZ42W/gVnq+KVnPYle2XENNb6LYoXZGIXgb0RoTvblncmjUcGxtnyEJIu4VDiJXn6kTh7u5CNMcEiPkq43yz62s6pSIXzlam7mflO1tkwZ5//dhjvvCol/1wk/jPL/jagj3+eozvKnwNz6grWu5zDC3Y5Og1O6t/6lD7la2JgFVG9BIlRMHx0kP/9Op3/h8/PfNRD4VvvuExK5+59RTlqTAW1l45d2Xk6dYpSgoqs8l9DzamfQyqeRWG1TZkKh/0zJKaJQq5+RByhhbv+v+seHNnPf9lWM+Ped45j/mLsx/zF194zNGf+28HvW5k8a5xudL0J9bFTD57vy1xKh7iEadm9Cy8AjqSgB2Xh9vrbc4Rvfc5Td9ZXbG78bk3oImrlq/8q+XL/3XlgVcv2/OaZXv86KBn/OjAp3fYf/fEU6/db7fAPk+5ap9dL91nt39cuu+RK1as6v8OYWdAp8u8Im98lsTYY8CGjtnI4acrXhHeq0k8o/iRi/dbnC9QCRLXJ8Cbm2N6anq33Xb7zGc+c++993Y284MPPvDLB+//Zcc5Hnjwl/c9cP8Dv5w97rjjjn/4h3944vZPdDu3cBdj1M+XwOuvPpBjh94BPRXv/65bE6qsbRPRS9z3mduccPyfnnDcRjjx+D999bFPSG5EWYDyaoZMHZckdZXpCT5T+PgY0yzmQ7DMWT7FJAWV+HTrp0weWjjkiWhww4ka0FWtfOdxzpFP1G0XElWIQm4+JO6DHuqe8gzhY5qoYtSLlA83BYHcvYwTfDY2W6A4pRK8L2Vlo0Zn6Pn5Hh+FzcOg+TiGKDaE2dl92zbsAdI6rbqokm67RmchhCiYYmj/RmfVnSKyPNb2l8gpFblwtjIhis66o827kfnORkJfv4izRhOoaVn1gRwXOltGM3ywk2zbaiVKXCIYhllMMmnkUCS9Zs+CKWLpm1SAyYqSgsrc5Ljm6XErOjs2HI7zOB/LvaUr90HPo0OcSzerw1vcfEjYxwzTbh7PJ2+0N0HrPmtAT5C8MNzbcpZdrr1rrAdcmEOCe8HdyCW13FidqFOHClW2LODO851DYrtszCFLHEJQyjh2CDFzrk4U7mhCpZXulMoUa+Ek9KYqCrNyk2N5kwmJqT6/1s4louoXcdZoAjUtqz6Q40Jnp/lXoJ8d6IQ0I3qJEpcIhiSY7BBQ1l1cW/omFWCyoqTQreqdXKCbPL5wGGU6jUvgrI6zQ1C+80z6R3GvdBqjnqmQEyWeSA1tALDc7SilWwQf2E7uXsZF8YCLrjftLaDVNeDkOmskYa6uSKyFTs0lxLKViSxxWPuWLjFzrk4U7mhCpZXuJSVyxWb4nCEhrlU40VyEReOTU2GyBxdclrwy7BJXTIvNK1azDYmzBhDh7jYgcTYipfImaK1huMWFnGh9XcIymuGtiQkoaEQvMUhWLuhBc7LqeovbTc3MxPJwGIlAfZMKsDFFSSGU3mXWgI7KnO/IOIr3O5vglEoMG9+Z0+QsuGJ1LkTRnVR/duS0QyuANKDXn3HaO6gAyoCmQ67nU568M8PzzjkHzmy2PR2P6diw4Vf5Jwp33XGnOscrLr/Cx3FoQL/k2OPcojrJCl3zpSsSfV0UN0mInEUNWeIQglLXxCHEzNlrNXuJUAJxUo0NTWQo94ySRBHbg1gBpNKlCWvysnal8hWH1OzJJ5xYaZIwoD30eSFbpB8t2aw/4OqKcqe8l3mzfAx08PSdy4Peequtt+y9aUn5zq0NHdZzWs1UzkbSj+67QmToFHHegJ4/5o/54/f80IAewHDesNwOF/ZmdD8kxgOgy4leOBRInyHs3apQawFcXVHu1EgaytbJ785RJFOi4BhfxEbC6k0zofN8jVZzCM/ZWet5lF/dff5GinwVpZr1jRJWjfMFlu/8PRzWFnLWAx+4AXFf77dzr1qLPpH+ZubPFrQCy+UamiaYY+XKLFSCw/HxyYXb7fYHR398wHHeJP7zC762zY776oGCMpSLsGk7O8rXjH6oEoRv8uwep2kDs5075flCiJXAt/+Pvvz/N+A4z8W33vjoI/fdspzZ8TEqzpp6gqFim6PFBslheMST/UM2iLakuQyq1YKeMnEArm2H5o/OPPEJex/fW89x43NYz8/Tev78Y4/63GOP+sxjn/vpxz7nUwue+T9GJ7fjumlAJ+gzTtDOq20I8IyKm5AXMEzSg1cdHJ5ybz2DsIYzht0b0WFaz86mcXzEipWnrDjo68v2uWbpHj9eFvjR0mfOGtAHPG3AgA7svesP99n10/s/89jly1bmjczLli6Lv2EY28SNz7MG9Oz9ztGGBJDAklUrD/aMiJ5ynSCvmtzT7BLif+2YjBd0jC+Rk3/zN3/z/e9//7777uus5QcfXH3XAx+/8d6PrLnnx3c+8MAvf7nh/nvOu/Hyd17zlc+vuWTdvXf1WQ+uX7/+4x//+NN2fxrVgPW9jKLbriF2UrP0oPsMGFaHTgk5U7P9Z50Tjv/TX13/qN8ROyzRJubTZ1QDGmjIdrYsO6fRqYMMceiUsxFJGBqmN/scXshnGXWilLAscQAWbIeVD8aZzfugR/rHMTMUeo5hDSs2a4Edlih3yp6L1yoLanGCMjepH58yfHL1j35mONd6nuBi5IM4rMmQKDcWqUcqC4duRBtyPVY4+RAaBooqggSWUKHVEYnVvLwta06cVypmFmYTsmft1LamCS53yGxbsFAJReynZtuhSnGmhLwqAPaSVwUz09INpW5JFpyFyhQ/955ODrWMISRUMvCsjZXjewni0ClnrcYs9RV1b1u05nILeh4YVn43zAdujM3+4UF+sQi07jNRMto/39kitsHQHKfCOO45W5gAXNI2ILGIS4LnRmX4OgRRthFb79hYZIqPX06th0N0lo/mfdxmguJMzd0RkMASnz3druqGbNq7sVOIvYMJGFKQHGdbVIJDiMPKNKE1apkFKs6KSihiPzXbDlWKMyXkVQHYG6QqmKkucVaUEgZl6g6rDgmVDBgqtjljC4dVGJbJCyb7m469B1lRu7lF7/zGwkTnqOqWFuzQfWtIjE1T6WabR0a4u6S2s40S5U7NpCk2mXcQw6fTzw3fNv3TRWm3aV1Josne5O16ziXtLCC/Fd2lEohFNMgKDtFZPpGP+zATFGdq7o6ABJbYc6dzWcbj1uO4XBrTcZXCd/MZ0F43hl6ceskKleBQ380ma9OBJpkFKs7qCLN19QOsSRRunTyWu0VxiwO5ZZ0qv5IYCRPxGGiwOJ/7DFnS3wEdYOFop2w3NaPuUAMa4vkWGCq2OV49zWWijrMWM5Ehs9tNzijC0QvVrf234FwGhqRVpsN0TuM6AIb5CI71Z5x2es5OnHHaO65fvfopT96ZPrme/kVBH9DhedWLCHnJscfdc889554d9nQ619fvttMu8AP23vfWfAZ0Pce5GrMZYvsqtP1IBpq080ogFtGCLzhEZzlvIbl14komZ4omvd85XpckYMkE77qx7Xg1+5MFVKgdbQmSZbuEzKFmvNXhxBaVAD/5hBMhDs3sHsGhs0zk0F+uA4UcRbk5kNZN3kwHOd1nPWgiVfnqyBesY1907Jve+KZzzjnnW9/6lv9vmLWQuHn/FGmOrfKBGx5sFFLfGIoJ/14G9M4773zKKadccsklt91225133nnVVVe9973v3Wuvvbrp+WP+mD/mj/9dDz4GNVI1gsHQQ/jOoOFhOm+zTTwMejh9iSGSh4YnJqf23nufv/yrY0486aRTTjkVnHzya4455hjEqalpllOT5SPkZ7U0EDoTORX+O6ppPRvTiIgOxWjeNM1C11ZkOVN9TjjCglajw2ESog7fhfmHg6+0ZFmcf1xcHnN8pyWMjUfOaDiAiBIUZ1FAbooeG43x+z+b8/UpE4B+pZWrAkNhkcpsh4CECb79NcOWEFny5zvu85+Ov3jAaP712HyvF/ROaMC/NDjrLzdAmci7d+VdzNNxd9qgQxWiimh1hx96yf/943c/6tdj9T/90e2Xvuq2779sI3yvRyP+4Esv3W+vp2r5jY7En60bYxd6oLe8mNVSAYU22lZ5K6Io6k2XxQycAiU63OJpR7XP3HhMd+NzWs9Hf+6xR332sc/9zGOf86nHPeeTjzvyE4979r/+X6veu9Wuh6fpPMk1zHvJu1Zp24YhKnUKECCJC5j9h7vbY+XKVcu8x7mxoTPGU6ErZ0Xe+/za5QdevHzPa5fv+eNlIA3ougP6gKc9hAG9y7V77XL1njt/Yb+nP4+i4Smv1FYGes1x9DdEE8OSbpzoVFYBzki7ltMBDAW8RE/WYTzsmLMdG3/a0562kfv8y1+uve+BV119564XrN3lgjte/MM777jvgQt/8aNnfvn1S84+YbfzTzl7zaX3hyn9ywcy8mvYRz/60UUzi9zCXR7BA174ehzv/9GJeOdHPxUlMdW/XkQVceLxCwbc5N8CT9puWANa1DOgteGI8cnFB93CITgfaogMIRWD9BhGQejd56F4LMa4vjYVrAziwzHhclBiKXKNRT46608R6jDCjfGpqjfdF2dV26qnwNAzipr9KZgviYSs3GKC+Xzohx+jFflE5kcFDuJnJg1o9RSjvlvDtSYV5e6lpWsUiBL9XEgtJDpEjzqZ5mwluylK1QGeVJxCZrZDQELdd+ywSNShAksQEyyn89rONDmxvWhtTeALV0taoLhW3kYJU+12KqLVc5gufJxdtK0pbP9GzWLOq/TK8UqCUiQuAVxYuGstUrGFCaHzL1oau1N8APNvHD9Ww5wp/wwEnI0+cwq0tq+Y5Wk6158iBHUH9Pjw7E3BglVsxCoNZbnesbZsOMgZy3GWVH4L1o4s5LXryhqjSFZzd8sKLV1bsisTSpSP9g/rIKFdjihBVK+FTrnKyjVbyW6qaMIkMZcTdTCZqhxQ5qYwv0gYnRTPOvL/NQ+4MEqYardTEa1eQ4iKw0ogohBJKL1yLFhFgMQlwBN3bSiQPrZAmSKh18cXDs+kR6w43VucfX5vQyNu7DuDAe7WOkRU0Dy1MqWqsiI5inJzmoXhc5WfKzF2/fSY6W9YdqoiyUxVjgnqipAqWJm1iprqJLTLESWI6rXQKVdZuWYr2U0VuZ6BzOmW9x70VCyPCwW4JjpxNWwJUdNNLMq/kUjU0aM4UU50X8DQ25ALvHBESxFboCzu7kvt6lSUsEv5iUQVMavHKYT7LJmhcv/kjfANw3wM91ArOXdMvbehgScISpG4BNAhPAzoLKi/POAyq+hEO+Rqbzc5o1ttw8KzqzMCJZYywLsLm8vrDmh79qkaB+27v60euM9+PgMazmxWjlcTosJClh/+rEOuX706nM2Njysuv9xO3I59236MnkvlmKCuCAHmV2atqnMhoV2OKEHsuvmtDs6xrdl3NXspiIILEi9rM2wJ0WdAC156fnYetdlmsw/Z0OodiB7yrfI2ZDgkPOgwmuMpHGLPPfbke80b3/jGrbfa+uyzz77gggu6M9jU4RJvi/b2Z2pW/diyvxVazqEJzvHvYkAfcsgha9asufXWW88666wTTjjhxS9+8Zlnnnnttdfefffdr3jFK7qk+WP+mD/mj/8tDw1onWWfBM3QJz4rEgU6Q+PC9uEb+TBo5g888KCTTn7N6aefcf7551933err4oh4/vlfRDz55NeQwPJRvkZlEYhl3SgwHP/P4miAL48M+QYK18YlE0DINKqkBdGJ8FG+xaTdrO+cjkTc/hzI4vzDkbZA+CR8sY0C2VJVA+QoEt0aZYwvfX0b+RcIYyOg1zGRhiYY51txEtYa+8ZiCG9nAfmtyNCpigPkz5609yN1n8UWT3uOZqj+Mhjh+0nyMb7IcRZ8K4inD8dNu3E6qWjCurVteKaIWrRGE5iCOwsYnvnC//vKtz3q1+DH7//Tu77/gl9d9T9+ddXf/GZc/cJjn7fHBJvGc5Y7N5MGiDZsP6H017aanJqatqVWZCiP5X1+nYhx2x32+MODzyjrefaZG631/NxPP+45n9J6ftyzP/74I/7l8Yf/8+MP+9h/PeCUoe2exiXNK89FiT9OqH3p8zfg5WOawBBomE7m/xRRdnPYwek1G1W8LVoR3tnQy5b/xbKl5+z/zB8e9Ix0n+cY0AN3QO+rAb2rBjS4Zq+dP7L/HofnFt7s7L3PxcNubm6CXhWud3cHtJ6150Uc5e2dJ8UQ7pk6BJwyYtxxHO+i0ZmZmU9/+tP33ntvOs/d8eMN9x34nXXbf/MO8OQL7vjpnff/008umPr8qyY//8qZL7z6dT/4wt33b5R/1113vf3tb9ffdyMfq61CtB/2lVdLpKnUo5+dqlOIVvuaZFY04d/FgPYOaG1iyBiV+QDpfVuHchDOKULv2JoG+DD185SuRoZYFQUh1HSYS7qCLqz7qSFWNgp0kxUjhwR0hg0Hkoj9EiHXDYRDLEtkKBwCZiOH00yrFFgcopL1ye/sZj6IiXDgR7aziFwNygp3FNTXwayLSX12bC1UeZxOuquukkdvyV3iLc/AKUCykRyKtDWBQxBlG5GhUxWL2GqUzXu0IRavPqsCikMgtz17MwFwDSsZQEizASNKW0TFKURrGk1gCu4sSAPas0Of9Zchvg0kAg6opqjR3M62ihxQxBcR0YIMVWpojGdMj9BV+Miay7Ynzz45wRD1eStZVHKIGz98o+V60Fqx4cBmTVH15VOUH+KihdHMUDgE1YY5LqmEdpVWL8Owd+kw2pu1dBFtRmg0C3LoARJ9plMMKl9R7lRVltcql3jLM3AKWMQlRIexlpx+Fkxx5Zt9GU5wUgz7OJeQM812qejStvnMojgEck03nVMTQHm4JAAIaSgWUWmLqDiFWEZeJTAFdxY4rCIDCS5xStEExSI12ypyQJHpPIUpctiod37hNTTO0CdFWN6Iaf4GnwoTlvwwUsONzT6NwitjZDjQCXUsVTXb2OqL0jqEQ6oTdhfsrmm7yMcWz/F2TTCq6GcppqsVblrNIgI50GgW5LiLy0XlK8qdqsryWuUSSkmcAhZxCdFh5TOcITkWzj6Fo66P3DiXaL2pWNlNjXVSDIHcO5F9DgaRV83X0TqUtbImL1xf0mqemtWiVE4hemeucc0Na1YtXa536Sy7lAFNDMSdtlEf4i6eiIAD/WWGRWq2VeSACwhvXea637mGxu3ok31pLIc0GVO90QzxHBl61opE4anVCdYFyYXjaTGHAR0tjU349IyXHne85whhSA5k7dq16lw3FjJLTMN6PQkO84WYYegjONiiOsntor1qwJYU4QCxbQ/IgW8VQQ67QFwuKl9R7lRYrr/twfnmpehq1hacL6+m1wGQw9CLVnGAeAd0vOj9m3b2Dug69Hk1ppl1qK7iwfCEE05497vffcEFF1x//fVds3mQ2LGHPnSfBzxoolvoRLsRCtyDIfF3N6CXLl165513nn/++bvvvnsn5bH99tuffvrpDzzwwLwHPX/MH/PH/85Hewc0X9uHet95220Xlg2tQiStV8J6rkdw8E32qKOPfvOb33LZZZd1H81zDqZIeO5zj6ICGwkrAxugDl8bcz58Z/bP78id6UzOKF8qcyHciFK6lbNgd3tyGdCdHx12wSjNEPP7aWCcr8aj4e1aGTLW3AFdUNF3piDV4OP8bpkGtBuxMM2QyIdQGShaueqbpulZylxeqxhSCjIy88T//IKvDTjL4A+O/vj/deT7/8uK10Meyp7+P4+7eOGS3TRDfbizZrRRImhslO8YGT0F2qjTqViKqBygdQv+9c3PWPv1pb8G93z/+b+66gW/uvKvHh6OOfbop05Qv2u48w11zGt3UQqE9gacZbiz6HrQ3hlds3FGM0/8bwe+5tHPOzvxhUf/xecfc/TnHnPUZx9z1GceE4/a+ORjj/xE4Nn/+rgjPv64I/7lcYd/7PGHnfX4Qz/6+EM/8vhDPvwHz/qnPzj4g39w8Af++BnHjU4tyT6pG5alcAj0NPVGTWDIyx16/L9/dXazXnMOu3uftZtbD1pTePmqlcccs/wbe+96xf67X3PQMzv3eekz2zugrwX7737tfrtds29in6dcs8+u1+y9S2DPncFVe+18xoH7rEo3uTGX8zbn9KBXsXvzAGhzgiXPlymsdqA/a1SBeLIqGtC8+9/85jf7Jwfb46a77z/60vVPTAMaXLH2vnde85XJz78STH/hVSdd9qk777unS+2PW2655fDDD6+9Knrl9fe94EaJ8A5oowslVcRYiiDn3+URHE9cvDCtYd4BEbuPrd6c7T62Euo6tjUMJUE/QdJ0Hl5IQjyFQwM6lfx/CekLQsY5haxGjP8NsLehVcwsBZAw1pvCRD6pC94BHcY0s5Rv1qoIh8AGiPbgFPWtTKQmRHOzE/OTMd4xG3vQRIlTkKzZnaZbGIUGZSArp22qZ8pn/SA0WFlOk/ApRpnpKZjjLiabb0LXdp8G0botZS4332Yo5aaxY0Z3cQn6QHGjqDpEuwqft19olAg4yUaGrnXKVcZSROWAqpaZ4dvyCmocE7naxeMsSE4xVvWKOd1Lk6ipgjpiLWlRCiSMWlYMRzPj/NPW282A3jSFvTO6ZitZxcxOSbu5HsFRd0AnOm9Xs9UiWsZwXWMUUSYys+Yg1hLvdK5ZdXiJKkQ9X3K6TZPoF0MUbUyldFDGcc2y0Apz4UakkQBnrZnWN6etY34lDKRN59alyLU1ge6qUaMzbNYm6oEaW6VEonDKSCaIrfuFRomA1y4MXeuUq4yliMoBVc1MhmMLh0svkThQuRSHxEJNFdQRwRQKOQ1KgXizM1FRxVkNL8hMY91O8N7ubWggKfdZsDVDoA1EzYJl3YhZh+oqwiGY7p1ZeyAypAEU/VO7Ki9MUaV0KxDbUhBFuGBYOtAUU1R3d8UBuBFpJMBZa6b1zWnrmF8JA2nhtcGjf5IDXKWW55WJyHBRPqCjjZkc9e1kYNPaGjgVkTrpBXtDNHXowSgRi9OENeoVSuQVSwGve+2pa25Ys+uTdlLUFXWWuGTSJywHiY3SgJZzasQQ+zZUHFZLDitZqOs16yy3KEVvWldakcgZ2XmZtjrpNsxsnbuKmb3SvUAMAbp3QJ+ef2bQqSsuv9yncDx1510h551zDvpLjj1u7dq1Lzv+JUv3O+BjHz0rX8EJ748+9+xz8hzDVyUydcDe+6QBfTxb2K0N2IMx8zvdhqtzpyCKcMGwdOBZK6rn7t3L3SK+xv+2h2easdsaklvHxfR1nMtrFUNebgjx5FefIDeZGAZ0HVvl4y/0mhcsWCAv51fOFIdi1+Ccg8SOPfSxZT6vI2583jL+9uAWPpFj4yN66s1oDtsj/o4G9JIlS66++uoLL7wQ0kkbH6effjrfo/6/+iyOv/3I1Vd/9fVLu9H88Vse85dx/vjf++BjcKgxnSHtnyJEgYOaVR/yuc+JkZGxo4/+izPPfB//svqxfP7557/0pS879NDDKP7yl7/8vPPOVyfhve898+ijj7ZOVZakYTK27cIhvjOmmxGK4gikT5aP8q0NymyCoXX6TGIHDWg94lwX5vLDOWojt1Dpxc6Dri3KmB7j6yEd8403Mc7XzNHOwp7Iu1lV0jCJygyJ6gNL3M5Mosn/deUbWk/5Dw89fYunPWd4+okjMzvQgJ448Qn7vbRNK5Dv/c6azhC5RO6QvVrYmLGILdVwMv+OH9zTsflzzlw+x0QewF/+6srnP3y86OinhPs8EWCXuq+5enOqhm2CRjO8zGhjJUBo3rQFT//Lxx7+4Ucf+YlHP+cTjz7yXx99xD8/+oiPPfrwsx592EcfE/jIYw79p8cc8qHHPuuDj33WBx578Psfu+p9j1v13setfM/jVrz78cvfFVj2zscvPf0Plr4jsP9bttjp0DHeBlwuLkwSME4DScBkOP6j3qtbOqJecyIt5t53hosc5mSf+fTjjtjhHw//0Krdv7vPrj88YPdrD3pG5z6LI1f+9ISX/uiN//DjN5x4zQl/8cMX7H7lXz/5qr/Z8eoX7HjN/9jx2v+x44//9kk/eeEO1x37pEtetNOLnnNQFu8PHeckHfIpHIoRIyGGnoInCzgRz5qob8vJMoyf8JxFPPSQQ3/yk590FvIDD9x///0deeCBC2+795VX3fm8y9b/xaXrf7zhvjOu/vKsAX3pJgzo++6776yzztp+u+2rB0jtDnFHuURuTj0DWrjKWIRPqHZIwVcf94QBN/m3wBMXL0zfmY+AsSSdP6sj7FDAJ/hx6xOc5XoCb3+2w9aDlqcZHdXKZZZD2j9FiFIbOVu7yIEmY8GhHvRwPO6jM2dBcRdWZQkggV3CLuz1KjjGkH3z3ucwOvmY6R/0DBjyQaxCbJEJaUHmFpqSRpXqahKxj/qzOqqQAmkkI0qEaxWJJgh0RMBaa1qfqajWm7zqtYShs9UAkbJMRT6z/RkNrJJUVAFVSl6ZELlE7lBSqLR2GJ5yM+QELe5evliTYxP1yAt6bk1nz6IsaUBLwBN0tggiV6CGAh73NfcJ7WwNp03gX7fhaGZ8JDik3FuiIhwyOsR17tJcAmpWvbGbx6b452KUD+4OOezuFB7Jpye3C2sLoFizgIRYkru3qxwCV0HafsxhKnSG6A00dm0J6AgbK0Ff2Byjd0ajV1qhRIiAV0GrEYXVhDVVTCaTYVsBTEFIYAl6Y8WGx5p2p0MJUTO01SuqgColbyvIJXKHkkKltUM95RpOc4JZ3L18yge7oJsGbMwEV1WrDp2tYRFECzoU8Jl00qfg1GQqeTskQVEPWg7RjDamGMokb+mFpKVhmteH5oHcTeH2LPSACg6tSUE522kYyZkCiqmEZaZHNjHw9OQUHQK6kiNWgjnl7ZpZqASHVmtrQlxrjpEeiLVdixIhAl4FrUYUVhPWVDGZTC5XPH8jn8VRF7CuDECBe+mYcrbSNPKAF01SUWW7qUV//fy/+qcPfuiS73//lltuuffee3lBZ3o/11ISuUMqtHj1372Sb0BWBhJPqoYXX3RROrCxr7PwxRPT202Fxbk40ZnO4W6zMHroLOncFxKzfRutjpjnO5vmbBRnF3pgU9pI3g7rxmc9aDmEJiG2av9eLtou6zZy0p5OHpe9vURiST4ueel+B2xYv+GM0053iE7+FZddnl8l4xka2XboEKZ8KrSzHOed07nPvMply3ob9cuOf4kdguo2S0WHgqHNV2ahEhxCHFYmxLXmGOmBWNuJrtff6uB0eCGict85kbc9L6IX1lczLwJTcWHRgZeCCF/Cu2Viyj9CCEEnwrs/QqjDu2XvMhN1mbWb1SXOenQNzjm22nKrjj304e3PW26x5WYLNvP25xjmsVUebERkyEZbb721Ihz9dzSgjznmGH6S99lnn24859h+++2vvfba9773vd344R3hWD7E8b/UyPyPd06jg4/8bTf4/+oxb0DPH/97H3wMlq3sLc8CpR2qFGdq221JQBk54IAD3/zmt+g+33DDDYcfcUR4y2kW6zITDz30MKZIIO0tb3nrQQctrVLMjvAtnm/yfCVJ3zm/wIYrBYdQI0gPlpBhHCWT/+7vpLaOzoPWxDDf2fialndA+5UcWLaFpahATAejc4QtTmT47W9/G67Da3Gg71y76GASrQMBVnNYpMo6FPCJNKlNaGcdbrtkt7KSH3/UvyzcbnfEPzropD84+uMLJ7ejmewhWiL+8T4vruQWQ9vtPk4OmaTxbZAz4tt4cjA55+/vEe2NHuScIyhun4o1C0hgyTnvXfarH/7FvyOO/YvdNIiB7Rlr02rMIbNAxVlRCUXIqdn/e+mpj37W+//zqvf+55XvfvTKdz16xTsDy894zPLTH7PsHY9ZetpjDnr7Yw9622MP/MfHHvjWxx7wlsce8ObH7v/mx+73xsfu+4bH7fv6x+3zusftcyp4/N6vffxe/+/j9/j7P9gT/L//5SkvnKQ+O9JPYmw0vFeU8p0dao9CuLZ6yj30oCOWDb3MG5DTfSbuf+Szxk97zsL3HXXMcQecu88ul+zzlKv2f1pnPR924HVvfd2ai7/7gx/+7OIf3vq9q27+yY9+dOMPv3T9Ocet/vAuP/vok37+z0+67ZM7rv/sjned/eR7z33yneft+NFT9zzk4BXLlsYe3vW8gl0Sne/cW9KzSh6eoP6yFm0RRH4Iawgm+C1zetF73v2eDRs26Dvffu/9166798q1s/je7fd+57Z7V2+47+777m8N6BMv/dSGe+++6957frLu5uvW/eLu++6hAge/gO233351JdkL7uWd3ZfXvHk5fATHJD8HiSlelvjfacIrp+GBhXKmgOIJx/073AG94xNHyibWgC6McTHTWXMIcUhkGJ9r2Uy5z3CKpN3MRycTpHXQBY5VPdGMFijtUKU4U0LOpzbgU1v/UR4f5elfW9+eJXYrStE0RKmTCt5XKzBU5COpbGj+VeDz1A8polPOalMyq9EJKEv9AZBDJ7/GTo0+0/BFNw3o81KQSJFSrAlxNurnkCipE3Eo4JrUJrSzXSeZENWyrF4ts0HsIWNbgV2YLQXedbhxfTmgvjnCITr5bSlQnClQdSRgkhB/jHH2tmIufms3R/PJEYkx22/qOVZmASXSMh9Yra1pgssdximgDXN22UOPsm6LaOzWbDtUKT42xK8LgYk5z9+YHJ39I4SjacVqN8cqlb64KKV8Z4fmQ0ioZMBQsc0ZWcgPYCgO2XSSf8qpM9wZu2ND8bQNRQ3fAUSfC4eJwKF3N8OJzsJZjm4aqOJEV6nAHTpbwyKI9TAQ05wNDzeNztaEbYckKKKUKwphqEisBIgP2WiXaJ46q+4SodlaKO+V/LYUKM4UqDoSQAJLqNDqiA6BqyBtWXNsrzILleDQatO0is5smssgreRuqI+j4qyohJ6QE1FM5g3I1C+4r6h+5DE1x2W2MsT66hJnRSqd1UVka4dEOESHt6C9a6wcWlVx6JSzVmO2rLSBgsIirnVIvplW9uKw3D5FFSe6SgXu0NkaFkGM7eDUjFUBLkv5cVwZiLwdtgm6crZEWYiR+vKdn7jj29/6tltvvfU7F1385je86YhDDnvaU576xEVLZvjFhmpZmSLAXYB28OJ0XYF2qu4zh+4k2wH5mjVrVh60nB1Rjj7yuevWrXPWBHpIOzWuvL5w3QHtpsE3frYGYGhjzraoBIdWm63Z79Ka0Uuav0DorKgEevOkPAuB0g5T6a4V8LUAci+dU3lZghMrAahLnBWllO/ssOqQYIfCroyZE537psomY+iUs1kt8n0pAdxSLSziWofkm2llZn0PeJgZhn7fTLcqFU+tS80jzitzAGR6ZKIeO8M5Cni99HnWs7MOF4WLPf2aE05cjMJbK150yjYG9GYbPwxaIxii6IFYaRxdg3OOh2lA6z5rQwO2YxgOdO9Byzlsia0lv6MB/eEPf/jSSy/tBg9xnHnmmVdddVU3eMTH0td/9T/OvfwPd07z7OcN6Plj/vifetQd0KJMZ4fDafiqE50CDIeHR7fddmh8fPKkk17jkzduuOGGxUu205pgoe7tKF+assh2222nB33ZZZefdNJJExOTVY0Eiuf3a7/nds6JXKS30N2AbGWLE+2zlCjVeNByEHcrp52d/3T85sNqojgk94riVbY2GuObbEzxbbizYokMjW1BpoianhAjMIdZCPB25gm+BGXOfzvwBE3kJ+z3EqaGprZ77DFfYLjlzittCbQ29CafxfFfV77B52/E4zX4dpScyBDQUtu8biykFNsrMKv/CzwFcyr/nPce+KsfHPXviBcdtauGoFvYg0Sg15S3PwttaADxLOTtchTPZfKD1/3XI9619BVn/uQnP7nxxhv5Jf6OO+5Yu3Ytv2E//IN8Vt1yyy1UWHXsGzZf9Q97f+PmSa4nu7N/D63M8kZVitPS8v4hG1rMusxAMd3nWWXZ0uVPO+6wbd571NYfOnrHfzzsbSuf+o09d75i36dcc+DTfnzYQTd+7pNrbrj5LZ9fd/S7Nqx864ZnvW3DCz+w/iNfX3fLTdfdcdGr7/ryU+/72lN++c2n/PKC3R789lMfvHC3By/a7ZJ/3uO5hy9bkY5z+Mqa3b3LrPvssMSVK8Kk7vrPk+1eMl60RJ1ym7DLTrt8/Wtfv+eesI9/sv7eV1y5Yf+L1+554UZY/p11H73hrrvu3YQBffrVX9r/q2858Gv/+LGffvvue6MIL8GLXvgi2wASos/fsA05kaEt2dsE/wmHK2xop1zCWUAKJLsEMPXvcge0f4SwngHNx198cqWPKUHhQ3YTeqKe/gzocISPw4Q2tPdBD2270CKujU/YhJ5yKTXbbgdcOCv2BvTAw6B1AKs9gdiWAiSg6BiaTJRbB2hu6oRG5UgIl5nIvy58bsZnXyoMi6cvGaW6armRRLEwSWhc1NZpVZGw0PbkDmuqRJbDjepUIDPaTlh/irdNX1zdU2PW07QCaeZU82WzAst218QeGhtaUlNGC5omJ7Y7VjJDWy3FVQVmWWuaFczJ/M5I1RjVG+VS07kOsieiAqqOiMZyijSIXOJZz9UFek3F7c9smpgkMdtIZ5wOoyu4HQoUhqXUrM07BcaGRifpPa3nuhs6zehZsxVo17q8wPIBT5kEFCu3e7ULHZYiVxzhJ7pRfHCHu2sHCxuba/sKMvWRAbMM25ziEM9R7rDNUXRfY+l1cUwg6mVDaqE5U8xC0i8Og5U0lnDuC7tbgNG1PoFerRGQBifKJTVltKBpciJD4I6V3G6k4qoCs6w1zQrmVL6xplSsiVI5ipIaOtUulKBwKUrXxi1MoKfdDGb4Ba/XpymYU5DxhcMo8n45MU3nNEkdemrua0uCoddNMWI6pNSByEF5SYrCllplOgzZsKF1u3TTiguHpcgV7bmU8pHhtQq4sE6wdEFmnG+fybDNeeXL/+5VL3+FU6Q5RXRoTiu6r1G9+1LxCA9ducW96cxV8sKWK+e1rV3c1AaOf+GxN//85k/96yf223PvboolY3nvcz5/gxeOIlp+RKuFkxubhplIXDwxfcIrXkUndQc0dZgqvOGU1/1szZpyNq/84Q9f9IK/tQ0rGG2g83x7B5l9zzvn3DzR7uB3v5cd/2ISrrj8CvhLjzseTprnS7K3EqPQKvGM097RrcwjZnnR2b3fy9ufhTY0gMQt59lVb5jGKdun5+WQk+r7j+1sA3ihSiRKVCqT5WUrF/JCdWnChV5Dk13bL5ztpBqTK/pyl8KweK0CLjS58gtktufOsM2Rd1f5tzo4Ec5xEadGqe61yFenP9880+5l9drmNWF30uItujj/fwWo8JoTTvRW6Kw2MTPSPwOa2JnKaUAz1O1l6I3PEMUFCxZkVgy7Bucc1OjYQx9bbL5F3fi81ZZhPes4uylkYAjhkPyOBvRXv/rVs846qxs8xPHiF7/4zjvv7AaP+Jg3oOcN6Plj/vife7QGtMQ4nH+K0OE222xLTNM5rGTdZ58Bvc8++51++hl+Gnvvs9ARto4FGR522OFmvuMd79h7733QEZ11I74zorFIP2S4MaDJtCaxJRaBjKb1TNQUrsdAzw754hZ2x+wzoNkuv6uG7TsG7y1sQI5lFdetW4dCzGFsYeU0OoK4CzFuteb7MN8ls046JFFfhaEbybU+2aVmiUIHOSyUIBSPE3zsMV/4T8df/GdP2psK5T4TyRnnS33emg2nEyLNPP6oj7fWs/iDoz+u3awHTfQmaJ/IEa403/ybbuFGux3QFYnoEMWWnPPeA371gyP/HfGi5+48sNFk3uNMDwVEI5iamiZTqNMqp9muMrNdOPyJmxf+y8+P/NS1F1988ZVXXrl69eqf//znt91228P3oO+4445bb72VVaz94Q9/+Pff/9kuF23Y6aINrYlZDqz+Zhmjzk7wn2xbf7liS8L2TR7W87LlEVetfOKJR2z1wedu9aGj/uyDRz3rFQd9as8dL9575yv33/36t75+zQ03v+qf1x/wxg37vr7DPq/bsP8bNrz1C+tuu+Gi+7737AcvfvqvvvP0X31XPO1X39n9pi8+/bhjlnbWcn+U41yms8b0sqVhVa9cEY8E8UQ8X11dz6v72cvTR+fnXJN3v/32u/baa++///577rvvY2vu3uWCtT7xeQB7XbT2Z3feu7EB/clLbrlut/NPUVn+9bffsP7W+/J473veO8Ovr72zbNRutjciilOh8GWbIT902eRAGnFAVyT6mv67PAP6SdsN5x3KfABFLDctPrz4ROrd2yLdLJ8QPeKjMyPLx0fH9Z3rJughPs7jORtjoEpZrSKblr9MMlHTuQhTkmiPmJ6j7rMGdFpj3RKS7Z/oQrhDZ91ogvPoewBRPD1Ni1cMws9wfuzyGS3n44B/DOJDIYfqaU3WcNaaNLaG5iQ8T0RfVe6Oip3SA8UoATZM8yhUU3SWKet3+VkWouXK5apZdyluPoSyndgXrPrqVKgiFCS2zcOZNY2o3cxUdeKUisN2udG1A3qVrYVO6Y0SixDDZmUXZuk2fsoiTnENWJKOsxWikzxNo2l61qW3xFnSCiG60Uh40Jq2urR0QhtgcoyJ8JftrZo0MtXmExmaH+4zP/f5DOh68kZ/73NnpLLvZC6kAgurgtW0jB06CyBuKgeubXkpRUiWU4qyRIfo9qC3q01cvVWHRIc6wuoqoCzjUgoqc5O9jbqt5pSK+WZCvCmbJTVLDJLOplGi9VzDAU+WWMYonGRimwPvfNKM07x8OWtEcUrFYbvc6NoBvcrWQqfmEqKNOayFNiNnqpLdqKZqthooolnTWro6vMQ0dif0nYH6+MJh0K7KzPBVK057W3FuzUburmspsUlI6xxZDTikrFvYBkSRTkxTzN3DF16Ubpo9AHqQFC+liK1CZtJ6JjpUHxi6RFKzDuE1qwLs5JUv/7v40vKrX0HUgTlzk7W/22pOsdwhMHOmfx7xZDx1pPMuiQLOEqKiV7KGXLRKy9h5hW7Ni3LWhz9y3U9/eujKg6uZRRPdnx/UgOZ1JM0K7A60elFyuJHb+Oq/e6VKbeGOxMUT02vWrDnhFa9CRznjtHd86hOfhDhbxDOlDQl7edvyeeec+4MrrmBflerkisvj4RU+Q9kpcN4556Db8G477cLshvUbDtp3f2eX7nvAlT/44VN32qXbIiOIJz/Qc0LdG8+X5J3RDEF7Rl3D/Z3CDLnaRK4MnbC1xGsFEdl2+KTCoRezz0wXNUXf+Q6dBZAl8ZCK7kUBrp3bW0u87BBKxeVNx7n0gaFLJDXrMDvpZlWAV0CRmO+F3/IIoz9M5LzavBtH44XgpVnC97Ph+EuYzfnOnjtRovW8mKs6PvmaE06MCsymQnzUFr3DG6Zy7z4TvdMZogLXkpardw3OOR7mHyEU3gpNjCdB981svfXWbrFVPnaD2A5/RwP6c5/73Gc+85lu8BDHCSecwFfWbvCIj0EDOszMQUt2NqcM20zrjrkGbjv765zR3jn9Lat1y7OpjeceRgP9qjoeYvlvNKg3KrTxZr+mjY23mLsMZRPntXHTfWNd/kY1f0PT88f88b/w0IAulOlM1HceztuTFeHmDA2NbLst4vBf/dUx558fj3g+77zzh/P+Yu3j/MrfPUgaAsIzHRo+77zzSP7iF7/IQvXaAkJBiqQd0dnQDPlSXAUBRFTlWMOXcQKZXZOkhYc7PMwq9HEUvqumrREGNAXzqytflsNOZa2RCoKcUogMPSil0QwRaYPEXooZA9bUDwGQcb7upeiwEmi4RM+FOhQEespZNhznR73sh1vvsJcF/68j36+h/EcHnUSmabVKZeCB0QVN5zKgiUADeoSvSXyHT5fW9iCT+ciLIoKh0TQzjbq6cBLOfvd+v7ri2T2OePCKI355OTj8l5c9DERmLGFhFXnRUbtYfyr/ZiCwH0kNAd3apKiEIp6OirBnyPAnbhbjZ/3sfV/+/iWXXHLttdf+7Gc/u+WWW26//fZfb0MzS84vfvELfjW/5pprPnnptft8Z91O6T6D8jrD6CQkGTA05U6RHCbzxvc+55AjFOCt0ESkAw9ZOXXqEVu+/8itPnQUGHrvc1793Gec/8wdLz3soDXf+e5bPr9uwH3eO7HiLRu+fMntG65994Pf3at3nzWgn7r+67uf8rID+/02+nuD5T6vzH5qGMey7hEcnEidCz/MdWpywA+54pHPPpKLdt999919733/dP1du1wwaD2Lp3177fUb7j3rJ9+e+cKrJz//ykVfePWbf3jO567//pPOfY0G9EFf+8efrr2ZOhwXXXjRdku2cyN3qYvv0Fh6NMP3PX7u+PFMHTI1Ef/DAMQcYf+VZua/yyM4dlgypFOsR1yGLJCPsWkac5LQmeU/fRS0NLRtlBJlahcZKA74+FYh6jtTH177mjOQSeRTmw9TItCjJMYN0X23fNqaXFxdUqVU5ETdzCooCfDBnA99FvrOREUiw0l+rLrZcZS6XDkMEYRHmXr4lbmXYKNSKkpYG0UqM2uGA5uiQxBbNAmQyEnROnKgX9wV3/i5HPYAPHHLVn2at7LL21UqLp+9aMkVTejK5oVVtwF4rYJoDRcRDI2mmWlkeVi0/JvCjwhvswTDeEUgeQ3ryscpsHWce95La3EKZoI5cNHqU3w09i+iYkVBt/qzQnOWWKSaLNgnhBj99DmVHznNkze8/dlYBjRnMUm1rGBBl8PtR64uMdNZiNypSlaHCBMEOWa2deLma/KHw1wuC7gd2qS6Ma5/orWMK0rKPhbqbbIgrU2AkKPosBL0rBW9QXuCguSn+wkHc11XiB6omYq1SsXltUSuaIJTxNJ1uuG1CqLfWkQwNJpmppHltQtDwbDKlp/uFKREYRr6JrdQD18mbdzewA1SQzDNdnmns6iEIiT0SrilIEzn3oMeXxgnUqcs97zq7CBE6lCk+tFBq+IQFThKcfUk4Uq7KdxObEMLTKIOESaIMsuqeYaL0s52FsU67RC4SpFoZVD5r3r5K/i1n6gNDXGLyoS3yx0CeyiFteTEV4g8ZtyC3SHhm5NJkbgOXhY4aYvS7uyv0iCpVVR2L8jiienzzjn3W9/81pO324ErYAO77PDkfzj577/y5a/c+LOf3XfffbyO3g3tcgtqAlqWItFkf4nyNt4woCWA33JXHrTc+q977alfOv+LZh797OdcdOGFLNfQNEEs6u9BhsQNyGk0n3t2eMoauLyX6Cpc8vFJxAu++a0N6zdwLvSDAjSgXYh+/errn7rzLq7VWa4o2M47nUUlFElXNPUe9GnbRK4bpHdmowf34loZFSsyS+wzw0yvHBW4a+XqEjOdhcidqiuZbQQRtipyu2hVMa522rs1i2KddghcpUi0Mqh8eMV44/62x+J4ajOvfv+/QKQNraEc5nJ/HXz7yfPc45IuQtFx5uxGxl/z6hMl4T7H/4qTj+DQa24PvebSFyxYUBYw4pb90TU453g4d0DrO2/h3x5MJzpuiG4O9tJuLk5kCPkdDei3vvWtP/rRj7rBQxxnnXUWX1y7wSM+0tJs/c90MTeyLzNFxeyvfnU2QUu0yc/1VXBO+Y2O3jGt5Rsv5vi11WJyo2byeCQN5OyvW76JljY6cra5GB/ZqLmHbIPhQ14yx3PPK0tsVOP13Xyu56j8wYLzx/zxH3rUHdDp23YetChFQtSJzr9SGM/fGBoaOemkk6+77jo+il/y0pfqPgvyramzDCg4Ojr2spe9nGSWvOY1rxkZ6XxkUTYI30nT8Qg7RWhAC2tGNl9Z+faaihFQpzclAuU+d5yvOekmQ/KbcuxlfatVQXLasvy+hUJMMQziuTFAfb4kpINJqTG+PPeIvcfDBoXXLJGCTjE0JsI+LjdZQ3nLnVf8yb4vpiXyt9pl5YCn/IgwxvcHatIw3wPZKBGP4+gfUtE2U73RNlHA6YSo2CYQ6VAwPOc9+/3q8sMevPywX1526AOXHnrf9w+553vPuus7B9918cF3/ibc/d1nkcwSFj542aEUodSxR+/iLsAOAZ3X7jWsrhxWAlHrmYTSK8eCZUCLvT7+029/+9s/+MEPeOv+/Oc/94kcYTbPObzx+aabbvrJT35y+eWXH/W923furecyoMfS7hRlaKKLEktZvpHvvMJnbqxcuUrf2dmwf9P/PfCwVRNvfvYW73/Olh98Ltjig8/Z6c3P+sCBO1/yd8f+8MqfHf2uTbjPe50a/G1nr79lzWW//P5B7e3Pv/rOU+/99u5vffX+bBb+cvP8jYEoSMjnRB+MWKcGOGXPBc4JMlTUJ51EG5v4m7/+Gy7gvXlcs/ae43+w/snf2oT7/N7r7lx/971X3b7miG+9a+YLr17x9bd//5affuGGS3Y45+TJz7/yKee/9kPXfnPD3XdZhxfiSTs8qbZ2X3toh4AE70Afjx8HfvbiZTLBaAUBp/OBsvB/xzug8/ZkIx9DYTvymchHDMShikAvA3p4aJh+gvS3PFsKlA2t9ayVDOCWBfUhXkrt6F5D+VcKXWuRrlS6zwVvf2bKIiRMcJH6trUIo+2cBU6BEoMnBlzOqMzFz8/H+Axt/vYgn9f5QdwBhU1TTK82G6CyNqV7qUDABDG3KGuVCGJJztqVDulAFCRM5s28rQgolbbsOJxZhopcKKcYGoUJiuoo1LQB20avxpi1jsm2rWiCOSWS1g4BCTZWw5YQrSxi67xxW7FNILo7mBjlUsw+BAOEN0qFvP7EFiheNyq0OURJTPET16xFEa1eQ+1aetA4LpeWqK2sdVuKXEsXlCJxCRhdyEscz9/Qd9aJNmq2Cs40HNXeJh5Z2P11wajAVFYGtZ1ToMRSBrg3ULu8ZolA63kWnAXVshM5kSGkPF8ViKghUS6cVTRtIAoSKK73XSJgiO6+NUvUcVbvYqJs1imqsTAVUA4sEV33tmYrGb18WxPMKZG0dghImOaFboYtIVpZwMfykdCKbQLR3QHDtiYo69nYAsW18jZKmGq3UxHTdIISNm48ANph3fLssBJ0OYl1J3IqnVU6wRs7EUqeoL4zsTb1pNpmYpilCrWLQ/ZalEabojYT6PPRO6dyJr2/Vhng9EYkDdQsEZTtK0xTlJszsLBdVUOipvMrX/Z3KprRiKYNRGHxRel9lwhYiE70YHYmF8Z1TjdW060uC1eJNEV1Lx3XiugQnWHmx+kA9v3ohz/ynYsuXjI5YwPbzyx55zvO4JfS88459+UvfumeT3/GdtOLePkWTUz5subyANWW5LMORO4eV7gsSBSiOOO00790/hc1MQ9etoJf2xDhuz5pJ9Jsxn7KBo0iurphd1IkIl1dcfkVEBUaoCv4FZdfztQZp73De5xNPvfsc36QySj5F//e0XUbFnncy9w5m/lgDYmKw0ogaj2ToE5vNO+pVfOlJOnMUMA1h3v9GdbL4WzBhNJZ5eM4FKkpKt8pt+uV2B14/YvHmycbBjVLBF7zgmmKcnMGFrarakiUCxRe2TpqbUVBJtc2X/SNHjuzKP5gYHfLObP9C9E9CZrrybkbRV0Qn7YRXjNKb0BrPaNrQ4cBvUXe18yh20vk0H02mpByZwdrQ5eJDCEuWEDyFoIVLAWxdIstt95q67Kbfe6zvAVKexN01O//6iC8evjdDeiVK1c+8MADRx99dDeec+y+++58ET3llFO68SM+5hq06V423mdr0g6aoHFsVKFN9pirzB5zjdKNiv2mahqvG9d+ZA3MmRs8+Tg2pXVHTG18Nbrjt2hjts5Dntcmt+ryf81lnD/mj//Yo70DWn+55cO9g1zDXiEiDr/2taded138Md/DDj9CJ4Gskd5WrrXEtG67p3CsXr36lFNORUdJ0yCN4/Sd8xnUI8JqFgRjfKXKZGI141TBUsPD+cyNcCTCGoaj5NftiDTgl3Gje7E2/YquDjnWLxGSdses3Wx9McaXLHS+9PI1mC+GFG/gcsCsnonnImnzna2HabiRw5GZHVKJnLr9+bfDON3y3Y+G+TpBTfqPXTpzORvoHF4NWRUAB+qKzpomJ7bJZ79rn19dfsiDlz3rvu8ffPd3Vq2/cMXtFyy/9ZvLfvGNpb/4+q/DLd9Yeus3l9/xb8tZcs93Vz1wycEUodRxf9HdAU3xuglaQxk4BA7LVlaRVIcA3iZUzoABDYb++aZXn/3D733ve3ykr1mz5he/+MXArdDe+HzzzTffcMMNV1111VsvueGpF29kPQcu3DCe7ucEW492NrQmppYob1CiQOd6Aq3nVasOLrtZD1reAmW/Q1eO/uMRWs8AsvX7n/PCv9nre6ee/P2rb1/51s59LusZ7HlKxJP+ZT3N3/+95Y37HPjlxbu98+/3y0dQd39gsPOam6PugAZyDk5QxE9dEs9LouhpOvu3/+Nv77zzTo3je+6999a77v3Runsuvf3uS2+765Lb7gaX3nb3T9bes+7uezgIN2+449rbb7ppw+3wW+9cd+kt14HV625Zf3cUiaR77uF12fFJO7qv15mN4sL2Lbm7s4KpCb5sx9OfiTFbL0otMU0l8vtT+Pd6BrSucdrE+amatqOkfDc+toqPE/gQyw84EcM0mrWey30GGtN+yOojC5WWu0s7HFAgKmVl6qiWB22maTQJARBXQeSKxLafbq8sCMKXpIHcSA+aD9b4fGwQH7XNTdCAS5QKPDZyF0SIsfbqEnqo666CMljJIUoK4br2urwFdaoIkHgi5jvrkKgiryExVqH0WzMUTrnE5HBys3mG9dKYo85VjQuY3ASIUGShqCXAOuqKzpomJ2YyCrMBuTZuOKd5fbz+IH7EcgghqtesUyWCuvGZqeLtWuEQXaPWHiQ6tiL6aRIqR65l3A5nlf65z974LJkMvfN5w11N99noKog7MiwbGq5IrKdzAHPKU3Zr9UpzqoBSmzLU1R1wjfWIy/Bl2CYU1EusfPlAsqesLm9hfVALibVpm99ZmWzU8xoO2J0S0U6ZPM21SieXIaTyiepj+QxluQkQochCUUuAddQVnTVNTmyTHRLJgbiqTbOUCW2+s06VCDi1mio+nWvL7QVwLeBWkWhMi/Kgp8J47W5/Tk5+uOcUt/PYZWxiQIHMpNIabUbgjkYT1CEM0XNJmFx6akTNZYHetdFbYGYSK82pAoqnUKsoq+IskaGbGhm2CYVXvqy75dmh+XVD9ECyzSOa1k4B6rMKQvQgzU3DJB2f3HqPbR/3sgWPOvWPBRylz+x8TF05LyNRIjQBqfniFx3Hr6a77bTL4nwgw97P2OPqq6760vlf3HePeAx05PASsJDfbfK1AxbPIp33515sTZGyLNkCBQ4Qn7Ljzgxr35qSozsl5JqPJISTm2cNOe+cc39w+RV0xXDJxo/gYErS3PUcd0BvNzWjMX3gPvvB0UGsZaO0NYVDNy1FojEtop/sthpuuaefw7jO7uW1UrGxnnSGshHUi1UJ6hCG6C6xmrP+dAj2JceLD7z93H7indN0W0Ah36hCWRVniXHKaUAbGbYJBfUSIbyyD/+4//77r7zyyosuuuiLebzhda9//amve/0ppx7/wmP33P3p+SrkTc39BexPmb3iOhcHSybCqu5s6NGJvz/hJKL3PovOgDYW0epV8SgnmrhgwQIIOV2/cw4SO/bQRxnQmtc+D3qrvM2ZyhyS2lRF/jsa0Bwf//jH+WnfZZddunFzLFmy5Pzzz2d255137qRHfGzCqtzYcN3ION2ksdmImzJkH9Kk3eRUu/lvqtbmdsdvWjJwbHRyHJuoyDGYNXts8npwPMI2BuY20cVDt8CxicqbKDF/zB//UQcfgwvTXAbbNn9pkK/wEqckNYxnZQyPbrPNwte+9hTvgD7s8CMWkh+mxEiYwxTICtq4goUa0Cz5h394beWYlt9ew3E2UgdScZTZLEKePkO3aqRzh+EoybunZACJBnRY0rkFDViWId9Sg2QFAacUOYrGsbHxCy+8MBPCF7Z4EdFZ3n0dllQc52tmckHNUipK+u0mhL7Kxn70mM/i+F0wztezsXBavfc5DOhszB4kmrN6sopyjVqGsbxZIlc0wamz37Xng5cd/MD3V9598Yq1Fyz9xPnvPviffrTv+376MHHUWVd/8ctvWvdvy+75zooHLllJqeOO3lm72b0EQ0SJzdesDSsK09Cr27n6gPsshv715id97PrPfuM7l19++U9+8pObbrqp/jjh7bff7h8b/PGPf/y1y6465Lt3DFrPF2148rfXP+mC9RPsxcUZCddS0xnI9TGNisbleb9zGLzpOPc3PnN0BnQ/y3jlgUccPPLWw7d4/5Ea0GKHtx7y6be95vtX3/qst8XNzt77rPtc+H8/sf7mn6954HvL2tufwS8v2v2M1+zPlgP+chGPZUvz7uj+INOzaM9IeO41awR/+7d/u2HDBo3ju29bu+5rl9z27s/d+uaP33HWl+++9Y47r1p9xz9/9fYPnXfnD35yz113333nbRtu+NL6K9+z7oenF9b/8IwNP/n43bddmwZ1HLfddtuTn/xktmBH9rUBOKiLX711JH4i0iZr9OIsVPEU/BAR8BOPXzDgJs8FlcsphlhHsmhm5H1v+a9Lpkf6m5T5MOqcUG3cMm3hfNbEp20iLE4+3PJzbWghn3dR3+c+az23z+JIAzqWgOG8f1nI1d0COCWpIWD3ofxLht2Q5N7TlESFOIuwSgVpVIAQ2QtSu8jNaTOjTsYJZrO4/iYxdmn+9iBc01muLtGApqBbyIkM41VOBS6cje1yI+MkrzvJifBec0kRYeeFWkvUn60KnEUpFSV1gkK9TQYUtMNSINFMig7lgKtUIrzygWWBmw6QWiUpzioVl9cSedOq50JEJznM03BFqcAbnnxy8uJoIhcRDI2mmWlkuXazCYJhlfWFjtncutxeokAkav7K5+pT45MSpyQ1HM8HbowuHNGG1kg1FilPtluSPbgFcWQhr0UUhNe+5gxkGjeZ6VAF7lq5OoQGtHpbN3mu+QsXzkoqkuas3CWtcQy8l7lQa4l1KQT1S6kYaTml2Sq0XKd0V/sh0MYtBUKOosNKGGseu1zPuHDKsqBM3pbUKklxVqm4vJbI21adIpZuA/BaBdHSLSIYGk0z08jy2oWhYDjtFchd9Hwn0NNfZtg+i0MDWi94wIxOfdZRZSP7kdQQ0G1sV8N0utMv68hMumkqwk0h7gsxJ8WwwIiT/d3H7A6p2PXTG8FtjgrctXJ1iZnOQuROtWWFs2U0V1ol+Of4Xvnyv6u1orXOgaWMZLIETvSoJol/8qw/K+u5xau/8ToyuUqalVwrouCK6c05hCwan9pp+yfd/PObD115sMX3eOrTf7bmZ2963RtsnugV4IXrnnSRN0FbpKoVsUnKlgWJAte13GWHJ5tg5eLMmlZTsWPqcC+Ftzn7qI1zzz6H/DquX73ap2poQNPJS487nt+uiXANaJa/8x2nb1i/Yel+B9htFdmwfv1B++zvYzc0mr3HOYzmFIUGNDqwSSH3lOthI04lmbVEAU3WqwCcIhbJU+4U0b9SkcBaiDmVzy7kGPtNu+gFdNhnsjCGKnCU4uoSM52FyJ1qywpnJRXd0Yv8G4+77777U5/61AknnPDy5lg0PbPDdtvv/OSd9tlr71e8/OUvPe7F20/NLO6vVV2EukRCXQNa9xm85tXxDGitZ5UwoNubndP73cStxxIPuHdAd13POR6OAV13PetBb7ZgMw1oNyLKqyVFDpTf3YB+4xvfSA9r1qwZuA96n332ufDCC++8885DDjmkk36bY1MWaut2bux8btoHLQM0pzd1PITxugnntNnhN1abu/yRNjBwPjmcm/oQch7p9A7u8PDaGMiandvEZdmENHv8+ss4f8wf/9GHBvS2eePxcP7hwTaW6Vyz8qG8A5o48AgOyhBH+DbOl2S+yPQesRH0j+BY/ZrXvIZSKERm3SW9CL4mh39inFUSpFkHpL0QxOIMLTjKly++mqX1LC9rmFJEGsgy3TBiLrc+BJCjSHRrFEm5w9ZnI3kM+dKX34jH+MrMgC+wWY1hoUQTzJQTzWHTevKGSDslwNRWu6waMJQfKcKAZms2yQa0aI12KODl6raKVwYu2ll06mgQi3PeteeDl6y473vLNnz7oF98bf/lH7x2x9N+9IhwyIevveUby++8aOn931v+4KUrjj1qJyu7EYAAOzGqQKbyFulS5vJaxdCTNQ5Yz8P/evPQx3++EPzLz7c568bnfPra73znO1deeeX111//85///Be/+EX9scGXX3LzwDM3wnq+cMOO/7Z+h2+te+I31k6wVbqfvF2MDMvTlFcUaS6LsJjLdJaElsNly2L2oMMPHnvD4Zu9/4jNPnCk2PwDR275viOPef/Lr7jqJy/8wPq57vMep2zY93Ub/ulr629f/aUHv7df6z6Du/9t9ze8Yr/Ye1lgJXsldJlVwnJ22JFQ6JyTip8KLnKPEj1fFDmX4nl/8bxbb7013Oe77rrj09+8focX/HTLQ366xbN+tvTE9d+75sZnn3rdnx/+060PW7P0hLtuunXDDV+69exdb/n05CA+s+iOf3vB3etu4vdgjmuuuWaHJ+7gXx30YhaxGaLWv1FxgndxNjaVLxCisE/tXbhoZx/OHdDjuYQiVUHssuPQh9/2X+760f9Zf4RwfJR2JwY9WX76aKC3UIGi7nP3P9xFTldBkkZ2JyaJCtTUdPa+4yiSvnBFN62tSymRKKICJKN2JBcwPLJs0litOmSVkaGlnHIvonXiIxUlUcWBHzfxiZMuM0M+viWNOE5MY7rbXRLF+6GbKtpSKxLRW0zyhkkwNZGr5A5b0uoFxDoFOEpxojmcKUNnhTmAKYfsW1NmVoU2TVI3RIMilVzLSxTwelpIq/AqUAQu2ll06pR7C+qWYRCuKJmcGv2wkB3ngCmiVx4eP4CZSXSts1XH/EoYSAtTO/e1gblcrzaM2mwV0kaTja0SYv/oZ81TLV3jJMmjs4+hCLO1VnEFEnB+OowMqSyRVyxFVA6oamYyLFO7RLamgdgIneTsBwxYzBJEH8fcikT0Fp5dnFS/Sl75RVq9UKIJZoKp1HUzx3ubtfxNTVgdWIflfsLLHoW3s0Vat7RdaKzlJQo4C+cq3j0NF+0sOnXIKbG6MkGOWG0MoNqoUma6ozltHfMrwairO9n/6T+d3xJbrulMZDhNq+ELxx8tzNhtYaxLUZvW1sBNLa5ttCgfEKGjZJQIOMlG9prqDWJ5xVJE5QCdMmcdxuMser1E4kDlUhwSJYhW0H2uR22gt6BmedCuQqkiLWl18o0e6iRsvcfCcpyn37f7gw8+SCzlE1d/fuC6eXmLyDUKT3/7Oz75r5+AsNH204svu+TSN7/hje6yeGJ61x13fs87333N1Vffe++9GtC8oMbFzQMQKKj3R5PwJfkADerrP8J9uMfpbz/N5z6DegQHfOcn7khaubdgwA8Nnjcssy+kfQSHYIp4xeWXn3v2OfDtpmYg/jXCNKAj2Tugl+53AAnmg5ccezy/PR64935lLkO2m5yRqMzlXCtaItoqpI12bkwl3rdeHwlROGUkE+Slixy4USLgJBsZurauUsVShH2KrDabz5DXpfQSibVKsRSHRAmiFVqRiC7ijfubDr4Tvfa1r+1c5+ZYPD3TYWbRdosXL1+27PWnnLrvM/fw3POisVdcLpBXhubpJIZhNDMFeEVGxr0DuvWgw4D22Cyf++yh0nKd33bI0TU+59hqy6069tDHFhTr/wLh5pttDin3GUJs+0Fv9/0dDeiTTz75l7/85Rvf+MaPf/zjDzzwwI9+9KPPfOYzZ5111qWXXspP+NVXX7106UOYkg/32KS5GqLaLMtj075mGaCbLPZrjl/vnP7GanOXP9IGBs7nIZb/xqqZkMfD67zLn83Y+Ew2cVk2Ic0ev/4yzh/zx3/0wcdgGsrxjOYRvuD39yMv7G98Fg7Re6UzoP/qr44577zujxBqQOtIVKamrZz6Jp9//vksZOiOs8lp7MTyJPJOyZyKqKN8I0s93YaoA0ke7rPWsHdqC+sAGoDzFZXYbZRj64jIyS36mvnkaLL4fpeVdZ/lGtBukR5F58/WcmDZEiH6nvKB5LrlGchb/Okefz1gKD9SjPFNY2P7VSLaKThksv9rfgwhlU9Ur2sFNwEizn7nMx68ZNl93z1o7QUH3PTlfXZ6x6C//BvBkpu+vO+Gfzvw/u8d9OAlS4896smU1XdmIyMKBGgfm2ADiDVbjSkCHWqnirO2dZ+H/rWznrf955u2/dhN25x105+fdePYh9d84Mvxxwn55+LHP/7xVVdd9clLr33Gd9Zv0np+UljP67b/2trtvnqHLieYZCPa4BR6RRu0iJwYjm7n7XZRx1m9boiGgKWHrJr8h8M3f1/nPi94/7MBZPT9R3318gs+/LW1B7xx0H0Gh7xtw0U//Pm6K/7hwe8+Y2MDerd139j9NS8+wDugV/IfNu2fBL2RAe0N0GlSczDVuqv8bABOx6Hn6JAoOfSQQ3/2s5+Fbbx+wy1v+pfrtjn8p1s8KwzolSev+/L3Vm//1w5/uvWh6y+5dt3V7x+0nnvcdv7ed956VfrPd3/xi1/cfrvtaztQV1WldIiIqeyHGE5Z2lg2z2z8kPenQFTvPN+R0YfzDOiynl3i7k/fbZuPnfH/bLjq/yRhxyfyITJaZnE+i2PWBpXrtWnaEjs9e8v/P5TYgmiF3nSOe6J7sfOOqWPZ4YVDxa1pWeHQrUuR6Ep38MkYiVESaIOW+lXWb4cDCqQUyATnmG5pFayo7xl6/xcI+YiHdB9JKRL514KY6CoD9+WVJaoT9SshLcysNHbUpbVDiByRoaJbOEssqCOWaTtg+KoLpkqXt/D0QS0k1jVp852taooOibVWHSLaKZN/qwd6UCQwNhx8coxPWH7wumteBjHQRFZ01jQ5sU12SCQH4qo2zVImzOaPcF5dM/ByaUF55UwVp9VKEw7RZ5U0oMFYms4CXk6ripziXgcbqOGA4o5F5EYQP019rEwAYRguc9+qIrF9oAdtxNq+wynOJZs0tl5wwcxKA6Z5yiplQCsSa5ZYUC8RUjsSO9JjiqnebJW30GMFZX0Sy59t852taooOibVWHSLaKZPLBWbY7k5U15KWmwARiiwUtQRYR13RWdPkxDbZIZEciKvaNEsxnCYBkUz0jEC7uUQw09+DzFTx6fRVgb25F+A6tIrErV1IQfYVfalZbv122CvhfAHITH9rsBYY3Aiinz5WJoDYsEus5mx7V7I5AALKcat8Sffc55f/nVOieO1l2qvybxK6F8QocVWBZHSiR5WqJ2/oPr/vsrNaD5pZ/bgWXkPgBZQsnpi69dZb99tzH8/rLW988/nnnecWKMe+4IW33Xbbhz/4ocMOPmSnJz5J87c8aOto9oXfl8YfTSYP+3jJ5Ax1UBja+bp16w5etsL6rz8l/gghBBx95HMvuvBCdDYViEQWBuIZ09kSW2QD554Tj3Ve0j/6mR3phGHeAX2OXS3d74AN8dcIz/EOaNK8Lfplx784bnCmDgXHJl923Iu5Asv2O8DhkonZh3IYgVMlgs6hzj7j2cTJPev2LHIYzjL9iLpi9UIAeJtQOfIsG0oNB5TaWiI3AjqsWJkAwhDdJXbrLG88c4A5AAL8HwnUibWwhZmVlu/c7qhZCnKpGe7x1Ke/+lWv6vzmOcei6WmweHpmUQKy2667nvCqV++3597tJRLxmvaXztufy4AGJ7/6BMmsAV1/YLAMX0l5vh6lc3TS5pt3JzTneDh3QGtAF3SiOahvPxJ2aUWGW2+99e9iQOs+Ex3yXfCtb33r5z73ua9+9asf/vCHjznmmCVLljj1Oxyb9kpDDbH/7/7YZHZjdoYV+gh8z9/gnP6maptY/ggbaHeLYxMVOQazHuLIvV3969uYu8vGyia6+LUFN5H/MFueP+aP/xUHH4Pbpm2s3Vy+s3az3KG3P/ezYewODY3ss89+p59+hp/Ghx1+RBnQEG1il4vDDz/CTJbsvfc+7ZTIL+lhY7KaIsX5L2apVjUlxBbpPIQ1TG+jfM1J3xniHdDB+ZqTVvLDOSilmwEgKin29zvzNbAniuN8AeT7cCLaybUs0esEbc2aHVCiSOwYycDiLf770pNbN/mPDjqpTGpmaSP8Zb6Jk4zC5kmIo3zNINM+4ROd8cp2coeAhMm8uRjC0FNQF3IiS1SqVDtLhbPPePqD3z/ovu8csPZb+974pb0GzOWHiRu/uNf6C/a7/7sHUOrYo3akbLu1fRZXh0xNTUtIljtle3BRpYyS3nrOG5/Dev55WM8fC+v5zz9645995MatP/yzrf/pZ3t+7Kff/OY3L7zwwqO+d9uA9Qx2zGdu7PDNdU/8eljPS758x+Iv3q7Lqe04AKe8XdchnEu6KrzmuLs5Qne7sURjuoNO9IpVK3d4xSELzjxc67nFc85/8zU33fDWL6xb8ZZ4CoePfoYc8rYN//S1tat/8tW13z20efpzdwf0Dec8/YXPX3Zw9sCxqfudw5iGaE8nVi5f1j0DenQkHrgh9FvVa7aUvfbY6/LLLw/b+M67bv/nr6yeef5Ptz70uoVH3PyqM9dd+IPVi/+yM6C3eNbaC3+wfvW5t35hp1s+Mz0Hi27/xlF3rv3ZXXfdtWHDhje96U3TvPR5Mdlikpebd3vPNaOLO8z7jsenJqZ8JgCzfBKZFrMJOZFSKtZ8OHdAT/I5MBwGsX4x2OcZf/7xd/3huivDfQY7LBnSL6YTwOcpbQznXcmam+O01NjBDCVVdmSINH4aWRtkeOGwXDO6vZEZxM3LrE0lPrt7Qv1Kg5TRXLMQ49C2C8OFzFIakelER5+IBQsSXTUXTnGy7jKePuloPkSCqN1JLA/aveIjOBE/2Pk5KO/FTfwRQm1KgC6Yqm6rSUVnw4RNMUxYZ7OmRJEIF3U6sR2fhAm6ZYrOC3MV0oiInp28RZvQLmlFFHiJNVU9yF1Y3KHJnC9wrS+BupATWaJSpfpZhhSZDOtzlP/q74OOn6zupmYvbBEvdRnHcl+p+F+AqNxnKj7UEnUIqyT0EDwb0J/tmknYYc0Wme25WdXO+tznCX7mFg7r5+qxFtGZBax1+egQr04UURmAU1Qul1nOji5UrFlXFWxMHa5ID7UWHuLQiHdnl/lrq7YN6mEais7WErgEvYhi5QPqOAtBF/BaVbOlTCTK0xxPS1feok1ol7QiCrzEmkInFndhcYcmT491zztmGA+16IsIOZElKlWqnaWCirNmllhK5YPqQQ5IZknbg+JDLVHXF5NoLpfvrA2tCwwYqhuLePr2UFurEJmFGGlmUTpxsSq9UQmbuoVoE1o9ES5tGWTl4cpnmj8kSNykwwtIQ1SHl1hrFRlS1lnzgWuZWr9u/Ste+nJnqyCkllgEvOrlryAZYoJT5gObBBB0vj4YPZwCGs3gfZeddcI3Xwchwkv3MrbwUkO4bl5MlL/5y7+6+MKLbGOXHZ5822237bH7M+zkRS/425/f9PODl61gyrOYiZvTx3WBfQUX9zcg1xZdo3m88uV/x0IIUbCRcfHE9Jo1a179d6/U8Tz97ad9+pOfqlmda7izsXZiasnUDJtqQHsHNISt2RQsySdBa0DDAf3kMzfWX/DNb2lA61CzcHbJ2ORL8w7oZfsdoLm8JP8UnmRGc5luc0obGi7ssHouMttzDuuFYEeiDRt5IdLPjRxikaww+MKZ0OoF9/KiubWcOm2TNUtsQRqius1Laq0iQ8o6az5wLVMg3iEbF4SwxDfDQx1XXnllZzZv6lg8MwNaDxo8ZZdd33Dq67afXtReBN+EXiuvuUZz4e9PjDugITO8hzm10YlHbdF7zeH4ps+r0VyKhMjRutLwrv05x2abPaQ3XcfWW22t77z5ZpvL44kc/XYU93AjFaLktzagB9zn/2lHOpUD7iVHyF99/d9mbOYye8DY3Mgb/bVG6ZzjNzmnv6HaJpY/wgbm+LSbWv6wSzaJv27N3Eue2bNKDB/JeW0if86JzR/zx3/cwcfgwoVD22yz7VDvQYveaA5XWAXCsHerUeIm6KmpmRNPPOmyyy7j0/iGG27Ybrvth/gOPzqmAe0qCVMkkHbZZZefdNLJExOTiHqslOXLI5VZikbkm2wWiKEFrRMSX+pHwnqGjPHNJQml5E7R2/BwONGiDOj8ghwmg4RN5bZBBaL1HbYKneeO4fCWKQw3tvVjKd+B+d462hnK1tHchCsSbV6YU/tOTExR2Y0yLawVNx14BMdjj/mCbcRjndNfnms6O+UQjPCdqttl1nLVqFWU2K1EsfKBPQMIuoDXKnH2Gbs/+L3977t437Xf3PvGL+7R2sonffCMj3zsJR/955e2+Mg/v/TDH3vJ4e8+r81k4foL9rn/O/s9+P39X3TkDmxRRjOQENnOsygO7Efu0OSpqWngWk9BXXTP3PiXn2+bNz5v443PaT3/WVrPW30IrNnyg2u2ev8Nk5+/ZcB69nHPYT1/Y+32X1u75Ct3LP7S7YvOv33m3Ns6lzOh6Tk2OhZG80gYtVqZig5pPg3ojVxmyapVB0uWL18ud+ppf3nwFqcf+qfvP6LFE95/xNYfOuovv/z2r/zosvMuuf1tX1h/0r+s//tPrP/Q19ZfcOUtX77y69dc/NcPfucZA+7zr76z29c+sMcRh8ZdzWU0S8p0JsZRd0BHArOrdFc9C8+uO6MUiRqmXdrYxPbbbf+pT31q3bp1d911150333b7v37t5hM/cOvpn97wkzXrvnf1gAF957qfr7vmo3d87+Q7vvvqBiesvfytG26+lAIUuemmm55z5HO4tmzHJXVTQDO0ARSdJa3EvqVoFYSYa8k0B8TPeV/NIuDhGNCUdS2nD/bf888/+d4/XNu7z8A7oJtnQIdPGh9b6Wl25ixb86nQi8ZhPgb5VMnnPhPz1ukoUtxhVbAsw6FtF0qIQk5sd2E44FZTQcXZIGFBjmtAh1PGmfbtEUGdixywkGsS5nWfqaihmQXHJPIyOid5ZcKXDHuan14+hXWf+TdALsqANhaJ17cR5w4HFEjsyFQSuRHYubHrLXUIQ3SX2D+ESNtEgV4nCMr8JVaaUwUU8o0qsWkqzhIZuqmRIaiCis6yY4kS9CKKlQ/cCLiFgPeriAHeBmWMBijFRlTor4+8RZsAqSWtiAIvsabi55SGex4Ls4fJMX6qA7ZBS1Pj/MB3D+jQ5FUXciJLVFxbp5PP3xidYj4tVB1YvdcpekmxFEmYv7lcIgfsTnEfoIHo1uUamyaRVxuskowujApjQ7GWyBAdLqqUMZZkS9UzcZPDAQVSSs0aAadcsTIBhCG6S6zmbPvY6En0dJx1OXU/NT3HFm707OYCCvlGFc1QM40MNUyNDEEVVHSWHUuUoBdRrHzgRsAtBLxW1eyAYikrWMSChTahXdKKKPASa6p6kE/nQrhuDpgkk+XNDcgMx/lNPglRJI8tNCijVP+KuLVxET9BjdfsFogsh5QisbKZxWfCIB5dND41kc/9YFNiip1rrB0mkZdHxipJecpOaf7CRZUyFrFsiXOHAwqklJo1AjetrUuHMOTrg0us5uzE0GgZzQ8++OBWZyypWDqXyIsJ8nLNor2wH/nQh9/8hjd5EV75sr/7/Gc/Zw+77rjzbbfdtmrpcqbcFMQFyf99RRdY/1erF+gAAn3SV/9dPJDkhFe8iliOJLD+61576pob1qCLK3/4wxe94G/RC6S5dQf2YqPx7gnU554dNzXD2bSgv+wzoOkBqNBAuNUUHJtctn/cFn396tW7PTmeGY3S3gG9mB3zzlzvgy7uUPd5u8kZb3+mK66JTdbZyYl1yhD64Wp7WYxpEM96zX23nVhK5QMziwOSWcKLWPumyJIY2oNErg7RRzZZ7pQvDVxUKWMRy5Y4dzigcP0f6rj77rvryRvvfOc7V69erb527drPfvaziGE9pwd91kc/SvLrTj110fTMzNT08mXLXvyi47gUXB+ug9cNxP+o0F+3KX66Ib0T/fcnnCRZxGmmB/2o1m7W7UVxyCH37uMyghE5FixYYKNzj4fzCI6tt9p6yy22NG6+2eZhRjcPgOZwaEsc6JXw2xnQJ5100v8S95ljrhvqkfpGtmgcc9UB77TLaFehPJQT+hud019fbVNG7SNrYGC7OAZPKMcPfQLNzEaZv66NnKspM9vcTZ6X5ZtOZvfeRP7c85o/5o//sIOPweF8uPNQ7zszLPfZOJdo7y5cCB8+4IAD3/SmN/MvDR/IN9xww6GHHT4yMhr1eveZ/MMOO1z3mbS3vOUtS5cusxr7kmzZrMw3mPhKm9Z0RG1oBlUNMsp3KBLIILmPJqT/kF7wSJBRvnP1BjSJOR/3Mj+cg5q6GRIUop6GW/T+Rqfkd+FAWisBGosdY1Xn1ep1QojVOVCXOCtSmRzjq1HvRzP88x33bQ1osPnuRzI1Rid88SAt4wQLyeebLa2mMjy1PbFsVjYiuvVk/yRlOHoLWyIOwLXtsPJrSDz7jN0e/N6+9128z9pv7nnjF5+x42nXFs76l5eg3PLVPe74+p5rv7nX2m/sefvX97zlK3v87PxnvOgDH2szbzz/Geu/tdf939mHUi868omclw27IwToJoM6F9sgzu2qZgH5rahJXc/cKOv5zz/S3fi8VbrPW35wzZYfWLPF+2/Y/H03bH7mDVt+4IYdvrkurOeBZ26U9XzebdPn3Dr5hVu1O8u7lOtpQqYmp1DgRl4O8uuu50Q8agOCuGrVwRVN0J4+aNWKiVMOecJ7D/+T9x3+hLSeIWLB+5+908df/A/f/ti//fSq635+yzU33vivl3/zrz7/j8/72PPXX7THxu7zbuD+C55y2sn7UXT5svCdRWzVDFVmuU/hWLa8dWk9Qc5FTmTKhLgI8V4Nnd9ib7755jvvDPs4bmC+fe2da9cxXPvdq1oD+o5vX7HhFz9Y/5NPr//JZ++85co719/W4/a7NqzVfWbVxRdfvPvuu9sDW9uA178usi152cEYPynxoxQ9C7slDsCC7ZC0E477zY/gCL+svzLhPr/nD9df+Z/aBJ8BrVlMhI/k/xDHhwsfK8X5RJPHR1tvurmQmKv4GIrYPHkjjGk/nlgoYZUmsqJlK4E4l5BDAyqsHXSlqYDSN6Zue7bdrpWT4Nq4OHmaxrJKo1pvnpb72bmi/HCny8zHZffp2bvPWS2mqAbY2vr2QP0BUmCoUsSWOu81rnPn+ZZSPNpOyK3glA1DiHq1npS6xFlRSvnRDqsOCZUMGCq2OV46iEOnnLUas9RXHCgI2oUtXNsOKz+HYdeWQ6ptGmBKX5g0llA8iVcpLhRlU1eUO+Wq4rXKJf7/KwCngEXKewW00fYjGWjSziuBOJeQM8U+lE3LtbWbw0tll96H1XuFe4t0GK9ZZJQfRn4kF/JmDk4DAEJlFPtRcd82xynb6OLwWJjOQ+w4DteJBmS61qFlO9I31pICQ5UinmPNtkOV4kwJeVUA+s6QqmDmVO+TamvCRSlz3U84hIRKBgwV2xyfjwFx6JSzVmOW+ooDBUG7sIVr22Hl19CCKs4qOlsihDRRyYpyp1xVvFa5xEsEnAIWcUlwtmbIWnJIyCGYpmwjMnQqvNS+1ABhrxl+BUuFyoBVliLOpGfqsKppMDFlRATsO5MGdBmjul1wY1ilm7qhGKKtVtEEpuDOAodVZCDBJS0pMFQpUkUU26FKcaaE3Ap+p5h7lNH8vsvO8vkbktK14RanKcylK1fOy1gX+Xvf/e5zDjuCjTjBL553/otfdJyX5YzTTv/g+z+g/u4z3sUvRe9+57uY0v/VgOY1XdI/SdmyLdhLD5ojFvZYnE7omjVrDl62wuHRz36OD4N2yI5EelBhGEgDujzoc8/Z6I8Qcpxx2jtoozOg4+bf7p7llxx7/D333IMOD0O5f1R0tyyPWDs+tWRimgg0ml1evnPUbGYB+W2TretabTfEl6N7xDPw+tfr4qyXkSGQkw9nyugqXr5KBhDSUNjIWI1BbADiFGLW7KIJTMGdBQ4Hzk6iPkAKDFWKkNNd5U0dn/rUp3SfOW7J4wd53JvHqaeeunh65nOf+9ztt99ufhrQ04umZ5YsWvyS41+819Of6enHy53XcPaC8LYcn9yOlzsdZ4Z/f8JJ8VyO5iboR2kuG7WbNXnLg3bIlMM2wYbmHg/HgN4y//agz9/wGdBEKrsv/XDAa2jceuutIb+FAa37TOzG/3OPjc3Q9tiU89r7mpqhHnNtznaW46F90IflnD50tU0s93jYDXD0/m9TqaQ8ft3qjTca7OXXtNFOoW98JhuP2mOjipWyify5l3H+mD/+ww4+BrfdduE222w73P+NwfKFUeDGcqj7HAhT8ZDloaGRo//iee8980w9aI7zzjuff4cOP/yIww47/GUve/n558dznzlIOPPMM48++mjqWF/XmIJBuq/tfF8Od4KvlkSGEsYi8vgi1ityQAV4Vg7HuQxieDfkW08sjd8FLeswYl9kjK9puQU5iG7RKj7sgi20g4lhPfMNS8s7vg4HqEkp4zhfbPlvhtmzDgnRKWeJDJnVAwVwdE9B1I7gPx1/cWtAM9ziac8Jc7n3nbWeazg6s8MfHXgiaSgxm7trudqGis0I2yhR7pSritcql2jgAqfOOWO3B7+7130X7bn2G8+88fynPekfryx87F+Ou+UrT9/wrT3uvXDP+y8O3HPhnuu/9cxffPnpL3rfR9pMFq7/1h73X7QnpV70nCdWcfaaymdrAE9BvWbtnyGQ61MzZXQVzVcygLSPe26fudFYz2s2f39Yz5udef2C916/4D3X/+m7Vy/8l5ue9K11O3xz3fb9MzcWfVHr+bapL9w68blbxj97i8al1mcZlxIBN0ERot0sdJlLkSc0ppmIx1/s/ZxVm53Rmc6gPOg/ft9hYPMPHDn04edPfPSvxz58zJ+96zlbnXbwt7+y/6++M/Dwjd1+9Z2n/PgLux91xDIK+niNVStXaTc79PbnznRuj7Sn+RlrT9AfZkj5uZ4vw0lOl7f3yOgznvGMiy66aMOGDXxTao+5BvTaH77z1s/vAG774v7rf/btO++cs2Tt2je+8Y2L+OU8Lya7uJ1bK9ZFVolm+HHmR693tWy12u6msufiJgDIw3kGNJks52rs+8xtPvne2SdvFDSgx/nPMHljGcPx1M1siRabSvq5sbB8Z9ZqPTME8izbLSdqHw9tu1Aen7xRJ3xhFLgRxV3aHKcQSa5oQixPs4wc0FYDJkvUJTVrQkSucJSadUXhrSKPD9wwr1nC1lTozOi8OBSPfePVzDgZr3LXkqJ7AYcSE0QpGsEo2q/h2GYPJFQyiPwU25w4/VRs2yl9W6sx+z/BCO7quzVwVtHZEiGkiUpWlDvlquK1yiVeoolRinf3DpcTGrYpdZj1muSPmEPg61KidnMlEOcScnzOBvDKt/n1QjOkAU1b73q2NyKib1Q5CfZJWhi7I1zA2Rufq0goLOGnH52aVOujlmvd6ksEDsM77utTSkKMH5O+rKIJiu2mzoaixTycs0P83hN3PU/wQ0MsMzobprj1rUOMG7Qhsby7ExmuEexQYoIoxXNEcdgur2TAULHNGV04rOLQKWe1Ncd/P4xgh5XvEJA/vnBWbHszziXksJ1K9dDOuiNDIJ/pXUvjBCILFw7LW1/YEzFarVpScQpRl82YbnJ40LUFcMiUw4EEDejpxszVMFUsUrOtIgeTzZM6tH0ZqtTQuKi5V1rRJcChxARRik4cisN2eSUDhoptTvxRx1QcxtT4ZPsM6O///PIHH3yQ2D4D2svOVfKKEQegYXfbbbc9bZfd2IsOb7zxxj2f9kw4uOrKqw47+BBP+b777uNbDL8aufuiic6Gpg0i8BUUcCsr+ncXXVjeqNxrAi6+8KIzTnuHfihwCtiVS9hL6zm2ywYcLvYW7CgYfFE8viPuVi6nmDiXkLPdVDxbA2hMt/lL6JPTzCGQe9ezJrXWM3jH207j7DyuuPxylDKCn7rzrtf39/NCdt1xJy871yQT4vrkKU/+4PIrKo1VdfV222mX61dfX1MM0fPizF5eCJfOHA56cHcvY/nsLH9K3PEdUwP59IxOZEmTf/2uO+6MSL6riHRr5RLh5FiBocQEoWLNucf9999/wgkn6D5zXHDBBR1LTsJnP/vZxdMzV1999aWXXHLpJZeieAe090Tvs9fex7/wRV6HTf4PIXX7s6Zz3QEtlkxMdX+EUOeXY4v0mmvIgSJpczxo/T3vec8F37rg+uu7F8ljiy0e8ukcdfjMjRZhRqffvVVaz1tvvTV84EAnPlID+n+t+/zrjk1amPO+5vwxf8wfj/TgY3Aob2rWWYaHF9xbzw4HEoje+7zttogoJA8/96ij3/KWt/osjk0eTL35zW85+ui/sCDFBXyEr0iKvfvc3fjMF5kcghgz7BeyBBQp9LNjo2k9axB36P0BmpGk5xA+LwsrisjpC5aSTmXA+hRnC0kn8r03vo931rPOpoRSNbSgqKmCurtbuYXKf1nx+taAFn9w9Mc3f+qRw1Pbj/E9ga/Z/Bo8tf1WT3/uHx56+n86rjOs41ZovpbnRhK9WhXA1gzBgF5T9sysQ3UV4RCYfM47nvzgxU+97992W/u1XW88d6cnvvmywsc+9oLbvrzzXd96ygMX7kYOuP/bu935zafc+qWdX/Se97eZN56z0/qv78rsgxc99UVHLnEjtxAMjUJXunIkRPhkPoij1upEQyoTILaPe5595obWc3/j82Zn3rBZbz3/6btWP+Fdq//kndfBp75wazzu+UtpPZ9729TZt05+/tbxz94y9ulfjH7yF+NsRDPslYBrgypKeCfB1WlMi1l/WV5mtKRQsyQ/6cUHP+G9h+o4F/57gz8689A/es8hTzht1Rs/ufSB7/rwDa3nzn2+4+tPfe1L91+xvHuys6Zz2M2xTQyXLV1WeonB04D2RDwj/VmHxEJNTfBFmjA6dvTRR990000bNj4GDeiLfnDHFe/o/urgZxbdcdmbNqy/vUvtjx/84Ad7PHMPrqFX1eKgLrKkEsQYX615XdIOI7pE2Kf2MTl1RqWAE49fMOAmz4VLnrH7th9/50ZP3ij4CI64EZtPrfBwu/uFddPK60SJz68Ewz4G6onPZUCXN0010spHdiFEparVlGgTiAIFlOKqIHwILxwaD2ct/g4hCVXK/lXEgCixWneyPfhg9WZeMM4sy1uXNj8f/ayH8Nrx2a2JOQBqSmxAUrGdApUMNFsBOpEhfUpakcgqYoml0KexEDl9slD3NGtYKAVCAttVmoqz6ABSt04729aU2LAKMAEM6DXlFu2+pQiHvPrleJaTyzBMWBpjCzJJY6P8QStRpfS4gBklTkEU4YJh6UBXunKCZCe2YSdh4OZQXQXeNuxwIIE4Phwu6liatjqqQC8VoKDXUEWCSJ3a3bLULFHCVYKXLhhqJYNu7RA1baaDZjQkkvO5HGa2iJeA4vCmt4rtFPAEBc3XrMPRhcOll0isVYqlOCQWnNLTLGcTtHZqi1IgJExxkfs0FWe17SCapDXb1pSQVgowAQzoNeUW7b6lCIfAZEvVkvZRzrUQXqJK6VYgtqUginDBsHTAWTs0RzLFVG8Bl9cMV1eBlyk8Pdr9jwF2Yh25QAEqrJpJa7uW11BF0uaIFMOi1ZaVtNZtgWH5vMyaLCnUrMnlrLWwOKjkNrZToJKBTpyzDieG4iqpl0hst5CoOCQWtt5zoV6zaB++AZj1+tfl4gIW4dItygcQw++7774nziyxPnyHRdt57vfee+/204shNPauM9551113vfud72IYSvrOWsAQYHFqgnCB0yEtsMSalFrce52eL/ENp7xuzZo1T+ntTmAyUVtz8WQsocMynWNHNpqc1oDuNu2t5/Ai0zU2SpZMdK60Ily4UB3UE5/NkRDhVChj2uFTd9rlW9/45q477kyTB+3rHzw8NxqemE7veLVDzytPOa5GXpB4IbxK5559TrrDOwNIOsiR6dA/qAjyUgTJi6w7H+JTnhw9pDc9eeA++29Yv55NvW595V20wqmMSCb5iFSonrNal08yZ3T96uvzSdmxUcEXBZAMJBXbKVDJgH5q1iGv5sUXXtQ+/fn5z39+Pt85nvUM3nnGO/ni7P3OPv35K1/5Sq90T4Le+ck7vf6UU/OCBLw+7bXVgA6kAf2aV59Ytz8v4SKPjMczoDfffPP2BueKHnCPyuH0zc/yAABSh0lEQVTYMm+C1jUmbrXlVgsWbLbnHnuuWrnqTW96E6vPPvscHfSHOlwYpnMPht4EXYd7uXsNOR6RAX3iiSf+b+I+P5TVPG9Azx/zx/zxSA8+BtNQ7vxlY2/jdg/HgJfzq1PsPcXeBB0edFrGBxx44Eknv+b00884//zzr7tu9XVxEFeff/4XTz/99JNOOvnAAw+q4oD6VTOGo2PsPjwSfg6RmsVZpCHrKhBb9kOLiH5KIyKQN8AhsguTUY1/OIgiLQu+VYcLDBwCcgZ0FKIWcBUv6zk437xIyG/EVNbfRBW5tnOWHUrkZYDCm9muOGSC39ySuPvw9BMHboJ+mBjjuwG/svIVNzcStmoP6DqwJTKsnMpHtO25YIpYpc55+5IH/237+76x3dovLb7p8zPbv+F7hY995Ojbzl9819eWPHDB9r/6t+1/9e3tH/jWdnd+bcmt5y164bve2Wbe+PmZ9V9ZfP83t6PUi57dPWqjNjIy1FluY/VTs/ISicIpI5m99ZzP3Ogf91zWc9z4nNbzgneH+/yEd61+wjtX/8kZ1/3x6df98Tt++t9P+ylpM731HDc+f+YXo5/6xcgnbh7++M91KoHWJxin+Rzydi+9RGJ4uys2cpxVHIbx2yOGyzJ5+coDD1019g+r/uS9G/nOYTr3+G9nHvLf3n3Isg+tWHOBD99o3efd7vrWbu/8+/0OXpVlG3jXs0dZz3KiOXnH9CrPQvCDIThHhxK5d0BzsvmmHOcXrV/84hcbNvB7+Hrj2it/ev1Tj9N9vm76+WuvWX3HNR+75TOLegP6rRvWhQFd+T/+8Y+f97znUconO9OJUImPFd69fW/t7BhfrfN50GVmTRL6ZIic5Oq/xcO5A5oKOz9p4cdO/3/m3vssdlgylDbx2Cjf8PmRD8JHDB8KgQE+0pvCDPnoGc7HPVfUfTamMusy10LhlNHiVIOT40aKrnVIspGha0NnNm3i3izeaFUVB9SXxKqu+SiorqjFSan0NOPjW6LiMHdJpPXMxz2RIoIiVgM1LKjoVNZwk7rQmVUE8PBke05kCNhLN9YhsG27dSiRm0mEt7NFpngT9vntQmMtL1HAWThX8aWBi3YWnTr9XcyB6soEOWK1MYC+jehzciweVaF5qm3qz1R3MfOHS6PZS41orDQfrFHKXF6rGMaPKlejiSbHvvzDB7WHUTrsRKJwykimncNdaJQERsYn2XAoXOayVgdcV2MpQmdZ1O7VlY+BVi+RWKsUQ1kYil6zpnNZzzGlH90vAVSwiMOok7A3zqIdblIvlGiCmXKiOV4ZZ4U5YJOXqzMxyU+Xk6jfWmR6rPvDfaBIJdfyEgWchXMVH8oBF+0sevh9vNa9WF2ZIEesNgZQbVQpM93RnLaO+ZUwkGYnpczltYqhXbXRZKKeb6T1LrOEKDSgjen+TMxo+OYpGCUCTtkupo/cLwxesRRROaBspsyM7X53P7emCuqItaSFCru0w03qhRJNMFNONIe9GDorzAHVRpC8pH/8rD9rTefCnzzrz7jOvHzpUU5xlfTmitQ17Hy6dAYp7tbyxekUDyhsHa3m7mDm/9/euwf7epX3fZnO9K8mjY2BuJFAkq1zzr7vs89F4iZuvgASSAiOdI6Mp8SuZ5wpuMUgITTtFHGbGIQMsZGQUl/jOtiu2z+aOoPEZEKNk5pMZzrpSGmLQVBrEiDhLrVopjNVP8/zedd3r/3bxza0Tgyj/fKdh+/6rmc9a73rt/eP8369/G6GD++PasxVFvAwBDVS4zwCzUdKKYr5XRzEzHVm/B1Cl3Fqezn1rAft6zg0oMsURie2oQwgZ3frwHIp7Swf4J1gvv6yzvIcTTbOSsQaO3bG2Abuoy+95kWsvF9R/bB3RJRkW9wr4mteVZbxfffca9ftb7nt61//OhH+sQfqJddsoPDDEqPa7OfW/8kE8rEHHny0z0q/9voyl7tyZVr5bbe+1S11IDEmdZvRj91/74fNJ9OVkJ8hM1SYcW5eVA8imoDysQc/dtB9bgO6Tzfz/M+D80/95E/Gbv74P4oBXa/gAFefveruu+7qDWHS/hmYfqprk/sVHHvrRcC73n6nRBu6XsGhsavJ69lnmhCv9nuXM9FEcqI45Nn9Ag3tY23o8qX7HLOER9kL5y+85c1v+eAHPvjRj340rjTJDtGGNl56SU2Uy0PQl/ern4kug+vbMqA//elPv+Md71gaf6FXG80XeQvEkQF9dB1dR9e3e3kCOtCAPgy6iJq8V15JUh1/PnFiXQ+63YbyoHmcvPa6697whje+613v/rm+3vnOd77hDW945StftcXDyORoA7lY9PWyhuoPGLZf0Y/DRRD4n4Dq5rGl/OXFFAYSIr1GSukICx1bnVwee7s2T6btI/EUzH/1whybIqlMb+p3/gLd4RQvTh2r9bLLSRtTEJ0FYrSyusQ0J7XZOfXGD6Nz+Upomn/95W9cMZe/FdThaJ5oePybppY7L70qiupJi57eFaDr6joKvP7GrU/cv/VPfmnj4/dtPPALJ86+758Gd939H/7Dezc+8V9u/OGvbPzTXy384S9tfOL+jX94z8ZPvP+eOfOBD278/v0bFPkHH9x52Yur/k5b5JnF9SgSvQubrocYnZjmCnJfF3vnxrCep3duxHr+/rKe/49n3vu5Z4B7Pvv0D332Gfd87gd/6/Nbf/9Lm1rP/+2/OvG7Xzz2O1+oHxSWwJpZPNM1YmvGhpZLyt7tV23kJRsADiTlOyN3PPfaTripcl7xUxeOv+/H/9qv7vvOT4/1/Kuv+75fed0P/PIt/82D1//f/9NF3Of/+heue/2P33Th/C2UKoN5vIVDyGfTWW7MCej51nRsjYgo6hKV+p3f3Lzqqqs+8pGPfOlLX3psXN/4ytf+9a/8g0dfdvujP3zbv77/v3vsy1/9xr/6X7/yT9745Y9d+5VP/Eff+Pz/TMqS+thjn/vc59785je7e5TNApzIHZ4VuWn0bvEb16M0ubLgwKYDV/CtvAP69N7Gb37oex//3y/uPoPnnl3z/RvG9o4XC5X1yFkhUc8X6BQjesaZIXrQKwZ068uQ1JxBL6UOgy5ifW/yVX/sONw6WsaWMhNFH5P/PRBlePEFe7zey2Eph8hFdHJSsz6FkbkNb8czZrR2p8QZ60uT7+8T9f6QYIfPVheyI6XU/XBNcBZXIkGH2CtH1FoV8vJhx0rkRpIVgQnoit4FC04FiTdSdzHuyJxEe5OsssItbk6U1AQQet3DKHLTnCuietKip3cF6M7eoyDlO0v0UtlztxTkI3CHbUrMmTMl8aPt8pMCjIpItI7NymfejcVHznr23eQJ5czyP7KHQBdRD7r/dN5ypHd2WmOw2oQIbVb1jT7CbE25iM5E2tDyZLo2oj6yvZXQh517Pcxecf1YLa/QaSzYZOPicaOPZe+SMFYOJOgQe+WuHy7kRNPCjVYQJqArpngq6LJplc6eKaAr0d4kq6zwMlhZc+dESU0Aodc/QhhFbppzRVRPWvT0rgDd2R01E+CoTBERrOSbM2dKTg4/2q78NUVGRSRax+aSP0zhbXTqj+YKcjK6UaZtga6uqV/pCjNdnDUrMNBm6sBtohPJieIQR5Ul2iagNrRcwhrgJBDh6TXB6HBihotTw/o0zsUVSWAU8GYl6BZ0uKL5IgVNCzdmkcAEdMUU3+tzx1qxV7zieN7FAeCXv/wY20sX8dR4SwMbFVdOZYWTwESsmSiYKAsAEHpdg1P7mToRFTQBBXM5tZOmpvWJh4GuKelEMwE1qk1np57NaNbA1DV72dbtgI+j0HGKQfxou06ub6nrLJ9h6o7k6EHTjNccnZimyApZ7X33fFgzF0Bo5pa5NdCbXNvu5rDaO26rv3944yuvV49r/KLnvYAKbQcvmcR5Y6kp6uPoWbr+FkMY+NJrXvS2/suKr77uenQSuvLiL7sYifkvecELb3/LbeS/5lWvRgflRz/+OL3JpLhdGe4bOVyDy/Ajcz39dpHiiOaLFKTr7rve/zf7OlVv1TjVtnKdd/ZtG5/85CfrNPTeIsaAbmV5CwcV3JbsDxHUAeeOvoLDI8/vufOdp1hhu8+LAa2hzHXZeP8y12IutxgbeuUqJ7hdY9/gfMXlV1x66bNQhk1d7nMZ1MOb1msGGtaxrQHEv0a4lO1rhVuUSPPbMqC/E662mOcXDB+4jgzoo+voOrq+3SsGdPu2+38PMMqVVx6bXenRW6/d0H1e57FlOBU8wh+nt51cM7V0GQg5DLqIy1xtCnfiKNLuhJV1ZtthKLPYyqlvnU0euJqwJOHywuvgdhdkLpIhxJqvy8I1NOEqmdEuoi4wpXSEQaYokQWUlbGPqt1FeqwOSa1W0cqpH9jUaHaWAEVsbe0887XvWvGX/0wsf5mQR9eeXbPVtUmyBrHizKrM+SGzHkQEGoJn/tY/Dnav/Rsaf3TZ29jZ4p8gf/MX50x9c0BNjePZXKb4THZ3T0pASJIzPKKAMzDKRV733O/ciPVc79zQer6/rec++PyMez739A999um/+Nnv+4XPPu1vP/K0Dz5C7/Hf/eKJ3/3i8d/5wrHf/sIP/r3Pj9sseNdb7E9vwu7OLgRFf9McbkFzOY5zG81cHj3Omeibx18jbOWmwk03nb/+9ed333HLM3/5x2I6gyY/9rRf+bHrfvOmL/zhyybr+cX15o3/4aV/592vev3rzo0ilKtXP59nDZO/vDTz9ucWF94Xd1GGMj/JfTveJkpEvd04vPXSib74GXrxi1/8G7/xG/xj+hu5vvLVr/3RH3/tf/vsN770lW5//RtffvTrX3iYWHxcjzzyyJt/9s17J/fYOn7Tlsq9mRA2OZx53WEUxUpeX1YodviMGhZxCNzmTNS/FQP61z74ff/XZ/5E9xk858yJjfad4ybzDegXio4bhAhXsRfieza2N7YkIGQ40UtmBhIFnJqHlRPHjs+u9NyrU+xKBF9/fL3yrVdffCQ3r7LDU14BXUSrwbf5MuwVOpE5qRyLM7Ms9VuBaDjyvUYUThFuzarWc0GM9pZT2falozJ2v6vNYiuwEpvWjCgP0pvFs855zTWko4qwmTgjOc4ujx5Fkf2BOB1NiAlyeiEZK0Gf4SzzqEyxMnDWG2WP6n4KeNmgJPcmE9lVwOb4K2bTrRa1b92UyM1MhcNpu3ztj/yFMO96LSnLWBbTooDnyPOszJbx0rte0GYt/5RS6A3tVzlkxXtd9AnOogENZ1X6y/OkEHlWVQn9lmejdjOkdns40RrQxcdczrLMNVZVsV4eve8I60erEOcuIqDp7diEo0SUB+lNKZSVIUQNzcBm4ozk7LZzLY8eRVF/VnOW5uzJwn0bRsZK0Gc4yzwqU6wMnPUgoglmyonmZBabyQF02ZTIzUyFw2nxiIFkOLwVTzLXcJ9XLOC9YRAPpdzMLX48+NGi2XCproEZmUvbSFCBgXKLKDrvYdBF7LmYvQyvuLTapuCwhZqElTSGS1QO84yiSSmI0V6LU8RRGZsuIpgrAGtGlAfpTSmUA0P6/6JAzMYCm4nsUpCti4kJorsDwrU5qU2ICbmLmL9A1886gaawPqNj5TZnMutBxErok87OqAetAc3UZ3ZOgjHX4jUDzeiFUI2abT0jakDv905pZ3f2kj8PNOo7GxWL9C3UwM2dhx962NdWeNz4t//eR5745hNPPvnkE0880YeaSa6dd69cSfxfmuiQdq7vtcLv/NZvp8Lbbq1j0QO1P07txua0+MMPPQQgVvZVGyT4Fg5EP0Rj57PmhxielSACPXREePKdgmoQo70uRj9ahTh3EcFcAcDf/767rj57lceZxXWvuPZTn/oUt/y//LN/plIedJPpBDTNOgR99dmzVGDfArfXqMscnNrY9hUcZ9h5PnRWogGdA87hXM8aB6K9aHKRcHlfesGXXHKJ9rE+MtB6LtN5nIC+vP/SYL1bY2RqN6vY69grrmhxsp4lRC4n9fquM6CPrqPr6Dq6/nyvlRPQa+NgckxnlVlE0YAGkhNr6x5b7j9VWFyblQb5cptAwxd0naopaZ+hQAVjPw6XkmQkiHGTf123Yi+kBtR7mWmUHRxf2KhBbEHAcMDALR7rpgpwibpd4dS3bIxgm2UNL0/NPIO3K9VzOQr02hYrdpTa59afm1s83PV0zgJpZSFy4l9/+Rv/nfF+5z8T/+5/8vs6uUQPQYvcXc9bFi1RPcu2K0Dp5VVUoayKvUSaGrvarLp1m3tXb516Dtg58zz+tYau8brFkM2tnW3INtjZu2rr1HPB9pnn7Zx9fhWZDixnPRB0AXe64LDirVnBIhYMkvCtvO7Zd27Een6G1nO5z4887W8/8r0f/Mz3fuAz3/Pzn/meD3yGsVd+5PM/8Jv/8orf+JfcMvdbL3lgSWzgenmaEKKQ924spvyF5S8N3hR/mXjhwi0q57u3TOebz5fYr+AoZdjHr7nlwlV33PL999zyfb90i76zNvT3/vItH/r7N/w/y8s36uDzE//jiz/zez/03rfdcMuFmz37XBXOeQ56/5hzzdvNOM7os9ID648QLh86/80vVH/EQGXmO1vLHwnkB4jLG9/d3f3ABz7w6KOPfu1rX9Nc5uIf9F5Le7q++tWvPvTQQz/90z89/TgtP3gQuSJxXo85LqDm5aPphRH5JrIryQLFu0sdBsL3djeed/X6c69aIz7n7InnP6eaz79643lXrT3nzPGrzxy/6vSx0yfX6DLNTNJQFImbVG7fGUD6HPRikooYwfq2Yli3iAt0n0ez7OOMXePrum1l6wRzwjxkFlHgEdPFFx+Rr+z15qC+xIsvKyQNMDzmoAMlRCEnMkTFsUxU361tp+qEarDyzVtif1Hu8CnUKzhqoJNKrOOk4YCyWplZQJLV7QpnUnuHzTqSqTYpktQE8CS4OTPXvZ2bKwokSnqNIHuSBHUITfdKrkh064Q5AALm10Ynza4AJZOqUFbF3m1+LWrefbdXI7UMVhLIZ5b+CCD5Q4LZZ/QQxeQD9tNeCLqAZ1R6S+HHb6As2nVWuyxGPmNOmIfsi2ubOxvLoWB9VWO5qCTEUaXU8GrlS7PL7vI/cF2WpkeSM104kRlVnFpveultu9kXcVTvMJ0XURvaak0YZcEa3nBJm8fXNdAhW1VkuSMQY51bCPcuTBM20WdFwkB7gTuThOTIdxk+7FSgDTcrWp8hciPYaovZmEwAoYnuEKvZm7PDwBy9WnCyPUH1pNkVoGRSFcqq2Euk6aRGmiAFFe1lxogS9BDF5AMnAk4h4BmV3ig7jZMUoRQiFehtPmNO0Co92W4vcBkUZLVZjIRRdO0No5mokUSdcJtOoQEHcSKm0CQVcqJWF4BomM69p3KSt3vNjBgl+cDMcEAyQ0ioGxxOsUTdrvBUsAlsos+KJDWBq0rCktM7Cfb6APLcXFWG0S+RG93GRFaS1UJcMESuSNxfDx+Nc43Ppbzd4QBS08/OCoGlUhDoRTq7kSaiXTYBi/Hu9KMB5OzuHsoyNWOHsyxRJGoWl8nLpN0LQRd6zerpXVFyJpoui1iT5YmPPfDg4489/ppXvZql3v6W25544olH//jRFz+/Xs3cXY/d+Mo6jOz+uEVEbd+XXvNC99CDz+RXhW9SobpY9oMffYAKr3nVDWd29nKymB2WZA2d9viNr7yBiUblF5HAkrS2qUwzbnXWDP87H76PBNIsOOcDCkrkgAquBKIOl6jbFZ4KNgH8rve+75rnP1+jGVz3imu/+MUvPvnkk7/33/9eRI8/1wnoi7wD+vka0NlV9qo+5XafffszRLsZ8p53vFO+b0DrLOvzynPp9nKFm3bp/iHnsq01kdGM6SQK9GchDg9ax9kD0fLoXnrN5UD3mzcUc1H9yIA+uo6uo+spfvE1qLlMPNb+sY4wTRUgpyv6iRPlQa+tbRw/vrbOP6rrkBydGg7FSRaoInx9vezjFJQj0tTLXirQ1QUFaRZ0OIBs8GjfTWL0Bl1bWs+axRrQw2apsg6hAmCIjqRK6tBElDh1SkGozCY4BajpqNYPv0wBrybVuqb1t4f16bySNMEW/5KvAUtTA5oYEhs6uPL0S77nxz/8p78S+q/8xK9f8oqf2eAueVBhFJEn9mk9uq7EnnSxd+11VXJ1iZn2QuR2JVldXw/MRp6GIFGRSHN392T3llPMIrWDgf4yEVBcYpezSOZFBorqcCKzONxS0ckxGXH1dc/gIq977ndu3NPW84dm6/mRxXq++zN/9f2f/vfBXZ+m69m/9i8u+7V/4Y1719kWXdFsRXqrOf4IoVav5nL998GXb0QXiyvdDvL5my+cu+nmV/zk+TN3XPjBn7tw6S/82DPvO/+0+295zX918zc++bL/8x+/9Guf+KE/fuCHf//vvuKed13/U6+vs8wL+uxzk5vOvbbb/Ke7NJoVl6vp4kE390aW34rxoUtyj4lF+MR59ud3aVx8MK973et+/dd//aGHHvrCF76weM8Hr69+9auPPvroJz/5ybved9eP/siPsmmZRe4OGxUTL5LJ4z2P0yj09hAtZrnJEu/LXojcrsxVehVcUN9o/HI3UkdRp5uB1bu2wRrWy6rb0oauscNrjvuWrzMtYEDXWr/3eQbD6/t02M3WIdNmCJEcCFFRxYHmRIenud1rA9qRfLfOQBF1+pKEXrwDrSD3dhStZi8xKHHMAuJ1yoss38VVc7Yp5TMsDkyg6SeukhlpIkqYvZqjFxJRLPlM1zkX1fNuZRcsSRPsMF3fo0hCiPaxipi3grEQc5Jvzkqm8aKZNlXgjpWrS8y0FyK3q5PJrCgR5X6S3OAXir3VOKZZWzT+eKC9KMSVJnBUuoAVQD7BGSUO59cl7fIF3/4vzRBiLFpFFQeaUzpN0miuL26sR4aBJqw8MFNdUqP4XefXgYSuXEeSe15FYnqJQem++plm28rLsvWa23QOquDwoOUFB0K0m0lb2wQ0d9bbIkehYB2sXs4pI0r6xSPd213ekaIwzXuUH9ZjZNsliUkKdpnuoDVsDCEhitCNhRA91GxO8s1ZyTReNNOmCtyxcnWJmfZC5HYlWR0iTBBOR5zrnJycaBTrzE3gqHSBlF2ZQuwqlqFcXEf4JHW6GUIkB9KOcIk7/Gzw83CiSHmp7YcyRRZg8xS/TSjjvQSQGSgifGV2+V77pDVLR8nJ4dUK9YhaZjaJK8kWVJfPsD4wgSY5GeJE5iBK2Ie5FxJRmJaCF9VPTT5sie0vG8Ue/yRhZ0bTLnbMTSOy25LAbYSMndyfhcVrETJX7g6S6AFkQNnT27spDlGxLEV0HiEWdIqlyLAsVeZkdYiohHafY0ATmZ0mkenO7tYfDyynuA1l4koTkCaxi3WWlVxO5eIsL/rAit1MPLuzFycakqU+/NBDjz/2eN534fllonfRZu6jD370gRtfeT1pT/b1+GOPnbvh1ffdc68ucy1m/OHBnID21DN67GDfGT0q7M/I/vQaHkOhyaryPhB7++8K7r8VhFEPP/Rw3GfE5FvQGe+/9z74DD8pwChAk3yH2BQ0ESX+CKXX6RRvfdObr7v2uhjKWsy/9ZHfGkodc9Z9Pr136rABfd211976pp9lfwAfLj/P8mq2AU0MObO9++63v0NF1B8h1C32sDMxnIuucC6aJl/el17wn/8h6OGGO6mEyBUz+siAPrqOrqPrKX6tnIAGa8MdjvWsMotra/U6i/KdjzOkyIl/k4eg+a8kwyHGTf5p3Yq9ELDJP5uZkCe4YUBLiJRiiGmdWe5ezToWow6XbPHUPLoGZ8ifcAi6nt+Xx96qbfGuJjIjUJm59afmTrxmZ4FESa8RsIDLrjn/9Bvf8YzXvPOZ4LXvgnz/q27/gRdd2KICzxX805ZR7T5rs/7bOQStrxcfEOi+AUV790+tFtkGmsKWdT1EuMh6IOgCnlHpXVEsZQWLWDAw4djP/t0/43XPH95/3XO/c6Os56fFev75z/zVuxfr+a+874/+8nv/6C//3Kf+vb/1qf/gFz/DPXLL39YhaL3mcnfLVF4cZ+Kfdgi6zz5rQEuI586ff83rLlz7k+df8h9fuOaN5+/4z8/d+84b7vrPrn/3bTe+6afPvf51587XFEsyOHgIut7CAb7lQ9D1DmhuzQ99/tyBysy503J+6yOrq258uzifEF9T119//c/8zM/cd999f/AHf/DII4988Ytf/PznP//www8/+OCDd99990/8jZ946UteepJ/G9evRxWpal3cDbS+XJE4r8ccAAH/fw5Bm2mkWTN2HSKlAN+V6I4izUzHKmo6HzwEXZ4mcZP6DS1aAKlvnMbBI8+FoZSlKzI25rJ1gjlhHjKLKPCIpXQXX3z1tg2Uv5hD0DXFDjs5BqpIrOOk4cBk4KQgyXE56aq/5sfnSP1RAS6WZKpNimS/Zt9OEmi67PA4vGmuKJAo6TWC7EkS1CE03Su5ItGtE+YACPjzOASNspi5EONipI4N100GkO+OQ9Drixs7e80SIl3ateFl6TLL4NU7JqWmZWl+G4egNaDbWSZS4cAh6FpJVd4/BD3ezhF7upbU1jMo05k7Or4eG1o9t/Zv7RC0phtxB2U0VxR9zxC5EWi8GpMJIDTRHWI1e58ih6B3yafIgDYl4jYVyG8+YySUuxqzVeIymILVZjGSuJ+ZQguJguE2naIcw7Y7abblXZ6s3la49paKbpeLSe+pP6dD0KbVDeoLj+TYbXSFp4JNYBN9ViSpCTKRCZXT5q+f3d6fegiajWL33DGJ3Og2JnbCqlEIkSsS99czKgMrl73bnimRmowCVggslYIgZqW9RJqIdtn0dry7HIJmurKeMzVjy/q82CHo8ZqOxXSmzjCmAVyLOTisXPQQtEatb96IDxsDWsXXWTz40QfYllpb749bdN8997aP/Cp09lB/+f57P3zHbf4NwFtd80uvWSr0bc6HoOvTsb5ryB7ef+99+suu4dXXlfd93z31So3Of9Q3dWTNTPr44+VoO7zeAT3yaQIzw0E+Pj87kORv8RD0tT/ysjvedsdVp89oKH/zm9988sknP+71jyrkhRuHT0CfPX3mrbfe9vIf+pH6THsz3dUzfOj1A7B40PMh6PfcWSeg5cZ6BYe2MvHy/kN/8Mum90FHjJJ8Lu1jAQeXXvqsKy6/wr9G2IllMc/Hn1eGqEOuuOIKspmOsnKtZ5pyL5pHBvTRdXQdXU/xyxPQmsu6rhCaV155TEIUcuLa2vqJE4W1PgFdf42wjy0bNzb6rwhSrEtBAOIYuCgSYg0exnRTnhk3q87mlo52iRTg+aW7HU5TIleHbPLP7yJbLK85d1TWs6ulMjmOdVSiZIVv8ug3cmxSU+tZ07n8rqH4aEzWVkdQk4yo12lxiJUhcsVK7oWJrlzrh4Dt7V2iM3IvEPkMRlU+XTyi8HzLKB57W9F6JpYZzdM6D/MdnWvcHeoB2zeiBD1EMfmg11y9EPSq0JZ0eXAMGdg8pGgIIg4/rorPmF1j51KZRRR4xHR5F+EODLdp8u7uSeBYb0FdyIkMKYUC/cKQMvTb2Tfu7pxUsRcCWuSul9v09rMJ3n44IHmXf5eu9xuHN7eGxXyTvjMYfvTC1SFtSXfvuZvki5vcx5d1k8G5czff3K91vkDuzYw/f36YzibI6/jzUqEuMnWftZglUdJr5Orft9Vzwb0PdePoEDlibQK/Vmv14+7Fh8pPef2g97XLZ3Py5JkzZ577nOc+5+rnPO+5z7v66qvPnjl7cvckY+dSRhU309mNzmWXTaDzC5ZSkDbF7C1va/nJPGAZQ4gOBN4pyK2BttuqK9DRnpWM1aHWdJ6xRWdbmRq+WniSiNpt+s7a0MS1/lOEawf/YCD54TZTwbI0Txw7LiEKOZEhKvulaLYHTdymZCtbpLUI2M8Se6CTSqyTe5EDyjJkNqYVa6wFudkm8sUG7U+NHAij5AyciwgnSq8iZIVTR8WmHm7pSeBnYyjpNQInNZrAOgGkKvzFvBljmdcumyAFFe0tz32IEvQQxeQDJwI9Bb88hdlFLZDGcMZSaoBPiuhuA/mMOWEeMoso8Ijpqh+DXgPRJbGMcJuAhF2+qPkC6NV6KlldbK0tbmmcVq1YfVXtVOIu07Zir5kRmdfpJERAcYkcMDsLqz8nODJLHO4zqCEeam6uDmGUhGS51jNNebxmYnnNI0oW3jcCcgtpriiQKOk1At1nYzIBhCa6XpueKYT4FDGFVxRLWcEiFgzmhHnILKLAI6brJJltQ3u0GeyQM7hN0D5jWT8QmlvH1/RMtUoX3lPoIYJ8IhTR+iSe4l8+rVjKKSJGST7Yu5gpfGprd7v/YCCi1piGadIkcnUIoyRWgNvljcBFSiVKVrizzM0VBRIlvUbgpJk6OoQmuj5sPFmin+O8vcDPRYeOTSO6mfIZ88a6nmyCk7oGRLtsglrMmIUPC0DK0l3Efc8xRJEIF9kECLqAZ1Tu9xT30lzURD3jvik8jGZBgqK9oJSxzhK7SLxmiS5znXFuG1quAR1evX32+eGHHq6T0ZMpPI4Pl3sLNIjvu+fevuUxde/5a151w5e//OW33XobTZZx+1tupfna61/tUWgqIJI2FWQ39reFgmMND2XTWMnuGpVf3ZXfqujfJPTtHOY73FKQczfcSMIdt91uhdv7bxKST5MEbwTkQ0mUrHAKqqS5okDcQCa6+dxN/gXCJw9dH//4x/v4cznOkwF9EuW1N97IdtW+9Wb2z239yIE63cxP+MaWJ53P1udb74B+z53vPMlvN7dQH2t11QloLWauyybDlxjDN4pOdK5yjfnP8J19+cb8Cg6j79/Qcc6R5/lAtGKRcbGkGjz54HAJypEBfXQdXUfXU/zia9BDzfOrNuBEuSRdxvV+7UZZz33WGM6TI4NiGZOz1rEt1P2Dz0QqQAJ6NUCpQB06GWS0VApaIUMgKHCV/To87zc2eNhpA1r3uU1bE2qI1Wxu8jw1rZamOSZs8bh0YJbFfXaKxCIMrCfoeqKvIrT5xz+P5TwD81zcs7exdqAJAZL0Nra3eKLk2ZOnTR4muwkydXS7bOqNbsIbW3QNb3TxQ9tFBWVMLxPtw64Ahfx0SVywzUTSFFUcFRtOw05S29RNos05p8XF5DVaPBMJjeP4xUZgDr0QYAXSzMkK0a0AHJLipMFTVpIuYxVk23lgaHMZru8MdrZ33W0jzbzYupX9+xU7ffqbCOhyc+YtIpbBu1ztEd98kQPRipJCv3mjuvr8cicPMxqcu+nca5eXbADfs9Hv0xjNzjHhwvk6Z928rrjPXPLZj5aQDPdO+QX2Rmhqtq40IZVJbu1nbQifhBd7TfS3gmtllywlalQ3zbE3CSgh4Skyw65tSIOcMrCmzwWw7Kw8kVGKKgfq86vKb/oYW99o3STaTNci8vxPpXV+0yq2H10+phaw2CKzLVe7jBt95Hn9BM06Da37bLJj+YKGLE4uUzfnOzcRkAYnyiXpMlrQtO3mFalQh53762/40TqSkFLGXTi7iF1oTesbzTemS5dTu9P6KmXSjTrCzYFYRC6xYHQyVdI0x4T6ARgrqd5RJDxKCMnyHf5X4MSaLq1Lhaw0e/E11jhbuslMEzBq3PKi25Xh8jkBJSQ8RWbYFaCkmk3gAmwmkqaoorG7zW90I9yPwE+HaBNuM6JucjxlowOTQNzld/ngQHP8yEBV2Chn2QXwCwIBLM8VAh1eIyBNI1guKSCOuMvYtlbDtZiB7mqSacZ4RaFy1iCoz0qciC5gzrKqE0vcOF7v34CokKyYHEVJYW3JgWRgXOZNqh1by5Fnz0GjLM1esLcDyc3mLiThUUJIllNq4/ha9kR9bupgzp7pbrucQq5uE8SljW5XhsvnBJSQ8BSZYVeAkmo2gQuwmUiaooqjbKqEOK/c5pyj6CKN0R2YBGIs4Aw0x8WA4UWWZQnZ4rMgediXcs9BGwFpbVgvzqlEFO9V7fEPq54Rfqp5xR7OXE6aqQEkCjnOLmY/a3+WYdompkuFZMXkKErStGseKEHxfLdNp877NFLcBJZn094UCY8y15dTirIuLPqBZrvPQEJkb4lCXhve26jvmc3s3SvdLpvm2OtcYHYMw1kACWJPjOEBip6jYyUOsZlImqJKnMooHnb2jojxoGnCT7fxXZHMcdjZWFZyR1ZYvb0wuohnd/dWBppTrmjfEeR0/1lCRMhJPk3rDyca5KQzi3TNuTtfr3zjK2+AP/jRBx6tt1tc07PvsTPssCuB//OHHqb3Rc97wXzMGX1UuL55VSCHruwMG0W1O2673TXUZ9E77EqIDy+Vr/H9G115d+Tfak5KEc1/yQte6F8sZAFWS0GA4qdv08/OH1eb5pjQN7ssCaRIOPHs7qm73vu+F7/wRZ5r9rAz5PTe3t5uGc02lzdBj+YLX3DNz9/1/noDuHZzxzP8MLStHJ63cNAE73r7nXt8jnxGMaA1dp81rljMNtOLTrSLS7e6kscrNSRmaT23aVwOdRLE5X0gelZIQLm8L2eskYN72VQ5MqCPrqPr6HqKX/MJaIk4Nr39eZ1nn6Gvra3btba2ceWVJJQN3VZAucbCE9CAmvGIrU+0C6SyYiWjozSRAx4kN3mk6iLBBg8vUylAAkp7o2UHaz2HC+p0Qjm/QG7xGeoBSnIsmJo2l8gTOA8FtbR6FmbQFg+VXV+EW9Mm0eaco6j7bGQKo9MJTef5ZHQNp4uHUnR6SeY5YTihiJB68wbJNbDc1ZV5bbpyolySLqMmr2lyIk2gUYuyzX/QJ09Qhc0qm2+A3mHCssgy4zJLPF8VRRUd5Jpl5ChK0rRrHihB8X5XdIGert32r0Xdae9e3SxPdJtlQ8d0FrW3aENJ7/IjwlwNmtxyxOyPSjLJueXCLTe30Ry0Ac21r3TCTeja0KW0B71vOrezTDOKfLGbJ6gHKJ3jfCT01fb0bEAT6+xziz3qpvleQDhEs1Vuc7sMera9fjCIRRDY8Y40jfUrNwr6Q5U3mRiBld1bAKGLNHOYyzR0KwCHGMsH52ejfbFFaSKSZn2ryYk0a2CvJMk0uTu7HBLTWZCWxdM1H2HWQd5kbDuk2qYqfMso2qvjtlX5NBcw3CGzvyxBOcHX+CFd+FUuZ6LoTGEXRDsbrimpy+z/EuhR2kzver0PZFknSGVFokQlmeTUB5GExjb3zmJGEzALCpl6kRkoFzajyC0+Qz1ASQ7zSlyMzcQd0ocJi1KebOuCFYa4YLnNOUdRp9gY3YFJIM4no9XNqdl7Z6zgcWaIn4gJVgAOSXHS4CkrSZfRgqbJiTRBz7gYuMTZ7c0nAgl2+v/bgBjj2Byi+cZ0qZCsmBxFSZouY/aXJbPPO+sCPV3611qrO5QaRrNvQJbHe1WhGSW983SAJpPue81jRpVkkuPuaSIvVnLNvtjKogYeX0P3Rkqps8xbnoAWO+v8A2XzwGHntU1Em4GLD7wF78UmcBNsJro5EBVH2VQJIc1mRQr+mzRhrUCaOfNhZysAh6Q4afCUlaTLaEHT5ESawBmTPE+k4qiAXsaaZgVzkm9Ml4o1UZKjKCneNmU8ZQ1iLWCAssVWHNIFel7BsTesYQ1TF+DNMgt8b5jOguEaoDbTi060C9Cka4jlf2mKMUu4ttep9gQVhUuaFQeiA5MdOw+0GUWOmIRZD1CSYxMsuzEmMpKmqOIomyohLl7uR8Z++jOQn4TFnG1jju3KNmYD6SKeHudwjcAcNq2Kj/POmozzCtHd2AKrLVJFgJWd2jQGCjkxvmQ40Wo6oUmmebpc2rKb40HrR4sz/QoOYpm5LLJNZOOKAV1iG9AoetAo1dvK6T6QSwx0mSFWk0tQ/Ahu7z826FndXPfdcy9drPnBjz6gohPd21ibzHTss3vuAh5+6CEzIS7SzfzYAw+qP95/w9Au0AOXD+Vtt7718Bo8fE3OP3/oYRWPPFPzjttuf+KbF1lzbXW/GFolL/QQdNGMIkdMwqwHKMmxCfygbRqv+9GX3/lfvH3yoJcjz+U4N8K79+QLX3AN+de/4rplD9tKhhtP9Zlo+OxBn2Kv1rfe/fZ36D7TRTy7c/Iv6SxrLhv1eeWXXHIJcc7Rel7Snn2Zr3J+9vgjhOU1+84NlW7Ox5+Nnnde0bWYiUxUxTPLIXJkQB9dR9fR9RS/cgL6xIm1dZ6p19avvPIYUYUo5EQJOcePw9eBHnSbEvuHl7VrSaZUu9VLQRW4cxk3+gUdXXnxoAEPm1YrPkplCJFRh/UWy6L1aDZYaydaQq+jMjZNYHOTh75pCpsmDL3qb/Ik1cTiS32ep3rlRsYiwSHWUdnigXTUtEtFLuzd4p+mPctsQ0vkK0THE+hBgxDQHmjn8JTKk0NbtHCQeeWV0Guzt1zX0euQdPUiK6JHlCxDGtttpG6SBu0m2C0zl6TFSRx6ebUax2BlkRElgcrhZBc2V7NLxXwzIbv9xwkZkl6ikJsP0XqOy7zsaivGnXHwGV5bzcfXd+o9wrlliDH7YOxNqC54rb/fAV2eb/m8Gs3LIejDumLZ0/0aaO3jixLiuddWTvRzrz1H3D/+3LrN9pTbeu5z0IvX3KTaXvrRHpTu6B3xmwCpe2mCwh3Vrwc/YGNPdmqX9l9bwefBDx8XO+4vIURxSRg7eZiIVA6x12gCO+z+q+/n8GDfqyUHgph3cSwJU1lvysVHlDgEWApF39kmYEh92Y0K0TfW+L3dfxP0Jl2k8c0zObOSQKVjOdfAo9C+SQOdsQ4nah+nGk25dh5D0ksUcvMhWs9pUmGDZjvCRs1K+RoFSevj0sDizhUD0WpGFLtUbNoFND2JOqFOoUKsz6s/tcokYcxymFhz1m0yFsVlpGlCdKYue7cJUdBF04SkRbeLyDpr7Ngiu1Tkwt5ktqVb4tx7USJSP8ReownUtKz6So4D7dVftrmyEtKM6BGbHPBzdVE31w6YxfVrRVlq1i9d7bD6RRVgsqIkUDmcrMm7b3/3qliGCk2g1QvxjxMyJL1EUZzFQ2jyizn+It9sp6oYd5h0DClfmEk7x7lcVaZwUrqMmXFznHEG8/Fno2MpPuspWwPXWMziREviPhs3jq2lCWy67BjEs4l8UZ0o6KK53OZIi26XCmNNKE6ptk11MwNdTnWJ4tx7USJi1IbYazRBm8/m4RwH2nuS//0ZvSsrIc2IHlHiEEGTBJNtAso6i2OjX1QBJitKApXDyZv1Jo2yI3fobauXuN0no20CPei4aVvH17q3HFKikJeh2bfvjcBtMpGlGGikFJCvTCd3LuOpemszvcsUelt74xiyzWX2YdqacFhXJGagXYcJcX7FB7CZedVtmnBRnSic0YSkRbdLxeVBzOHHYI9vHnaG3Rhwb0+pDy/YHZNk91aIcJ+dztkB8xpdPNseP1Fvl4FOpD0qIUd/GcA1MeWAgkY9SkWJQwTN+nuDJLcBvfjOu3vee/nO7cmWidxec5nLjGrrWUXLuEin9cL2YY6m85x8cn0rNrQJdsWYBu4JKzy7s8ddsDO5l3n9xia1vWNz6K3NJ6oYXbacZOKcA3cbjRr31M9K7FKxaZe9XWQZe1Bn3qVsBtp1mBD9GYhuM/Oq2zThojpR0HXDta+8+3133XTu3JlTp7Wb9ZqH77wci77q9JnXvPrGu++66/pXXHe6fecz/e5sufC9z+h7/PAPM9ojz++5850a0Cpg/x3QsXcvP/gmaHuJ2tDpsvfZ/Gf4yN1fx5/LX75s+QuEldv+shHoWQv1Sy+5FDAvl5WZwlkS6XIlNI8M6KPr6Dq6nuIXX4Mnpr83CCeurdV5ZCI6RPEgKd/ZeOWVDFh85/YfFuvWOnAHWnOegq70LmVHnSrSz/XtOVQacAgRbPJv4B4I1KkAmHeDZzEe/9sR1n1OZJTJpDGQaCnr0wwRJoOQ7q36Gr5dc3vxf6mzeBGb8pquq0HAdr8CwuYWT8o8Jo8uyhrL3Bxik648UP4b/+Bnya079Tb/HOr1tMu5FTMUclgBiyU91jBDhZguF+PCWL+ivXSpmG8mZKfPIDNkp3tX3b2OEq23NGvXTBtuL6XiBa9MJ3cu4+7uSXuNKHap2JyHGx27oqdsBtp1gLCctpv1l2162Jm48ibokbzcI5Fb1gD1lnPvIbM9evPN9VaNMoI7Av/84LhKP3eOf/jtn4DWWa6uyXEuN3k4y4v7zJBxAnoeIkwuaCv3pelM1G721c9Lc1xdqgxoTdXcEdzmyidOmmeEK6c/DC4JMRdNizjczfkT/s8YlXBYAZk0SqBSyZ0GXD/fa+g7/CCN9dtFpk2QO2VSdIakly7hKKKEb7q5qRldCr/OfLHwnM+vHb+w7WauuMbyGG1E1qzpbIx/TVoZxD1Kr9kiRgYe1hWJGWjXYUIswxpl+M7GbWbuc9Bwuqq3a2YUzfrG5Mb/hPr2khYgFiG23WnZzMt0gF/12YIEEiNdFqHJRESa9VlPmRKxzJipG+W3dgTos417OMeB9v5/snErBjRJMNkm8NwxTcdGv6gCTFaUBCqHk9lklLmaXfNqzYSwHnSGXNzGJZl7Z2Bvztxko4gqRn7jdKLhJBPnHDi9phFjZxtR7GLezTUWtu81LyvpyCIP64rEDKyu9eUgs3aqhKi/bHOH5I556bNG7X7yMJqdC9BUWSGZN4jLDMqzrpdyrGlAo68fOwGWUcNxrq7hQdco9rtfuxG7efP4ek5A0ywybhDEJg6x12gCN+hdq6/kONBeX+Vh0yHwHTjkO97GRZmr2TWv1kyI7mE5v6OXKOTmQzyLnebKwohUSBHXMOe4ANOI2YesJG7vNpnd1GvWCzaScFhvsYzLvJUihqnTzfMynUWIe8OMO8W/fLoOnK5MNE9BV3pbPzBRXK0A0QhO9V8aFOosFcyjzJwH0jXnE2kizpkSYTIIsddowuEZ55xMB1hzeh2SLtL4+Kpavwka7k+R+xm4sWyXuht4uo/i0tTZjN5KGZRONy8yoqR4gwoMJEosQhpD4jkCbUdGze6kBSFn/hQbd3KfvdO56QLKF9ZN7jPOOtHwspLLjlyWJ6fXNGK9yYFeJuqouazRjGLTLnuNnph28VktK4cQ0SGKg+zvj5HNT5NlGFmSn0itc/jORD+d0VWnlZ03Cwix10nH1NnMer8zRRrLtrPh7nlGWWceSNecT6SJOGdKxOFV2Ws0gQ2sTR4znt099dY333r7W29/5bXXvfAF11x99mwOPj/nqquvef7zr7v22rfeetvbbr3t6pOnuBHtZm7EWI7zEJdTz2zdAE0S3vX2O0tvAxrUCegyetvV1VnmelYfQNbtTTxMyLni8iv0lJ/VL4CuQ83VWfGyfiu0zdLba/Z1HB5/9kUcNfCSS+VVqitfccUVl/c7oI3OlSVxHRnQR9fRdXQ9xa8Y0PGa1w9axiCu8eRTr/sC6MWJLu+i/JOuUbz+q+tYJKVWCDkb7QWDrozMo+swsvknOl2Q9XJ+HbXJs1iPWhkrJ6Erk1YW7RpPdB1R2qU94CnPpWagAHsBxObI3Hef4Tbb96j3b5DeD8hl1DokYyUWTO/cVAl3dupTPJPWRDxp8NDXnJgEsN2OcyxRHedZKUO29XipTASZ5wU0FeccFqNi0y57rUav1i1IQe05sO/uHYSG3X6zV5ji1WzRWYBTK9obEeKkc7Ki3C5HhWeUQ3b7vdLALmARhxBt1h5usfLaVclOv+QkYk5AJ2YTQrh3Xw0BNCLV0+s2DgO6rN0L/TqO/ZPOfWk9N138YtJ0lnOi+bCnPE43L75zYGaMacjNfeQ5FvNiNw9X2t46E91K91Zybmom/IYQBUqa8ys42GUuftq85HTZC3SW3SWK1MCury6xV0Rht9Vtpg4JSS7Pd73Nyo47o1eDGJJkBjrWmvRaFsDRBdzmLAYWnJvxjvWg9en4Vt1kOKVYRqO+ZajXFqcKxFc/A4vo5+ojwyGAtJmbACxiTZCyFnEI0WbyaW6S3P6jpjPg65smUW4keV4qkblqn0edKtV6ep2LJpDH9DRWWQa29VwT9fcgX+6akowyWi3bpWIXokpgpr0AYjOZWq4pBWdV5bq2Yq9IAqt1wWxFelHmpko4XUKeCmDehCQAdYm9Isou29K6zdQhIcmApuKc4+cIsWmXvVajV/cZdEEy96GdyjauwE9qbmb/06zfQSZtxV5FeyNC3PA5mXn1c5ldb1dnPNwEAAH+HUJgF1gWT87wYbVW9VVtgh3qTKLWcxKIEudyAc6istEvgFZPrwefaQK5i8+q9KC1njWjWQOZtfj1OkNtLN/ZY87jvc+xnhffWYxFAtcPNItjGSdh3g16gYq9Igkh2SJFmjsMH9A5FVtUa8hjvIJdFtOcmASgLrFXRCmbr3WbqUNCkgFNxTln8/iaik277LUavfqGYKUgmAfOcOzcTH6aFlSxV9HeiBDSRI0lv4zd8pflEHCSGSduAoCAvcUULm9LV0sXlbhd/zeMA6sCNNsIK2dNZ9ma1pEbDxNyTpUXttQvH3Y4pMS9yS8Gcm0vuoyO0no2AUC0wyyiMhdRsQtRJTDTXgCxmUwTUspeoGKvSEJIVqI4N/3h0X32B1VkJwG8N63cOki2sfdwOWkrccGCidwQ3UYUm/ubyW0WWUARS+mTmun6MxDQZS/RUrrPwLIzZvd5xumdkxUHdJzLHZ6axDKRW2FJArF6a4UtMoS1MW8DHpfZJtyuuNJyulittwa4hdydpBbf0T0HTOfmAJuAZcwiTbsSDxOmYDr3J2vIdNlGlyF3eb22JQHw0SQZQPwgLKIyF1GxC1ElMNNeALGZTBNSCq4NrULzuh99+W1vevP73/u+97/vrrvver+Ao7zlP33TtT/8o3rH7AA7Jo+yz9nthrw86Dad33PnO8/wiTcn7q1v1TugNXYvvfRSX7jBhaJIRJ8vvWAuuurw8qVlH2tDa0BrOhMv6xdxFGkPWiQZ6ESHE1P58r5scvWi6qpJj05AH11H19H1lL80oLWVgQauPHoURd+/Ua/dOL6mE702Xtx87PgJOiEMIVNHeK4vhrW6eMoqlc/AcirKi5DwLGkzQ8AGz2s9BYCjhBO1YlmYjq1NsLbmgehKzihIMFeGbPLQx/Q8JY3KTarmCjSCeeAlvR/PefAtm5KxVgaWUpl1u0gmChW7NJpncCPGmM6QBZTh6XQicT899WzXYp6O49jMVQpT9YKJiHNTmK9oglEzN3rGRozxp2FnlMQE1Adk76rZtnKtdlRg6hSMKKHLXpSIDjk80GbijOQ4uzx6FEU2M5vM3kLiNcP1+t15RZPjMAJv2bvmllXgNmeCzo3cdFOdcQ7aa17MYp3ocKI5+svtHZebDMwptBkdMidUPOfLNBYDumLerdHkMPSmy4CuokxBuZqa9eeWN/gh7/uCz7pdvoJD8AO0bzdv82keuOhyuPsmEegrhN0zkqZIdKsVQc0+PggjymJmdUSsfPUWa5EjOja6oopileUnpG8woyQmmEmTr7w0xxHmtncpyzfPBK1YoNemUuJ4+QZj2yAu0zbIQOOM5FhQHj2KYl79bBPCV57u5Drf/X0gGqAo1vd4H09OEe1CwHCLy23OZNaF7qdTAP3QhfPzsc6Q+vgYEgtSpIJlQ+YEotNB6gegfUyb6hqvK9B+LdfVtbUhqwgXGev6iQEr17EVKnahS4IkVPGxA3PlmbgGiysSrZkZ+XRUMnBOJgrzFU0w6mhHz9ht/ieGb8h1BpaNmz8D6Mb6ufA7BYmPXLs3mnCUiPIgvSmFsjJkfyBf1w3XkzgjOaxWh9eciEWGhboxXv0cR1WvVk5v3FVFk6trIPPqNatoQ9PcJyfYybKPQS1gIKIJZsp7VcxYRnMf2V5OQwNztJ41nSWu1nUSXSrEm9JWnvXDIMeY+4UrwkXGJmfu2mXscE63ETtqcUqCJOxQZDitAn2FaI9aXJFozcy4clSZOCcThfmKJhhjFKpkbEQGQkhTT2+6iC7A+jatE1EepDelUFaGEHfpJWfAZuKM5Jxsl7M5etmjOqSSEqd9ILryveGQMlBTG1hZkvqCfJFRe8PtZa6ZzHoQ0QQz5URzWCpNe4U5wDsKmROI3ibEakSb0Q/DWcyHOEoRLjI2OXOXswgVfwxOtdE5I1vq7kkE+kGyeItEajKpS9I6VHSuskpLKfvPGSVGMsHpthchFkmMXauiqKKocXmm/tDc6gnoxXr21c9lMpZpq61c6yGfbWxRvqAze2EUZ2FMVMqBIUzdcX9UO9FznMHaBKsFctevKFF0z7NLkNrAwel1bSiKJs9w2V22tpRNOzypZNYDBzaW7TXHZHOsaa8wB9BlUzInEBHVrUa0Gf0wPAFNtAKx/Wg2lulcZ+0ATZVZt4vkbI6KR57LaG6ygE+53wFNrCL8ojX5S1rMlw0b+vLp6DG6hq/OL5HLJl3F2z6Oj0zMqWehAb2Yy8N9hgjHRnFSLkrAndpyNFVsHhnQR9fRdXQ9xS8N6LW1somJHoX2NdA57wxZ5+m7nWIjyok+/qwNXX502c6LDb3BA9SIJFPZ4U4B5mrqpbRTkSIQAQdWIy1EwGdF7pHnDf4p3gefiSjlXPHgMxYAN27xDNucscQUBOoSexv0MrBMZw1iXWAedXkcpiSEGv1EXIasA+fpUCBZhk277M2Strd3mQIwRfkqE1xA+c4N7c44nnOz3c+tubm4qD2dUwOtWJeh4mJEkhXldjkqPKMg2+PMKdhpN7D8OObqGLuNJny/t1dSNvTglNIFlhsPE3J2xx8MZKzD514Um0BOPpwuo6NYfJIBhDQUi5TCHrbLnI2FxIbe3TmZaAJdcO8UuBXzLatkK5JZzTagYy7PLnMZzQd9Z3nBA856zX3qWVNYH9mm8cL55ay0HvT+kHFEWqKzvFyllOl84fyir3rQNcVN3IjQbDXmBus3vJXlfmuXypTnl4HI1vMLyUfCp8VVv5zjItk6xhW4k3Mz+WnWLNPmC0R7S+xlb/eahTkuNcu2i/yZmwAcUjWhPZBoptEdsKn7vPTyfcKvJ18swxHme5AlEeXGw4Qc1ry+2NDLoWaKGMmJawzkK2Ud5WugTQCQ2hAWO8xolLnIkkORdpz5KkxcJ7NOQ9dwpwBzNXUVE9CTqWiComWZS2Siam5s8NvCt21/j5cBfWBg/Ywtp61tGrVB4VmDQ4C6xF6BskO1caAYxWa5tL1CEpIMqkKL5rDUao69smmXvVaj9+CB4uWWxTxwhmPnZvLTtKCKvYr2RoSQJpKsKLfLUeEZtc2XJA/k/AY00Yl2J7OfRJtwYnqBNnRETeokEA8Tcnbr160Ud770dVZekQVo7LoeuctzbSaAjRN1gtgEAPH10Ftry7nm2KmQuKhxYHepNqIJcWMrjvUwS+qrOCN6pi5x31xeFi9J76K0y9ycf/HUkedtfpD74DMRZWedf0b0keo+BF2r7cg6s3JvxGXnjiT2iijeI4rN1CEhyYCm4pzT57X3rUzdTA1NIs2t77ADxeqKcrscFZ5RDolDbRewiEOINpNvE5A/i/PajIcJOTrdwDXsMhy940kqULCbQL43XGCjR6H7NdD1kgotUc8Xo8C9HefKklRSSifO6HSaSvYCmy5J3fr6pGW/NhH6pCQohqR3VuSAIvBa8ChIUyVNo5YZ3GoZAtQl9ooojFW3mTokJBnQVJxz3F6ITbvs1bVkV3VXQbYucA+JK3Bso6q5whS3SWQWlaW3fd4YqSk1pqshYK6QsTqV4SYAh+wfKG67OR40kZ+l8p27CXcB5Q430YaOWIedu4tVGVdJ55xlOhbJrXlTTM2ojuWQsqpuluncvN77PCxUzVbA5sizRQcPFJOznHTORwBhDW5aLXVEE1ynvcBmF4HUTrpvEKLz2qU45i3RBXRXNeeu0busGU5EtCBNlTSNuTWrZQhQl9grotRut77iQWdbRG1O3y/xTO8SxB/p8pHHqWe67CWWvrF1dqeM7BK1pFnbxrZ/hJAEI1hewcGlDa3pTDNur4qci5zLx5sxSkRuH5ksSAkNElEqd7KnwzNK69lm8S7uMpxLxbXJL7/8iiMD+ug6uo6up/jF1+Da8J0hfbq5/GX4ienkcjvOeVHGCR3e/XPQ7REDbejKJaUrSBgSDtZ5Jm+TV1HwwDiXAkhdr9zMshTGQLmwGaU5+WUKU62PPJcjgUKTZFAWFo+ozTM8FVQSyVRU2eSps6uJcEjNRRpPhWTW8zjJy0SZTjfTGN2JkkDc3i73E6LLnIl0ogGELtIQIYu9zvMAj9N0NffUsxFsUYqBPFdXnX2LFmRVuq4uQ050YXq4SY6HG8VRAb27/EdLkRuhl/901KQzpkulPdwSnc5ZWIMkTbucWi5xGYd1gZ6u+NTAOwXeLIp8Ho5CM0r1ttHvxrrt7jy3EJEoUfEe+zZrc9yBwI2aFRJYD/qTn7zzuxHehTflB72S8J0Dd9tz+vwab48/PEjUI17J/86BXicRrB1fO3GM7+jlCxRl/8u0PeL4xVt87Qyd4XZBcrrZmslBcQqb6bWghiNYbxta07m+Acch6FZqOAOBjqFFApc0KySgxE9Uma1PYDNKfVeWDV12pOt0OEpKwU0Q5AgnVUkkU1GlrNtegwiHZHlEm3OOi9SfNdI01rK71wRiXpSRgebU7H2bViDNnLb4l+FWAA5JcdLgKStJl9GCpsmJNIEzJnmeSMVRwc4mX+Vl2sbVLbeUSG9vvtG9cntRdJlrx0aOoiRNu+aBEhQ/hQM6/6vXyDKAJ7JFVgjRFJZrCovyecc7oEEMWZ1WuChHtS1gRZPVw6lGZeo7UYCo9RyQUD4yc/VKymXusXJRzeWAc1nGiw3dB5/Xj/XroVvZ4bb6pc+gnOhev3BhwAoqid5OMmMfRwnp2ZeBNuccRec1Rq9MeENPMy6nEejV0rv4qm3marZCfJmyCVYADjEC0uApK0mX0YKmyYk0gTMmeZ5IxVEBvYw1zQrmJN+YLhVroiRHUZKmXfNACYrvCbG5Sz69A5rL8j12eOgnKdhdkK3jayjNFzdWbOdl0L0Gb815qzlc0VTWXSJKVOSAHA04xUb5oUzkLII1oMTzUgkXNqPIFV1zFJrhGQUcCLxTlUQyFVVoqkcJcfFym3OOovMaozswCUStTDfKHXPr2DS3C0IXaeb4IZrgxoIesszipNaXS9JVbmx7ps4Yfqb/Ph6IBWmkqTsZhRxIQK/OJsgsFVkhdzciP0hAG5rbKdO2F1MWbc1S7jOiJE2WB3HN8iI90HeJwGs4K2ki0NMVnxqcGStkqdkiuPclULwv9sSdZ0b3iugyAE26IpqsHg5yFy0uU7hRaQKmcyVZDHHwqoZi014TkuO9RKEZnlHAgYC5vE1HGcmc7r2mU48S4uLlrK22ot1huBHoLC/+8tCzOSYQz/KJ1wfaLjObRlcb0NW7vvWut99pBdL0oOsEdPnI7fYSY/tCtH0VuczkklfvONQcZ9lKxMvQn33ZJf1+Z9NE5fi26PEXCB1YOW09UzmzG2lmJc5+ZEAfXUfX0fUUv/ga1FOORyzShKyt7TvFurTHPfU83sJRTXrpGgeW14ely3CJmOsQLU4CvJ9hl+ESlWPH6/3ONIjCsY5yOJB0Zh151hFmYUaaROtkiM0QdLDJMxGzjolMVmmbcjumMISy4Twd99M0T731SM4IoHdpBJYdpaq5QoJWai7BFFtbOx6IztRE7k5XehORB4n2OofdWfYoWOcZbxLVWZJ2KhNBnNHmtIBl5Ub2wVF2GS0CETStBkjQb91sskMmpTbLaaUpD0mzb6GWZGVnNKayuiJNzWKiSoiAZwjNmSdhRVEMsb6AV/1sIyudjGZPOkvk5EQE850S5505vC0qbPuK5/jdgnJy+0ZyXysJ3zlgbX4WHj3e4jeG32SU1r+TV66vqulWx6j5Qlg/4OTCtYkVZ56EFUUxRF9P1Bdc+8Ig7nMlN9GIlMi1pEvsgXMdosVrtxnSdzH3qjBLbhDw3Uo1LddM6hR849SvOl/na8ueWJ9I02hlogVn4tR84k4NVOyiqeuqFdse674ZrW41ExwrNwKXCtJcIcGKQpMiu3xX8HvUXdwvkR1AySbYa4KjgHsVUZ3oqhjrKAumlCTJROo4yi6jRSCCptXKJK2C9NZZY6KWa20jX63kMIrFDJJm/cYxY5OIcxdQV6wN74IxpkNEr6TWA1xMuLA5K4ohmtEa0DvcCCJFDlmusVaTBiEnYjUZ1aAsUb+b4nDnmntVfL+zaWLTdzqXPb1vMfdimKLW1i8JKZNaD5pIUwPaN28QAevJyolUcLXEZbWLqb24yd5Ubgfi2HRZzQTHyo3AhIyqZHrhgwQrStmpG4ula5curS/Q2Ldcu9cER4HY04rqRC1UxjrKgiklSTKROo6yy2gRiKBpNWBBIIk+D5nH2kz+Sk66nDddNC1o/RCdSqChTNQFnnkSVpQWiWWJaqTKgY6hi8l0Fdsh1U6KowShbESQ+nJ6IXuTN7rM0kQl56/b2CrQ5apcJMR8c9RV9KC1no2OJZo/E3RABYcDFbtoZgH2QhybLquZ4Fi5EZiQUYeJiJHqNrqBGpdxM9k9IhuI4n6aI+lRy6QuvspO6yfqFTI1ZZ0xxZ2RGJPRTIiOZIpoZUIETT1KQAJdQHLa92xwFzt1FFoeUrxv0MVINIgl6QJkChUdas3r5ThzEwGvIZZiqRMXWbyrFWlCvEcxbnDeIsZW0/VkYXJyIgIzM4pea2aWrCRKf0BFiGIM9MPaX6c5RDcchbFGmkaafnDmzwQdUMHhQMUumlmAvRDHAvbc48+g9r8PQYPZcQa5/TRXSKD7PDcp4oHod7/9HSi+fOPk2ibKcgL68un1F5q8iV6XXXbZJZdcsjRG1wH7eLxM49kD+6/jeNazL71k361OPnHFjK7sNpqzHppw4lKrrx8/uo6uo+voespfx4+f8ODziemvEUYUiCaYU47z7EG3g8GzoaTM6GExGwUZOUkNkrCQ9fJ8yOon9wX62lrALACywQPa8IXhRMYaFTuW+7zBk84azQ1tYmIb0zVK89RkC6aOsLKZWzzG8qDL41Ilj8POw3qOQiLrT8woAE8piXD2gMzENprhFCkwRaznRIkr0QMFes1an2kCjz9HYSXbbSW7ThdGBNx4RDhEDhhi03WukIySgG2GtMGqBanTqqMn4Iom2EVkhfrIloXPlXf7vRkhoqab/GUzjYtrPK3frpR1lvRCIgrT0Cvn4G4TNZd950a7zNUlSRPs8PjM3lKq4S27RZJsReD2rniO3y3wNr2j/ky/c09Au0L3nC+g7f4hJJal+529ci05wBdlxeEvAznRBDhfqTQFzeR78Dm9kIjCNL+U5bO+yS4N+xJsDD86sbBWHq7FBbMbQ0iIIpwUQmQsJLPwPRtj1FgivzD9GujK5EPsItqRKQ5RgaNErxsZ8yIagf4mIK1mH6uFCxVJos6sGJ7svkEsXHlAZqKZqcCtRUmUZCuE+pwsSJsTIOQo2kwCq4qYFdqV9TvpCsmoJgUN05wm1hpmf9xYefzidBGj+wHBMwqyyzdlf3wSQdNompkV19gNvrXL/i73th1eTV5EyWwEA1erKNrnXWxTPVkhV/d9FMAuSZpgh6mO81O6vwBjiAtQEb49A9I+8glI5fTZZ/lWvWGj/GXfaFETlUFZ+Tv95weBp56JZVt3k1XpFzME7sCusyw1iwe+owOYjD7fdRRJYkxnOSIIEc6ol6qbmRg7VWizruRINGRNiz4nC9LmBAg5ijaToNGsuGJeWxY46QrJKEk4o1QcniHyeal2EaO7AHhGQbSAQwRNo2lm7kD6aDPQYqYpNH8lHnxOb1vDm1vH6SoCtvt9EbvrB167AeTW1xEDDNcSTRR7/IJ0cZGEk8OB3WuzTNtLOCmEqINsTvLNWck0XjTTpgp8HqtbLRCN4NTw6UxGn+tEkSQ6o3AuECLmGYFj9zqeYvjkQbNRw3Ck4BIl7qFp0eNOZg1Vue/CJoT7UqTpdIwCzkUpuaP0GfUcHXKYuFFmKmaUih40P7QxneGKurS6w3XXbSsvq+p3a9hl79ndPfJDBM3ZXzbTqD0KN0HQRHT97gOLpJkbyY4B07ydld12o4CHmusuukuSJmCRvZ9LcyQs20WcLV2ReYn9uZizDHdjXfCcacyH5ag5RwU+j53vF9EI5pPs6nOdKJLEmM4A7ppDxLwboGzlEcmcPei99rI976wBDbe5t771/wI8OQN6nvTVdQAAAABJRU5ErkJggg==&quot; alt=&quot;Cropped output&quot; style=&quot;max-width: 55vw; max-height: 65vh;&quot;&gt;
  (Session info: chrome=85.0.4183.121)
Build info: version: &#039;4.0.0-alpha-4&#039;, revision: &#039;c2d955b49e&#039;
System info: host: &#039;LAPTOP-A003P5EU&#039;, ip: &#039;192.168.225.216&#039;, os.name: &#039;Windows 10&#039;, os.arch: &#039;amd64&#039;, os.version: &#039;10.0&#039;, java.version: &#039;1.8.0_261&#039;
Driver info: org.openqa.selenium.chrome.ChromeDriver
Capabilities {acceptInsecureCerts: false, browserName: chrome, browserVersion: 85.0.4183.121, chrome: {chromedriverVersion: 85.0.4183.87 (cd6713ebf92fa..., userDataDir: C:\Users\JAYASU~1\AppData\L...}, goog:chromeOptions: {debuggerAddress: localhost:60961}, javascriptEnabled: true, networkConnectionEnabled: false, pageLoadStrategy: normal, platform: WINDOWS, platformName: WINDOWS, proxy: Proxy(), setWindowRect: true, strictFileInteractability: false, timeouts: {implicit: 0, pageLoad: 300000, script: 30000}, unhandledPromptBehavior: dismiss and notify, webauthn:virtualAuthenticators: true}
Session ID: ddb2435b633a9b3ea97be1fbbea2c9a7">
      <![CDATA[org.openqa.selenium.ElementClickInterceptedException: element click intercepted: Element <input aria-invalid="false" autocomplete="off" id="integration-downshift-multiple" placeholder="Search for a coworker(s)" type="text" class="MuiInputBase-input MuiInput-input jss138 MuiInputBase-inputAdornedStart" value=""> is not clickable at point (591, 109). Other element would receive the click: <img class="ReactCrop__image" src="data:image/png;base64,iVBORw0KGgoAAAANSUhEUgAAB4AAAAQ4CAIAAABnsVYUAAAAAXNSR0IArs4c6QAAAARnQU1BAACxjwv8YQUAAAAJcEhZcwAAEnQAABJ0Ad5mH3gAAP+lSURBVHhe7N0HnNT1nf9xjHeXfy53l+Qud//8c1FcmorUbfTeRVDERFBRLChgN9aIMVbsscXugooSAQuCgigGFcECil060pfOUheWnf/nW+bXZmZ3ZnZmdod5PR/vbGZ+8/v95vf7Tf29+fmbesfkNUokDY85Rv8NDieE1Cj1j5EXl3l9VRFegISkJbwACamtxPPqa9ioyQkntCoobFNU3J4QksIUFrVt3rx148bHB150/vDxR0haEt/3T0IIOUySQAFdn68dhKQ/9dXfKK81XoCEZCC8AAmprcR69TU9oUWgMiOEpDwtWhbkNQi++iR8/BGSgcT6BCSEkMMpcRfQx/CGSEimol5u/lccL0BCMhZegITUVvyvvrwGjVu2LAjUZISQNKV1fnHDRk2cF6AKH3+EZCyR3z8JIeTwSlwFtP4XOUJIBuP5T7F4ARKS6fACJKS24nn1NWveKlCQEULSmtb5xc4LkI8/QjKddJ2Lw/TatNuEkFpOoueAJoRkKpwOjJBaDC9AQmor+tXXuMnxgWqMEJKBND2hpe/1SAjJZFL1/bPq/3yB/7iBEFIbqaaArn+MSmAgISQzqX9MQ16AhNRWeAESUlvJa9Aov6BtoBcjhGQmDRody8cfIbWXmrXD8ZfL1NCEkMymuiOg+fJBSO2Fb/+E1GJ4ARJSWzn2+GaBRowQkrE0a54feEkSQjKW5M9+k1yhzNddQkimUu0pOPhnMUJqL/y7NCG1GF6AhNRSOPszIbWY1vlFgZckISRzoREmhBymoYAmhBBCCCF1KK1aFwYaMUJIJhN4SRJC6m5SdcAExTchJM2p9hzQFNCE1FoGnjw4v9D9OXJCSCbDC5CQ2kpxm2AdRgjJZJq3aB14VRJCMhP5/nlCs7h/CzS1rTEdNCEknan2CGhCSK1l2Dnnt2nXKTCQEJKZ8AIkpLYS6MIIIRlOq9achYOQ2ol8/2zZqjAwkBBCDoNQQBNSd5OK/qux/D1q4IMNTn1YLtTXVwkh8STRF2C/Jke93e7ne7sfcahnvUPd61VKeuq/PXTCVw/1UJHRZOR+jY8KzIQQIgl0YdXmjLYt53T51b4eP4nn1SejychntGkZmAkhxEnSBXSLFq2vufb6GW+9tXrlqn27d0vkwltvvnX1Ndc1b9EqMDIhJDJxF9D8p+qEkCxL6gvovLyGeQ0a5zVsov5WETMCp/ggJHZqXEA3kb//1fHaY24+dOzYUN5Jd6iBDY71jEAIiZmEXoD9m/xuQ9cjQ73rVeiGy9ZeMSIjyGihPvU2dDlSJgzMihAS6MKqzlltWpR2/5dEX32l3f5FJgzMihBiklwBfcWVVy1dsiQUw9LFiy+/4qrAJISQQOItoNN3ugxOxEFIimI//2ILjF9bKSsrO/HEAYGBTuSmnTt3TpnySmB4EklxAZ3EOaM5zTQhsVKTArq+/urwy+Krf37B2iZ3hBrfWtHkrlCDAXepmzgOmpA4ktALcHbbfw31rleuD7FUJVdPT+fV68jK3kc6V9UIPdVfGTnUp55MGJgVISTQhVWdD7v8Sl59B3ocEf+rT0aWV59MGJgVIcQkiQK6ZNx4sztdEQqVr/lx74ypu194RrLnzdfLf1wpA41nny0JTEgI8SbeAjruFBa2veDC0fI3MJwQku7Ip15giDdV35rJTJnyys6dO6N20ClsnyWpPwJ6QLOmgwYMPPX0MwedPGjQqadFzSly05AzTzlpwEnHczAmITGTdAFd3xz73On6eqd+9YsRK4+9o7LRrRWNb/d00A3UCISQKpLQC3BfN1V+HequE267VLrXq2yrY84GoP+qMcMjy4SBWRFCAl1Y1dnX7SfJvvp+EpgVIcQk/gI6r4E6rMG0zwdDofKNG3bedfOmAV1Lu7TaWNBIUtq51aaTuuy8+5bytasPHJRRbAdtJiSEBBJXAZ3IMXz3/fWR2e/Pu/WOuwPDqwrHCBJSs8iHXdXMON5JajdRO+jUts+SFBfQf2lXuGdIv6233lC+9sdDoVDFwYMqFRWHDh2SvwfFgQOSilBo/48rN//pip39O/w5v3lgJlHT9+F33p3z0btz3rljqB1y8XMfvfLwWRGXz7rjLRnNzZPX2/HdDH3slTnutM4QNf5zY9yBTq5/yTvDd+e8dHFgBCdqzNi3Ro9aYN/CBBK5tBnKmCejbj2VKm6qrahFiv7wpTLNmxUUH3dsYGAak2gBXd+eC0x9of9Nj7/86wVrjvj95/927tJj7ww1uvWQpPFth469K9Rg4Fg9muqgw5PElT6PviNfX8J5Z+yQ4AiZyJAnXn1/3quPnhkcXou5ceLsGU/0UZdvfkq2zAs3B0cg2ZmEXoCq2NLHXbr9lzkFbe8jKx8cqSIXTAum447cM94PYv0CrJXXnXpiP3VjYKCOPPnfnzgqMDC56Je25x0mxj2S3EigC6s6vheUSdyvvsCsqsi0lbKbsGpaxPC0Z9qqWPd7/4KyUNnC+yOGJxN1L15lC+6PGIfkUhI6AvqSyy6XJ43s3x344dvNf+i/sW3T0g7NSts329SrjURd7th8Q/Ojtt90VWUoJLuDMvIll1wWmAkxCe/zvvQXdcHd842WKvYi1U11bGetlqM27FuP6a/rdT1xFdCJ5LEnS+RrlfwNDCeEpC/ySRcY4o25tepxMp9AB53y9lmS4gL6pW5tVp/aa3HvdotP67P2tUmby3Zt3rpt08aNm7ds2bRpU+mGDZu2bt20s2zNlIk/nNT5+w4tVvVu90xh08BMokZ9ZvjrxSoKaPfjVre3gU9fmdUrb6lPoL6egWZ4zAI6YuToSUMBHWtp0586X0DH/7ikLPEW0OOenyhpekJL70C5aoZ7B1adRAtoiTm9xlEnjv2fq8p+ceGPPxv2/U+Hfd/g5vImtx1qdGul20EnfC6OM8fOmBeuWXVunJiSekh1atne2LoFNKn9FBa1m/bWO7feHjzKo3OX7jL8hhv/EhheRRJ6Aaoyq3vgv/0/orJdvcpxN8n+tkrJTeqqDDS3hkeWCQOzihF5Db7z6oxa+deXjBXQKZrV4R/1hlw3C/pBp50ue7lnnn1eYLgMkeFya2B4rAS6sKpTk1dfYFax8+bKUFlZWWjltMDw9CdjBXSqZnX4Rz0Z6mZBP3Hiy2Vlu84865zA8GnT3pThA08eHBheReIvoJu3aLVs2dLKQ4fK127cMuTEjR2alXZutfn0/rvHP7F//of758/dPf7Jzaf23nLB0IM/rqysPHTwwIHKysply5bxm4RRkti+ZHYU0DF3sTMbtRhpLqBTuANIAU1IticbC2iJ00Gno32WpLiAfq5T4Vf9O31xYucVfdsv69t+9T23bNuwYfvevVs3b966adPW3bu3rl+/+s6blnQrWNq55eddCua0azb2hAaBmURN5EdXXAW0fzQdGeGdO4aOeTLin5TrZAEdc2nTHwroyMRbQJuPee9XEPPlI9HP/oQLaP0Dgw0G3tPg1sr/vWb7f1+68RcXrf7pWd/9+rKtx96lTgOtCmjVQR9sMtZ20HH+JuGoF9J1YC8FNElt5LU2bca78lrzdtCmfZaBl195jTOw2iT0ArTFlpsjKrvUq/zD/1ZuL5XdcpVtpepq53qVPcMtmEmcR0APeeJVeZrVzpONArqupe4W0H1OHCAvNIm3gzbts0RudQZWnUAXVnV8LyiVBF59gVnFzLRVoZVvqsJ35ZvBm9IdCug6l7pbQD/19LOyNxvooKdNe1MG7tq1q3uP3s7AahN/AX3NtddXHqqskLt44roNBU1LO7Xedsm5FZtK5U4r9WHR8rd89eryTZsOhUIHKw4drKg8ePBgZWXlH6++NjArkuDeTRV7kcE94lpM7hTQKdwBrKaATvD8GGbBEloGFc7CQepk5MMlHoGpMp+ql8HcWheWMzKmg05H+yxJcQE9sUvxyn7tZp/W75Pzz1jWq82y7oUrLjxz06fzt+/bv23v/tJP5i0/f8jSTi0Wd2z+xQVD3zixy6yWeQ+1jOtctCkroIc+9or+XJfhgRkmVkA7Z+3wnvnBFNDuTW5rbD7z3Jm486yygI65tKoCDty7uouI+1UT2oFOM27ucYz8dUdWS66vugtpWmY1srnJs5DhAtqsrx0oifpdx4zsLLAa311U70p5Nql7X8FNau/Os15mJoHN6Nk+3iX0zG3GO3Nem/b0ec5NeY0G3/DwbXfeO+bmW6++bnQvd3jbLgP/0PfEAd169G5TWBBnAS3fNsa/8HfnK4jz5UMGOt9I4klC/Vd9/bfBgLua3KVOuHHMmL2/VR30hl9euu1XPe9rMHT8sffI8IrGt1XqDvqQ5zcJffOJElUMxfoP/1UP8uqjN6vjo51xVCcV8R/Re//7ets466OqwwPDx3V6BkYv2rxdWJSRPecJscsTaM99lbdnqZI/sNTtBM3WMPMxy6n+2oYuyhYgaYmqmz0dtNM+J3byu0QLaHP0pXMMZq+fqDPPvnCrOvryYHnlgXJ1YcJtaqDcFC6/zIXArKJGnrf6qRXZBZvnmPd5Ff1FpF4Idkyn5/U+S+1w9xXkPkvNaO5s3RdLuIAO/htVEm1yjEnU8sx4YlR4qZyNoK8670v2peeuo/8l5nlbcBZeTeJuSbUivrnZm6K+RZi1Nm90vjuyi+EOcd8coi6Dmb/33VVWzV71rrhvnt53Ev8y24HRH3T3XuLbpMnHqZtNBx24GmcCXVjVqcmrLzCrWJm2Uh/7fP/CskDzqNphK3xw9JvqXB2G21Y/uKDMDnN7XtMsO3NQI7ujuYdam9HUXRvuAoQLaDVV2YIH7fhmkkTb5OiTmDm/GV4qfdfOArvjq1VeOc1deN/C2LOXWHa91Oq4rboawZmb9ybnvjwbxKz1NH1nvjuKeHRkts4IUZYhssF3N4J3xWM+4u4/DLiPjneR3A3i+SeEODdp8pk+/S01p3AH7bTPkYdFV534C+iZM2ZUVlYe3L34wDv/teOPv9l8Sq+KDevkTg+Vl1ceqpD/1y20Ia9F5dChCpnkrbdmBGYVNZ4dnPBehmeXIfZemHcPxRt31ybGOHafwtnX8O6meXZAnL0tM361O1aByaPctXdN1XoF9rOcebqHAQV2f9xVM8sTsVOm45mPd9Wib9WYm9oODCyJu4J2ZHeRJObuou6xOlG3ykaL3IBqSbzjy76evWomuTg8W30vzp6gO4kZrc81z782bebLU15/bsJfz7SzUjnpUtkBvPHSy68eMfLsznZgUfu+Azq3a9OqfZf8wqJjGzc6puFxzvhRk8IdwOoK6IghVSbZAjpiCCEk7siHXWCIN+bWqseprZx44gD1UR0KOefiSGFSXEC/2LXNyp4F314+4uNFX/7jitHf9+2wvHvh0gFd100oWTfh2aX9Oy/r0urbHoWfXnv598tWzB5++nvNfvdgq7gOwFSfGc7Hno58wjmfmp7L6nPO/bgNfHJ7x4y4KfIubGRM/7cHSd+HXwp/npmCVV82H5bOyOqq76PRnYk7z8BXB19iLK13krPueFgvs3eE6x8zd6q+BITXyLMA5quAXTA1jrvMal3Cczaf3M7HdvAmvcqedZeobwa+Tapj5mOGh7+FmKXS32ns5L5vFZ7Z+japntx5jNxtaG+yi+edrVlxd8t453bmmEkzX37oSjPa6Tc/ee8Nw83lorOvvXT0sHx1uX3PPww7pW8XM7xJYef8wnjPAe18BXluwqTnJrycxJcPSUL9lyTvpDua3BVqfHuFOdj5mDH7fjem8jenPGNubXjGhGPvUcdBN77tkP6rfpNQJnEmjxlPhxIR03p4OgtTzZjLnm6lz6MTw+OYMstc1lWI2+D46ptgpWXjTu4dYdSjegm9937jE+YeA/Nx79FX/fiWKrG428e7/KbQcQu1WFuApCNOB/3AXx9Nrn2WJFZAm1ZL0r2eOsqyS73K3/+/yq0bKysOVh48UHnwoLogV//w/9RNzmGY+ry0gVlFizxn7HPV/3z2PuXOHPuoGh7ldeEfaPpHPdz7LA03mO6rw3mWmtF8LxZ7p84rzvvSC76u44u6R3cOTtSsfHfnLolaKc9LT24KL7C+6mwEdzSJu/DehTT34llffRex3iLMYkRbQc+2VZG7NvcVaxn8d2Fusld9Kx6MWkHPe4j3aeB9rG9+yruC4QXwzTnmJq1RnNL5L7ffZS4k1D5LAl1Y1bGvpqRefYFZRY9biZr2MNwwehvP+xcuULWmd4QHFywwBbRvKtWEmmLa1I7mcrjBNN2oKkYDJaxTTaqr9k6d/jRQpHqL13gjs43SfpoK1d6d7XDtaKp0Dt+L6dydotZ7k56DWUeJXk29jmp4uAg29+JZX3MXak29Da9nrd35e+PbznoxzCSxlqGaAtqzRoE4c9bxPg30utv1un/hyvDCuA+6f86xN2mN4nTQ73/woVxIon2WxF9Ar1m9srKysmJNyYHZRxyYUe/A/OvkTg8dLFcDD1V+tbpi0aqKRSsPLFp1cNGPFV+sqvhmTcX+A4fk1h9/XB2YVWR8X+OHPnaH/nofx16Yf5fBm6GPPWl3Z3w7Sp7YvRXPbD17KMnvWMXaL/PHu3ej7tq7C+Nuh/BOk2f3x7/Keru5e0PeXPxc5HwCe0/hvcuoA2MvieceIxbG2c6+lbJ7rN6YJQ+P79mA3qW1N9mrZhI7mpq//+EIb08z2oxnb9CTN+r25+eeevae0/XlU/5475hL7Rmi8gePPOesQS3UZVVAd+vRs1VTNfyYxs0aNq6mgJakagewhgV0n34D+vQ9yck4U4u/8HfvQEnTpi0CE/pCAU1IDSIfhYEh3phbqx6nVuKcecM5F0dghBomxQX0S12KV/Qo+Obi4Wu3bf/4889n/vXeL07puaxbwdKexUt7FC/r0vqLAd0/fvrx75YuXbNt++yzTn23+VEPtUr9EdD6g0fHP4n3s8p8pHk/mCPvwsZ+ksWap+fe1Zjej0b3a4Gaufd7hoxpr7rjRCTW0qpJvEuu4s4wHPU5Hf6AV3Hm5r9H/8e5ZyOoe/QumGcV3IUJfpeKsgG9S242kbtUzqbzPpoSd1aBTepdTd8quyvlXSTnJrsAgbld+fTLL4ztJhdOumns324dbAaqnHbW5ZcPaN/omJ5DTh96aht3eGI/QijfNp5/cbI8Z+Qj//kXJyX65UOSUP+Vd+LN6jwbtx3UBzhXqpb5jlD934+rn9e4fl4TiYzT4Iznm4zVx0Hb80GrDrpBv5u884mMaiuiVS06vqInohZx+xdvvAN9M7/R33RHL6TcGijKzANz0PHUMSrOPQYmr3I1q4x7p94ayNMxRSTqZiGpTecu3d98+73Z+gWYRPssSbiAdg7A7K0PwJxwmzruMhBzGKaMYMbUCcwqSrxPbNUYOq+L4CtOEuXZFXwpOS2n+2pS8c3ZO5/gk1m9WMzyuJN4ZxVlqaqPWkjVVIZjl8S9LxXvS8y7Xmq47/XrLFiw4fVsTHfhZfJ3nnoh/A4QHiHmW4Sa0D9PJ767C2/nKpYheJPz0Oi7C2+EiPi3sDM3E3ezeOIZGN8mrWlUB/3BfPNoJto+SwJdWNVRr6NkX32BWUWNqinD9aWvslTNo3Nkq4mqF8O9ajiBbteZyluw+jpKiafiVKN5m1C3ZnUXJtiBesePL+pePDw9rFuJ+u7Fu1mCzam7YP51tDfpqdz1ldmWrVoZ3m4yXM8quCXDw/Ucgpvdxr1fibPZYy+Db3yJM4mpid2HIxDfFnYWzMSZuS/+OcexSWsa00GLPXv2JtE+S+IvoPfv2yV3dHD57eVv1jvwzj9VlD5fWVl5qEL90uCe/Ye63r6raExZ2z/vkhTftCv/xrJOt+z6dq26de/efYFZRcTZeYmZmHthvt2EGIk+jtpx8OxKRNvtkrj7WfHtWMXcL/PHu0hqjdy78C5DeK09d+2ObBJjsX1xxwnsiJlEG1jVkvj2vzzL49tDjL7N3aiRPSvi34DeLeZuQDVOtF1CFc9mN3P2fMBdevOzz18/vNExfa76053XneQO7z9o+PCeRXJBF9Cd2tjh8RXQkpTsANbkHNCTXnkj/FWqmox7/qXAtISQVEU+5gJDvDG3Vj1O5hM473M6OuhUHwHdqXBl99ZfXzx89abNa1as+PTrb96eMmX+RWcv7log+XjkOZ++M2vx6tUrli5ds2nzu2cPnt38qDQeAa0++fwf7f7PPJnKO8/Iu7CJ8UmpJg+30vbePZ+1zjjmJv9Ho3ee/o9Jb2Ivrf4Edf9FV0f1vDLQ/U6gFsZdQhN9a8wPZolnI/iLY4m7PJ6b3FWO8UUqMJ+IldJLor+1BJbWjObOPzy5c9U3K2elomxP51EIzu3Kp1+e8rez5cKIex7+25P3PuCcgkP9F1h/6Nuo1cDhp/9hQDNn/MQLaPNP37PnfPTchPQX0H1ubDJWdcqNbjW/N1jRZGxlgzOel5t0Aa1r6D883/jOkIzT+LZwAT32UF4feyxArPjbikD85YUuobzfbFTCrdCoF9yBziRup2MLF3ccHX9ro+LpuVQNJON46xK7AN7yS92vp5kK36Nacs8d6USspneRvFWUL277490anuUMJ+oWIGmKKqBnzpZN/e77H0X+JmE8SbiAVkdf6uMrOx9Refr/Vm7ZIDvhlau+rbx/ZOVtZ1Z+9aG6unWDuklGkNHClVlgVpHxN6G+p5Z9inqfupGvCzvEFz0H/7PU32N67jTiyeyMqeZs78h9ofnn46SaV1OM6lNN5c5NvcTcJXEnCbwReW7yLGHwJrVe4YJY7sL81feoZxX7LSJynm7cJVFL7myQWMugLsQuoKNtRh3fdvBu2HDC81TzdwbaZYhvk9Y0zkHQsz+Yn4kCOtlXX2BW0eJvQn2Noa4pI7tXNcitNe0QHz0HfzHq7zEDBbSvP/VVsRG1ZqwSU6ZyBCtyiduQehPZlrpL4rkjVUD75hmem2cJgzd5x5G7MH/1PZoVV/MM0ncXZZ5O3EfHfdSqWIbgTe5G8K94MN4CWo0Z5MxTZuiIOueYm7SmMWfeEHv27MlMAV2x/Lbyt1QBHVo3Xl5tUQvobrfv6nHHrr537V70Y3wFdOB7uyfV74XFnlbf5N/d8CWwKxG53+TctZl/5Aju/bo7Vt47Dce3n2UiozmL5K6C3cvzRc3Wvevgnqa+Kcr8VdRNznz0OBE7fSoxBzrT2viXxCbQ/Ib3YZ05xFi24Iq4V9UM4y2g3ZkHFsN3DujBl/9NF9DDbvLuAI4Yeck5wy/o31VGMKfgcH4q87gGcRfQNd8BzEwBPf6FBH4akRCSUORjLjDEG3Nr1eNkOIH22STlHXSqj4DuXLiyW6tvRp/z4+bNP65cuXrVqi+++fYfH8379J7bP7n79gVffrlk5cplS5cuX7Zs7dats4edOrv5UQ+1TuMpOAKfYd4vK+FE+4oQiPergI3+7AyPHLPf9NwUWBLPPCM+sMOpemmdEXzT2m9FerSIhQnHf4+xvidFfu1wl9l7k8xNf/xH2Uom/vn4Rwtvn5gbIbgW3qu+WTlzUBd8i13FA+QroL1HQNuoAnpgD8+QBApo+bZhTvv1/IuTnn9xslwwpwMLjFZ1Euq/JHn9bm4yVvXL+lzP6jwbx94TanjmBHPrb04p+d2NlcfcuFdVz+YUHGNDMokzeczE17boRBRVnuFOC+xt09yOpprCxUnwLmz5Ep6Jiu1c7DK7vZhO+B4DS16DuHWbd56B5Yy5BUg64pz3+f4HH438TcI4k3ABbdLrJ5Xt6lU+f4s96PK63pWt61UW1qs8u7H6MTQZIjf5z0UbmFVE9JMnEO8T3jzJIw9SdkaL+RL2P0vdZ7KK51kafNG5Y3rnLK87PTDJp3eM6tP/thCrLY14OTs3+VfKd1N4UeUu9LSymu+MHeLcRey3iJjbU0duDb/D2EWtYhnUhVQU0NHG1M8BbxNtlzm+TVqjOO1zpk/BkfirLzCrKFEVYZC/mjRVqdNIqpi214wWszBV7WSqCmg9muou3eI1sbjdqzdxtqVVFtCBRtW9I7OOchd6Tc1w9y4i5hlOzO2pIxtHTeVZ1CqWITgrd9n8Kx6M59GJPaZ+DoQ3V6w5p6eAds77/MEHc9Xz0P+bhHEm/gJ69Y/qFBwH146rfKfegZn1Vn93k9xpRcUBGWhOwfHFqoOfrzrw5Y8Vl4zfWzxm18D7dq/apM4BXf0pOPx7DeHEtxcWuBqO3nuKuivhJLBX4l5Ve0lOB+ruQPnHj7VjFWN5gvEukjtJxE6ZjX/ZfLuxUXaIVPSuYnhpnXFk/pFHEcUaWM2S2Hi2Q8Sy2cWIukHUyJ4Hxb2qJvEuj7t4/kn8Kx5YjJgFtPcIaCeBAjqupGoHMAWn4PDEPQWHfzin4CAkfZGPwsAQb+RWIzC8thK1fTZJbQed8iOgC1Z0bfn16HN+3LJ11YqVP4pVK39YvPjLHxZ/vWTpkqXK8hUrVq5YsW7r9veGDX6v2VEPtk7uFBy+zzn3y0fw49b7MRn5OeqbScRdhBP57cQ/JOZXH+/C+CfxfFL6lsGTapbWxvOx6sQuT/Bz2ol/Pv45eDZC8BtGrJtkuMzN8xAE4p9PjE0nF2JufO8Keq/6ZuWuVMSs/I+Cd25OAa1OwfHwiD7h4U6Cp+AoaBHfOaCdLx/mtF8SczqwRL+CJFpAS/JOvFV30If0Ac7qOOhj7wk1GPrcf/Z84BeXbP31pet/e/W2+jfubXTbIdU+n3hrYPIYiV3EBG+KMaa/f/H2U6oKcaq0qmsdm4guzA70ljgqzr347kIPN1edCzWMp83xrr5/OWNvAZLyBH510DkfdKIddGIFtDmgUv52qVf5h99UbitVhZe4oV9lpyMqO9ervKSNuioDt28Kn4vWtmaBWQUTvb4MPuGjVYfh10XU8e0I8TxLgy869zXle83K81/uJcqLMa7EqD7ja0sj3nmcdYlcd89qmhUZ9YIdQVZZ/ySjXYyYbxG+tY6MnoN3dapaBv/m8ozpX/FA/Nsh+vLE2lZxbtLk47TPpnQOXI0zgS6s6tTk1ReYVWSi15ee0tAkymhOtxhtfBX/8LgLaNVgRju2VyYxv1UY7b6qjduQehNnWxosi92bItbdM5VZkTdX2vvVyy/je26NWuz61zoieg6ee6lyGfxr7ZlzzHvX8RbQumh27suNbxzPHcW5SZNP4FcHA79JGH/iL6Bn6B8hrNi1dMd7/33nK027vnru2l0b5E7LKw4c8vwI4Y49hwb/VR0Hfc4Tew5UVITi+RHCqPsyMXYlqtplcOPfvfLPKpzADpdz1bNDIXF3oPzjx9qxirlf5o93kdxVCCySE8/w4PoG9+NMPHtzEmeNos4//oHRhntWxH+nbqLuPKqRPQ+K56r/sfNsT/8kzko5o9nNYkbzfKpeevOzT40+0ZyC444zuzvDnSRcQKdwB5AfISQk21N1uVz1rZlPWVlZ1PbZJIUddIoL6Akd85d3afnNqLNXqwJ6xY8//rhx48ZNpZuWL1v2/fffL1mydJmqn1etWrli/bYd/zh78HvNj3qoZVIFtP/T3fMB5v/UMRPqMf0fTp5bq/t0jPLtxPsdQn3eh+9dX3Zm4rtHNUl4wfTl8E3RP8irXFr3FzCcbxuen+NwZ6iqWHcmZ93xXLR79G9Jz0ZQX1zcrzLeVQ58p5Gb3non9pcq/8j+jek+cN7to0ezl8Mr6Ax3r/pu8qyUf1a+LRmYm1NAmx8hHHtVO3tT91OHmx8h7NN/6LCTetiv4M2Ku8T5I4R/e+JZ58uHGeJ8BZGbnNGqTcIFdAP13xM0UB10pfNThOo46LtC/3X51p+e+e0vLvrx15du+O0124+55VBef/3zg3qS6qNaCX8Xc+NE3VlE6308fYr95T1v/6JGcCeJrEI89+L+gpYnThd25tgXwhOG5+/5oT/PgnkXSd+7vQu9Ut4Sx72cQLz1jXdrOMupE3sLkNRGXmuRvzrodNCXX3mNM7DaJFZA6zJLnV62uF7lU9eqYy337a08VFH5+ezKnj+t7PN/KhfNqayoqNy/V90kI7TRI8fxI4TBl5iK80zzvEbU82riqGivC7msulTvC82O43+Wyhw8jWeggHYrzuCT2e0r5eX86owqatMqo2YbpfqMry1Vwz3vPL718q975AvTs2re94fwrd7tYy/71zoyatPJdvC8fcVeBr3kdkzfWlRbQHueFd6ZSOyzQt2pb852mdNaQPc5cYDahv662emg5VZnYNUJdGFVpyavvsCsIhKsVn0Dp61ybgq3kG+udApEt/dUnaOnWAyP4y9Gqyyg3cm99av3skTNoSzZBtNfxYYTZ1uqNoi7Lmo03wHC7iL5btJz8Kya2oZyzdnaasW9I68ylwNrHRG16dRmcB+12MugLofH1Jej18TB+J8V3plI7LPCOwe9faLOWU2bygL6qaeflbsK/Oqg00F379HbGVht4i+gr77mukOVh0KVoSc/vTvvuf4tXjz5nFnXbdi9Se7UsW1P+ZXPHeh4y+42N5WNe39/KFRx6FDl1VdfG5hVZHz7MuZHCL27JOqLffj7fxW7DG68O0F6T8ezVxJtHN9VtTB2L0kNDM/fP75aPPd+PTtWsfbL/JHFjrrboi67u1rh/b7g6jiLoe7Lu2PlxDNPtWzOOL75e39vsOqBviXxDPft/Xn3xaLusXrj23HzXdV34dv+9u78k6ib3BX3PBxmfV9+wH50nn3vy0/dMcpcVj9CeMNFRWaSvE79TnN/hNAtoI9t3rChGSFmUrgDWF0B3TA4pMokW0Andi+EEG/s519sgfFrN1W0zyYyQknJuMDAJJLiAvqF9vnLOrX4auSwVaWbVq9auXHjxg0bNqxbt07+Ll+xcvGSJcuXy/+L5foI6NPea/a7BxP9EUL1sef9hFNxe8zAp46K/nrx3GNRP+S8X2LcuwhE7tHzQWhiPsNUnhvj3rtatpcutksocb9/+CaRubnzjPrpG3Wgs7TmQ9d/F+6deif0julsFv/MY35PMl8d9NbzTe7c5FzV9xJ106n4R/ZvTM8D51sFdxw10LMZfVfDa6fuOnKlImYlCczNU0AfkzdgxFj3HNBnnRQeJ69Hr0F/6HvigG49ehe2jPcUHPJVw/vlw8R8BZF4B1adhAtodbrnxvLXexx0o9sqm9x2qMHN+//PWd9J/uPCH//7qh2/632LM3LcMRVGOLa/CPQgKqrdcEYLdyLuQHW8oXcS020Fqi4Tp07yxu1uVL0SGNP0RzrepXLHfOFmtSROU+MZP3bXEyuBJZd4t4a3Y1KJvQVIKlNY1G7ajHcjf3XQdNA33PiXwPAqktAL8FAPdUzloV4/qWxfr/KOoarnMtm3p/KsvMqzG1UePOAOlBHa65F71JMJA7MKxG17PQl3iN5Xpe0No7wuVHyv3/Az0/8slZeD51XgeZaa0ewT3jN5RBUbaGwTiu2C3Zh7D6+pGU2thTt/ty01L72bnXUMvL482ySweHqzOG8Ikcsf9S0isNaRUSMEH7WYy+CuuEwiG9lO6F/xiNgFc+7FfXSiDXxn7I3OtopzkyaZQaedLvcYebCz6aDl1sDwWAl0YVWnJq++wKyC8XfETmzdbCpLw/aGuuu0vBOaitbwNsvuOFUW0PrQYMvfV3qrWH9jm1jc+VsRLWoVbakpZN11dNtYFe828S+ev7rVfbRva+shYfa+ItY6IurRCY4Qcxncu5BJZCNErYkjEp4qvLTerefctfv00A9f1DmnuoCeOPHlQPtsMn36WzJ84MmDA8OrSPwFdPMWrZYsXXKo8tDqsi0nTR1xwoT+LV86ue/rF/ztyxfnrPnkg3WfPfvNlMHTrmrz8N/b37znjEf3bC1TZ+dYvGSpTBiYVdSYLlXHs8tmhkTuhTkTBq46cfcR9C6bdzfBxr9P4bvq7Ba9c8f1zg5U5D6Ie7/+vcvwnouOf3c1HO8i+VfBXWuJnWdgUb17beqmqHfhbM9XHh7jG0fdnXNTeJ7RBsZeEjXDwMg6dsHUwKj34omauedB8V11Hzt5Jsg8Pc8HdxL/inseDjPaqAfeem3azJenvP7cM7d2sZNI+p55g3sO6EE9zUB/AR3HjxCmcAewJueAjkySBTQhhKQ6KS6g/96h1fouLZZcMnzb/vJdO3bs3LlzR5hc3LR5szogetOmzaWlO/YfmH/u6fOaH/VI67gqMPWZEbPiTE0ycBeHaWJ+xSE1TKIFdP088y/V6h91dAdd2fh23UHfeujYO0M/H770iMGf/+t5P/6m25/0yOqlF56EEBJMQi9AVWbpn0FTXVi3epW3D6l88c7K8TdVXt29svsRlT2OqLz51MoX71CRm7rp0czIcfwIYdakxvVlsjEFdJ35R50bfVU+SSKBLqzq1OTVF5hVdsdtOTMcU0AHBtZa/FU+STLxF9CSSy65TDXtlZXfbV3W/42Ljnuh3wkTTmr6wolFfz+t+OXTmqnLfY97sUvvcU9/u6YyVKl+gfDiiy8NzIRkcwJVOKlRKKAJIYdrUrzf2+/442YUHff2sN9/+vW3H8+b//HHn3z8yaeS+XJBX/7wo3kfzv3oow/nfrzoq7+fdtL4pkf3PDbuAtr+g2fwphTE+QdVCujEox+aaIcYkBon0QLaSf0GpoO+xflNwmPvqPyPEavqnbrov9pfrUbQJTUhpIok9ALc1+2IQ/qAShP1S2jFOh30yQG66wtytaieOvrSM+a+7kcEZpW18R9NnNHUqQJaHXdch9rw7EygC6s6+7r9xPuaSuTV95PArLI5qgWupeK1LhXQ6mDkZA8DJ57EX0DnNVC7cs8+W6I66EOhjbs33/LxI12nDGv10imNnuvVcHyvFi8O7DT5zGs/vG/5jqWhkGqfn35anY7ATEgOi1BApzJxFdCJnB/jvr8+Mtt/brrqw/k3CCFpyGF04BXJfOx/RUX7nK4kXUBLAufiaHJH6F/PW/2rosvUTfymBCFxJKEX4Oy2/xrqXa+8u+6/etQ71Psnlb3/qbL3kZX6v/Sv7FlPXegjQ/5J/bf/+uhLGTnUp55MGJhVNsaeX6J22mdJHSmgdQVP+5yKBLqwqvNhl1/Jq+9AD/WPQHG++mRkefXJhIFZZWfs+SVq77DfulFA21Ne0D6nJgkdAW1iO2ht9c71byx/79lvJj/zzeTXlr2zdNsqdQYczbTP5PAKBXQqE1cBnUgKC9uOuOhi+RsYTgghGU6qC+gk/q2Mf14jJEZqUkCr6B8YzOt387FjK4+5ueLX7a7UA5vU945DCImRhF6A/Zv8bkOXI0O961XoIytV7WWif+gscFVGkNFkZJlEJgzMihAS6MKqzlltWpR2+5dEX30yiUwYmBUhxCSJAlpy+RVXLV6yxDbNEb7/YfGll10RmIQQEki8BXT6jijiWCVCSHrCEdCE1N3UtIAOHwd9zMn3Ht3/XnXBfJ/gX30IiSOJvgD7NTnq7XY/39tdn4ujuz7u0lt+ha/KTTKCjCYj92t8VGAmhBBJoAurNme0bTmny6/29dDn4qju1SejychntGkZmAkhxElyBbSkeYtWf7z62unT31yxauWuvbslcmHa9OlXX31ts+Zx/eogITmeeAtoQgjJtlBAE1J3U/MCmhCSdHgBElJbCXRhhJAMJ+kCmhBSw1BAE0IO11BAE1J3I98/itt1DAwkhGQmvAAJqa0EujBCSIbTqnVx4FVJCMlM5Ptni1YFgYExk9r/sJX/TJYQks5UXUDzBkRIbUa+f8g+QGAgISQz4QVISK2kUePjnBaMEFIryc+ngCakdiLfP1vGX0BLUtUa0z4TQtKcKgto3oMIqdW0bF3YuPFxgYGEkMyEFyAhtZLjjmsW6MIIIRlOy5aJ9F+EkNRFvn82aqR+ST6B1PxnA/nhQUJI+kMBTUjdDt8GCKnF8AIkJONp1rxVoAsjhGQ4rTkFByG1mCS/fybX3tD5EEIylCoK6Ib12fEmpE6ErwWE1GJ4ARKSueQ1bFxQ2DbQhRFCMp9G/DdAhNRmkvr+qQqc+CdsyJEWhJBMhh8hJKTuh/6LkFoML0BCMpfmLfIDLRghpFaSX8BB0ITUYmr2/VP9t+yx5tCQ/9KdEFIriVFA809hhNSl1KcCI6T2wguQkMykSZOmgQqMEFKLadqsZeBFSgjJWFL3/dMc6cy3WUJILSdaAU37TAghhBBCMpiGDY8tKGwT6L8IIbWbJsc2DbxUCSGEEEKSSGQB3bA+/0UGIXUz/OMQIbUYXoCEpC3HN21eWMSpnwmpi2nWvHVeg8aB1ywhJEPh+ych5HCJr4DmvzImpI6HnwYlpBbDC5CQlKdBw2Nbti4MFF6EkDqV1vltGjc5PvDiJYRkJnz/JIQcHqkX+HpBCCGEEEIIIYQQQgghhKQkFNCEEEIIIYQQQgghhBBC0hIKaEIIIYQQQgghhBBCCCFpCQU0IYQQQgghhBBCCCGEkLSEApoQQgghhBBCCCGEEEJIWkIBna1p0arguKbNGjU+rmGjJnkNGgd+XJIQQgghhBBCCCGEEJJE8ho0btioSaPGxx3XtFmLVgWBUo4kGgroLEt+Qdvjjm9G40wIIYQQQgghhBBCSAaS16Dxccc3zy9oE6jpSJyhgM6a5BcUH3d8s8ALgBBCCCGEEEIIIYQQkoEcTw2dVCigsyOt89s0aNgk8KRPdRpGDCGEEEIIIYQQQgghhNg0aNikdT4ddGKhgM6CtMovbtCQc24QQgghhBBCCCGEEFLLadCwcav84kB9l3QKi9q5l7sW5A84If+Mxvnn5LUeUV8iF9TVASfITe5onkmyIhTQdT2tWhfl5dE+E0IIIYQQQgghhBBSJ5KXl5oO2lTJ8regZ6v8MxrmX3h00WVHF158dMHoowtG6YxWV2Wg3CQjFPRs7Z0wW0IBXadTUNiuYaN0n3mDEEIIIYQQQgghhBCSQBo2PLaGLbBtnzsVFpzZqODiowsvPTp/1FEFI4/OH3lUIDKwYNRRMkLBxUcVnNFYJnEmz4pQQNfpND62aeDJTQghhBBCCCGEEEIIqfU0btI0UOXFH1MfF/RonX9B/aLL6re+6Hf5F+muWR/4HPWCjND6oqOKLq+ff/4x+d3UodDZ0kFTQNfdNGveKvC0JoQQQgghhBBCCCGEpDB9+vQPDIk/zZq3ChR68cS2z93zC0cdXXDx0fnqAGe3blZds7d3Dg8MD1GTFI6sn98t35lVHU+KC+gBAwcNHTosMDAz6dGrX5euPQID0xpZ2fMvGGkilwO3Srp17x0YEn8KCtvlNeDkG4QQQgghhBBCCCGEpCuFhW1mz36vadPmgeFxpkHDxgWFiVXAtn3uUFRwwTGFFx+df5HbL5u62Xs5cqD6e9FRhZccLZPLTLxzrnlM2xm156xJUllADx06bO36DTt37Q4Mz0zuHHvPX269vUevfoHh6cgFI0a+/+FHsqbeLPziSxnujDNpyqveq4mmadMWgSd0bee2+TtDoWVTIoaTmJm8rKotdoveoJMjhhNCCCGEEEIIIYSQzOTyy6+cPfs9+RsYHn+aNm0RqPWqTmFRu4LitvlnNiy6VFXJgXK5+OK8wlH1zWUzsHB0fRnojCB/VS46Sk1+ZkOZVWD+SWfAwEGm2pW/qe2gU1ZAO+3zpCmvBm7KTC4adUlmOmhZQdM4L166fNz4Fx752+PyVy6bgZMmv+KMU5MCOunDn5s3b3XHHWNnzJj50EMPy+XArTVISgvoWz/W5WvE8GhRNe7Oj2+JGF73k+0FdNH5tz/40LUnRgxPTYpH3PrQw1f3jxhOCCGEEEIIIYQQkqlMmjRp9uz3Xn55UmB4/Mlr2CRQ61Wb/D4tii49uvWFv2s98ndupzzyqJYX/rbJOb9ofsH/dQYWjDz6hPP/p/E5v2h10f86o8mtMqFMrjroPi0DM086F4wYaerNGraakUlNAV3r7bNJBjpo0yyv27Ax8mG44sqrTQ39w5JlNXyoWrUuCjyV40zz5q0WLVr00Ucf3XHHWPkrl1PXQVNAJ5wsL6Dbnnfbw7ee3zZieFw58ZqHH7xmQFVDKKAJIYQQQgghhBBSqznzzGGzZ79nOuhBg04L3Bp/WrVO4FQYBW3b5J/dQJ1DY6RtmdUvEOr2uf2ljS95eFjf64uaX/AbuVXS/IL/O2BMh4sfPqtodINWF6oO2owskVtlJjKrwPyTzoCBg9Zt2Giazzp3BHQdaZ9N0tpBj7npL7Kai5cuj3VyZxluHieTpAvopM+/ccMNN3755ZfOVbksQ5yrNQun4Eg42V1Aq4L49vOKI4bHl+oLaEIIIYQQQgghhJBazWOPPTF79nt9+vSXv3/72+OBW+NP0xMSOAy5oEfrgtGqejaHP5uDnYtGH3P8uf818KaOoVDo1uevyTvz58UX50mOOfNnf5t6jwzs9seWJ5z/P4Wjj1HVs55KJtc19FGB+dckAwYOumDEyJr8rF3U1LSArlPts0n6OmhzgLOscmC4E3N8tJOkC+gmTZoGnsdx5uGHH5k82W08x40bL3Gu1iwU0AknqwvoGvbFFNCEEEIIIYQQQgipa+nTp3+fPicOGjT4ssuulMye/d599z0gw+WvXDYD5VYZR+KdsOo0ObZpoNyrIgWnNC26LHj258JR9Zue9+sBN7YvP1B+07grGg77t6LRx0ganPnzB6bctnf/3q5/bN5MnZrDnh7aTKsmvPTowPzrYGpUQNfB9tkkHR30FVdeLWv61sxZgeFOAu2zJOkCulGj4wLP43gyePAfSkrGzZ0799RTf2/iXA2MGWd0Q2rtnD8lWEDr02hY4VNkRDldRtSzbUQM9N5XoJb1ztNWup673jn/NmfMY/KmyO0uX/nruyl817pVD/POyr/u7nC7AOr/jJ3zb5Xhnpl77jRyab0bxy2g9Rrq+bjRw6KdeMS9a+GZKtbwBJc5nAFX+86Poa4+GI73vBmqVg4M73+tM0Tn2hMjh8hovlNw2LvTZ5024wQPvvbfkRrfc3qQmItHCCGEEEIIIYQQIjFn24iMOfOG/A0MN5GpvDOJlUaNjguUe1Ukf1jDgott9WyiemRdQA+8qePBQxW3PHf1scN/2e7SxpIm5/zykdfu2n9gf7erWzS74P96f5/QTCizCsy/Dib5Atr7w4gPP/p4taniwOGE0qNXv2Fnn1tt/nLr7aaD7tK1R2AOyeWRvz0uKzvmpr8EhpvI2skIgSR9tpQGDRsHnsfV5oYbbtwUWxIn4tB1pVMEh4tap6m0N3tuNW2pGu5rP6Mf5+sroM3M3XH0vN2Z6Fl6Cmh1Y7iZ9S2Gui+31NZ3Ee6OVdnq9siTl+nR/Md03/rxsvAIdq7h4Z75hBfATmVWfOdOZ2kjR5Zb3R5Zd77hq54t4188iW/7uDG1uGd9l5n71UvlbrHAaAkts4kqgm8bUWSv+tve/teGG151kmh3NN0yO+Vv9UdARxTQMrlzL7pudn7/0H9HwZFjLR4hhBBCCCGEEEKImz59+k+bNn327PfGjRsvlwsL2wRGkCEyfPz452QcGVMuB0aIlQYNGwfKvSrS+rxjVHesj4B2euSi0ceoI6DHdKg4VPHHx0f8YkC9hsP+XfIfA+rd+dKNBw6WmyOgvafgkAvmcmD+Sadb994Lv/hy567d8je1Z+FIvoB+RBey8UfGD8whuQw7+9w7x94Tf2T8wBySi1nfpA9qTijH5CVcQN9xx1hbNkcjtwbGryaqlPT1yLY89ZaYTnUrcQvTQJeqxgyUmyreglX1o4GG2jd/XeN6C2jvyBFL4omesb4pyupI1KJGlry+ZdPxdujBBdDXvStY5dL6Zu6drfdy5FWbiAXzDA+uXVWLUeUy6/h/fjDWyaBV4+wbrlrjcE2cTAEd61Z1R04Z7d5qlzDW4hFCCCGEEEIIIYT407lzN6eDbtq0eeBWGSLDTfssYwZurTqBcq+KtL7w6Hz984OmRzZVsimgT76p4/7yve8smH73329+9LW7H33tnrv//uePvpmza8/O7le3DBTQZkKZVWD+SeeCESOdIje1FWjyBXS37r0/mPuRWaZx418wx/zGyti7701Vcd6ufechQ4c5RzpHzXnnX2ja56v+eK2MH5hDcpG1SPnWj5UkjoBObQGtClBfIynxVL1RGk+3d/aVp9G60fBw26Wq9jOiQfbOJNil+keOKE/1cjrsTbo995aw7pjBxYuy7vo+zGjBBYgohate2io3lDMftWCRrb1v/MDwwAJLkl1mlWCla4449lfA0SpmfQINO1oSBbT/yGX3uGY1oXv4c/DWWItHCCGEEEIIIYQQEpnCwjbmGOdAB+20z3JrZDdddRI6Ajp/xNH5ujv29simgD7lz5327t+9auPyT36Y+/nSTyQff//hus2rt+/a1vOa1tEL6NQdAT106DDT9EpSdSoLkxqdA1odmL0oLQdm1yTt2ne+9vo/3Tn2HvmbqvZZMvbue2VNx41/ITA8MgMGDkr65BsmSZwDOrUFdLCRVPEU0OrmKGxnGiiXI7tRiTuOZ7aeJFdAm+Vyqlv/vbvFdLB71XxTRZHmAtq7HdQ8o7T23jlXP1wPTa6AjuyO7Ukw9IkvwjWxO8SflBfQ+o6Cy+MtoCWRi0cIIYQQQgghhBASPU2bNp80adLs2e8FCmgZIsMTbZ8liZ0D+txjCkars2c4VbJTQJtTcFz31Kj/GVxPrkr+e3C9eybdXNUpOEan8hzQV1x59SN/ezzlB+DWqICW1LUOOk3ts2TAwEGymj8sWRYYHohsBBln7foNgeEJpUmTpoHncbWp7SOgvXHGjHGOC4mnAw3WozrJFND6knepvBM60XO2FbAbNaqdc7R1dxNcgKQKaDO+v4A2y6CuxlqAxIbr5UiqgI7sgt2YHwl0D0wO9sJuMltA23gXjxBCCCGEEEIIISRWzJHO5rLzS4OmlTaXE0qTY5sGyr0qUnBmo4KLg0dAF46uf/x5/zXwpo4VhypuHn9Vw2H/XnxxA0mDs/79oVfHlh8s73a1LqCj/Ahhyo6ATl9qWkBL6k4Hnb722WTSlFerPQhabpVxZMzA8ITStGmLwPO42qS2gI4sc01rGe4x3cN4o8d0qeZv4CYTTwca7GFVfIdFe+tRPUtfpeveqi95llktZNTGNnImErfGDc7Hl+C01RbQgVXzzDxixU03Hbu1j7Vg0YYHFyPuZfb//GCUOD2y94QbkUldAR3tjvQPHkYtmiPvlxBCCCGEEEIIIcSbPn36z5793q233t65czdz2g35K5dliFxO9OzPkqYntAyUe1WkYMAJhZeqHtnEFtCj6psjoMsP7P/zuCt0AZ0naXDWv/11yu179u8xR0AXhAtoZ3KZVWD+dTApKKAldaGDTnf7LBkwcNC6DRtlNR9+NPoPKpr2Wcap4UZo1boo8DyuNikuoO0JK5x61Fx1e0xdnnpLzNvmL/NWvbr8VbWoW1LrScI9qa8DDdxXsLetqkv13qrnGTyTRvimZe6SOO35lGXurLyVd3B5vJMHF6D6Atozvh7Zvw29BbSZdudO30C9JcOT6Bm6XfMt85eZyxHDZc7uVXVrvMusDjcOFrvFI652h3gPPVaXfW11/2udEjmyNQ4OibuAjrgjfdW5NebiEUIIIYQQQgghhETJiBEXzZ793ssvq+OdJebAZ2eI3BoYv9q0al0UKPeqSEG31gW6O2498nfOgcxFo485/tz/PPmmTqFQ6PYXrss7819NAX3MGT97/I37ZWC3q1uccP7/eE/BIZOrDvqiVB4BPW78C+9/+FHJuOcDw2uY1BTQEqeDlqUM3JSZXPXHa9PaPpsMHTrMdNCymjeOudkUzTJQLv+wZJlpn1Nylu68hk0CT+Wqc8MNN9qyORq5NTB+HAmXzsrO+bd6K1od3Xo6vIWmJFCJSmIX0Cq+mYULXPcmb6XrXQb/rd5Fkpm7N5nmNyxcUtuW3Iqcrcvfhsdb5tqRTVlvRDTyvgI60FDr+ApoiXdu3g3lG+6fbQLLrEph788P6uim+MFw/PWu/0zQvkOnbU3sKZ39QxIooO3V8B3J5J5bq1o8QgghhBBCCCGEkGDuu+8Bp3oeNOg0GSJ/nRpabvWOXG3yGjQJ1HpVp6Btm/yzGxZecnTBSHsgc+uLVBPdYsRvOl95wgNTbv39LT1POO+/C0fVL9CHRZ9914D7J9/S9tJGLS/8fzKJjGymkssyE5lVYP5J54IRI3eGf4QwtaeBTlkBLXE66MDwzCQD7bPJ0KHDPpj7kfN4eCPDU/Ubkccd3yzwbK42w4efd8cdYyMjwwNj1n5UB+qrp4lKbW+W7Dl/RWRhTQghhBBCCCGEEBJXTNd8+eVXBn6EUIbI8JdfnuQMjCfHHd8sUOtVm4K+LYouPbr1hb8zB0GbQjl/5NEtL/xtg2E/b3b+/zgD5ULT837d8Kx/b3Xh/4ZHUwNlQplcZpLfp0Vg5kknOwpoSbfuvVPVwCaaHr36ZaB9diIPw6Qpr34w9yOTceNfSO0DU1jULq9B8Al9+EQflOs7+Jf4j56uhfgOSa7bUeeAjjhSmxBCCCGEEEIIIaS6FBa2eeyxJ2Kd6FmGy60yTmB4rOQ1aFxQ2C5Q61WdwqJ2BcVt889soOrji9xO2fwtvriB95cG5ULh6GNkoDOC/FW56Cg1+ZkNZVaB+dck48a/8MHcjx75W/STDyedFBfQJIU5oVmrwHP6cEnE2TyIJOLMGMSmeMStEb9eyKk2CCGEEEIIIYQQkkS8Rz3HSjzjmJzQrFWg0Ks2hUWqsC7oUFRwwTGFF6sOOlguey5HDlR/LzpKJiw4P6+wYwLnnq7FUEDX3cjTsVHj4wJP6+yOOsTXnKOY9tkTc+pn2ueY8Z4AWoWTbxBCCCGEEEIIIaTW06jxcaZNTjS2g+7eunCUPo/zSHU+aLdfDtfN4cvuTfq00WqSgpH187u2dmZVx0MBXadTUNi2YaNjA09uQgghhBBCCCGEEEJILaZhoyYFhW0CVV78cTro/PPyii6v3/oidVYNb+8ceUFGkNFkZJmkoFvWtM8SCui6ntYFxXkNGgee4oQQQgghhBBCCCGEkFpJXoPGrfOTb59NbAfdsahgSJOC0UcVXnp0waij9DHO9pwbTtTAUXqE0UepkTuoM29kS/ssoYDOguQXtGnYkOOgCSGEEEIIIYQQQgip5TRqdFxBQU3bZxOnRC7o0Sr/zEb5Fx5ddNnR6vzOo9VRzyqj1VUZKDfln9FQRgtMmBWhgM6OFBS2a3Js08DTnRBCCCGEEEIIIYQQkrE0ObZpastf79wKuxbkDzgh/4zG+efktR5RXyIX8oc2loFykztaVrXPEgrobErzFvkN0ng6job1zYVjCCGEEEIIIYQQQgip83F7rbSnQcPGzVrkB8o6Ek8ooLMsBYXtjmvagrNCE0IIIYQQQgghhBCSgeQ1aHz88c0LCtsGajoSZyigszUtWhUc17RZo8bHNWzUhD6aEEIIIYQQQgghhJCUJK9B44aNmjRqfNxxTZu1aOWe+4IkFwpoQgghhBBCCCGEEEIIIWkJBTQhhBBCCCGEEEIIIYSQtIQCmhBCCCGEEEIIIYQQQkhaQgFNCCGEEEIIIYQQQgghJC2hgCaEEEIIIYQQQgghhBCSllBAE0IIIYQQQgghhBBCCElLKKAJIYQQQgghhBBCCCGEpCUU0IQQQgghhBBCCCGEEELSEgpoQgghhBBCCCGEEEIIIWkJBTQhhBBCCCGEEEIIIYSQtIQCmhBCCCGEEEIIIYQQQkhaQgFNCCGEEEIIIYQQQgghJC2hgCaEEEIIIYQQQgghhBCSllBAJ56idm3admzbrpP8NReixrlV/sokwZkcZjErWNSuWC7I9tFxrrojkKQyuEPHv/bo8nzPznd069i/bQcZojZsxGhZmkL/uhQWti0sKi4oKMjPzy8slL+t5WKBXCpsExiTEEIIIYQQQgghhNT9JF9A9ylq+0mbwveLCz5rV/TX4iIzcGpxoQyUyAUzRG6SEWQ0GSiTmIFZnKQrsMOxOysuate2sK2Kbpzlqm2cwzFD5CYZwYypRoiYT46noE37wh5d2/Tt2apH51Y9OuX37FrYs2tBr66tendr3bPrJd07zejT5euB3X8Y0PXrk7pN7tF5WLvDcxsWFrUrLCwuLCwsKpI/unMuVEW0/JUhErlSUFisxwxOS4jzhqPeZGLEN0JgckIIIYQQQgghhKQnyRfQA4vahjoWV7YrCHVp+2abAjNwbdt8GSiRC2aI3CQjqNE6FsskZmB2p6hd1979e548uFfvfj269uzeo0+PXn17yN+eKuaq/O3etaeM0PPk07r06Z9zR27S78Sd/LbtWo88pfkj5x1zz5BGdw85/r5hze4/p/m9w5rce9ZRfz37zKtOm3dqz9ApPTed2mNl/y7bTu4W+n2fST069G9zuG1eeY2odrm4yJTOkTE1tL5V/XMXR0MTX5J4PvAUIoQQQgghhBBCMpLkC+gBRW3Ki1ttK2xxsG3rKYW2bv6hsJUMlMgFM0RukhFkNBkok5iB2ZvObdpf2aXzUyMvevyxJ579+6Tnnnth3LMl454dN65k/Ljxz0tK5IJcfaZk/HMTnvn7pMcefeyJ84df0a5tlzbBWR0GaVvYdlCL1hcdd8IfGx83pmHjW/Ia3XFMg7vr592jIxfkqgyUm2QEGU1GlkkCM8nxFHTrfNxfzz7+0xs7vjPmoi+eGTDv3sYzLj962qhjZl7xmxmXPfaXoTtO7b24d4eJHQsean3CpA6tt5/c7esTO9/W6fDpznSV3K6wULXPkY1zuHR2B6rRZDAdNPGne37xFU2Of+io+s//5rfv/uq/5v3ilx/+8ldzf/FLiVyQqzJQbpIRZDQZOTA5IYQQQgghhBBC0pQaHAHdpl2od9fd3TuG+vV4vXNHM3B5t04yUCIXzBC5SUZQo/XuKpOYgfHk/gVloVDZgvuDw2s3wzt3nndy79Dl520sebx8U2moSvs2rl/3t7+Gzjn1wx7thrVXp+6NL2+utDMwUrIR9DxXvulcXjnNe2uSufC4Ez785a92/+TIA0ccEapXr4rICDKajCyTBGYSmWmyfGUL7/cOvH9hWRLbYdoqswV9AnMORE2yalpgYDpT2Kfb0WN/337WmLvnvPj8wplj3h9XOOGy/3xyyG+fP6/+02eXnNN3Z9+un/XtOLbFcRfmHf1gq+NX9Ov4w4mdxneursdXW8x5xKPcVLbgweDw2kthYVGbNsWmYs7Pb22qZ33VnovD6abNKaHVwIT+NSvwTKj6OVBd1PMzhU8S37Jl9Lmn86C80UZ7N4g1vI5mcPPWy3/2s8DbThWRkWWSwEyixLyOHO4LyvuOGkiq3mDVQ5Cy16lvRWrrg7WKjUYIIYQQQggh5HBO8gV0x05d/3T1NdddedVN111/zplnm4GXjb7shquvl8gFM+TcM4fdct21f7ryij9f/cdOnbqagXFE9r1F3arJJBd17PDuKX13/77vD73aLRl1zso3p27dtWf3ocqdW7du37JFIhfkqgxc8cYrP5zz+8Xtm2/r3ebVbu2GFtqTYlcT3UZ5y4v7F5SlugZKTT/StrDt9F//d0W9ehJfuXPEEaEjj1R//cPNmDJJ9QdBR9TN01bW7JkgWzXOzjHjBXTz7h0a3TX0ggVPPfLJay0nXnrDByU3f/h80xdH/eq5Yb99fvgDI09a36/L4hM7TWjXemzzYye1a7VlYJdFfTvd2zG+Ajpa06T70zr0yiosamtaZqd91r2z85OD7fQIqoCWm0wBbc4HHecR0BF9sby3VPsQy2vEu+kCV1MW/c9s7sLcv2CVuRc1PPGeLqmpalhAp2vLJJo3fv0/8iZTfsQRFZLwu4267L0aHiijycjTfv3fgZlEiXodOQ9QzEbYv+VT8wZbxd3FSOzHQr2teW6atirVnykpTfxv14QQQgghhBBCsiTJF9Dpjez2yy5o3dsRvbBjh7f6dloxbNC8U/r80KHF9wN7LH3g7vWLF287cGBrWZlk24GD6xf/sPS+O77v22FxfqP5fTrNO6nr34qaDS20p8muKhHFa3qSmn5kUIvWC//9P0L16u37yU9MreP+lcjAn/604sgjnYEymowsk8iEgVlFRpWGTqHj64CSSh0uoFv37PS7O08b8skjz3/x9tAZ97z09ezHFk7P//vFvx5/xhEvnHfpLad9d2rPdT27LOrfaUHPdl/27rj/1B4ze3YY3CaeAnrVyijFvWqp6tQ/7ahzOuvjnU37rBLtZPGFhfYQaRN9ao7qNoJpBpN5Dwl0ebGrvRolzkIz3uRuAV3U7tuf/5t5q5E3mUr/P32F9DuPibnJvCN9/fN/q/400P43n1hPpzpeQPveTut+KKAJIYQQQggh5LBL8gV0YccORZecVDiqf/EVAwv/0NMMbHbmvc3Of1rlzHvNvv2VQ4575o9HP3RJ/ccvO7prx3hPuyn783rHO7gnb/f/VUtoBI9NM0d3Kp79bTWVVdOu5ILOXd7u2Hr9dZfOf37copuu/aFb4fKOrVZdc/GGOe9uK9sp2fCP2auuGrWs7fHftW++6Por33vib/POH/p00/rD2lZfllVTE5hu1Fl3NaZaa3vNs5XcjeCur7fLSE0/csHxzT7/9/8wzbL8PXTEEZXyt379ylNPrezWTS6rq+G/zmgyiUwYmFWUeLp4WR2nhfE8lO7AiOI+oogJNhqBLeDp2sxGVjMM34l3Pu5wz73XLIW9uh591++bz7rmopkP3/Xxy/d+MmXojNv/37hzfvrM8LavDH/9vf4bx7RZ3rl4ef9uKwd03TSgy8q+7W9rXxxvcWZWxzPcNGXeTepdKffpV9V2cJ91KemJ9K8K2lNtqCa6UL1LFBapA5/lcmGRcyh0exnJOReH/rlCdSboKhPHU915QTljeob4XnGK2pj2XUhNHnzb8T0rvFtvmn44nJvCifaS92xeZ4ZVPEZm8VZ+G2WqmI+UO7xswZtyOdomUuOEh5vN6E4VfUOFt8w0PZ5vU6Q5nQraLP3Zv6pm2ds+H3FEaOzY0AknuFf1BRlBRpMLMolMGJhVMOZ1FL5qXj76stoaeh09G9mudXBzuZtCzS3mO5X3zU1vYecu7GWzkdVVz/PBjhDxWJh5mniesRGJnFXgcVy9xr/MkUulOfP3PS2jPLc9C+x9h7HL7PnwipycEEIIIYQQQki2JvkCuqBHp+JXzi946Zy2b41sNWagGVj/jo15T4UkcqGNro2m3/yfodn1KifXC02rN7Cn/a3C6uLulgcKGruLHh6ir5odV7snHG5M9FUzmtnR1eMXTVvo2ZFOJiO6dp3VpnnZn6/++ssvP1u06LMH7vpucN/FBY2Wnd5/9XNPr3n+6WV/OPGHFvW/Gtj9k3tu/3jBwvkff7zkkuETj/3f4R2qawz1MkdrgsLx7tKH99vN+J7tIHlzpXf7+JsyO4K7oZLPJcc2/erf/j1Ur97+I36iiuZ/+idV7rRtG5o6NTR3buicc0InnFD5i1+YxkdGkNHkskwiEwZmFTW2JFVr6ukm3BpFrYVdIzVOzFpHRTadr38JbAHPljcb2VemhGflu5fUbENJ6x5dmtxzxm+njaxfMrz/G39pP+Wq/yw548gnzy586dypH/ULbei2Y+qpi84Y9EOX4i97t99xSvcZJ3Y/pXMcp7Kx2y3wpLJX7bbVA53TPvhWKvZ28L4kpy3wbtUko7tmG33CjXB03VxUVJifX2SGFBS2cY6ALjQn4YiYmy+eJ0/0qPUKjxB8fL1PId/VwMtKeDZaeDQ1N2fLm9GiLYkezf/kVFF3Ed7I+mrsx8g3mncqdafOo+x51PTChEfTbx3Ocnpjnyr6srpTZ9X0JM66RGwZNZ6904ylo1NAB878s2lTaOfO0GWXhfS7kxMzmkwiEwZmFYz3KeR7hvg2r3/L+zaXuVrtO5Vvq96/cIHa8u5d+N76fDNRM/c8TN6Ze2MWKeIZGGNW/sfRt6Z6EjMf33D3CRbxtPTEM4kZzfs6ciaRmyJeEYQQQgghhBBCsjo1KKC7d8x/5szWjw8pnHBO62tOMgPzbvq2/r27JXKhWBfQL13/P/sn/WTdM0due+4nJ/WIr4D27n+q3VR3t9nffUicfWb/HqzEmTCle7MXdu3ydvuW26+7ZPmCz1bt2PnZN9/Me2nCl5ecv6RH0ZLOrSSLu+Z/cdGwuS889+nX36zYun3pp5+sHHXWi8f/7uz21RbQgfrAVAaKZ4/dXXdvDxgxbTjRywK3aKhJrmp83Dc//7dQvXr7f/ITVTH/8z+rvy1aVL7ySmUopPL224e6d1cD9Qgymowsk8iEgVlFj1549yQSvq5Ex3lkgzdFbI3gcyCwBdTGsVfVRvZO62432eDhDajir5yST8senRrfO7ThjMt/+8ywf3v6tP8qGfJ/njm38O/DX//kpNCKtntWjPjyi8kLH3lkcc/iHzq23Hr+6S9cdnHXgacGZhIlzkPvXffw5cC6OHGHx70d0hR1Go62nrpZn5SjsKidXNHVsxle3WltAo+7WinDrJrncdfxrFrgKeS7qh56O1s1B8/TwJ2hzMr39HBfiZHRMxGe8at4dsV+jPxTBdbd+3zwLUlwI0Qbrl4vngfduzUitkzM1Uxj3ALa0zKr/PCD3rKh0BdfhIqL1RBdPSdYQLs8G0FtH+eq//EKbC7PEybmO5VvM4Zj7yKwVQMvQM9dR52JG/WcVOvgPitizSpwj+7ye++uqidYrMXwbLTAaN65BeZMCCGEEEIIIST7k3wBnd+9U+uXzm4xbmjBq+e1vMEW0EfdsvqoR0Iqt6w2R0C/Pua/Qm/W2zOhXmhyvQHxFdD+vWK1M+/0I949YR2nJfHVASpu46PmIKKVLAnnwq6dZ7Vrsf36Sxcv+HTtli0rV65a9N338z/44PN7bv92QLdv+neZf/tN895//+slS1atWrV+246lCz5bOfrsl47733PiKqCjLKS/b4pVQ/irB19pYibxbp/od5Roqi+gZ848pM/FkWQBbRuT8Cr7V1/FeYhj1jrhBBuNwBZwnkVR7iW8ndU4QaloSVr26Nzo3jPqv3nJ0c+e3eD5c/7lmeHFE8977eOTDq1tEyq9aP2yOZ8u2/Txu29/O/KsxYWNf7zr5qcef7xHQgW0Z2s4zxn/k8dsZ8sOj7kdzE3C/1ikOgUFRW3buid9DhfQbdVhzwkV0FGW09kg6mkQFL3L8131vAsF3nacq4Hh3ocjVszC2HHcmi+ceB4j71TqcpBahdhvoYF4h6tl84zjvRpry2Q0aS6g3Y3sWUHfQ+zd8hGbSz9SZqpY71TRn6j6Lsp8XbAZGGQXyfdYxIiZ3IwWc1bBx9FdbDWJWTU1TlAV62Ki1yjqs9d71dlchBBCCCGEEEIOlyRfQHfs1u3qh2654r4/X/fYHWdeOsIMHPnnR6+6/yWJXDBD/nTpHyY/fun4By566eFR3bt1NgOrjNp7D/K2Kr5dU2d/2LNnaxJofNRVEWvHON5c2KXz222ab7v+0h8+++TH0tLVq1atWLniy+UrP/vkky+nvPzF5L9/sWDh92vX//jjqrWrV23YvmPZ5wtXXXzOS8f977nVn4IjWAsGB/r32P0ju9WD7gXCNYS7EbzbJ6IfSSrVn4KjadOanIJD4nu4I1sJZ+3cfsQkoogJThvYAm6rEtjIkvB2jniCpSitenTOu3towzdH1y8Z9tNnzmvz4ojpn/cvX138w8ILF3y3aOe2vaXbd8z//MuFf73rmz7tl0ya+NSkV3r3PjEwkyjxPP/VZpRXkGeI58mjX27h11esJ5vvJh1bP7mlW03innbDc1l1zeYUHKpzNgMDp+Co/oc9I54JvoGBp4E3gQl9Vz1Py8CzwrnqeUaZeDZ+7Lhzsw+ZHa6WM57HyDuVZyF98c9ZErGoUYYHNpT3aqwtk9G4BbRult2k9hQcKs76ug+WJPLx8m1S5/0n1jtV8A3KRN2FaaA9c/Pdrz++x6KKyFNIL23MWUU8juEnQ+BdJepjHfG09MRzj4HRvFejbw1CCCGEEEIIIVmc5AvoOFNY1KGwqJNJ4Kboidz59Oy0R+z0Rq8DVKLtxAZKtCSifoSwuNn26y5Z/NmnqzerI6BXL1v246pVy1avWbxm7Q9r161ct37tmjVrVixfu3ZNadmu5V988eMl50w89v/FcQR0xD65Tqy+yb8uvu3gthVuX+DdPhH9SFJJ748Q6vge7mB3432I/c1LVWOa+LeSd4MEHwJ3zHBr49yUmrTs0en4e0//32kX//Pj57SecO5rn50Y2lj41YKLRj6+cMQzoY+/3xOq2Lpu44ZPJ0/+9Pwzl/xjdsmrb/Tt2TswkyjxVEXm8gK1Jnb5fU8qz5aJ9WSL2GIm/s2ebNSBzBE/QqiGF7YtLCouKHR/hFDGKC4uNAW0ulD9jxBGfdR8LxbPi8ibwKr5rnqeloE5uFeD9xvcntHjbH91F87k8T5GEVNFvcfgcM+T3xfvIx4Yx3s11pbJaDL2I4Se9fU99L4tH7FJPbf6Npf7ThX5lqUSvgv1kLm3RntKm/hnHjvO8sSaVeTjaCaRv84qx/0E88az0QKjea/K5dp4FhFCCCGEEEIISV+SL6AL27bPP7lb/sCuBYO6F/Sy5fIZJ7U4b1AziVwwQ07t3eqiwSecd/IJFww6oX079d/RVx13B9WNu9eqdoPVvrgdwbP/rMbx7KW7FYDn97t8lUFyubBLp5nFJ2y6etS38+et2LBx+bJlK1esWL9u3ca1a1evWiWXVy5btkr+rly5evXqjTt2Llnw2bLRw15q8ptz21e/7hK1Ru5a2CFR99jd4Spu9RCxTcwk3nUP9iPJZVCL1gv//T9C4Wa54ogj3L8SGfjTn1YceaQzUEaTkWUSmTAwq1gJ9CBq1dyr3rXQaxr9maAT0Wh4Z6UuO7NSG9mZlX8BVEnk2W7TVtV8G0rye3U8+q4//OyVS1s8d/brn/YPbSj69vMLL3vq04KbQwVjyi5+ZvMnS3ZVlO9a/eXn8x/56w8LPntu0pS+fRI7Alqi19HdJnLVPhm8zZded8+TLep2eHDBSu8G8W/npFJYWFRcXFRQkJ+f31rX0DIgSi2oyujw4c8SXVXH85pSzxP/o+++WPRquqsQ/bf+Iq76tobaBM7L0HPVN2e9DN66zUbG9wz0bM+IJ553gb134Zun//XifVFInN8mVQvjLLPvye+Lmjw8vIqtEWvL6HiWUN2RZwGi3WMNUtTu25//m3mrMRWz/HWj33lMzE3mHenrn/+bTBicVSCRr6NoD71/xdUKug+N72XifVD05fBNnjmrSQI/Qqjm78xEzdCzAd03opgbdtpKZwEkntFizCr4OKrIVGXCMx/vuugRzOWIp6Unno0WGM171X+TZ2E8k/u2KiGEEEIIIYSQup4a/Ahhj05Fk87Nf35YmzcuzP/TQBlSWNR+1ZP/FHq9nkQumNGm3vRfobfrlf+9Xui1egN6Vn8O6Kh7lc4uqLkwTf4a7k6y2TV9070lXA3ovVnLHZhsLurc+Z3CpjuuvWTxgs/WbNm6bt26zaWl23bs2L59+9YtW9avW7d27dp1GzZsXL9+48aNW/fsXfnVotWXnP1yk9+cF88R0CaeBVacdfTvlrsdoopqB8LbzdQfasoF05z2xLPr7i0gapC2hW2n//q/VekTLndsjjgidOSRzvGGTsyYMolMGJhVrET2IKYvM3yroJsUTbaDd2voyKbzz8ezlWQ+auPYuZmN7D4EnorE3hoWnGGSKezR6Re3Dmk146Kpc/tWriv8buEFox5fUHxzqP/d2066Z1vxjTtHPLHzkx+2l+/YuOTLRatWrJww4cV+/QYEZhIlaoN4Fl6W3K2KfE8etZGNlW+6w2NvB89DkJoCyHtm53AHXVBYVOz88KBcKCxUDbUZQaLPyyHjxPua8j5thPd9wF194dlE4eF2xb1XPU9L78sq4qp36wUejnD8C+bdnvb5aeZW1WMUnlXkVN4nedSZC9+T3xfvcDW+Zxzf1RhbRsezhGpN7eYNzC01eePX/yNvMuVHHOH+G5gkcDU8UEaTkaf9+r8DM4kS941Fc9cu8NDbTaqHmBW0Q4RvZWO/U0W8snx3YW61s3KfWt5F8j0WZoh/uOVbnmizCj6OOmoBggPddQwvc9SnpRPPGgVG811Voyn6CeNZGM/kajN6n9KEEEIIIYQQQup0anAEdPeOBSVntX7ijKIXhxdcYxuxrx76+c4XjpTIBTNk4vX/t3zykeuf/ecdzx95Unw/QlhFou4Y6wTqgHTl7M5d3ik4LvTnq7YtX3JI7yMHVFRUHDh48OCBA3JBrpatXL7zjxf+veH/DO0QnNVhkAuPO+GDX/5q95FHmkKnisgIMpqMLJMEZpLTKWrXrHun7g+c/vrSUyqWNf3u07MvenRhmzEHet2+uc+dpb3v2NTrti1FN2w959Gt878uLdu25sC+3S9PfrVff/XvPelNVS1S6qOOeW5jD3A2HbSumPMLCwtlkFwwh0ibW/XwgqhHSdfdyPaM/sZFUpPBzVsv/9nPAm87VURGlkkCMyGEEEIIIYQQQkg6knwBnd+9Y9Pnhxz71GnNJp3Z7Np+MqSwqP3SR/4l9Pd6ErlgRnv1hl+HXq9XNr5e5cR6A7K/gO7crsMl+S0eO33w4/ff//T4F555+tmnn3rmafn79LPPPFMikQtPPvn0E088JX+fHPfcY/ff99dTB1xwwrGd2gZndRikbWHbQS1aX3jcCVc1Pm5Mw8a35jW845gGd9VvcE/9PIlckKsyUG6SEWQ0GTn+w59zJO26dZ7yVo9QaPDyH26+4sUN3R4Knfi30KlPhAY8FjrpsdApj4f6PhLqcn/owhdDn+pDFed+NLd7rzhOwVHDZLCA1gcyt3NOxOHE1NASueAdWFxcnC+32AmDc6uTUQeKZuDdKcfTPb/4iibHP3RU/ed/89t3f/Vf837xyw9/+au5v/ilRC7IVRkoN8kIMpqMHJicEEIIIYQQQgghaUryBXSH7t1Gjb95xNM3XjLxttOuO98MnPbQgM9eGCSRC2bIgzf0+WrS4A+fPVkG9une0QxMOrVeQKsUtu3StkPP7r269+zXvXuvbnKhR2/5ayKXzVV1U8++3bv37NxGTRKcyeGdonbVn1yV6LRv3+Hh2/NnvX3q5Xc/WzD6805Xfnjidf/ocfW87ld/1P3qud3+OLff9R91vGJu/qi5F9390bQZc+65e2zb9l0CM0l9MnsEtESdakP9xmCRt272xumjza8U1vX2WW1AV8rPOEGCSeL5wHsUIYQQQgghhBCSkSRfQBcXd+jbuW+fLn36dunXtUN3O7BT/+LOJ6t06m/HbN+nuPMpxZ0GysDC4poW0LWfpDuLw7HsKC5q17awrUpRO7lsotY0HGegjGDGVCNEzCfH075dm67dezXveFZxl8Ftuwwq7nJqUefB8lddkL9dB7fpempx51NbdPh9x+4nt2vbITD5YZPConYFhcWFRapoNjW089c9FDor2mdSK/G84XjfhbzxjRCYnBBCCCGEEEIIIelJ8gV07qaoXZuidm3bdmzTrpNELrSVv4F4bpWRD/+yw6xguNmRVTZr7RY95i+pItVuIj1CYVHE8CxPoE02Pzmoy2ZbQMv/9FX7s4SEEEIIIYQQQgghJItCAU0IIYQQQgghhBBCCCEkLaGAJoQQQgghhBBCCCGEEJKWUEATQgghhBBCCCGEEEIISUsooAkhhBBCCCGEEEIIIYSkJRTQhBBCCCGEEEIIIYQQQtISCmhCCCGEEEIIIYQQQgghaQkFNCGEEEIIIYQQQgghhJC0hAKaEEIIIYQQQgghhBBCSFpCAU0IIYQQQgghhBBCCCEkLaGAJoQQQgghhBBCCCGEEJKWUEATQgghhBBCCCGEEEIISUsooAkhhBBCCCGEEEIIIYSkJfWOAwAAAAAAAAAgDSigAQAAAAAAAABpUS8EAAAAAAAAAEA0O2uGAhoAAAAAAAAAEJ0tkpNFAQ0AAAAAAAAAiM4WycmigAYAAAAAAAAARGeL5GRRQAMAAAAAAAAAorNFcrIooAEAAAAAAAAA0dkiOVkU0AAAAAAAAACA6GyRnCwKaAAAAAAAAABAdLZIThYFNAAAAAAAAAAgOlskJ4sCGgAAAAAAAAAQnS2SYzjllFPspRgooAEAAAAAAAAA0dkiOZpTwuz1aCigAQAAAAAAAADR2SI5gu2ew+zQCBTQAAAAAAAAAIDobJHsZ1tnP3ubHwU0AAAAAAAAACA6WyR72L45GjuGBwU0AAAAAAAAACA6WyQniwIaAAAAAAAAABCdLZKTRQENAAAAAAAAAIjOFsnJooAGAAAAAAAAAERni+RkUUADAAAAAAAAAKKzRXKyKKABAAAAAAAAANHZIjlZFNAAAAAAAAAAgOhskZwsCmgAAAAAAAAAQHS2SE4WBTQAAAAAAAAAIDpbJCeLAhoAAAAAAAAAEJ0tkpNFAQ0AAAAAAAAAiM4WycmigAYAAAAAAAAARGeL5GRRQAMAAAAAAAAAorNFcrIooAEAAAAAAAAA0dkiOVkU0AAAAAAAAACA6GyRnCwKaAAAAAAAAABAdLZIThYFNAAAAAAAAAAgOlskJ4sCGoDfwQOhFV+H/thN5dRfh3ofGbqhX+iTt1T2lNlxAAAAAAAAkBtskZwsCmgAHgf2h76bHxrZOtTvpyq9fhLqWS904v8JnXusylvPhHbvtGMCAAAAAAAgB9giOVkU0AA8NqwM3T8i1PefVe/sTZ9/Urmsfeij1+2YAAAAAAAAyAG2SE4WBTQArXyfyidvqdNuBNpnJ/3/NfT4VaHNa+0kdd6KFSumaePGjXvwwQfvv/9+uSDef//90tJSO1KVDhw4sHz58tdee+1x7a677rrnnntefPHFT7S9e/fa8dJjn1ZRUWGvAwAAAAAAZJwtkpNFAQ1AW7tE5a8jg6VzIBcXh+ZMspOk0xbt5Zdfvuqqq+68884dWmVlpb05toqKiqXavffee8EFF5ys9e7du2vXrl26dJEL4rTTTrv88stfeOGF7Zqd0qO8vNxUzPfcc8955503YMCAHlon7cQTTxyq3Xjjja+99lpkl71Oe/zxx2+Nj9yLzGf//v12em3cuHFXazKf5cuX26FxWLFiRYl20003vfTSS5s3b7Y36I3zlSYbx953DHfccccTTzzxsXbw4EE7fYSNGzfKkt9///3/0OzQGNavXy8PqJn/5MmT9+3bZ2+IQZ4Ab2ryBJDVkav2BgAAAAAAkEG2SE4WBTQAffjzB6+oDD0q2DgHMuDfQ49eGtq6XiVtdu3aNUsbOHBg8+bNO3ToYA5krvaI4/Ly8i+++OISrWPHji1atGgWQ35+/kknnXS3tn//fm+1LTOZPn36SE1mYieIprCwcNCgQabkdXre3bt3z9R69OjRJj6ygueee+4nn3xi5iBWr149dOjQVlrPnj0fffRRGSLszbHJvT/77LP9NVm84cOHz5kzx94WCsma/kXr3Lmzve8Y2rVrJ/d7jvbII4+UlpYe0uyMdJct3nvvvVNOOaVTp06jtUCH7jioyTYZMGBAsTZkyBC5am+OZt++fe++++7vtbZt28ozQR4UexsAAAAAAMggWyQniwIaQCj04/ehh0arBOrmqDEHQafzOOjFixdfq5met0WLFudq69at83agkbZs2XL99dc312TC/Pz8Qdro0aOvuuqqiy++2By53LlzZ7lVxjEHRJeVlXkL6M8//3zUqFEyrZDR2rRpc+qpp5pS+8orr5Sbfv/73+uSto0puG+44YYfNDP51q1bn9fkpvj17dt31qxZZg5i0aJF/fr1s7c1a9a/f38zz23bttkxYnjjjTf+8Ic/tNTMhC+99JK9LRTau3evrIswt8apU6dO48ePl/USdkZ6VuLFF1804/TUNm/eHPUoddNWy7J16dLFjF9QUHDeeeetWbPG3GTH85BHQTa4GVm0b99eVt/eBgAAAAAAMsgWycmigAZy3oH9odkvhoY1VAl0zVFz8i9CD1yosj2u0ygnavfu3a+99lpXzbaPukoW06ZN27Vrlx0vQnl5+YIFC9q3b2+nadZs1KhRU7SFCxd+++238tccWP3MM89cffXVp5122lWaTGhnoT322GM9evQwc+jUqdMf//jHN99883Pt66+//uyzz2bOnHm/NmLEiCFDhsjc1mpm8kABbdrwwYMHn3XWWcNiuOCCC+69995Vq1aZOYhAAS1kciELX8UJMWQdL7zwQtObGzKT5557zt6sW+MBmimgZe3kroWp+x2yTYYPH96mTRszE3HKKafIugvnHwDkgRDjx483I+gzlPRYt25dFadJkcWTzW7GF4WFhQ888EDUk6vIfGTzFhUVOWPKpv7mm2/szQAAAAAAIINskZwsCmgg563+IfRgdad+DmRkvsoHU+wcUuq777677rrrTPMYcNFFFy1fvjzWQdDyjjZp0iQ7arNmrVu3njVr1h7NjhFWXl4u85k2bdoCzQ4Nu/baa50O96yzzpo9e7a9wcO8gc6fP3/mzJk//vij9zDeQAHdQpswYcK7775rTpQc6eOPP16/3ndKk8gCulC76qqrovawpgH/y1/+0qlTJzuBVnUBfcYZZ7ylrfRbsmTJnDlz5L7MTIwZmszBzCqJAloeCJmDPjtIf5lENoss7Xuacz7o/dqrr7568sknyzjqQO6WLQcOHCgPpRkBAAAAAABkmKlBkkYBDeSwA+UqM8eFhh8brJirzsm/ULlneGhXlF/wS9pu7e9//3uP8AHIrVu37t69u7ksCgoKqjgIeuvWrU8//bQdVTe23333nbcajtOll17aInzy6AsvvPCzzz6zN8QnUECbCvWHH35IaDEiC2ijS5cuY8eO3bhxox1P27t377Oad1sZVRfQI0aMkDsS9maPffv2zZkzx8zEeFFzzgGSRAEtZMmf0JzDq2UZxJIlS8yR3V9qzsk3umkPPfSQU3wDAAAAAIAMs0VysiiggRy2dqnKfecH++U4c0Gz0Lw37KxSwZzm4tJLL20WPnC4d+/eDz74YLt27cyJLGT4JZdc8v3331dqdrIweUd7+eWXdW9pTZgwwRzSu3v37qpPHu31pz/9yTn5w0knnfTUU0+tW7dun2bHqFI6CmizNYRcNp3yXk3GlO3wwQcfmDM7t2rVKurIZp5CJomzgJYxZ86cKeM4Jmmykc0IyRXQYrk2cuRIM6Hx2GOPbdy4ccuWLbdoxcXFMlAehWu07dtT+e8cAAAAAAAgIbpGTh4FNJCrKg6Gpj+lcu7xwWY5zgz8j9AdZ4T2B09wkZx9+/aZY2PbtWvXrFmzttr111+/Y8eOK6+80tS4MrywsPD11183x0rbKcMOHTq0ePFi7zkounTpYgrN6dOnf/vttxs3bizTDhw4YKeJpqSkpF+/fk7l3bNnz9tuu22OtmrVKpnJrl27dAEevWmNWkB/9NFHa9as2RBhsxZ5kpBAAS0r1UEzVwcNGvSxdvDgwU2bNplCWchNsn26du2qfyJRHWJcdQE9bNgwc2KNFRE+//zzG2+8Ud2Z1r59+/e1/fv3m1klXUCr4nzv3g8//DDwSM2cOVO2/EBNhrRo0eKss84yd2qnBAAAAAAAtcEWycmigAZyFQV0DBTQggIaAAAAAAAYtkhOFgU0kKtKV4fuGqYSqJUTytkNQwtS8+twH3/88YVas2bNmjdvPlj76KOPDhw48Nlnn7XTTCN8xRVXfK1Fdp3ypvbkk0+a8tqM7Ojbt+/111//svbVV19t27bN6VID1q1bd8stt5jC15zIQrTW+vfvf80110yZMkXGETt27CgvLw8sRqCAVjV28+bnn3++LPZVEW7TZs2aJfOx02uBAvqSSy4ZqZlfR5S/52iLFy++++67CwoKzGiytHJHf/rTnwZpMqTqArqoqKir1iuCDNSztMaMGbNGszOqQQFtbN++/fHHHzfnDDHOPfdc7zmsO3fu/Mgjj9ixAQAAAABA7TE9ctIooIGcVFkZeuNxdexzrMOfex2h0vsnoV4m+mpgHMmAfwv9ZXCo8pBKDRw6dMic61k0a9asuLj4Bs3ceuDAgYs107QWFRVN0aI2yDLwKa1jx46tWrVqoQXKaJnD8OHDZ86cWa5Fdqbr16+/V+vSpYuZiZ0yzHTcl1xyydy5c+WdVObgzCRQQMfj9NNP//TTT83kRqCAHjt27GRtxIgRZl1kUwhzsLCjZ8+eb7755gsvvBBnAR2/xx57zByy7ZxKu4YFtJDtJiuujtyOWBjZ4DfffLPzg4cAAAAAAKAW6Ro5eRTQQE7aXhq6ZXDMWlkGDviFygXNQpd1CI3MD538C5XAaCZ/+E3o6w9VDiXwI3sBn3322fnnn6+PFVbt6pAhQz7QzK0VFRWztS5dupiC8krtyy+/NCMEyPhi1apVJSUl52mm1/Zq0aJFcXHxMG39+vWBnyisrKw8qH3zzTcPP/zw0KFD7WRhZlFlJh06dLjvvvvMTx2aaZMooE899dQ5c+aYyY3IAnq19uabb/bq1csO1WthLphzbrz99tu7d++eMmVKygvoVq1aXactXbrUzKrmBbQ8RvIIOv/q4HXuuefKox//rAAAAAAAQPrYIjlZFNBATpr6WGj4scEqWdL7yNAZx4Qm3hXask5le2lox+bQjk2hFV+pPDQ6NPi/g5P0/1noltNUyvfZmSfu3nvv7dixoykfi4qKbr31VnNssr1ZH9csBg0aZCrX9toLL7wgA+0YESoqKvbs2bNNW7JkyfTp02+66aY+mrmj5s2bF2tXXnnlvn3RF/7gwYO7d++WOZgzI7/22muXXXZZz549ZTHMkpiZPK5t3bpVJol6Co6TTjpp6NChZ0S4SHvuuecCKxJZQKtTfqxbJzMfP368bCJ7Q9hD2oYNGyorK1955ZU4C+iBAwfepck4AePGjbv//vu7a2ZNzTHXDzzwwOrVq2VWNS+gxYEDBx7WOoRPb91XmzRpUhWPLAAAAAAAyCRbJCeLAhrIPds3hcYMCPX9l2CVLDnzmNDrfwvt3GLHdFQcVNmwUnXQfX/qm6TXEaFB/6ny1QehA8mUhgsXLjznnHNMyym6du163XXX/T2aM888s0CfhUPXvy2uuOKKRYsW2blUyZTRpaWl32pPPfVUz549ZT6mHW7Xrt0333xz8OBBO3Y06pjqiopdu3Zt2LBhxYoV5gQdTmk+WjOn0QgU0PoMEy3nzJmzcuVKcxplL1Mr79ixw9yLI1YBfejQoe++++7aa6+1N+hVGDNmzCpNllCmjb+APu+88z7S7AeChyzS5s2b52nm9wyN4cOHf/LJJzKrlBTQYrHWu3dvMx9zbPtXX31lbwYAAAAAALXNlgXJooAGcs+0J0NnN/KVyJIT/4/KDf3UIc+xVB4KvTcxdFHr4LS9j1S588yqpo3t7rvv7tSpk+kfRX5+fufOnXtH07ZtW9OcGl27dn322We9B0pX65C2evXqhx56yM5Fd8RTp07du3evHSkO+nzIGy699NLi4mKZwyna9OnT5aaoBfQPP/xg2uE4xSqg5ab9+/cvWLBA7lrItho1atSyZcv0+UJsgR5/AT1ixAi5I2Fv9qusrNynDRw40IwvevXqNWuW+tnJVBXQZks6K3ujJpvL3gwAAAAAAGqbLZKTRQEN5JKdW1Su76POmxEokU/5lcoDF9oxY1kwK3Rtr+C05lzSg38d+vzd0P69KvH5Uhs6dKhz+HNCZKpLL71U5mBnp0/psHTpUnNwcRWFr7z3vfzyy3YuuiN+/fXX9+zZY24tKytbtmzZJs0MiWXMmDHt27eXOZyoyUxkYLoLaLFv377vtffee+/bb7895D+BdQoL6N1a//79nQdIVlPuVG6lgAYAAAAAIEeYHjlpFNBALpk5TmXoUcEGWTLwP1TuOceOGcv8aaErOgWndXL/BaFNq1XiY05AbA5/bt26tfk9uo7VadOmjWl1ZaoePXo8+eST5oTRZWVlb7/99sUXX3y59vLLL69Zs8Z7aLCo0L777rsbb7xRF55Kq1atPvvsMzMHMW7cuMsuu+wmbcqUKT/++KOd2OMb7YwzzsjPz5c5DNHeffdduSlqAf3+++8vW7bM/FZhVOvXrzdzNqouoKsWfwE9fPjwD7Xt0WzcuFG2oWjfvn1z/eOQZhJzppFAAd1VW7BgwYoVK+wqRdiyJeLULhTQAAAAAADUebZIThYFNJAzyraFrumpcmLE4c+Svv+scm3P0J6ddvxI+/eEXnskdHbD4LROTv9t6JM3VWTM6nz//feDNVOG9u3b9zbNlJ5VeOihhwZqMlWLFi1GjRr1tbZu3bo///nPusZUTjrppD/96U9Pa6+88sqbb745c+bMidp1113XvXt3GaeVdsYZZ2zatOnQoUNrtREjRsgimd/cO/nkk2+44YZnnnlG5iBkDjNmzJg0adIVmnNyZNNWL1u2TNYrUEDLEorRo0dfc80118YmK/7BBx+YLSMyU0DLRrhMuzUaWSMzH1l+vRTK/fffv2bNGplVoIAu1C6//HK7PtHce++98+bNM0vioIAGAAAAAKCOs0VysiiggZzxzgR1lgxJoDX2ZvixoXlv2PEjff9J6PYhoZP+NTiVN3+7XGXDCjtJbOPGjeusmebxuuuu+06zN8e2efPmmzVz/uX+/ftP0EpLSx944AEzN0cH7cQTTxw8ePDvf//7Plrr1q3lphYtWvTUXnnlFXOUtMxBjB492oxgtGzZsl27dnIvQuYg+vXrp1tlW8uedNJJ07R9+/bJTAIFdJzatGlz/fXX6/VTvvnmG1lme1uzZvfcc48pau3NVfIW0LLML730kr0hooBOyJnavHnzyvVJtwMFdDxkHW+55ZYDmlkeYdbLKaD/rC1dutTeDAAAAAAAapstkpNFAQ3kjCu72l8aDFTG3gz8j9Ctvw9t22gncWxep/Lsn0JDfhecJJDzT1D5Nniga6Tnn3/eKaD79u37+uuv61+8Ux1utd7UTj/99BYtWpx66qmTtP3793/xxRdXXXWVKYur7lgLCwv/8Ic/PKpt377dnLlY5iBeeeWViy++uJdmzrARS7t27c4++2xZEe/hybt27XpNk7uw48Whbdu2N954o5mDKC0tlcUzNXe3bt0mTJhgTg9ib67SnDlzztFkWvk7d+5ce4NeQXN+koKCAnvHsTVv3lxWX/Tr12/06NEztR07dphZmQdr6tSpXbp0sRNUp0OHDnfeeac+XYr7u5EyQ3HWWWe1bt1alupBLXBCEgAAAAAAUItskZwsCmggZ1BAe1BA2zuOjQIaAAAAAAAIWyQniwIayBkDfxnq9ROVQGUcyO//b2hGiZ3EMfsllZH5wZEjc+LPVD57204Y24oVK8z5FkaOHPnMM89E/a2/WPSpMkpLSkquuOKKJ554wvzGnQw/dOjQhg0bXtQuueSSYcOGmbNF9+7du1evXn369DFXZfif/vSn6dOn79XMPL2++uqrJ7Urr7xyyJAh/fv3N320kFmdeuqpZ2u33XbbvHnzdu3aZSfTKioqftDGjBlzUXxkC9x4443vv/++nYUm62VO0Pzggw8uXrzYDo2DbJnx2uWXX/7cc895a2tZNrkXcc0119j7jk2W6gZNZrJkyRLTztsZhcnwBx54wE4Q2yjtzjvv/Pjjj+2Ufi+88IJs6muvvfYfWpz/DgEAAAAAADLAFsnJooAGcsbpvwv1PlIlUBkHcuL/CV3VNVRZqeJ4+GKVgf8RHDkyA/5dZeE7dsIqmf5369atkc1mPMrLy3fv3u09nNZry5YtX331lTkYedy4cU8//bT8nap98803cVacsmwff/zxyy+/bH7MUDz77LMzZ86UOVQ7k4qKis3x2bZtW9RZmaODk9g45jzLsnFiTbtnzx7ZPvbuY5AR7NhVku1vJ4jNrEisR8qQEeQz6aBmBwEAAAAAgDrA9MhJo4AGcsYdZ9h2uNcRwdbYm95Hhs5uFCyg7zxDpe8/B0cORKb904kqy7+0EwIAAAAAACCb2SI5WRTQQM5Y+U3osg4qqoP2n4ij1xGhPv+k0v9noTOODpWMCRbQf79b5Zwmob7/EqW/Nmf26PfT0BnHhBa8o1LOKRQAAAAAAAAOB7ZIThYFNJBLNq1RuWd4aNB/+hrkgf8eOr+pyl8Gh95+zo7sta1U5bVHQqOL1SmevdP2+knolP9UubJz6PPZoX17VAAAAAAAAHBYsEVysiigAQAAAAAAAADR2SI5WRTQAAAAAAAAAIDobJGcLApoAAAAAAAAAEB0tkhOFgU0AAAAAAAAACA6WyQniwIaAAAAAAAAABCdLZKTRQENAAAAAAAAAIjOFsnJooAGAAAAAAAAAERni+RkUUADAAAAAAAAAKKzRXKyKKABAAAAAAAAANHZIjlZFNAAAAAAAAAAgOhskZwsCmgAAAAAAAAAQHS2SE4WBTQAAAAAAAAAIDpbJCeLAhoAAAAAAAAAEJ0tkpNFAQ0AAAAAAAAAiM4WycmigAYAAAAAAAAARGeL5GRRQAMAAAAAAAAAorNFcrIooAEAAAAAAAAA0dkiOVkU0AAAAAAAAACA6GyRnCwKaAAAAAAAAABAdLZIThYFNAAAAAAAAAAgOlskJ4sCGgAAAAAAAAAQnS2Sk1Vvm4edJQAAAAAAAADNFmdArrJFcrLq7fWwryoAAAAAAAAA2rZt22x3BuQkWyQniwIaAAAAAAAAiIkCGjnOFsnJooAGAAAAAAAAYqKARo6zRXKyKKABAAAAAACAmCigkeNskZwsCmgAAAAAAAAgJgpo5DhbJCeLAhoAAAAAAACIiQIaOc4WycnyFdDycgIAAAAAAADgZbszICfZIjlZvgIaQDYyn4X2n2UBAGmwa9cu82aLTJLNbh8AAACAWiXfTOweOJCTbJGcLApoIOuZvXT7qQgASLWDBw+ad9rU2rp166ZNmzYeFmRFZHXsiqWUbHz7MAAAANQe+Vpi98CBnGSL5GRRQANZz+yi209FAECq7d6927zTpsoWbd26dasPI7I6Zr3sSqaIbHz7MAAAANQe+Vpi98CBnGSL5GRRQANZz+yi209FAECqUUDHgwIaAAAcxuRrid0DB3KSLZKTRQENZD2zi24/FQEAqVOpmbfZVNmyZctazRa3h5E1Wso7aPMo2IcEAACgNsh3ErsHDuQkWyQniwIayHpm/9x+KgIAUme/Zt5mU2Xjxo22r129esOGDWk6dXImySrIithV0itlb0gR8yjYhwQAAKA2yHcSuwcO5CRbJCeLAhrIemb/3H4qAgBSp0wzb7Op4hz7vH79+sOgfTZkRWR1zHqtWbPGDk0R8yjYhwQAAKA2yHcSuwcO5CRbJCeLAhrIemb/3H4qAgBSpKKiwrzBppZpacXGjRvtoMOC98huOyil5OGwDwwAAEDGybcRuwcO5CRbJCeLAhrIembP3H4qAgBSZN++feYNNrVsR0sBnSB5OOwDAwAAkHHybcTugQM5yRbJyaKABrKe2TO3n4oAgBRJ+ck3DNvRUkAniLNwAACAWiTfRuweOJCTbJGcLApoIOuZPXP7qQgASIXKykrz7ppytqOtcQG9efPmdZrMas2aNevXr5chwt6ccekuoIU8KPbhAQAAyCz5KmL3wIGcZIvkZFFAA1nP7JbbT0UAQCocOHDAvLumnO1oa1ZAl5aWrlmzxs4oTIaITZs22ZEyKwMFtDwo9uEBAADILPkqYvfAgZxki+RkUUADWc/slttPRQBAKuzZs8e8u6ac7WhrUEBv2bIlsn12rF27duvWrXbUDMpAAS0Pin14AAAAMku+itg9cCAn2SI5WRTQQNYzu+X2UxEAkAppOgG0sB1tDQro0tJSO4sYtmzZYkfNoAwU0JwGGgAA1Bb5KmL3wIGcZIvkZFFAA1nP7JbbT0UAQCqYt9Z0sB1tDQpob9UbVa2cCToDBbSwDw8AAEBmyfcQuwcO5CRbJCeLAhrIeuyTA0DKmbfWdLAdLQV0UuzDAwAAkFnyPcTugQM5yRbJyaKABrIe++QAkEIVmnlrTQfb0dbeKTi2bt0qI6T8NB2ZKaDNo2MfKgAAgEyR7yF2DxzISbZIThYFNJD1zD65/VQEANRMuWbeWtPBdrRp+xHCdevWVf0jhBs2bJDJRWlpqR2UCpkpoM2jYx8qAACATJHvIXYPHMhJtkhOFgU0kPXMPrn9VAQA1Mw+zby1poPtaGtQQItNmzZFdtCmVq76/Bve8loupPA46MwU0ObRsQ8VAABApsj3ELsHDuQkWyQniwIayHpmn9x+KgIAama3Zt5a08F2tDUroMXmzZvXabp2XrN+/Xp1Wo3qTr4h49u71zZs2GBvq7HMFNDm0bEPFQAAQKbI9xC7Bw7kJFskJ4sCGsh6Zp/cfioCAGpml2beWtPBdrQ1LqAdWzV7pUqbNm2y9x2WwoOgM1NAm0fHPlQAAACZIt9D7B44kJNskZwsCmgg65l9cvupCACoGfMNyby1poPtaFNXQMfDlNSBw5+NtWvXmlvtqMnKTAFtHh37UAEAAGSKfA+xe+BATjLfw5NGAQ1kPbNPbj8VAQA1s0Mzb63pYDvazBbQpZq94wibNDtqsjJTQJtHxz5UAAAAmSLfQ+weOJCTbJGcLApoIOuZfXL7qQgAqJntmnlrTQfb0WawgN66das5T7S94whrtRoeBJ2ZAto8OvahAgAAyBT5HmL3wIGcZIvkZFFAA1nP7JPbT0UAQM2YN9X0sR1tBgvoKo599qrh8mSmgDbsQwUAAJAp8g3E7oEDOckWycmigAayHnvjAJBC5k01fWxHW+PCd/PmzfGcOmPLli1VHPvsJaPV5CBoCmgAAHAYk28gdg8cyEm2SE4WBTSQ9dgbB4AUMm+q6WM72poV0N5aubS01A6NZv369Wa0eGzYsCHpDpoCGgAAHMbkG4jdAwdyki2Sk0UBDWQ99sYBIIXMm2r62I62ZgX0hg0b7Fz0kcubN2+2N3hs0eI8/NmR9K8RUkADAIDDmHwDsXvgQE6yRXKyKKCBrMfeOACkkHlTTR/b0VJA14B9qAAAADJFvoHYPXAgJ9kiOVkU0EDWY28cAFJou2beWtPBdrQ1KKA3bdpkZxG2fv16e1vY1q1bZWBC598wImcVp8wU0ObRsQ8VAABApsj3ELsHDuQkWyQniwIayHpmn9x+KgIAamaHZt5a08F2tDUooKPWyoEjlyNL6vjJtIG5xSMzBbR5dOxDBQAAkCnyPcTugQM5yRbJyaKABrKe2Se3n4oAgJox35DMW2s62I42qQK6VIt6Vo21a9du1cyYSRz77JD5C2dWccpMAW0eHftQAQAAZIp8D7F74EBOMt/Dk0YBDWQ9s09uPxUBADWzSzNvrelgO9rEC+itW7eaathOH0FmaOZZWlpqB9VAoosn49sp01lAm0fHPlQAAACZIt9D7B44kJNskZwsCmgg65l9cvupCAComd2aeWtNB9vR1qzhjcrU05s3b66ipI6fzCShg6AzU0CbR8c+VAAAAJki30PsHjiQk2yRnCwKaCDrmX1y+6kIAKiZfZp5a00H29EmWEBv2bIlzlo5Je2zkdAPEmamgDaPjn2oAAAAMkW+h9g9cCAn2SI5WRTQQNYz++T2UxEAUDPlmnlrTQfb0SZSQG/durUm53SuiS1bttiFqE5mCmjz6NiHCgAAIFPke4jdAwdyki2Sk0UBDWQ9s09uPxUBADVToZm31nSwHW0iBXSqzqqRhHXr1m3V7KLElpkC2jw69qECAADIFPkeYvfAgZxki+RkUUADWc/sk9tPRQBAKpi31nSwHW18BbQpf9euXWunqQ2lml2g2DJTQNuHBwAAILPke4jdAwdyki2Sk0UBDWQ99skBIOXKysrMu2vK2Y42vgLalL92glqyVqv2IOgMFNDyoNiHBwAAILPkq4jdAwdyki2Sk0UBDWQ9s1tuPxUBAKmwZ88e8+6acrajja+AXq/ZCWrJGm3z5s12mWLIQAEtD4p9eAAAADJLvorYPXAgJ9kiOVkU0EDWM7vl9lMRAJAKFNAOCmgAAAD5KmL3wIGcZIvkZFFAA1nP7JbbT0UAQCocOHDAvLumnO1o4yugN2nmJBi1ZYNWF07BIQ+KfXgAAAAyS76K2D1wICfZIjlZFNBA1jO75fZTEQCQCpWVlebdNeVsRxtfAZ1FMlBAy4NiHx4AAIDMkq8idg8cyEm2SE4WBTSQ9cxuuf1UBACkSJp+h9B2tBTQCeIXCAEAQC2SbyN2DxzISbZIThYFNJD1zJ65/VQEAKTIvn37zBtsatmOlgI6QfJw2AcGAAAg4+TbiN0DB3KSLZKTRQENZD2zZ24/FQEAKVJRUWHeYFPLdrQU0AmSh8M+MAAAABkn30bsHjiQk2yRnCwKaCDrmT1z+6kIAEidMs28zabK2rVrTUu7fv36an/ZL1vIisjqmPWSFbRDU8Q8CvYhAQAAqA3yncTugQM5yRbJyaKABrKe2T+3n4oAgNTZr5m32VTZsGGDKWqFXD4MOmhZBe9KpfzIbvMo2IcEAACgNsh3ErsHDuQkWyQniwIayHpm/9x+KgIAUqdSM2+zqbJly5Y1mu1rDyNrNVlBu6opYh4F+5AAAADUBvlOYvfAgZxkeuS/J85MSAENZD2zf24/FQEAqbZ7927zTpsqW7R169bZ4vawIKtj1suuZIrIxrcPAwAAQO2RryV2DxzISaZHtqVyIsyEFNBA1jO76PZTEQCQagcPHjTvtKm1devWTZs2bTwsyIqk6VwisvHtwwAAAFB75GuJ3QMHcpLpkW2pnAgzIQU0kPXMLrr9VAQApMGuXbvMmy0ySTa7fQAAAABqlXwzsXvgQE4yPbItlRNhJqSABrKe2Uu3n4oAgDQ4cOCAebNFJslmtw8AAABArZJvJnYPHMhJpke2pXIizIQU0EDWM3vp9lMRAJAGFNC1ggIaAADUEfLNxO6BAznJ9Mi2VE6EmZACGsh6Zi/dfioCANKDs3BkGOffAAAAdYd8ObF74EBOMj2yLZUTYSakgAayntlRt5+KAID0SNNPESIWfn4QAADUHfLlxO6BAznJ9Mi2VE6EmZACGsh6ZkfdfioCANJmt2bedZE+ZjvbjQ4AAFAHyFcUuwcO5CTTI9tSORFmQgpoIOuZ3XX7qQgASJtD2vbt280bL9JBNq/ZznajAwAA1AHyLcXugQM5yfTItlROhJmQAhrIemaP3X4qAgDSbP/+/eaNF+kgm9duaAAAgDpDvqXYPXAgJ5ke2ZbKiTATUkADWc/ssdtPRQBA+vGDhGnCDw8CAIC6Sb6o2D1wICeZHtmWyokwE1JAA1nP7LTbT0UAQPpVVFSY916klmxYu4kBAADqEvmiYvfAgZxkemRbKifCTEgBDWQ9s9NuPxUBABnBiThSjpNvAACAOku+q9g9cCAnmR7ZlsqJMBNSQANZz+y3209FAECm7NHMmzBqwmxJu1kBAADqHvnGYvfAgZxkemRbKifCTEgBDWQ9s/duPxUBAJlVVlZm3oeRHNmAdlMCAADUVfKlxe6BAznJ9Mi2VE6EmZACGsh6ZgfefioCADLr0KFDO3bsMG/FSJRsOtmAdlMCAADUVfK9xe6BAznJ9Mi2VE6EmZACGsh6Zh/efioCADKLAromKKABAEBWkO8tdg8cyEmmR7alciLMhBTQQNYz+/D2UxEAkHEHDx40b8VIlGw6uxEBAADqMPneYvfAgZxkemRbKifCTEgBDWQ9sw9vPxUBALXhwIED5t0Y8ZONZjcfAABA3SZfXeweOJCTTI9sS+VEmAkpoIGsZ3bj7aciAKCWlGvmPRlVM9vKbjgAAIA6T77A2D1wICeZHtmWyokwE1JAA1nP7MzbT0UAQK2ig64W1TMAAMg68h3G7oEDOcn0yLZUToSZkAIayHpmf95+KgIAahun46gCp90AAADZSL7G2D1wICeZHtmWyokwE1JAA1nP7NLbT0UAQB1wUNuxY4d5i4ZsCsFPDgIAgCwl32fsHjiQk0yPbEvlRJgJKaCBrGf27e2nIgCgzjh06FBZWZl5l85lshFkUwi7XQAAALKNfKWxe+BATjI9si2VE2EmpIAGsp7ZvbefigCAOmbPnj3mjTo3yerbDQEAAJC15FuN3QMHcpLpkW2pnAgzIQU0kPXMHr79VAQA1D37NfN2nTvMWttNAAAAkM3ku43dAwdykumRbamcCDMhBTSQ9cx+vv1UBADUVRUVFbt27TJv2oc3WU1ZWbvaAAAA2U++4dg9cCAnmR7ZlsqJMBNSQANZz+zt209FAEDdtn///u2aefc+nJj14qhnAABw+JGvOnYPHMhJpke2pXIizIQU0EDWM7v99lMRAFDnmV/k2717t3kDPzzI6pj1sisJAABwGJFvO3YPHMhJpke2pXIizIQU0EDWM3v+9lMRAFDnmaKWAhoAACBbyLcduwcO5CTTI9tSORFmQgpoIOuZPX/7qQgAyB4HDx48DM4KLasgK2JXCQAA4HAk33nsHjiQk0yPbEvlRJgJKaCBrGf2/+2nIgAg2xzQsq6JlgU2S25XAwAA4PAlX37sHjiQk0yPbEvlRJgJKaCBrGeKAPupCADIWgcPHsyK83LIQnLIMwAAyCnyFcjugQM5yfTItlROhJmQAhrIeqYOsJ+KAIAsV6nt37+/rKzMvMPXBbIwskhm2eyCAgAA5Az5OmT3wIGcZHpkWyonwkxIAQ1kPVMN2E9FAMBhpELbt29frZTRcqdy12YZ7AIBAADkJPlqZPfAgZxkemRbKifCTEgBDWQ9UxPYT0UAwGGqsrLSnHN5z549aeqjZbYyc3MvHOkMAADgkG9Kdg8cyEmmR7alciLMhBTQQNYzrYH9VAQA5AxzbHJ5efm+fft27969S5Ovdzt27Ni+fbv5dPCSgXKTjGDGlElkQpnczMfOFAAAABHkq5TdAwdykq6RKaCBHGZqBfupCAAAAAAAUooCGjnO9Mi2VE6EmZACGsh6FNAAAAAAAKQPBTRynOmRbamcCDMhBTSQ9SigAQAAAABIHwpo5DjTI9tSORFmQgpoIOtRQAMAAAAAkD4U0Mhxpke2pXIizIQU0EDWo4AGAAAAACB9KKCR40yPbEvlRJgJKaCBrEcBDQAAAABA+lBAI8eZHtmWyokwE1JAA1mPAhoAAAAAgPShgEaOMz2yLZUTYSakgAayHgU0AAAAAADpQwGNHGd6ZFsqJ8JMSAENZD0KaAAAAAAA0ocCGjnO9Mi2VE6EmZACGsh6FNAAAAAAAKQPBTRynOmRbamcCDMhBTSQ9SigAQAAAABIHwpo5DjTI9tSORFmQgpoIOtRQAMAAAAAkD4U0Mhxpke2pXIizIQU0EDWo4AGAAAAACB9KKCR40yPbEvlRJgJKaCBrEcBDQAAAABA+lBAI8eZHtmWyokwE1JAA1mPAhoAAAAAgPShgEaOMz2yLZUTYSakgAayHgU0AAAAAADpQwGNHGd6ZFsqJ8JMSAENZD0KaAAAAAAA0ocCGjnO9Mi2VE6EmZACGsh6FNAAAAAAAKQPBTRynOmRbamcCDMhBTSQ9SigAQAAAABIHwpo5DjTI9tSORFmQgpoIOtRQAMAAAAAkD4U0Mhxpke2pXIizIQU0EDWo4AGAAAAACB9KKCR40yPbEvlRJgJKaCBrEcBDQAAAABA+lBAI8eZHtmWyokwE1JAA1mPAhoAAAAAgPShgEaOMz2yLZUTYSakgAayHgU0AAAAAADpQwGNHGd6ZFsqJ8JMSAENZD0KaAAAAAAA0ocCGjnO9Mi2VE6EmZACGsh6FNAAAAAAAKQPBTRynOmRbamcCDMhBTSQ9SigAQAAAABIHwpo5DjTI9tSORFmQgpoIOtRQAMAAAAAkD4U0Mhxpke2pXIizIQU0EDWo4AGAAAAACB9KKCR40yPbEvlRJgJKaCBrEcBDQAAAABA+lBAI8eZHtmWyokwE1JAA1mPAhoAAAAAgPShgEaOMz2yLZUTYSakgAayHgU0AAAAAADpQwGNHGd6ZFsqJ8JMSAENZD0KaAAAAAAA0ocCGjnO9Mi2VE6EmZACGsh6FNAAAAAAAKQPBTRynOmRbamcCDMhBTSQ9SigAQAAAABIHwpo5DjTI9tSORFmQgpoIOtRQAMAAAAAkD4U0Mhxpke2pXIizIQU0EDWo4AGAAAAACB9KKCR40yPbEvlRJgJKaCBrEcBDQAAAABA+lBAI8eZHtmWyokwE1JAA1mPAhoAAAAAgPShgEaOMz2yLZUTYSakgAayHgU0AAAAAADpQwGNHGd6ZFsqJ8JMSAENZD0KaAAAAAAA0ocCGjnO9Mi2VE6EmZACGsh6FNAAAAAAAKQPBTRynOmRbamcCDMhBTSQ9SigAQAAAABIHwpo5DjTI9tSORFmQgpoIOtRQAMAAAAAkD4U0Mhxpke2pXIizIQU0EDWo4AGAAAAACB9KKCR40yPbEvlRJgJKaCBrEcBDQAAAABA+lBAI8eZHtmWyokwE1JAA1mPAhoAAAAAgPShgEaOMz2yLZUTYSakgAayHgU0AAAAAADpQwGNHGd6ZFsqJ8JMSAENZD0KaAAAAAAA0ocCGjnO9Mi2VE6EmZACGsh6FNAAAAAAAKQPBTRynOmRbamcCDMhBTSQ9SigAQAAAABIHwpo5DjTI9tSORFmQgpoIOtRQAMAAAAAkD4U0Mhxpke2pXIizIQU0EDWo4AGAAAAACB9KKCR40yPbEvlRJgJKaCBrEcBDQAAAABA+lBAI8eZHtmWyokwE1JAA1mPAhoAAAAAgPShgEaOMz2yLZUTYSakgAayHgU0AAAAAADpQwGNHGd6ZFsqJ8JMSAENZD0KaAAAAAAA0ocCGjnO9Mi2VE6EmZACGsh6FNAAAAAAAKQPBTRynOmRbamcCDMhBTSQ9SigAQAAAABIHwpo5DjTI9tSORFmQgpoIOtRQAMAAAAAkD4U0Mhxpke2pXIizIQU0EDWo4AGAAAAACB9KKCR40yPbEvlRJgJKaCBrEcBDQAAAABA+lBAI8eZHtmWyokwE1JAA1mPAhoAkDKbFpWUqJTa66lVqma9yV4x95WeOwIAAEglCmjkONMj21I5EWZCCmgg61FAA0BKlZqetKTk0/UVIUkUmxZNlNu/KJXYIXFSlWtJyWfrJVFnXPqFmrFwW9pUK/2iyiVPQQFdtnhWycQFagUj1jFHCmhZzdnLd9srAADgMEABjRxnemRbKifCTEgBDWQ9CmgASCmngC6Zu6pcYge7KtYv0DVx0gV0yVw17312mKti/ULbP6ewgLadrzPDtBfQW7+eOnHixJL5a8pDEr/Du4CuqDgUkujVNAW0KuH1EAAAkN0ooJHjTI9sS+VEmAkpoIGsRwENACllC+hZs2aVzFosKbPDw/atmlsyderrSRfQesaSJcEZl8uMX586taREkr0F9Javpk78YvHiWVHr+8O6gN60aPLEVyWz5s2dVTL70y/mvDqxRDJ/deS/YQAAgCxDAY0cZ3pkWyonwkxIAQ1kPQpoAEgpCuga9cIU0BTQAAAcfiigkeNMj2xL5USYCSmggaxHAQ0AKWUL6EWrVs0tmSFZvNPeYOxdPrtk1uLFbo27d/l7JVO/2mJvVtRJkCUzvt9uBzh05SozVvOeGai21XxmLVmsxvC2tOJQ2RrdZpaUTJZM//DrUs/pO1Sh/PmaLd/ZulNGmPXF+nK9nGpRvd5bvjc8vjNJycRXZXwzieItoNWprtWpQpyzhVSsX6hPEzJ/zQE7xE9vuolTv96qt9J7y809elRTQJdvXjx/lqyjMvG1WZ8u367PIq1OZLH+s5Kp33g28tavp/qWzY5gxynfvvyzWeENMvHVOd4tppZh4eotErMBSqbMWrSuXGJvl3ntWC759B17qyxGeEkUWUhnOSdPmyv5emN42opyyfZl818tKZn1ZWnZgZAEAAAcBiigkeNMj2xL5USYCSmggaxHAQ0AKWUL6IUb1bmeJZ5yucyUy3NXlXuPI9ZHLn8tI9nxdi+fXTJDEmiuFVW5Liw9sF6yUBe1rp16xvt0Reu2tHslq96fOPH9xVv2lpeXl0nWLJheMm1RabjZVEtSMnnuEnW7ytbvZpdMVCdgtmzn69S+evzpkvnL9SR6fMlC87OI3gI6tOXr130HMpd+MVH9TGKMX1C09bTeFPo48VkS/0aoqoCu2Lxoesn0hWtkHZW9WxfPmThxznLb0pevnm8qe3O9bPEMWY35q8vDxxfb4ltvUvUYTV8gM6qQVBzQW0wfya6nVctQMmWuZPFWtQG2fK82mLvNdi2fM3G6JLx99GJIVuoufevX0yfOkehpy/du+loya+J0+1AeKJUsmjbru1XfzZr46foDIQkAADgMUEAjx5ke2ZbKiTATUkADWY8CGgBSyhbQs5fvDW1aJJkY7mZDW7/Wv7CnrnoL6FD5mvklE52S1xwiHeXcHUJVrurn6SSlX0ycuMBtctWZK9RVfwFt7lEf6uux/buZevE0tSS+Rrh8zbySiV86pXm0Avqz9Z5J1JHX6iBuc+ywr4AObflmqudA5lLZFp7NEaCOQVaHIdu+vnzVhyWSGb7NEKuALjeL7T+QPFSht6t6POSKqvWdHzYsWzxzxtfffOquyM7FM5wx1YHI5b6f/gvfkb5VLcOn6yok+jb78Kl72qyubflSHeEtcVZy76r5khmfyT2rhZQ18q9UqPRzu8HLls2WzNBbsmzxLLkgibqxAABAdqGARo4zPbItlRNhJqSABrIeBTQApJQqKheZAlod06yOAjaH2W75amq4JvYX0Lp7nfhFqcQUr7OWlEWe4lnxFNC6WTZH3Zp7McWur4C2p9GYHT4MOMzce+Rlwz8kWgHtOwe0LaDtEH8BrYrdktkSu8ATF5r+PQp9amyJc1h3+aq5zrHhYbEKaPmjblq4UQ93qNI5vLlU6RwujncuniWzVcXxpxJZHrWVdBNtF21f6XfznFNwGL4C2rtB7BC7YGprzF5WJjG3+W1Z5M7Qz/8QAACAwwwFNHKc6ZFtqZwIMyEFNJD1KKABIKVsGeocYly2ZFbJh6vK1dklpjrnzQjUuOpGdXDwotJ9a+a7nWkEbwGtzxQxV8/YPXOFrwytAwW0XkiJbI0t30wNl+xRqK45Ou+ZRuzCWIkV0LIoM8wClC2frY/XLl8zb6Jk4fry9Z95f+tvy9fTSmZ9sX5vRUiihO/I3JdZBncxfNu86gJajTl/5V6JOU+Ii1NtAABwWKOARo4zPbItlRNhJqSABrIeBTQApJQtQ50C2pzOeNEX6oTGzok1Impce3qK+fPmqrY6pE4qEYWvgNal7axFiz4skYSPmPaWoXGfgsNfCqe0gA6X4O/Nn/+6c5LlSKqnnvX9FoktZBV1CuVV80vMMeO6CrYLY7kFtNpg1ZyCQ8immPmp5NP3bKltDrKe+PmihRPVVrXCtbVr40JzR3o+wQ1ih4QXTJ2Cw3eKklD5psWSr5eUlqvzcZdM/aJU4twKAAByAQU0cpzpkW2pnAgzIQU0kPUooAEgpVRRuchbQOtuVMiQQO3rqXHtCTpkNOcn+6LwF9D67MNqxmag5itDQ9F+hHD9l7MmBn6EsKoCWp1CJFwNq9Y00QI6tG+VruBLfD+0GKB+QVH93mDk7y7qY8PVWTt0oRurgFYifoRw+fxp7o8QaqWLJpaok2DoVlpxls17xm11l+ZHCNX20vORMZzzR1dTQLs/Qrhqu7MYakn0jxBWbFILKTE/UVi+d4tk8YevVvWgAwCA7EcBjRxnemRbKifCTEgBDWQ9CmgASKlS00h6CmhTaarDkJ0jkSML6BhHK/sFCmiZ8YKJJR+uMgdNa4ECWjtUtuaLOfp0xpMl0z/8utRzF9UV0KG9az6dMbFEUvL+KlmlhAtofXjyqg+Dhyd7qeZdV8Dettiy265cV7RVFdCifPPi+bNkHZWJr836dPl2/4HG9ncOPT/eqAp6WfjArwJW7Fj+aXg+k2U2a76bLaPYfry6AlpPrubwjtrkZjG8S1K+8TuJXc4psyTzl2yhfgYA4PBGAY0cZ3pkWyonwkxIAQ1kPQpoAKgLzOkgSubpo2wPK+q456/1+TcAAAByEwU0cpzpkW2pnAgzIQU0kPUooAGgllWU792xauG0iSruqYMPBxXlZaXfzZFM9J7jAgAAIMdQQCPHmR7ZlsqJMBNSQANZjwIaAGqX+o2+ia/O+W6L5LCqn/W5KSbP+lSyZpcdBAAAkIMooJHjTI9sS+VEmAkpoIGsRwENAAAAAED6UEAjx5ke2ZbKiTATUkADWY8CGgAAAACA9KGARo4zPbItlRNhJqSABrIeBTQAAAAAAOlDAY0cZ3pkWyonwkxIAQ1kPQpoAAAAAADShwIaOc70yLZUToSZkAIayHoU0AAAAAAApA8FNHKc6ZFtqZwIMyEFNJD1KKABAAAAAEgfCmjkONMj21I5EWZCCmgg61FAAwAAAACQPhTQyHGmR7alciLMhBTQQNajgAYAAAAAIH0ooJHjTI9sS+VEmAkpoIGsRwENAAAAAED6UEAjx5ke2ZbKiTATUkADWY8CGgAAAACA9KGARo4zPbItlRNhJqSABrIeBTQAAAAAAOlDAY0cZ3pkWyonwkxIAQ1kPQpoAAAAAADShwIaOc70yLZUToSZkAIayHoU0AAAAAAApA8FNHKc6ZFtqZwIMyEFNJD1KKABAAAAAEgfCmjkONMj21I5EWZCCmgg61FAAwAAAACQPhTQyHGmR7alciLMhBTQQNajgAYAAAAAIH0ooJHjTI9sS+VEmAkpoIGsRwENAAAAAED6UEAjx5ke2ZbKiTATUkADWY8CGgAAAACA9KGARo4zPbItlRNhJqSABrIeBTQAAAAAAOlDAY0cZ3pkWyonwkxIAQ1kPQpoAAAAAADShwIaOc70yLZUToSZkAIayHoU0AAAAAAApA8FNHKc6ZFtqZwIMyEFNJD1KKABAAAAAIetA2Vrvpw74/WJkgkvTZj4+oy5X64pOxCSZAwFNHKc6ZFtqZwIMyEFNJD1KKABoFaY71IlJSVDU+Gaa66ZP3++nTUAAABCob3L50gmj5cvXBHGT5bMWb7XjppmFNDIcWbfx5bKiTATUkADWY8CGgAy79tvv+2k5aXUNddcY+8AAAAgt+1dPGNCSYnEeO6V6ZJZ78ya/spzdpAyYcbiTHTQFNDIcaZHtqVyIsyEFNBA1qOABoAMk69QTvX84FV5O2fmhT7IW/OKjVyOM96R5z+Z17+LnqFm7ykOm+Y9/+cLehWrSeVPca8zrnt05tL99kafnYtnPnrN4M6eMZ+et8ne5rVzqWTmw9cN7qpH7XOG5Lon522qsLcDAACkXfniGS/YjrlkwvRFW31fRCq2Lpo+oUSivDBjcbkdnj4U0Mhxpke2pXIizIQU0EDWo4AGgAx79tln83T1LAl9kLf21byPn8orm6niFMoxM68oNPc4FX3VTCuRyztn5nUqUp2vkG9p9s5i2v/Nk2dIivPyOp/75/smz5w5+T7JdWpA3uCHF+6XMeyYof1fPSoZLDd0HXnH+Kkz33ha8udzO+flFV/+xmo7krH/m0dPzZPIXEeOfX7qzKlPjzlXoka9aqqM6h8bAAAgLco+f1W3y5Ml86P9i3lo03yJ3Cxe/bzMDkwbCmjkONMj21I5EWZCCmgg61FAA0CGUUADAACkFQU0UKeYHtmWyokwE1JAA1mPAhoAMmzIkCF5ebZxXvtqXssT5Jo6gYbEtsxVZOk9oa9HqXygemfHbSPVrSVj7NW3337b3lksq14+Ny9PUjxmpn+nbLW6IW/k1A0hiTNEDSy+Y94eM8RYPfViGXjfvP0hiR00WY2nRv3Qqa+V1a+ONKOqsQEAANJs8UxdLb+2UBKjXZbBZQtf06PNXGyHpQ0FNHKc6ZFtqZwIMyEFNJD1KKABIMNMAW0KZW+JLL6bEC6aY2XpPaFvr1D5QB1A7SVDnLlVexroTW+oRljy6Od2iEOXxXky3N60aebleXmS4ocX6uuune/+Wca877OQRNs0Uxap+FFJxKj/UKM+sFBihwAAAKTLlvmTbLNcdblse+pJ87fINHZYWlBAI8eZHtmWyokwE1JAA1mPAhoAMqyKAtqcTKOqpKiA3rls3rx530g2RRyRrAvoM15eFZIonz9q5jnyjYj/fvXbp0/Sw8M3LVSjXjxVEjHqN0/3j3UTAABAalFAA3WL6ZFtqZwIMyEFNJD1KKABIMPSV0DPetBerraAjk2fguPcl93zNVdRQG+YOjIv76Rnv5Ho61UU0JvU+Tr6Py0xowIAAKQNBTRQt5ge2ZbKiTATUkADWY8CGgAyzHsO6G8n6HI3LOkC+qLB6lZnyPz58+2dJWC/ZOHDg/PyBj/6lee46OoK6LyHF0r09eoK6Dy5PeLsHAAAAKlQ+vn0ieNLJMkbP3H656V2dilFAY0cZ3pkWyonwkxIAQ1kPQpoAMiwBx9UBypPuVMl9IHqjh1JF9Bmwv5d7FX5lmbvLG6r37hcUpxXPHKyPfTZooAGAAB138rZE2yLXEMTZq+0s0whCmjkONMj21I5EWZCCmgg61FAA0CGrVmzJi8vr1ORSuiDvJ0z84b2kwFKEgW0U2Sb829cqNl7itvOD+9TRz5LHl4YPCk0p+AAAAB13pb5k3V9/KpkzndJkInmyMRisjohR4pRQCPHmR7ZlsqJMBNSQANZjwIaADLv1ltvNa3uNWfbZvntB1XWvBIummPFU0B/O8Ed/7sJeS1PUDNco9m7ic/+zx9V1fM98yRRDpzmRwgBAECdFy6gZ0iqOutzTDLRYplYUEADKWd6ZFsqJ8JMSAENZD0KaACoFSdqeXnq8OfqD3w2mXucKqC/HqWih5TNzCsZo2La58mTJ9u5x23/t0+fW5zX+ZqZ7q8OBmyaeXleniTvgeDJM3a++2cZfN9nIYm2aaY6KPs+ScSo/1CjPrAwciYAAAA1RwEN1GWmR7alciLMhBTQQNajgAaAWmG+S1199dV5mjkjx3cT/I1zIAtPVgW0/JV8oHpnR4sWLd5++2076zitmSpRZ32+amr06tlSZ89QJ9Aovnyq79Dq1XrgffP2hyTGpjdGyiA16hu+Wa5+VQ2XUdXYAAAAqUYBDdRlZt/HlsqJMBNSQANZjwIaAGrX/PnzzaHQYtaDEaWzZEFfle+uVe3zktvUcdCSD+yZox/U5GuZnV2cNsy8vDhPktfzupc/nBfNUomZ6f6vHpWo30rsOvKOyTP/8cbzkjsu7hxZNIf2f/PoqXmSvLzOI8e+PPMfU58fO1KiRtU1d5VNNwAAQJKqKaAPbf9u7nTJqy+9On3ud9sP2cEeFNBAGpke2ZbKiTATUkADWY8CGgBqFwU0AABADVFAA3WZ6ZFtqZwIMyEFNJD1KKABoNZ9++23qkvW54P2Vc8mi85SMWd//qiFGfjdBDX+kCFD7CwSFf5pwdhkhEe9J2zev2zmo9cM7qxuUifZ6HXGdU/Pi/aDgnuWSmY+fN3grnrUPmdIrnty3qYKezsAAEDKVVlAly9/Z4K+1ZrwzvJyGWpvNSiggTQyPbItlRNhJqSABrIeBTQA1AVDtLy8vNtG+tvniKx9VaV/F1Xvzp8/304PAACQw6osoG2z7KHG8Y9GAQ2kkemRbamcCDMhBTSQ9SigAaAuMF+tzLk4hvZTmXKnKpq91fPHT6l6uuUJKuLWW2+1EwMAAOS2Kgvo9XMn6hsdE+eul6H2VoMCGkgjs7NjS+VEmAkpoIGsRwENAHWHfLu68MILVbusPXiVr4A2WmjPPvusnQYAACDnVX0O6L3LZ08cXyJRxk+cvXyvvcFFAQ2kkemRbamcCDMhBTSQ9SigAaBOkS9Y5ncF86IV0C1btvxWs2MDAACg2h8hFAf2Ssp2le09YAf4UUADaWR6ZFsqJ8JMSAENZD0KaACoO7799ttOnTqpplmLegS0cc0119hpAAAAcl71BXQ1KKCBNDI9si2VE2EmpIAGsh4FNADUBearVcuWLfN07yyZ/2Temld8BbQMeftB9fOD5hcIOQc0AACAQQEN1GVmZ8eWyokwE1JAA1mPAhoAapF8nbrtttv69++vGmWtZIyvdI7MzpkqnYrUyC1bthyqvf3223aOAAAAuYcCGqjLTI9sS+VEmAkpoIGsRwENALVoyJAhunZ2lc0MNs5R8+BVdnzH/Pnz7UwBAAByzPbPTAGdApM/225nmjoU0Mhxpke2pXIizIQU0EDWo4AGgFqxRsvLy+tacMKzl/RLOncM6yaR+Vx44YV21gAAALlm7+IZE2yDXCMTZizea2eZQhTQyHGmR7alciLMhBTQQNajgAaAWjFfy8vLO6d3UaBTTiIynyFDhthZAwAA5KADW1Z9952kBlZtOWBnlloU0Mhxpke2pXIizIQU0EDWo4AGgFrhFNBdC044p3dRDUMBDQAAUGdRQCPHmR7ZlsqJMBNSQANZjwIaAGoFBTQAAECOoIBGjjM9si2VE2EmpIAGsh4FNADUCqeAThUKaAAAgLqJAho5zvTItlROhJmQAhrIehTQAFArzHcpU0OnxLfffmtnDQAAgLqEAho5zuz72FI5EWZCCmgg61FAAwAAAACQPhTQyHGmR7alciLMhBTQQNajgAaAFFoFAACAw479qpcsCmjkONMj21I5EWZCCmgg61FAAwAAAACQPhTQyHGmR7alciLMhBTQQNajgAYAAAAAIH0ooJHjTI9sS+VEmAkpoIGsRwENAAAAAED6UEAjx5ke2ZbKiTATUkADWY8CGgAAAACA9KGARo4zPbItlRNhJqSABrIeBTQAAAAAAOlDAY0cZ3pkWyonwkxIAQ1kPQpoAAAAAADShwIaOc70yLZUToSZkAIayHoU0AAAAAAApA8FNHKc6ZFtqZwIMyEFNJD1KKABAAAAAEgfCmjkONMj21I5EWZCCmgg61FAAwAAAACQPhTQyHGmR7alciLMhBTQQNajgAYAAAAAIH0ooJHjTI9sS+VEmAkpoIGsRwENAAAAAED6UEAjx5ke2ZbKiTATUkADWY8CGgAAAACA9KGARo4zPbItlRNhJqSABrIeBTQAAAAAAOlDAY0cZ3pkWyonwkxIAQ1kPQpoAAAAAADShwIaOc70yLZUToSZkAIayHoU0AAAAAAApA8FNHKc6ZFtqZwIMyEFNJD1KKD/P3v/GxzXeR/4nnmxL/blvLgvUrXJTbpqbhLHTnKncoO6U7VRae8tje1YqWTFmthBrV+w4qQ4q9jcscvFckWX5dkJoxkX453VsDSjpd2lMFJ6GMqU0aRCABIEssABGFJNUvxrkIQIAiBIgCBIgAIIQGB6f8/z+53G6X9An8M+JA7P93Of8QW6+/x7utlkf3VyGgAAAACA5BCgkXHakS0qR6ELEqCB1CNAAwAAAACQHAI0Mk47skXlKHRBAjSQegRoAAAAAACSQ4BGxmlHtqgchS5IgAZSjwANAAAAAEByCNDIOO3IFpWj0AUJ0EDqEaABAAAAAEgOARoZpx3ZonIUuiABGkg9AjQAAAAAAMkhQCPjtCNbVI5CFyRAA6lHgAYAAAAAIDkEaGScdmSLylHoggRoIPUI0AAAAAAAJIcAjYzTjmxROQpdkAANpB4BGgAAAACA5BCgkXHakS0qR6ELEqCB1CNAAwAAAACQHAI0Mk47skXlKHRBAjSQegRoAAAAAACSQ4BGxmlHtqgchS5IgAZSjwANAAAAAEByCNDIOO3IFpWj0AUJ0EDqEaABAAAAAEgOARoZpx3ZonIUuiABGkg9AjQAAAAAAMkhQCPjtCNbVI5CFyRAA6lHgAYAAAAAIDkEaGScdmSLylHoggRoIPUI0AAAAAAAJIcAjYzTjmxROQpdkAANpB4BGgAAAACA5BCgkXHakS0qR6ELEqCB1CNAAwAAAACQHAI0Mk47skXlKHRBAjSQegRoAGirJRkTHxUb+GhChtz96MHkjdsLj+QHW6SdliZOySgWB67cq1397HBRhu7DUyJ/3cxeKZ6aeGi/AwAAZAEBGhmnHdmichS6IAEaSD0CNAC0VRCgL0+t1HokQx7x4JOB4sD1B/KDLhGRdeThxm/dQYAuFgeu3S+XZVQ81QD96NE/yf+GA7S7xd8IAADwjCNAI+O0I1tUjkIXJEADqUeABoC2CgJ0k0D8+FoL0MeOHS2euLEgw+54ugF69soHPR+eOHfWjeKpi8OlD3uK526vyLAHAAAAPLsI0Mg47cgWlaPQBQnQQOoRoAGgrTYO0C4Q+wrsQ/DslWLx8vjUxcEeGVaHV+7LuH5m4INisdjz4YmLEzIefFYuP9RzmysaXMsiCNBXpqYv9hRPyZgIEnRtgF55IGPi4okPe2RVPR+WrsmYXdb7ggf/bOKOj8XuMfKQT+4/+sztmO1b38C5sQfha4ms3Ltx7sQHMuTODwbOXrsb6suPVh6Mn5PxYbF44srsghwOAABANhCgkXHakS0qR6ELEqCB1CNAA0BbxQnQxb6z16fuyLhzb+lReeHGiaKMgctTCysrK0v3b5zukdFz+Y52XkvDG5wBfWW2vDJ1rkdGz+lJLc62oAXo8FYePfpsYerygAx31nT4wcFeCPeIYk9P34krdxZkBLcMXJ8vy3Dmrg30lG7MLcmQe5dmr53oGbg2V5bhfDZ7ZeCEjOu3rp/ouXiHAA0AADKDAI2M045sUTkKXZAADaQeARoA2ioI0LXc2cp6wnJ9gL44Hf7CwPtXeooyzk3ZjY8e3pdx5+6Cnk5saXjjAF0uP5yUUerpKd10m7IFgzOg3RWpZVSuwjx7xe+LX7Dy4J+Ft+KPq+qWhRtDRVm5X//K1LniYOiKH2L2Z8WeK/dlyM8L46cGR+7LcD/fOCE/hE+dBgAAeIYRoJFx2pEtKkehCxKggdQjQANAW7mw7EJt3ZcQVnprfYC26BtYuHlWxgfFng//8dzlscn7Dx/JsPsqabiVAO0t3Sz19JybWq4N0OXlWRnXz+klOCqqA3TVVurP7Ha3nJpYkqHdvIHh2Wa7CgAAkBEEaGScdmSLylHoggRoIPUI0ADQVkGAbl5dNwzQ5tHKg9nJGxdLH/b0yDjxiTtlWDRKw2vqA3S5vCD703PxztRwUUYQoO9fGyjKODF8Z8nW2+gM6AgB2i187qa7+EaVz8oyAAAAsowAjYzTjmxROQpdkAANpB4BGgDa6rED9MLUtWsTMqw3l8uPps7JWDcNr2kUoMvlT2+cKB47drQowwK0+z7DUzLWvsbw7mUZjxGglyZPF48Nz8per52tDQAAAAI0Mk87skXlKHRBAjSQegRoAGirxw7Qj+5fGSjKODHsv+nPf9Vf+OsB748ck1E8cf2+v6xHjcYB2i01YNfE0AD96M7lnqIM/ZLBpbmJcwNFGcXiuSl/qenoAbr8aFb2euDcxH0Z/lsI79848+HZWysy9NEAAADZRIBGxmlHtqgchS5IgAZSjwANAG312AFa+KszXzsz8IELxh+cOHdDxv1KxX04JePiYE+xWJr0qwhrFqArXdsCtNzwYELGxRNuIx+cuDgxdV3GqeLgjU/dvTECtFi5e/3ciQ9kuB3vO3FuzO01+RkAAGQcARoZpx3ZonIUuiABGkg9AjQAAAAAAMkhQCPjtCNbVI5CFyRAA6lHgAYAAAAAIDkEaGScdmSLylHoggRoIPUI0AAAAAAAJIcAjYzTjmxROQpdkAANpB4BGgAAAACA5BCgkXHakS0qR6ELEqCB1CNAAwAAAACQHAI0Mk47skXlKHRBAjSQegRoAAAAAACSQ4BGxmlHtqgchS5IgAZSjwANAAAAAEByCNDIOO3IFpWj0AUJ0EDqEaABAAAAAEgOARoZpx3ZonIUuiABGkg9AjQAAAAAAMkhQCPjtCNbVI5CFyRAA6lHgAYAAAAAIDkEaGScdmSLylHoggRoIPUI0AAAAAAAJIcAjYzTjmxROQpdkAANpB4BGgAAAACA5BCgkXHakS0qR6ELEqCB1CNAAwAAAACQHAI0Mk47skXlKHRBAjSQegRoAAAAAACSQ4BGxmlHtqgchS5IgAZSjwANAAAAAEByCNDIOO3IFpWj0AUJ0EDqEaABAAAAAEgOARoZpx3ZonIUuiABGkg9AjQAAAAAAMkhQCPjtCNbVI5CFyRAA6lHgAYAAAAAIDkEaGScdmSLylHoggRoIPUI0AAAAAAAJIcAjYzTjmxROQpdkAANpB4BGgAAAACA5BCgkXHakS0qR6ELEqCB1CNAAwAAAACQHAI0Mk47skXlKHRBAjSQegRoAEjc0nSpuGfH17fIeC7nPb+l87u7ZOzvH5uzBzU1d61fxr5Xtr7wesluqjc96B7QoWvPdXxx6843B6dXyzJqzV3tfm3HluftkbIn217ZV+LvAQAAgMQQoJFx2pEtKkehCxKggdQjQANAouYGdnd25J7bunNvsV/G4MWxuemrpcHB7gO7ZGx7PtfRuat/3B5cZWGsVNyz/YtBVBavNQjQSxf3ydgqj3p+2643u/q798vY/crW53K5jm93yRizB5bLt7pl7Hhe7nhh+6v7urq7ZOx7dZtr4h3bu8bLMgAAANB2BGhknHZki8pR6IIEaCD1CNAAkJCx4nYZHR2du/un7aYG5i78eGvH8zv7Z8syAvL46a6XXRh+4Vt7ut7bK2Nb4wA9tn9rTkauY2d39UbGCu5WGbsHl/wNS4M/6JCRy23Ze9HfEFga2OUe91pJht0EAACA9iFAI+O0I1tUjkIXJEADqUeABoAkLJ3bsyW3Rcae09p/17FUem1Lx6uDMoKHzrkwPVAaW/C/3eqS0ThAz/XvzOVk5NaWDZzeIzeLbUUt0yX53d30clddDi/t9rc3ugsAAACPiwCNjNOObFE5Cl2QAA2kHgEaABLgTkx+8bWSjEoXXrrWJWOXuzaGu0bzruJVGXbvbPeO3FYZ+0f192rrBOjmlgZ2yRJi5wf+KtNL0xcGB2UMXqu/6LQP0K8ONqjYAAAAeGwEaGScdmSLylHoggRoIPUI0ACQAAI0AAAADAEaGacd2aJyFLogARpIPQI0ALTfxb0v5nZ0z5ZlqKVzezs7OmRsfb3/6vT01fd2vZjbJiP43r+5/ldyMoLLZVSLFqCXZMxd7Nr5Uq6jc5+MC3Z7U/4a0O5S0cHVogEAANBOBGhknHZki8pR6IIEaCD1CNAA0HYXfvyiXk85yMn+hOgflmRY4nUXaN4mo+uW/l4eO7hNRuPE3GKADi76rLa82j+9WpaxgfGu7R25jm+7rzDkAtAAAABJIEAj47QjW1SOQhckQAOpR4AGgLZyIbfr5VxnYcxuEKf3dOQ694+W166wcWp3LudGpShPF7fJaPw1gC0G6Nmrg4OD/cV9MnZ/r7Mjl9vy/X4Zof2otlCSseelXO753YP6bYcAAABIAAEaGacd2aJyFLogARpIPQI0ALRVScaeXG77e2sl2Z0Q/ZW9F+QHu8Hl5lxOHrWnnQG62lhxe0cuJ2NHd/1Fn8vlhav7v90hI9exPbgMCAAAABJBgEbGaUe2qByFLkiABlKPAA0AbWUBes9p+71cXhp8NVd9RY7yWKFTbgnnZgvQr/Q3qMWxArRsdlcu576IsMFXC451+fQsY/81rvsMAACQLAI0Mk47skXlKHRBAjSQegRoAGgrC9C7Biph112RoyZAl37obgkH6NJrHTJe/HGjrwxcJ0D722U0WLBpgB7r//6WXEfnntNLMuw2AAAAJIYAjYzTjmxROQpdkAANpB4BGgDaakzG/q/nth1cu/ayy81f3+/u0N9n+3d2VAfohcFdHS/K2HtRf6+23hnQF/Z+JScj95XdperrOE93u43I2FasVO4lGaXXtuRyW0jPAAAATwwBGhmnHdmichS6IAEaSD0CNAC0lYu87pob/rxjrbxzLjh3bH29W8Zg//5dnZ07v79Nr4DRdW1ubvrC/m93dLw6KKNxFV73EhxLp/fI2CL3Pr9t15td/f1u7Ht123O5XMc39su4GjzwwutbZMgDt77WPdjEhVuEaQAAgDYjQCPjtCNbVI5CFyRAA6lHgAaAtlsa3N2R29E9W5ahN1x4c/sLHTkZHV/cvvfUnLsOxqtbZTznwvGWHW+U5KZG3xXotXAN6Lnh7j3f7ZT1q+de2rbzzcHp1bKMgLsSiLsYyLpCp0sDAACgPQjQyDjtyBaVo9AFCdBA6hGgASABF/a+lHvxhyUZnFEMAACQcQRoZJx2ZIvKUeiCBGgg9QjQAJCIi/s6OzpkbP3xhaanNgMAACADCNDIOO3IFpWj0AUJ0EDqEaABIBEEaAAAAHgEaGScdmSLylHoggRoIPUI0ACQkKVr+2XseN5d93lPsb90bVqG+wfU+IXB7n07v7FXRtOLOgMAAOBZQYBGxvmMTIAGMowADQDJWp270L1358vuGwLtSwI7Xuh8eefe7qsyODkaAADgmUeARsZpR7aoHIUuSIAGUo8ADQAAAABAcgjQyDjtyBaVo9AFCdBA6hGgAQAAAABIDgEaGacd2aJyFLogARpIPQI0AAAAAADJIUAj47QjW1SOQhckQAOpR4AGAAAAACA5BGhknHZki8pR6IIEaCD1CNAAAAAAACSHAI2M045sUTkKXZAADaQeARoAAAAAgOQQoJFx2pEtKkehCxKggdQjQANAG40CAADgmWP/1IuLAI2M045sUTkKXZAADaQeARoAAAAAgOQQoJFx2pEtKkehCxKggdQjQAMAAAAAkBwCNDJOO7JF5Sh0QQI0kHoEaAAAAAAAkkOARsZpR7aoHIUuSIAGUo8ADQAAAABAcgjQyDjtyBaVo9AFCdBA6hGgAQAAAABIDgEaGacd2aJyFLogARpIPQI0AAAAAADJIUAj47QjW1SOQhckQAOpR4AGAAAAACA5BGhknHZki8pR6IIEaCD1CNAAAAAAACSHAI2M045sUTkKXZAADaQeARoAAAAAgOQQoJFx2pEtKkehCxKggdQjQAMAAAAAkBwCNDJOO7JF5Sh0QQI0kHoEaAAAAAAAkkOARsZpR7aoHIUuSIAGUo8ADQAAAABAcgjQyDjtyBaVo9AFCdBA6hGgAQAAAABIDgEaGacd2aJyFLogARpIPQI0AAAAAADJIUAj47QjW1SOQhckQAOpR4AGAAAAACA5BGhknHZki8pR6IIEaCD1CNAAAAAAACSHAI2M045sUTkKXZAADaQeARoAAAAAgOQQoJFx2pEtKkehCxKggdQjQAMAAAAAkBwCNDJOO7JF5Sh0QQI0kHoEaAAAAAAAkkOARsZpR7aoHIUuSIAGUo8ADQAAAABAcgjQyDjtyBaVo9AFCdBA6hGgAQAAAABIDgEaGacd2aJyFLogARpIPQI0AAAAAADJIUAj47QjW1SOQhckQAOpR4AGAAAAACA5BGhknHZki8pR6IIEaCD1CNAAAAAAACSHAI2M045sUTkKXZAADaQeARoAAAAAgOQQoJFx2pEtKkehCxKggdQjQAMAAAAAkBwCNDJOO7JF5Sh0QQI0kHoEaAAAAAAAkkOARsZpR7aoHIUuSIAGUo8ADQAAAABAcgjQyDjtyBaVo9AFCdBA6hGgAQAAAABIDgEaGacd2aJyFLogARpIPQI0AAAAAADJIUAj47QjW1SOQhckQAOpR4AGAAAAACA5BGhknHZki8pR6IIEaCD1CNAAAAAAACSHAI2M045sUTkKXZAADaQeARoAAAAAgOQQoJFx2pEtKkehCxKggdQjQAMAAAAAkBwCNDJOO7JF5Sh0QQI0kHoEaAAAAAAAkkOARsZpR7aoHIUuSIAGUo8ADQAAAABAcgjQyDjtyBaVo9AFCdBA6hGgAQAAAABIDgEaGacd2aJyFLogARpIPQI0AAAAAADJIUAj47QjW1SOQhckQAOpR4AGgLZakjHxUbE4/DTeWmevFIs9Mko3ZTeqLE2cKhbl3itP7x3fTYuMp7gHAAAATwUBGhmnHdmichS6IAEaSD0CNAC0VbIB2nXkjyZk1AZm5QK013NuatluU083QD96JP9TFaD9LQAAAJlAgEbGaUe2qByFLkiABlKPAA0AbUWAboAADQAAsowAjYzTjmxROQpdkAANpB4BGgDa6qkH6GMyjh0t9ly886hcrmTepxagH07IOFX8YODM2dLRQRnnLp870VccGLlvDwAAAHjWEaCRcdqRLSpHoQsSoIHUI0ADQFu1EKBXHkxcPPFhT1FGsdjzYenabNXZyiv3PzkrY6DP3/uPFycePJIROr3ZNGjJ7iGnZExM3zhRPHb57iMZek9dgHY74faj3+9Ef+na3RUZep/P3NdlTI65WFwsfiDjxMWphX9amKrsec+HJ4bv2AJqYepKyd/jVnjC7bfdUS7/06OFu1dOFIsyPjw38WB57R4AAIBnHgEaGacd2aJyFLogARpIPQI0ALTVhgF64caJ4sDlqYWVRzIefbYwdXmgeOLGgtyhd4+5u/URKytL92+Uenouy3DnM1saXv8MaB+gH5bvjwwUB67IuF9ZMBSgw1t59OiR7oTbj08rD3YZuXTj/pLsxNwNGaWeYk/P4LkJf4u/Ufbs3FSQoJenzvXYTjsPJs8N9Jy7XQnUCxOnP7h4c9KNHtsKAABARhCgkXHakS0qR6ELEqCB1CNAA0BbbXwG9KOVlUf/ZD87rhq7LqwL3L/SUzw/JcNOEn60dP/OrIwF33JbD9DlR/evDBRlaIKuCdDlz1ZWPivLCPidCO52Dz45IUObuJodLlbf8ujOxWLPFbuSxv2RY0V/0Y+KhfFTxdOTbjrkoXevDPpWLePR9MUPzk5WyjQAAMAzjwCNjNOObFE5Cl2QAA2kHgEaANpq4wBdXp69fq5yCQ61FqDLC5Nn+4oyevpPnPvZjcm5pUfl6ks5txigZal7V2QMFAeuzdUF6PLK7CfnZOglOCrWAnTdVlyArr/FHaY75MnTtoYq/vGNdxUAACAzCNDIOO3IFpWj0AUJ0EDqEaABoK1ccV03QN+/NlA8MXxn6VHZpWVRfQa055rzyoPZybGLpf6enn+8LmPtShotB2hdz+zPjhVP3LgzXhWg3QU6TlyRcedhaCceI0DLIQ+MzNr1N9boygEAADKNAI2M045sUTkKXZAADaQeARoA2mqjAP1w4tRaIPbuXg4F6IWpkWsTc49k+PvK5c+mzhWLMtZJw2tqA7T32Z2LPcVjR49VFeaP5EFLMvwjxKzshO1Hk600D9COu3JIs70CAADINgI0Mk47skXlKHRBAjSQegRoAGirJQvQl6fsJOAKvebyozuXe+wrBmUszU2cGygWi+4Cyf77/PyVm/XcZP99fjVfD7hy+1yx56KMqaXqC0mrhgHaL+UvtFEJ0LYTth9L9yfOu50Q+rWBMQJ0eWGi1NOje207/rPBEyPuvG3OggYAABlHgEbGaUe2qByFLkiABlKPAA0AbRUE6HrDs5prHz2YuHjiA73tgxMXJ6aunyoO3vi0rInZXZ352lkZA336gHM37q3I0PvKj+5f/+gDGcViz5V7dtuaJgFadmnydE8oQJfLn7mdsP3o8zvxUVHG4A33LYNxArQ7rskrJXddaxe7ez4sDU8t1CdyAACA7CFAI+O0I1tUjkIXJEADqUeABgAAAAAgOQRoZJx2ZIvKUeiCBGgg9QjQAAAAAAAkhwCNjNOObFE5Cl2QAA2kHgEaAAAAAIDkEKCRcdqRLSpHoQsSoIHUI0ADAAAAAJAcAjQyTjuyReUodEECNJB6BGgAAAAAAJJDgEbGaUe2qByFLkiABlKPAA0AAAAAQHII0Mg47cgWlaPQBQnQQOoRoAEAAAAASA4BGhmnHdmichS6IAEaSD0CNAAAAAAAySFAI+O0I1tUjkIXJEADqUeABgAAAAAgOQRoZJx2ZIvKUeiCBGgg9QjQAAAAAAAkhwCNjNOObFE5Cl2QAA2kHgEaAAAAAIDkEKCRcdqRLSpHoQsSoIHUI0ADAAAAAJAcAjQyTjuyReUodEECNJB6BGgAAAAAAJJDgEbGaUe2qByFLkiABlKPAA0AAAAAQHII0Mg47cgWlaPQBQnQQOoRoAEAAAAASA4BGhmnHdmichS6IAEaSD0CNAAAAAAAySFAI+O0I1tUjkIXJEADqUeABgAAAAAgOQRoZJx2ZIvKUeiCBGgg9QjQAAAAAAAkhwCNjNOObFE5Cl2QAA2kHgEaAAAAAIDkEKCRcdqRLSpHoQsSoIHUI0ADAAAAAJAcAjQyTjuyReUodEECNJB6BGgAAAAAAJJDgEbGaUe2qByFLkiABlKPAA0AiVuaLhX37Pj6FhnP5bznt3R+d5eM/f1jc/agpuau9cvY98rWF14v2U31pgfdAzp07bmOL3bueK376kJZRq25q92v7djyvD1S9sQ9csOdAAAAQFwEaGScdmSLylHoggRoIPUI0ACQqLmB3Z0duee27txb7JcxeHFsbvpqaXCw+8AuGduez3V07uoftwdXWRgrFfds/2IQlcVrDQL00rm9MmQTuee37vzh/u5uN3Z/z92Qe2mPjFKlQd/ql7HzpZxscoc8sr9Lxr5Xt7ts7R+29kgAAAC0DwEaGacd2aJyFLogARpIPQI0ACRkrLhdRkdH5+7+abupgbkLP97a8fzO/tmyjIA8frrr5Vwu1/HCt/Z0vbdXxrbGAXps/9acjFzHzu7qjYwV5FZnW1HvWBr8QYeMXG7L3ov+hsDSwC65deuBMRl2EwAAANqHAI2M045sUTkKXZAADaQeARoAkrB0bs+W3BYZe04v2U1NLZVe29Lx6qCM4KFzLkwPlMb0lORbXTIaB2h/u4yO+rvG7a5gqQt7v5KTkfv6/trMHKy84RnWAAAAeEwEaGScdmSLylHoggRoIPUI0ACQAHdi8ouvlWRU8vPStS4Zu7a6q0B3fHHrruJVGXbvbPeO3FYZ+0f192rrBOjZq4PehVt1mTsI0J2Fjc5rHt3fmcu9+OMLMuwWAAAAtA8BGhmnHdmichS6IAEaSD0CNAC038W9L+Z2dM+WZSh/meYOGVtf7786PX31vV0v5rbJ6LKrP8/1v5KTEVwuo9o6Abo5fwkONxpH7cDS+OCeb3Tkaq8BAgAAgLYhQCPjtCNbVI5CFyRAA6lHgAaAtrvw4xdzL3e5CznbDf6E6B+WZNiJyqf3+LOTt3Xd0t/LYwe3yWicmKMH6KXTe7bkcltevyCj7tTo4JobgRe+te/CnN0DAACAtiNAI+O0I1tUjkIXJEADqUeABoC2I0ADAACgggCNjNOObFE5Cl2QAA2kHgEaANrKZeeul6uvvHx6T0euc/9oee1qGKd253JuVIrydHGbDM3WtSIF6PEuGds7ch3b3JcNNr7889L0hcHBwe79Mva+uu25XK7jG3svLJRlAAAAoO0I0Mg47cgWlaPQBQnQQOoRoAGgrUoy9uRy299bK8nuhOiv7L0gP9gNLjfncvKoPW0O0LODu1/Kyci9tKfUck3W06VffOOCDLsJAAAA7UOARsZpR7aoHIUuSIAGUo8ADQBtZQF6z2n7vVxeGnw1V31FjvJYoVNuCedmC9Cv9De4GEaLAXqhtMel590yBqO9r4/t/3ou9/X9MhqfMQ0AAIDHQIBGxmlHtqgchS5IgAZSjwANAG1lAXrXQOXay+6KHDUBuvRDd0s4QJde65Dx4o8bnYPcSoBeuLD3Gx2553d0j5dlNOKzuKykQeMmQAMAACSIAI2M045sUTkKXZAADaQeARoA2spdeHn/13PbDq61XJebfdu1m2b7d3ZUB+iFwV0dL8rYe1F/r7ZBgHYr7vp2R65je1fj9Kzmur+bk+G++bDmYRf3bsnlOl4rybBbAAAA0D4EaGScdmSLylHoggRoIPUI0ADQVkt2zY1XB91P/qY5F5w7tr7eLWOwf/+uzs6d39+W69jukvG1ubnpC/u/3dHx6qCMylnTVdYL0NPd3+6Qkcu9sKMw2MxVfZsPvp8w19G544f7uwe7Zez/4Y5OueWlXYOz5YgX7gAAAEBLCNDIOO3IFpWj0AUJ0EDqEaABoO2WBnd35HZ0z5Zl6A0X3tz+QkdORscXt+89NVcuj/W/ulXGc7lc7vktO94oyU0Nrv6s1gvQwYU11hW6IHW5PD2475VtW563uzq+2Lnjte6rTbcNAACAx0WARsZpR7aoHIUuSIAGUo8ADQAJuLD3pdyLPyzJaHxSMwAAADKDAI2M045sUTkKXZAADaQeARoAEnFxX2dHh4ytP77A6cUAAABZRoBGxmlHtqgchS5IgAZSjwANAAlZurZfxo7n3WU39hT7S9emZbh/QI1fGOzet/Mbe2XwrX8AAADPPAI0Ms5nZAI0kGEEaABI1urche69O1/u1GtA++suv9D58s693VdlcHI0AADAM48AjYzTjmxROQpdkAANpB4BGgCSRYAGAADINgI0Mk47skXlKHRBAjSQegRoAAAAAACSQ4BGxmlHtqgchS5IgAZSjwANAAAAAEByCNDIOO3IFpWj0AUJ0EDqEaABAAAAAEgOARoZpx3ZonIUuiABGkg9AjQAAAAAAMkhQCPjtCNbVI5CFyRAA6lHgAYAAAAAIDkEaGScdmSLylHoggRoIPUI0AAAAAAAJIcAjYzTjmxROQpdkAANpB4BGgDaaBQAAADPHPunXlwEaGScdmSLylHoggRoIPUI0AAAAAAAJIcAjYzTjmxROQpdkAANpB4BGgAAAACA5BCgkXHakS0qR6ELEqCB1CNAAwAAAACQHAI0Mk47skXlKHRBAjSQegRoAAAAAACSQ4BGxmlHtqgchS5IgAZSjwANAAAAAEByCNDIOO3IFpWj0AUJ0EDqEaABAAAAAEgOARoZpx3ZonIUuiABGkg9AjQAAAAAAMkhQCPjtCNbVI5CFyRAA6lHgAYAAAAAIDkEaGScdmSLylHoggRoIPUI0AAAAAAAJIcAjYzTjmxROQpdkAANpB4BGgAAAACA5BCgkXHakS0qR6ELEqCB1CNAAwAAAACQHAI0Mk47skXlKHRBAjSQegRoAAAAAACSQ4BGxmlHtqgchS5IgAZSjwANAAAAAEByCNDIOO3IFpWj0AUJ0EDqEaABAAAAAEgOARoZpx3ZonIUuiABGkg9AjQAAAAAAMkhQCPjtCNbVI5CFyRAA6lHgAYAAAAAIDkEaGScdmSLylHoggRoIPUI0AAAAAAAJIcAjYzTjmxROQpdkAANpB4BGgAAAACA5BCgkXHakS0qR6ELEqCB1CNAAwAAAACQHAI0Mk47skXlKHRBAjSQegRoAAAAAACSQ4BGxmlHtqgchS5IgAZSjwANAAAAAEByCNDIOO3IFpWj0AUJ0EDqEaABAAAAAEgOARoZpx3ZonIUuiABGkg9AjQAAAAAAMkhQCPjtCNbVI5CFyRAA6lHgAYAAAAAIDkEaGScdmSLylHoggRoIPUI0AAAAAAAJIcAjYzTjmxROQpdkAANpB4BGgAAAACA5BCgkXHakS0qR6ELEqCB1CNAAwAAAACQHAI0Mk47skXlKHRBAjSQegRoAAAAAACSQ4BGxmlHtqgchS5IgAZSjwANAAAAAEByCNDIOO3IFpWj0AUJ0EDqEaABAAAAAEgOARoZpx3ZonIUuiABGkg9AjQAAAAAAMkhQCPjtCNbVI5CFyRAA6lHgAYAAAAAIDkEaGScdmSLylHoggRoIPUI0AAAAAAAJIcAjYzTjmxROQpdkAANpB4BGgAAAACA5BCgkXHakS0qR6ELEqCB1CNAAwAAAACQHAI0Mk47skXlKHRBAjSQegRoAAAAAACSQ4BGxmlHtqgchS5IgAZSjwANAAAAAEByCNDIOO3IFpWj0AUJ0EDqEaABAAAAAEgOARoZpx3ZonIUuiABGkg9AjQAAAAAAMkhQCPjtCNbVI5CFyRAA6lHgAYAAAAAIDkEaGScdmSLylHoggRoIPUI0AAAAAAAJIcAjYzTjmxROQpdkAANpB4BGgCQIosjffkPR2Qs2g2NLd85P3Rl3n5BZIsjH+b7RhZl2A2osjx+5uT4g7IMAABaQYBGxmlHtqgchS5IgAZSjwANAEgRAvQTQYBeHwEaABANARoZpx3ZonIUuiABGkg9AjQAJGV1UkapkO99pkro1Nl8XkYDG0XhuJanrgy78dD9smGAXr1zVsbhQ2enVuyWTWzK5nPafn+aHk4NX3Fj2f2SzgD9qbw4+kY+td+S9WDk6JGzMtLwMgMAPH0EaGScdmSLylHoggRoIPUI0ACQkOWxIRn5QqHw0/MzdlsaBBWvScizAN03fG+51qo9pL2Wx4cKBTfGXRrdKEDPnD/U5cZd+31z20QBunaaN2GA/nRkg8T8JAN0uTw/3CujcGoymdc9AOCZQoBGxmlHtqgchS5IgAZSjwANAMlYHh3Iy+gbHi4V0tJDvRYD9FNKk+sH6OXR4/neYRkpOed8M50BXYUA3QL/f+JwUl5tc3YDAADNEKCRcdqRLSpHoQsSoIHUI0ADQCJcCzsuY/RheepMoXBmym4PrN4fkXHy/YOFfD7/Tu/JkXsywqdSLt8+f/zQAbmz8O5RGedv+0sjOPLD8syVod533J0H3z8pY+R+sGjDSDftIqeLne4XVzxLYzOXjh6UoVs/e9NWPnVGfg+p220Lps0DtKzBreT0yOQZv/bCQRlHL82srsxcGjgswx3SO4eHrriDrRzv4qQ7WD1enY3QvbZFrbTrBujl8cF837V5GXaDnwoZl0Yv9cl0nZmyI3o0P+53T/ew99TIPXchBbfNyVP5rguhE9bvnu/yT2LAHmCPWb43cqrX1uOO87xeJ8Tz83xt/OSRggzb4RX3eBl+EuQwL8kYWjdAL98ZHvIPP3DouIzQy8A/WcE864FsNM+yuyd73y3IcLvrX1RrK/QvEhl+guoC9INRea0GL9fDx8+5K3Ws7UqV5ZlLx2UcDl6f8uJce336l27w6j1weMDNmE1a8GQNT46e9IdcePe4jGG/bAuvTFuDLq5rOHBoSBcP2B+c8NYD9nzpUxa8wNxRhve2ehE3tfJ6OJKW/94BAHh6CNDIOO3IFpWj0AUJ0EDqEaABIAnzV3rzA6MyXKS7e76rUJpcLa/93+o/GDlaOCxjaGRmcXl58e7w0ULBjeuueq1On5VxuNB7dnJ+eXl5frwk43D+8Nk7LnjNfHxYRv5QafyB3Lk4M3xUhiw6ot+H1lqAzr9zfPjuogy3hst9eX/hBX/tBat4sniTM0lbC9D5w6Xx8M4XCu+4w6kckRzOpdmyDOEulF04qvuzurq67GdD5stNmV+lbrGFAD1V8g9b67nuWPIyCkdKI5OTk/eXZZRdpy4c/sjtn9ub5XujQ4cLg+7o3RgbynevBcX54SNyMENjOjVi6qw/n92f0j4/3Jv361mVsboyP/7RYT352i9u83xpfFLG5J3FVRcrC/LEBc/d/OTHvTIKwaHVuntexmE/M/LoxenzMnoLhytn04fn2a1uo3l2r0m/aRkyz/7eXrfHegLvOgHanqEZGW5XHoyXDrkrmze8uLluJfz6lCfTP5/u3pkLhwvHhmX4FS1OXegtHDovw+X80JOl8zN+qktG/tCle27RJq/tML+GwvtnJx8sy9A1hJ4R27psOrx12bT/jwn2fOlT5p8v9/jKIvr4yiIV89f68sdGG/9hAAAgQIBGxmlHtqgchS5IgAZSjwANAAmYH+7OHx9dluF/nTn/0/zJm6sy/K/lmY8L+aFxGfZ7ubw4OiTjyKnxZfnxWF7GkcuW3dTMhSO9l2fclXrzXTJC1/SQdazKrXaSdWsBurInjltn4eydsgwnWHz9AF3HtmgB+rTflLOoNTN0i3Dzc/T6ogb38upy9fWja06/bTlA1++5u+WIjKqLJLiTmk9WXbj3gTzs6Ohi2XVEt4heB9l1y+HuI+cvnMz76/y6JeaGjxQqM+l2fPWR/0mtP8+Lo0f9Exd67txjK4dWzZ3NLaPm7Nqp0/nCx9Y/q+dZbDTPK8vLVd+YVzWx6wVot+dHLt0vy1DL9ycn7y7KsN9Dal/bq4szk1My5l3dl1eaey5CT8dUKV+Q4V579U+WT/Bd/qlxWgrQ1c+1O6jgP64EWw9xWw9e+fZ8rT1l/vHVi7jny/Y2sHrzpNwQTtIAANQjQCPjtCNbVI5CFyRAA6lHgAaA9nPVLHROcbk8c65r7YRorXvhK0VUsSxYum2/V3FBrSQjXBmFZlmX6VoL0NXF026xG4PFm2Q+2736LyHUbmcBeu0KCbJTPoxWXTOhJjGv3hs9u3YJDi90r21Rdy96gHZXdQgfy+L1o7aNKpUFXbR1FXJuWEbvT8/PuBDpgrUMt/VKjBYPpy4NVi7BoZrPs3sWbD0B99jah5mZs4W8jAaCmayeZ7HhPC9PXRqqXIKjwra+ToAur059fKSQPyDj8MDJSyOT99YuQ1Hnwejxd/IyCu/2Dp0eHr3rTiW2I77T+ICE24f6J6vmxdxSgK6+1x1U8Mw22bps2s9A9Z8C4R/fbJE1wR8uAADWQYBGxmlHtqgchS5IgAZSjwANAG3ncnMDx2X4qwn7upf2AN2oAIsYAXp5bKjw06GRu8sy6u+tbFF3rw0BWm577/yUZfM1lU46P3ykcGZqfqRPhr/Ws7tkR2lyWcbkqfDlOGbOH8r3nplcXC27yCrWn2f/3AX3Kvdb7cOMHfXQdXf1hyrBWcxRA/TMhcP53rOTn67K8PdWTazuvAy/fM1T4K3My5gZHzk/2Hsgf3hofFGG3VXLzeXy/anRKyePvlsovH9Jxozc5jYxNPrpsowa7kTy+iervQE62HoN2bQ/jd2eiLXnwj++2SJrbrtTojkDGgCwPgI0Mk47skXlKHRBAjSQegRoAGin1Um9YO7JsZpuOHOpOy9DL5vrLlNwalLPpVXL08Myzl+ZWrsER/W1F+bHzp8fm/eXBWjtEhx6SWjl26KLne6X+uJZnd6Citck81m1rEqTITECdF1Infd7ED1AN74GdG2A9me2No+Y4u75ru6TJz/skqHzvDx6vHD6rIxSIbRgfe687bbfdJ79c9fyJTjsZdB1ZqryIqkRMUDbz3aP46ZLZ8zxLxLd/+oFy6t3Rs5fmnSrcHc59y4fafIszI9fOD9yd1WG3bAiR+06rtuKvwjJ2elVGXZvWP2T1d4AHWzd7qpV/adA+Mevu4jDNaABAK0gQCPjtCNbVI5CFyRAA6lHgAaANlqdLPn+HHx/Xsj8lV73/Wz+K9HWvoRw1F3IYvHuyNChgoyaLyE8P+0q9vzkWRm9hSZfQjgyJONw5UsI3RequUtOr33J3oPJs+8XNCz6tlhfPKvTm+ukLqC7hl51yWDlH5xvcAkOvQhHjADtpiX4EkJ3uP57+bouzPizj4VtUXdv3QDtrptcdWp5fdN05keOFUJfVee+rO9I7/mZ1bI7S9eZ8hdfOCvDdvrhqDt9PZ+3p0+5Z3ptnv2TKI+oXHqlfp6jfQmhvQzy9k2V8lS7r/QbOBhcWDxqgF6d/MhtXTbttu5eOIf9ifnBOd3NA3T509Gjha6hazMydE+GZQI/mpRR9zJ3r89871l3qnUwt6GvOlydOiMv3SEZI/rNineHj797XIb7vwzYMEAvj1denI1emRsF6GDrsunw1mXT/v8uofpPgeMeX1lEH19ZRB8gY/JU7X8rAgCgHgEaGacd2aJyFLogARpIPQI0ALTP8uhAXkajMOe+v85dUzg4eXn1/oiMk++7qwcX3u09OXJPRnip5dvn9ZrIBw4dl3H+duXKD/LD8syVod535M7CwfdPyhi5X7XB1buXjgbX+ZVlL41e6ms9QJdXZy73yYZlVL7vLsRycAM+CscI0HI4U+eO2pWUCwePnpsaPZ0PnSFuW9TdWzdAu1OVq+5tHKDL5ZV7o2eCLbpNnh0PnzDuq2J1YHU7LKMmNbpnsNeuW31AnsNxmefKl+zVz3O5/Gh+9FSvDLfMO7LAqIzz3XUPC1m+fWlIN/FOr4yhKzOV10HEAO2OesRvOtj6+KUP8zLsoNYJ0Hqk7x/Ul6ubsDPj84/KMhqRZ/O4jMPu9SnTMjR8Z1mG3emvQ+0uRV1/74YB2gdffXE2emVuGKCFvwr2O/nw1vWOyvNV/Vy4P2vhva1axP7PHbStAwCwHgI0Mk47skXlKHRBAjSQegRoAMAzZOb8oS431i5zASRicaRPRiF0IR0AAJohQCPjtCNbVI5CFyRAA6lHgAYAPEMI0HhCCNAAgNYRoJFx2pEtKkehCxKggdQjQAMAnil3z8s4fOjsVMPLBANt8WDk6JGzMniZAQBaQYBGxmlHtqgchS5IgAZSjwANAHj2rN49f7LyVYRAmy2Pnzk5/qBcfelwAACaIkAj47QjW1SOQhckQAOpR4AGAAAAACA5BGhknHZki8pR6IIEaCD1CNAAAAAAACSHAI2M045sUTkKXZAADaQeARoAAAAAgOQQoJFx2pEtKkehCxKggdQjQAMAAAAAkBwCNDJOO7JF5Sh0QQI0kHoEaAAAAAAAkkOARsZpR7aoHIUuSIAGUo8ADQAAAABAcgjQyDjtyBaVo9AFCdBA6hGgAQAAAABIDgEaGacd2aJyFLogARpIPQI0AAAAAADJIUAj47QjW1SOQhckQAOpR4AGAAAAACA5BGhknHZki8pR6IIEaCD1CNAAAAAAACSHAI2M045sUTkKXZAADaQeARoAAAAAgOQQoJFx2pEtKkehCxKggdQjQAMAAAAAkBwCNDJOO7JF5Sh0QQI0kHoEaAAAAAAAkkOARsZpR7aoHIUuSIAGUo8ADQAAAABAcgjQyDjtyBaVo9AFCdBA6hGgAQAAAABIDgEaGacd2aJyFLogARpIPQI0AAAAAADJIUAj47QjW1SOQhckQAOpR4AGAAAAACA5BGhknHZki8pR6IIEaCD1CNAAAAAAACSHAI2M045sUTkKXZAADaQeARoAAAAAgOQQoJFx2pEtKkehCxKggdQjQAMAAAAAkBwCNDJOO7JF5Sh0QQI0kHoEaAAAAADAM2tlfvzj40d+WpDx1t+9VfjpkeMfj8+vlGU8MQRoZJx2ZIvKUeiCBGgg9QjQAAAAAIBnz+LIURkH3sw38OYBGUdHFu2hCSNAI+O0I1tUjkIXJEADqUeABgAAAAA8ewjQwCahHdmichS6IAEaSD0CNAC01bSMrpdzudyeUrksA0/aXL+MnR25ju/3z9lNUSxd2PNSLvfSvqvlsgzUKL0mr+1tXbfs1/Xc6tomj32NPwQAgKdjcfjIW/m8DPU3Pzkso/f93sM/+Ru7yXnryPCTaNAEaGScdmSLylHoggRoIPUI0ADQVhkL0HNXu1/bIWPL83LIudzzW7a9sk9Gab2/WJamT3ft+e6WHcVpGXZbc0u3Sl2v7ZDR+dJzfhu5517qlLHj1f39o40K82y/jJ3P557797ECdPnCvs6Ojm93uyfSbsEaAjQAIB2Wh4/8rTXm/FuHz95dtdu91btnD7+Vl+H87ZHhZbs9OQRoZJx2ZIvKUeiCBGgg9QjQANBWz1aAXnL/4FtaLcto4Fb3judzuY4XZGx/dV9Xd9e+V7c9l8u5TtyxvWvcHqWWZq/2v7lTxlZN1bnctuK0DLu7gTkZgz/s7Mg9t/WVvTK6+gcvjM9NXysNDnbL2O+21dH57/vHymUZeDII0ACAVJg/fdDX5QMyhhr+c2N6SIbcLQ6enrcbE0OARsb5jEyABjKMAA0AbfVMBejpokuIe06XZdRZGvxBRy63Ze/FsoyKpYFdMuSOjqryWNojK3Jp+rmtr+zrP7BTflk3QI91fbtDRkfn7v71GvWFvd/oeO77/TJineyMyAjQAIBUGO72afndkowmdVluni+96x/WPWy3JYYAjYzTjmxROQpdkAANpB4BGgDaKhSgF67K6Hp16wsd8mvHC9/aI6O/+rxgb6705s6tX+yQ4R73xa073yzJWCuqp/fIkLu2vzd2tXvPjpeek6GP3FW8ulQuyyhPD+797hZ/iQoXebd8d2/9RTCWxvtl7HtF9yf33EvbZMga1km36wZo35Rf7nIHbLcoF953B3cFxkr9V+eWyjIcfzjNA/TShde35F7aI6O0YDc1tVDa81KHjF0DumrhdqCyb2Fzw90y9thEdbzwjZ0y9p2qmYC64wpCqoyla127vuHmT5/Sra92j9WeG7401r9Pxk7/MPdcvLxLRtdw3TSvTg++sUNGp3/ec89v2fFat4yrdYc8N9y162W3z5Xdln2u222xpC8P9yjhV1i1Nn8gHa+XZMydsj1025ZHvuFfb3NXZay9Yr+xS0bXtcrEOhagr7mHrf/I2gB9ce+L8tAfDMqDwo8bO7BVhjww9AzWWXBXetnyfE6v9KJ/RmSH66eg8vyG58ruM+6Pp/sT2rGnNFvSPw7+KOxPjf+DM3e1uEv/PLq1BH/QAADpMTP091aW14/L1qn/fmhGlrHbEkGARsZpR7aoHIUuSIAGUo8ADQBt5bqlD9BbtrzUIeOFb+3a+8bevZVrU3xlT6kqZblTfXMdnTt+uF9Gd/f+3d/r7Mi5LKiXIXaCAN0hOnfsfmOvjL1v7NrmYlzH9tf3uCH3fG+3bGj3K1tluA29tOfCUlmGWjq9Z4vskyzQuWNvsX+wv2vv9zplyIa2vF55VK31AvTS9IXBwcFr9Q0wCNCvutTY2PoBenT/1tyLe04vybBbXLFcck3QH3JN7pzr3iEjt3V/cCGOxgF6un+nzcAXt+860N19YPeOzg4Zbg6L4Wt4NAnQL22RscVdbEQm341dL7tpri6qS6XX3BZkdH7PXTOkv7g32MqWPecqhyP88+7/a8G2mquX+CeuQp8497wf6Jahu62b2P5e5fjcLvhN29oqK6x6GeiBdMjrraPj+W273FHIa0ZXmNvyg727X8rJeO5lfcVutzLbsb07dL6zD9CyvHtY3SO37R+1hzk1Abo8tv/r8pjdMl+hV0YlB7vbG3P/jUFW5A5Nj05ftx3f7pIRfub0Kdbnt/IUyw3y/Iae4mCL7ihknfZs6p+73Eu7Zez9wZaczY8c4K7trkSHZxsAsPkRoIHNRTuyReUodEECNJB6BGgAaCvXLTVvbT84JsNuLpfHCltlyB27T9ktwt+ybX/1adFjB7fJkDVYkwsCdO7lqtxWnu3e4W51toU2JHRDuwaWgrNK5/pf7ez8+h4Zg2unxMpdS/3flwfubHYBi3XPgG4suATHOkFxgwB94Y0Xc9/tDp3funThjU4ZHR1b9/RfnZ6+2v3qizJy24LZmOuXsXPtuhCNAvRs/86OXG7rXhkX1mZAVqAheGuonDYJ0B3bZVRf2Hpsv5/mtaI627/r652drw3KWDv4hX4Z7pojr4Sm+dwe2WrnW1dl2C1rz3tu5wf6QLcL3d92N/SHT2ReKO3+Sk5G7it7L/gbgjl/cfdg1RO5dGr3i3JsB8ZkuN/1QL6yW0b1qeUX9sracrkXf1iSUdnzYLW5zsLaq8sH6NyW19zD1o7x2j4ZbjL8E2dqA7Q72Vlf1WuvDf8alqEdv47bSOk1OYgtof8a4egfkLU/I/rNk/4pDj2/wp7f0FNcCdAv7j5VtU73wlM187Mw6Gbh6+6/cKxNBABgUyNAA5uLdmSLylHoggRoIPUI0ADQVi4a+ry123VQu9ELOnJQXS9Y+Ks/U/hWl8a7F3/sA2PtghW6oV3aQKusf4pxiE/MoUv6aule13o9erxre0dOxtrp2w2tt3tuTqpu9ydEy6jkwtJrOZdB1/qy78jb3I55DQK0P8zq9FnhLw1hU+00CdA/LMnQGyrsehS3yuteE9mtyT1T4SDecAZWl2S4f2LbPgYLdrjriYfJg0KPm+t/JSdDC2k1fyyv9Fv7DopwOAorfyCd+0fLNacwVxaxW0KHXE1W73aj6j9m1C3rn0rXmiu5ee6DnVUduZYsW3KpPty11Vz/7q93ytj6lnvi5PmtPMV6/xp9ftee4kqArp3Vyos/HNw9/YP2THytKAA806ZOHy68mZcR35uFw6enbHVtRYBGxrl/uhKggSwjQANAWwXRsD5X1XTkSt1bh8a7DQK03NU4pdX0zbnRfhn7XtmmF9INCfXEc/s6v965NvxlcJ97qVNG5cZ958oyGtBLJTy/W0boPOtGGuZX5ebEldCK0msdua/vD9fV0g9zMkI52OY8WJubeLeBUPD12XR793S5URf3D/bF3N/ZJEA37bY1AXrOrgHtr9pcJRygly7oZSVkbH1lX/fpq9NNZmz6ve0u0H5x+55iv4wL40GdXuN22O1zMy932aajHUjoJbpxgHb8Wckvrn0jZd2y+jTlOnYHoXhp8NXwr3Vq/ktMc7JXlae4TjA/9h9F3D5U/oRWCQJ03cuyyZ9oAMCmcr3vLavIj+mtvuu2yjYiQCPjtCNbVI5CFyRAA6lHgAaAtppumquaBOgtP+gabEavsNyOAF25BvRzL+/p6h+8MK7/lpu7WpBdaNwTRYRLcCxc3e8uZu0uUlF9nYpG1gnQ7q5wRnQnRL/44wuhBBkExLWyKY92NwZrcxPvNmDB1+5tHhBrivPjBGi7ELOMba+5aR7zcyxjv6wiHKDF6vTgmztl+AtbC/uayu6ar/Ir+y/W+5a/xrI+8Pmar6kMAut399nLpsa5aRlupREOxIsYoCuvFlO3rHBX6/anPLuHLQ3ukp9eK8mwu2sEO9DgdVIleEnU/0FwgvkJXg9NH+xflqJuc+u/fgAAm8LM0AGfjw/KOHopBlnoqCwsDrgLcrQZARoZ5z95EKCBDCNAA0BbTTfNVc3OgG5W3yraEKD9tT627g99U5/x0fAxA7S/Aoavz/vr4mljtbsX4u4KHY5vlNWPdN9lJyN0i/zgpiK4dLKbeLeBUPCtnB7b8AxZ95WJbQnQ/moPWwtjMvzvyq3JPVM1ATpkaW7sQvfebc/n/BdLblk7iTjMX6Bj+trg/n8ffAuhXVS6JrA21/qBqIgBeqzQ6cpy5ez4hi/vykWfXystDe6WF816r65gBx7zDGh5fitPsT4XlT+hVfzLUtS9LJv8iQYAbCZBgD4iY72rPjclCw3LwoIADbSddmSLylHoggRoIPUI0ADQVtNNcxUBuqJ290LcXQRou70KAbo52avKU1yHAA0AmUCABjYz7cgWlaPQBQnQQOoRoAGgraab5qqajrw0qHU195W9G9S1xw/Q093b5fdG5dFHw8cJ0GP9398iI9fRued0a/VZ1OxemLsr9J2Kvj9WP9J6YvgWGXs6Klcf9r/KBkJB1h/I430JYQvddvo9N8110+UC/f6vV+/PxcHBwatzZfflfWuu7ZPhIu7rfmfmxmSUBgdL4zX7vNT//ZyMoLdakc/ldnSv//d5ywdiIgRodygbfwmhE3xlYsfuPT/s0Bd/89e/fyo7Gn0J4dKFrjf2ytj7gWv98vxWnmK9f030LyGse1kSoAEgBQjQwGamHdmichS6IAEaSD0CNAC0leuWLQXo8pKM0msvulsOVJ+XvDomo+vf7x7Ut+c2nAHtK95X9si4sOpvEONdMtw33MUP0HrJYzci1GdRu3sho/s7ZX/WriLtcnNnYUyG/j73wU49/7ey7NLALhkdax3fTbzbQPiM4Nl+t9jWfTKuVmagcu52bmvoaw8f4wzo026aX3z9ggz/uzN2cLsMuT28Pxd+7Iro7lNLMuwmcXFvVQ2f65ex0y9Y/fqY6/5uTkal9gb5NffiDwerQ+3c4Ou79l9bsjPT2xagc1teK7mXr91mey6vg6pS3DhA2/Pl1iI7/EZ1fPZneYe+ZtFtxP8ZqX2BjRVlSjtkWHGe7a88xaHnV9jzG3qKCdAA8GwiQAObmXZki8pR6IIEaCD1CNAA0FauW7YWoL2F0h5/QYXO7+2Wsb+7v+vNXXYpBv+Ffk4bAnT5wo9dHhQdX9y+6429u1/Z+lyuw43nXRpteoLzkvsH39JqWUadpQuvu3Vufa1bhn7dXY0Lt6qi4Zp1ArQ/K3zXQGXBuf7vd+Q6tsrY0z3Yf2BXZ+fOnS/nZHR8u+vq3Nz0xf3bOzpkhBZxE+82EA7QMln9OzWWd3Tu2H2gu7+4d0dnhww30cVw4H2MAF2+sPclucWt84Vv7dr7xu6dwTQ/56d5bXl53t0j/dcVvrpfjqzrDbcvujvdoQrsS6vb573FfhmD3ft3vSxLOVtevxAcsyvp3d91tz/38q59xX4Z3Qd2+6PbsufUnAz3qLYF6I6ODrchGXvf2Lv31e0vdOT8lyQGr1jVJEDruf+73YRUTlpX7j+TuIRfcx6zzlXHC9tf3S9D/ojsda/e3HPf7ZYRfub0Kdbnt/IUu90qjoWeYgI0ADybNgjQj+5dOn5YxsG/O3j4+KV7j+zmEAI0kCCfkQnQQIYRoAGgrVy3jBCgxer04Js7t36xQ4arX89v2fZqlwx3gQbVjgBdLi9dLe6SoVt57qUde/rHZEx/4E6xrVtzK3Tr62m62nUCdHlp8AcdeiKtTcDChX3fekFGh6u6e0vyV9Z4v4xdLkK6A9l7ak6GPtZzE+82UB2gxdxwt4w9393iC27HC9/YJWP/ufCy4nECtOzt1a5Xt8pwQTb33Jbv7ukfn3bDXZ7CPXLN3NXu13bI6Kw876/sk+EOsNr04L6dL7t9tt3u3LGn+6qMurova9yz4yX/KH3gd/cOhqegbQF6T2kufJg2k101VwBvFqD9ec3uEiK1F5+5sK+zQ0ZH595KWTcLbq62PJ+TIdyrt7vuAiZe5fmtPMV1zy8BGgCeTesG6OWR99/y95q33h9ZllvtXkWABhKkHdmichS6IAEaSD0CNABgc3EXc6i7PEUErhM2DNDYFIIzoDf8akEAAFq3boC2shziHlP9MAI0kCDtyBaVo9AFCdBA6hGgAQCbzYU3Ozs6tsrYW3v6agsql05ucO4tnr7p7p0yOnJb9tXlAQAAYls3QE8eL/g7KwrHJ+VWu1cRoIEEaUe2qByFLkiABlKPAA0A2HyWrh7YIeO5XMcL39rT1V+ScXXa/etz7OJg95s7ZWx9o64vz5X2v7F318vP6VWSd4S+Dw+bwFzpgF583F0fo+MV/QJFAADaY/1rQC+O9BXezMtw3iz0jSzaHWsI0ECCfEaOjwANpB4BGgCwec1e6H5j57bOF2T4KyXnOr7Yue2VvTK6h+sC5nT3DnlQxwsytr7aH/56OmwC093flafnua2vdssYa/C1lgAAxLfBlxCKlUUZ8w/mF1fshmoEaCBBFpLjIkADqUeABgAAAACk2sYBegMEaCBBFpLjIkADqUeABgAAAACkGgEa2MwsJMdFgAZSjwANAAAAAEg1AjSwmVlIjosADaQeARoAAAAAkGr3TmmAboMDp+7ZStuHAI2Ms5AcFwEaSD0CNAAAAAAg1QjQwGZmITkuAjSQegRoAAAAAEC6LQ4fecsK8mN568jwoq2yjQjQyDgLyXERoIHUI0ADAAAAAFJvZWb00iUZj2F0ZsVW1l4EaGScheS4CNBA6hGgAQAAAABIDgEaGWchOS4CNJB6BGgAAAAAAJJDgEbGWUiOiwANpB4BGgAAAACA5BCgkXEWkuMiQAOpR4AGAAAAACA5BGhknIXkuAjQQOoRoAGgjUYBAADwzLF/6sVFgEbGWUiOiwANpB4BGgAAAACA5BCgkXEWkuMiQAOpR4AGAAAAACA5BGhknIXkuAjQQOoRoAEAAAAASA4BGhlnITkuAjSQegRoAAAAAACSQ4BGxllIjosADaQeARoAAAAAgOQQoJFxFpLjIkADqUeABgAAAAAgOQRoZJyF5LgI0EDqEaABAAAAAEgOARoZZyE5LgI0kHoEaAAAAAAAkkOARsZZSI6LAA2kHgEaAAAAAIDkEKCRcRaS4yJAA6lHgAYAAAAAIDkEaGScheS4CNBA6hGgAQAAAABIDgEaGWchOS4CNJB6BGgAAAAAAJJDgEbGWUiOiwANpB4BGgAAAACA5BCgkXEWkuMiQAOpR4AGAAAAACA5BGhknIXkuAjQQOoRoAEAAAAASA4BGhlnITkuAjSQegRoAAAAAACSQ4BGxllIjosADaQeARoAAAAAgOQQoJFxFpLjIkADqUeABgAAAAAgOQRoZJyF5LgI0EDqEaABAAAAAEgOARoZZyE5LgI0kHoEaAAAAAAAkkOARsZZSI6LAA2kHgEaAAAAAIDkEKCRcRaS4yJAA6lHgAYAAAAAIDkEaGScheS4CNBA6hGgAQAAAABIDgEaGWchOS4CNJB6BGgAAAAAAJJDgEbGWUiOiwANpB4BGgAAAACA5BCgkXEWkuMiQAOpR4AGAAAAACA5BGhknIXkuAjQQOoRoAEAAAAASA4BGhlnITkuAjSQegRoAAAAAACSQ4BGxllIjosADaQeARoAAAAAgOQQoJFxFpLjIkADqUeABgAAAAAgOQRoZJyF5LgI0EDqEaABAAAAAEgOARoZZyE5LgI0kHoEaAAAAAAAkkOARsZZSI6LAA2kHgEaAAAAAIDkEKCRcRaS4yJAA6lHgAaANlq5fU5GsefKfbtBzV7pKZ6aWJJhN5TLC+OnZBRPTizI3cPF4vCsDLuv7WavFGX7D8syWrYiY+pcT/HMpPvJbvQeTsg4Vew5d7vq5mQsTXxUDPtg4OyVWw9kPIFtp87KvetnBz7QierpL127yyQBALApEKCRcRaS4yJAA6lHgAaAdlqYkHGqeMp15Yq5a8eKxeLFOzIe2U0rU+eKMrRUP36A1jXYL/XiBGhv7tpA8di1ubKMwKPZ4WMyiiduhA8xMT5AX56SseItzN64ONgjY2B4NpjMp2ODOU/ekrzQPgr9N41Pb5woHjs3fn9pZUnGg1uXB+RJ+tTuBAAATxEBGhlnITkuAjSQegRoAGir+zKuHS1enF6rows3BosnT53quSIjeMO9f6WnKEMftnkDdPnRnYvuJGg9D9rx5z7LCB9gknyArpmcz+7IuNjTc7nS85+GzRagH92buPbJnbUeLa+7IXfevf0GAACeHgI0Ms5CclwEaCD1CNAA0FaPfLQNX4RjafJ08dztO9eOHnNDTyX2Z0m7E6V9EXYp82dTMu5/Uvqwp1js+VDGieE74QsoLN25ZldX6Dsh4+LEAxdfXQ4uygg0qcx1AXrh1sUT/T0yZJkPBs6ud60Gf16tDL/n7vTn4kcTVSfeLkzJuOJ3vNgn65qVEazObdiN8N8zbp/twIU/9ompC4M9xVPuOiW1O98oQHuzwz3Fc1Nr+/1PC1PDodmTCfrM324XDDl1/Za7PIXO4QfB/AVWHkysTUjNxSsqe6g7OXGvyZzbVm6cO/GBDLlDtjK1UF64fVGGX3PPh/945c5yWYb5p4XwbstOhXdbXyE37kxe9Gvr6T8r44bbbZvVCpneqhk2tf8hBAAAPC0EaGScheS4CNBA6hGgAaDt3Kmp/uLO7iIVLke7Rjk73CNj0F+44tH0xeLRazK0UrvEWRyQcW7i/tLKytLcdRmninaG76M7l2X09JRuzC09evRoZe6GjFL1+b8bnI1bHaAra5PhLmoxZddqaHK5huCaG2cmV1wVrb4ix8NJ2RM3brg913XJCK6P0VqALn5w9pOpO3fuy1iq7aVNA7SbZJvAFX9Jk56By1ML7iodD2RMnh/o0TxtAbrYc9rtop/f+xPnB3R2dQoXxk4U/cIyZIZrJqSyh7qTlT2snfO6rdw43VPs6Rk8PyGjckvP+SkZPm+7fQ7vtuxzeLc1c/cM6t0LUxePySgOXH/glnVqL8GxRnZRnjV5Gq7cr51PAADwFBCgkXEWkuMiQAOpR4AGgPZzF31213t2fXP2Ss+Qq86Ppi+67uyLobsAx89mZejDXcqsukK0PMSF12Mjvq8+WpGxslJJiXZv+OoKkQL00s1Scch1zCBlrjy4c+f+w7KMxpanZJzrOXbixDHNo76fOvdHXJheu0CHeHBdxqAl5tYC9NqB11s3QOuK565VJnyNO8e8NCkzFJwBXXVVbtfg3dnBdoLwZysret6x8bsdnFZc2cOanWwUoKu3otO+UK7c6F4APVfs9Hi/z1W7bRcQt90+VRyUsfZfBeww/b1eswC9MFGS0dNTqtoZAADw9BCgkXEWkuMiQAOpR4AGgATMXi72XLlXlnF/5Jh15JUp/9WDF+88Wpg4WTx3e0WGf7ClzFDNXKqEV/+ri58Pbl2xS3AEYgfo8mezVwZ7in0D7ooZF69P3Hmw8k/+9nXdHxko1n6pne/g4wsy7AZHdsMCrv2wYYBeZ8/XD9D+DOilmyWX1BvwW6kE6GCLnhX8YA5XZj85V7kEh6oK0I32sHGADm+lZtpFaD6a7LOw3Za1Va2w7kAaB2j3mGN6ojoAANgkCNDIOAvJcRGggdQjQANAAlxpPjU+JePGUCUFalbuuTI9ddGf2VqJuesH6JXb52T0HD03MafB2u6NH6C9Rwv3ZUxNXHMXLB44N/WwLGM9laq8xu/GUwrQlWtAL02ccin2+LVZdyGLKu7c4hYCtGvrJ67cefhIhr/X9l93O6kA7fd5nd2WtVWtsMUA3WjKAQDA00WARsZZSI6LAA2kHgEaAJKwcGOweLoko9RTlQLl9sGzZwf9jZXb1w/Qcm9161xwV1k46fqp3RCswX6pV1VCH90fv3b9TrhbPrg+5NYWXmEDVmWrtHgJjst39T7v8QO0v1TF2lWw712R0egLDL2NL8FhMdrucmYv+0PVo222h7W3RwzQus/r7LasrWqFLQZoAACw+RCgkXEWkuMiQAOpR4AGgCQQoP22CNCVafcI0AAAZBIBGhlnITkuAjSQegRoAEiEy4tFd0Xhmm/Yc98jV9RrR1SirabMUM1cCgfohbETMoo9pRtzSysrC3eunJAha7ZLS3suBJ+4ft9fvaFqc6q6hC7dLPkLeizJWFlZWZq7oTHXem4zjQJ0+eGk+7Y7GTfuu3XJ3v1jj4yB4Vm/LncpEhk9p/3dS/dlTJwf0J1RLQXoy1My/NUplh7cuXFuoCgj2ITwRf50T88/Xrmz4B8lOzJ1efDEtfvyCOu2xYHzE7IPupdTlweKR6/I8n4VvkYPXJ5aWJER7OHaRbqb7WHtnEcN0H6fw7stuxXe7Q0D9MptmdmLU0srj/6pLMMsz94Yc2PtPwkAAICnjQCNjLOQHBcBGkg9AjQAJMKl16IbwTcNBmbdia9VF03eIED7Ur0ye630oUvaH5auzcqY/Fl12n44dXFQ7i5NLpVl1KotoY8eTFysfOdeT3/pylTV/jTWMECLhSkZV/zeuW81vDYrY+2Y/b0XT7ivT+zpPyHj4u2Jy6GK2lKAXtPz4eDZK1gQh4QAAP/0SURBVLceyKgNrJ89mBzWndBpCo4p6LbXb14/O/CBfpHjBycuToaP+DM3H3KHu6/vxMWJqesfFQdvLMiQO5vuYc2cRw7Qbrvh3ZZ9Du/2hgG6/Oj+9Y9kl+3rLu22O5d7es7JcP+JAwAAbA4EaGScheS4CNBA6hGgAQDPsvpuCwAA8GQRoJFxFpLjIkADqUeABgA8ywjQAADgaSNAI+MsJMdFgAZSjwANAHiWEaABAMDTRoBGxllIjosADaQeARoAAAAAgOQQoJFxFpLjIkADqUeABgAAAAAgOQRoZJyF5LgI0EDqEaABAAAAAEgOARoZZyE5LgI0kHoEaAAAAAAAkkOARsZZSI6LAA2kHgEaAAAAAIDkEKCRcRaS4yJAA6lHgAYAAAAAIDkEaGScheS4CNBA6hGgAQAAAABIDgEaGWchOS4CNJB6BGgAAAAAAJJDgEbGWUiOiwANpB4BGgAAAACA5BCgkXEWkuMiQAOpR4AGAAAAACA5BGhknIXkuAjQQOoRoAEAAAAASA4BGhlnITkuAjSQegRoAAAAAACSQ4BGxllIjosADaQeARoAAAAAgOQQoJFxFpLjIkADqUeABgAAAAAgOQRoZJyF5LgI0EDqEaABAAAAAEgOARoZZyE5LgI0kHoEaAAAAAAAkkOARsZZSI6LAA2kHgEaAAAAALDZPHz48F4U8nhbcvMhQCPjLCTHRYAGUo8ADQAAAADYhBYWFkZbI4+0ZTYlAjQyzkJyXARoIPUI0AAAAACATYgADTwbLCTHRYAGUo8ADQAAAADYnBY8y8xNbPL6LAjQyDgLyXERoIHUI0ADAAAAADazZg3a1+nNXp8FARoZZyE5LgI0kHoEaAAAAADAJlffoFORnhUBGhlnITkuAjSQegRoAAAAAMDmF27QKarPggCNjLOQHBcBGkg9AjQAAAAAIBUWAvZ7ShCgkXEWkuMiQAOpR4AGAAAAACA5BGhknIXkuAjQQOoRoAEAAAAASA4BGhlnITkuAjSQegRoAAAAAACSQ4BGxllIjosADaQeARoAAAAAgOQQoJFxFpLjIkADqUeABgAAAAAgOQRoZJyF5LgI0EDqEaABAAAAAEgOARoZZyE5LgI0kHoEaAAAAAAAkkOARsZZSI6LAA2kHgEaAAAAAIDkEKCRcRaS4yJAA6lHgAYAAAAAIDkEaGScheS4CNBA6hGgAQAAAABIDgEaGWchOS4CNJB6BGgAAAAAAJJDgEbGWUiOiwANpB4BGgAAAACA5BCgkXEWkuMiQAOpR4AGAAAAACA5BGhknIXkuAjQQOoRoAEAAAAASA4BGhlnITkuAjSQegRoAAAAAACSQ4BGxllIjosADaQeARoAAAAAgOQQoJFxFpLjIkADqUeABgAAAAAgOQRoZJyF5LgI0EDqEaABAAAAAEgOARoZZyE5LgI0kHoEaAAAAAAAkkOARsZZSI6LAA2kHgEaAAAAAIDkEKCRcRaS4yJAA6lHgAaANhoFAADAM8f+qRcXARoZZyE5LgI0kHoEaAAAAAAAkkOARsZZSI6LAA2kHgEaAAAAAIDkEKCRcRaS4yJAA6lHgAYAAAAAIDkEaGScheS4CNBA6hGgAQAAAABIDgEaGWchOS4CNJB6BGgAAAAAAJJDgEbGWUiOiwANpB4BGgAAAACA5BCgkXEWkuMiQAOpR4AGAAAAACA5BGhknIXkuAjQQOoRoAEAAAAASA4BGhlnITkuAjSQegRoAAAAAACSQ4BGxllIjosADaQeARoAAAAAgOQQoJFxFpLjIkADqUeABgAAAAAgOQRoZJyF5LgI0EDqEaABAAAAAEgOARoZZyE5LgI0kHoEaAAAAAAAkkOARsZZSI6LAA2kHgEaAAAAAIDkEKCRcRaS4yJAA6lHgAYAAAAAIDkEaGScheS4CNBA6hGgAQAAAABIDgEaGWchOS4CNJB6BGgAAAAAAJJDgEbGWUiOiwANpB4BGgAAAACA5BCgkXEWkuMiQAOpR4AGAAAAACA5BGhknIXkuAjQQOoRoAEAAAAASA4BGhlnITkuAjSQegRoAAAAAACSQ4BGxllIjosADaQeARoAAAAAgOQQoJFxFpLjIkADqUeABgAAAAAgOQRoZJyF5LgI0EDqEaABAAAAAEgOARoZZyE5LgI0kHoEaAAAAAAAkkOARsZZSI6LAA2kHgEaAAAAAIDkEKCRcRaS4yJAA6lHgAYAAAAAIDkEaGScheS4CNBA6hGgAQAAAABIDgEaGWchOS4CNJB6BGgAAAAAAJJDgEbGWUiOiwANpB4BGgAAAACA5BCgkXEWkuMiQAOpR4AGAAAAACA5BGhknIXkuAjQQOoRoAEAAAAASA4BGhlnITkuAjSQegRoAAAAAACSQ4BGxllIjosADaQeARoAAAAAgOQQoJFxFpLjIkADqUeABgAAAAAgOQRoZJyF5LgI0EDqEaABAAAAAEgOARoZZyE5LgI0kHoEaAAAAAAAkkOARsZZSI6LAA2kHgEaAAAAAIDkEKCRcRaS4yJAA6lHgAYAAAAAIDkEaGScheS4CNBA6hGgAQAAAABIDgEaGWchOS4CNJB6BGgAAAAAAJJDgEbGWUiOiwANpB4BGgAAAACA5BCgkXEWkuMiQAOpR4AGgDaaudAlI39sdNFu8D4d6csXzk6XZVRMnc7LyJ+ekh/P5vM19yZn9f7o8Nj8qv3WmrvnZRzOd52/azcEVqfOdOUPnZcxY7ckaFFmsUrh4PtDw3eW7W5neerK8NTDsowI3LPTN/Kp/dYC/3z5p+yxPJofPdUr42BBjuVA76mReytlGQAA4NlDgEbGWUiOiwANpB4BGgDa6XZJRj5fmrLfneWxoXw+f2R4XobdVJ45/9O8jKPXF59wgL536XD+0KV79luLlmWMDxbyA6Ph3Kth/eTNVRl2S5J8gC6NL1fMT106Wsj3Ds+VZTjL40OFwtD4sgz/e2NTZ/L5M6Hn5+kE6NXJj2Tfz8qYfLC8/GDq0rFC4aNJGU9iKgEAwJNFgEbGWUiOiwANpB4BGgDaaXncZdD8EUuizurkqXxfX1/+wxEZdmb04ujR/BEZ/mFPNEDHNzfcW3UStD/9udc19UpWT5QP0GfDZV87ft/Iogy7oQWbI0DPj184P3J3VYb+vnrzpK61+gABAMCzgACNjLOQHBcBGkg9AjQAtJXrscPdemqzmjlb6Do/OT6UH5Jh5+beLuULZ2X42uiCZmlsRsalo+56DIV3e2WcvVl1Gu/yneGh3gPuYg2Hjss4f9vunTqTd0X19LgtnJfHHOg9M9nsHGCXcSsdXDwYPfm+X+6dwzKOn5tqfvKwP2nXnwTtHuO6bdfZ6dAJu4/mx8+4fdDdODxwPnwpDM2+ofK7OPJhXoa2Y79Xl2SMXuqTA2jYdhsFaDfVoQBdlfL9tIyM/+MRGQV51JRbPnQVDxedXXf2AXp4cvRk7wEZcseBQ0PD90PHtXJv5JS7w933Tu/JkUtD+byMyk4uTp6XcfyQu98/4J4Mt7yfovN3y2vV3kX8IzIu3bcbKpZHj+e7h2U8mZoPAACeJAI0Ms5CclwEaCD1CNAA0HZTZwr+4s7e3PARF5qtt+rVKuaHj+QHx2X42uuyaf7QkIyRu4vLy4szl/tk5AsluxyDXoK5cHTY3bu8OH1eRm/hsGZNC9D5A8evzLiF716SIQs3uwzFWoBenZRRKsh63YLLD8ZllA7le680T6BWVFdluNOfq67IsTh6rFA45tblVzc//tHh/KGzUytlGWLjAJ137f3I6ZHJycl7jS7iXBegV+evHZXdH/20LMOrC9AyLZfGZUxOziwGSVn3xH4R7qDyhffdpTDc1TBkz0+Fz+xenTxVyB8qjT9YliH3Tn7c63Y0CNA6hW4W7y6urq4u3x12vxT0yVseHch3nZuR4R6qh9CwMj8YcUtdXwz9dwsAAPDsIEAj4ywkx0WABlKPAA0Abecu+uwjowzXHE+5GDk/fERGwaXPxdFj+b5r8zL8w102rbqS8qcjlZNnZWXjg3kZoetHO1On84WPXda0AO034bkTlOXxem+9tQC9OKpXAgmfjbt8f3Ly7noNdObC4Xxvr4zevBVwc/d8V/74aFU4vncpdHryxgF6o/N/fYCucaRUdap3XYD20xLMjGkUoMOXTCmXp2U1LuC7hu+mqObbF/1WggBdXl1eXpb/V9lI1XG5V8Laqe7urt4r87WJf2Xq7KH84TNT9bsKAACeDQRoZJyF5LgI0EDqEaABoO0I0B4BmgANAAAcAjQyzkJyXARoIPUI0ADQfg9G+vJHRxeXZYwP5ofGfCT1V9Loco11quSbZpA1q7KpYwFaE+fM2UJeRgO+olqADhfV+sYashagXe1cnfr4SMFdr/nkpZFJGQ2vfVHl4fhQIS+jsJa8HbfavpGafKy7UdnPys9eXYAOf0ljIz5Al8aX18xPXzpaOFCaXA0uVlIXoBtNQu3tbqqrv4TQBejgCtHu55NVh1oToMur90bPyrBrQAf0uMqrkyfzBRnuwQ9Hj+d7h+fKVbHb7Y9dWRsAADyrCNDIOAvJcRGggdQjQANAAmbO/zRfGh+XcbLyxYPlKdcuC30jN4eP+KYZZM31A7TlzqHr7srKVYJrK9eX1mbtVYQCdGBlfmZ85Pxgr4wD+cND4+tEYFEVjiueVICu+RJCv9pjozL8ggkF6FL1WqoC9PLYUOGnbozc1ae5Zn7cNzfKKJyZcmdD+wMMHaP7rX4yAQDAM4YAjYyzkBwXARpIPQI0ACRgdfJUvu/YURmFtajqzjiW248fP14dItcP0O56HTK6/CUa6k3FDdCrd0ZknL80GW6f9y4fWb8CazBt0ExbuQTH6am172asXk/8AH064QC9PD607iU4dG2hFc7L6vwag0OZPiujUBgaGpAJ4kRnAACyiACNjLOQHBcBGkg9AjQAJGHx+lG9FEPNtZvdabD5fNeF8AWa1w/Q5dXpszIO5w8Pjcy4s6AXZ2QMDxzUmjkV+wzoT0dlHC10DV0LrfZYofBR9QUnajUJ0C6UFwrHhmVdfnXzkx/3Fg6dnVopyxD+ashHZQzflbsXZ0aGDufzMiIG6PAlOBbvjZYO5wtDY8t2kZPWAvTMha5876UZf9lmd6TrB2j33wwK+UOl8QfLMuy48nkZupX5K72h41q7N/QUyw/ujPh8baAXbhfmx4ZH76875QAAIOUI0Mg4C8lxEaCB1CNAA0Ai3BnBXTKqT57V3Jkv3bbfvA0CtFq+fWmo119l+J1eGUNXZqy5Pt4lOFbvj5x8/6C7xHThoIyjZ8bnH9ldTTQL0OXyo/nxM0dlXX51Bw4PnJ+q6q3z46d6ZbhjKBzsPTU+cjovI2KArnLg0PGzo/esIzstBejyp+Mnj8guHh1dLLsTpzcI0O64Rv1uuz1/p/fkyOj57ryM4NlZnjp3VIY7apnAc1Ojp/MyQl8L6cyc62p0oed59+WUvfnDl+7ZDQAA4FlEgEbGWUiOiwANpB4BGgCAJC3LGB0IvosSAABkDwEaGWchOS4CNJB6BGgAABKyuuyuE+IuFVIorX9lEwAA8AwjQCPjLCTHRYAGUo8ADQBAMtzlSgrvHpVx6S75GQCA7CJAI+MsJMdFgAZSjwANAAAAAEByCNDIOAvJcRGggdQjQAMAAAAAkBwCNDLOQnJcBGgg9QjQAAAAAAAkhwCNjLOQHBcBGkg9AjQAAAAAAMkhQCOehebsESlhITkuAjSQegRoAAAAAACSQ4DGOqwot4+tdzOxkBwXARpIPQI0AAAAAADJIUCjhqXi5Nn2njYLyXERoIHUI0ADAAAAAJAcAjSEJeGnx/bjabCQHBcBGkg9AjQAAAAAAMkhQGeZ1d/NxPbsCbKQHBcBGkg9AjQAAAAAAMkhQGeQtd7NzfY1eRaS4yJAA6lHgAYAAAAAIDkE6Oywsps2tveJsZAcFwEaSD0CNAAAAAAAySFAZ4Gl3DSzI0mAheS4CNBA6hGgAQAAAABIDgH62Wb59llhR9VWFpLjIkADqUeABgAAAAAgOQToZ5Ul23b4tB1sXe1gR9gmFpLjIkADqUeABgAAAAAgOQToZ49l2sdgzThJtqXHYEf72Cwkx0WABlKPAA0AAAAAQHII0M8Yq7OxWBt+smzbsdgxPx4LyXERoIHUI0ADAAAAAJAcAvQzw6JsdFaCnzbbm+js+OOykBwXARpIPQI0AAAAAADJIUA/G6zFRmHdN5YHG7HHxWL7F4XNQiwWkuMiQAOpR4AGAAAAACA5BOi0swQbhYXe1lhRbgdbY2tsX6OwGYnIQnJcBGgg9QjQAAAAAAAkhwCdalZeW2NltwUWjJNkW2qB7X1rbF6isJAcFwEaSD0CNAAAAAAAySFAp5QF19ZYyt2IteEny7a9ETuS1tgctcZCclwEaCD1CNAAAAAAACSHAJ1G1llbYwW3OSvBLZiPzpZsge1Nc3Y8rbGZaoGF5LgI0EDqEaABAAAAAM+slfnxj48f+WlBxlt/91bhp0eOfzw+v1KW8cQQoFPHCmsLLNw2Yd13XVaR28fWuy7bvybs2Fpg87URC8lxEaCB1CNAAwAAAACePYsjR2UceDPfwJsHZBwdWbSHJowAnS7WVjdisbYJC71NWCpOnm2vCdvXJuw4N2Kzti4LyXERoIHUI0ADAAAAAJ4xi8NH3srnZai/+clhGb3v9x7+yd/YTc5bR4afRIMmQKeIVdWNWKNtxOJuI1aFm7PgGp0t35ztQSO2343Y0W7E5q4528u4CNBA6hGgAQAAAADPlOXhI39rjTn/1uGzd1ftdm/17tnDb+VlOH97ZHjZbk8OATotrKeuy9JsIxZ061gDbsQKa7vZ2huxfapjx9CIHfm6bAabsN2KiwANpB4BGgAAAADwLJk/fdDX5QMyhqbtxirTQzLkbnHw9LzdmBgCdCpYSV2XFdlGrONWs+hbx8JqC+43Yve1wLZXx/avmh1JI3b867J5bMT2Ji4CNJB6BGgAAAAAwLNkuNun5XdLMprUZbl5vvSuf1j3sN2WGAL05mcNdV3WYutYvq1mobea9dQmrC7HZWtpwvagmu1rNTuqOjYL67LZrGM7ERcBGkg9AjQAAAAA4BkyM/T3VpbXj8vWqf9+aEaWsdsSQYDe5KyerssqbDVLttUs7lazklrH4nG72drr2N5Us/2uZkdYzeZiXTan1WzzcRGggdQjQAMAAAAAniEEaERg3bQ5i691rNRWs6YbsIBazSJxI/fisuUbsa1Ws/0L2N5Xs+OsY/PSnM1siG01LgI0kHoEaAAAAADAM4QAjVZZMW3Ommsda7QhlnJDrJ6GWBKuZgm5fWy91WwPQmwvQ+xIQuxo69jsNGfzG7BNxkWABlKPAA0AAAAAeIYQoNESa6XNWW2tZmk2xPJtiHXTgDXgalaLq2miicGWr2Zbqmb7FLA9DrGjCrEjr2Zz1JzNsmcbi4sADaSevlXZ34oAAAAAAKTQ1OnDhTfzMuJ7s3D49JStrq3kQ7d9AsemYZW0Oeus1azIhli1DVgxDVj0DbE2HKJZpqG7zdkjGrH1hti2Q2z/Arb3ATu2EDv+ajZTzdlcE6AB6NuT/a0IAAAAAEDqXO97yyryY3qr77qtso3kQ7d9AsfmYH20OSus1azFhlivDVguDVjrDVgMDmiNCbO0HJetJcS2FLD9CNheBuwYAnaEITYL1Wy+mtMJt23ERYAGUk/flexvRQAAAAAA0mZm6IDPxwdlHL0Ugyx0VBYWB9wFOdpMPnTbJ3BsDhZHm7C2Ws0qbMAybcBCacASb8ACsKcRpsLicSMzG7HHNWJrD9i2PdungO1xwI4nYEcbsLmoZrPWhE64rT0uAjSQevpmZH8rAgAAAACQNkGAPiJjvas+NyULDcvCggD9zLMy2oRV1WrWXwNWZwNWST3LugGLvp7mF2WduJp15bhsLdVse57th2f7F7C99+yoAnbMAZuRajZ3Tcic26rjIkADqadvQ/a3IgAAAAAAaUOARousiTZhPbWaldeAdVnP+mjAaq5nodfT8KIsDAcsHlebjsKWqWZrD9i2Pdsnz/bVs2MI2BF6duQBm5dqNoNN2ErjIkADqadvQPa3IgAAAAAAaUOARiushjZnMTXEmmvAiqxncTRgHbe19GydOMRyciNT1ezWRmxdIbY9z/bDs/3zbL8fr0HbDDZha4yLAA2knr712N+KAAAAAACkzQYB+tG9S8cPyzj4dwcPH79075HdHEKAzgSroU1YSQ2x2hqwFutZGfUs33rWdFtLz3fu3LFyHLDGPDV1uzX26LoqLWu2bXi2bc/2ybN9bX4qtB2tZ7MQsDkKsXlsxFYXFwEaSD1907G/FQEAAAAASJt1A/TyyPtv+XvNW++PLMutdq8iQD/7LIU2YQ01xDprwCqsZ1nUs2rrWc0N1WeLvp7FYM86sacF2YpyyK2N2ONCdFW2Xs+259l+eLZ/T6pB27riIkADqafvOPa3IgAAAAAAabNugLayHOIeU/0wAvQzzjpoE1ZPQ6ywBqy/etZEPeu1sdKzxmIrx551ZW/Su9mcPsAe7dlaPF25bSlWhrYj9OzIPZuRgM1XiM1pNVtRXARoIPX0vcb+VgQAAAAAIG3WDdCTxwv+zorC8Um51e5VBOhnnHXQJiydhlhe9ay8ehZEPSu169Zni76exeC69Gz92Efnmzdvnjp16r/9t//2H/7Df9i+ffsf//Eff/nLX/7d3/3d3/md3/nt3/5t+V/5WW6R2+VeeYw8Uh6vPdrWEirRuiHbapMMbXsct0HbfIXYnFaztcRFgAZST99o7G9FAAAAAADShgCNdVgEbcK6aYi1Vc+aq2c11LNG21p9tgBcnZ6tFt+6dfPmzWvXrr399tvf+c53/tW/+le/HZ0sJcvKGmQ9sjZbb1CidaO2B6EMbXv5RBq0rSIuAjSQevouY38rAgAAAACQNut/CeHiSF/hzbwM581C38ii3bGGAP0sswjaiBXTEKuqAQuurdVnC7qh9Fz5mkGtwFqEtQ7r+c4HDx7cvn27heR2kLXJOsPnROtGdQd0Z8JfUWh7HGRoO56NGrTNTsDmLsTmN2DLx0WABlJP32Lsb0UAAAAAANJm/QDtrCzKmH8wv7hiN1QjQD+zrIA2Ybk0YD01YLU1bn3W2itq0vNN74033vjDP/xDy8btJmuW9euGdKO6A5UGLWwvk2nQNr8BWzguAjSQevr+Yn8rAgAAAACQNhsH6A0QoJ9ZVkAbsVYaYjHVs87qWQeNXp/9acdr9VnPev7Rj3705S9/2VJxkmQrsi3Zop4Nrbuhu6S7Z/sapUHbjHg2U57NYIjNsmcLx0WABlJP31zsb0UAAAAAANKGAI2GLH82YpU0xEqqZ4XVswjacn0OX3ZDm68/Bdmd+Pzee+/98R//seXhJ0W2KNttdip05XIcdgzJNGhbMi4CNJB6+s5ifysCAAAAAJA2BGg0ZPmzEUukAWuoAcurbarPN71/9+/+nSXhp0G2rrvR3gZt8xWw2QzYXBOgAejbiv2tCAAAAABA2tw7pQG6DQ6cumcrbR/50G2fwPEEWftsxPpoiAVUz9rqupd+1pZivba6Pk95Gnm1Ph87duyrX/2qleCnR/ZB9qSmQYsNG7QdeQsXg7bZDNEJt2XiIkADqafvKfa3IgAAAAAAqbM4fOQtK8iP5a0jw4u2yjaSD932CRxPkKbPhiyOBqyeelZVPcufserzLe/mzZtvv/12R0eHNeCnTfZE9kcbtHicBm1z5NnceTanAZ1wWyYuAjSQevqGYn8rAgAAAACQRiszo5cuyXgMozMrtrL2kg/d9gkcT4p2z4asjIZYOvUsqW5Un4VWWo22zerzf/7P/9nS72Yie9VKg7bjbKFB29x5NqchMue2QFwEaCD19N3E/lYEAAAAAABtJR+67RM4nhRtzQ1ZFg1YN/Wspza6+IZGWKEVRROt5tr6+jw5OXnz5s3/+B//oxXfzUf2TfZQ9rOVBm1HHjRomxfP5mujk6Dt0XERoIHU03cT+1sRAAAAAAC0lXzotk/geCI0NDdkTTTEoqlnMbW1i29oqBXTXorqs6pv0HogdlSNGrTNRfSToO3RcRGggdTTtxL7WxEAAAAAALSVfOi2T+B4Iiw2N2JBNGDF1LOSGvHSzxpta+rz5rzyRj29FkezBm3H2Y4GbQ+NiwANpJ6+j9jfigAAAAAAoK3kQ7d9AscTYbG5jtXQEMulnmXUugCt4VVoP9Emq4m2cvGN296t4FsHre+mQeU7CfUQtEFHuhCHzRoBGsA69H3E/lYEAAAAAABtJR+67RM4kmexuRGroQFrpZ411CgX32hYn48dO9bR0WFxNw1kb2WfIzVom5coDdoeFxcBGkg9fROxvxUBAI9nFAAAAM8c+6deXPKh2z6BI3kWmxuxGhqwUOpZQG1y+rOWE02xQsus1mcN0FqfJyYmvvrVr1rZTQ/ZZ9nzSoPWg5Kj08O0Y27UoG2mCNAANqTvIPa3IgAAAAAAaCv50G2fwJE8i811LIUGrJJ6Vk/jnv58y1/6eWJi4vvf/7413bSRPZf9r7kYdBtPgrYHxUWABlJP30Hsb0UAAAAAANBW8qHbPoEjYRabG7EUGrBE6lk6beH0Zw2ylfpcCdA3b948fPiw1dx0kv2vPwl6wwZt80WABrA+ffuwvxUBAAAAAEBbyYdu+wSOhFlsbsRSaMASaTtOf9aLb3zta1+zlNuyt99+e3h42F4l7SPrjPFFiLL/NRfiePyToG2uCdAA9O3D3qUAAAAAAEBbyYdu+wSOhFlsrmMdNGB91LNoGv3059ve5OTkzZs39+7dax23ZUmk5zBZv22pZXIUcixyRHpobTwJ2h4RFwEaSD1977D3JwAAAAAA0Fbyods+gSNJFpsb0QxaYXHUs2gaK0Dr6c/j4+Nf+tKXLOK25o033rAXR5JkK7a91shRyLFEPQnaZo0ADWAd+t5hb04AAAAAAKCt5EO3fQJHkiw2N6IZtMLiaGvX39DwKmrqs9DTn//rf/2vVnBbViqV7MWRJNmKba9lcizNToK2WfANWifHZqqFq3DY3XERoIHUc/mZAA0AAAAAQDLkQ7d9AkeSLDbX0QZaYWXUs1z6eKc//+Ef/qHl25bZKyN5tr2WybEkcRK03R0XARpIPX3jsHcmAAAAAADQVvKh2z6BI0nWm+tod66wLOpZLg0CtOZUoXVVg4lWVy2wWp81QOvpz++884612yjslZE8214UckSVk6D1YOWo9fB1KnRadIpsvoIGbbNJgAZQQ9847J0JAAAAAAC0lXzotk/gSIzF5ka0O1dYFo1y/Q3Nrw1Pf/7Wt75l4TYKe2Ukz7YXhRxRKydB6xTZfG10FQ67Ly4CNJB6Lj8ToAEAAAAASIZ86LZP4EiMxeZGtDsra6KehdIo19/wJwSvnf585coVq7YR2Ssjeba9iOS4ak6CfsyrcNh9cRGggdTTdw17ZwIAAAAAAG0lH7rtEzgSY7G5joXngAVRz0JpawE6fPqzBuiJiYm//du/tWQbkb0ykmfbi0iOS45OA7SQo66cBK0TopOjE6WTZjNIgAbQkL5r2DsTAAAAAABoK/nQbZ/AkRjrzXUsPAcsiHoWSptfAFpjqz/xt/H1N7797W9bso3IXhnJs+1FJMcV+yocNqcEaABhLj8ToAEAAAAASIZ86LZP4EiM9eY6Fp4DFkQ97aTWOKNff2N8fPyFF16wZBuRvTKSZ9uLSI5LA/TjXIXDZtmzO+IiQAOpp28Z9s4EAAAAAADaSj502ydwJMZ6cx0LzwELou24APSJEyes10Znr4zk2faik6N7zAAtbK4J0AD0LcPemQAAAAAAQFvJh277BI5kWGxuxMJzwILoY18Aenx8/O/+7u8s1kZnr4zk2faik6OTY9QALeTYH+cy0HZHXARoIPX0LcPemQAAAAAAQFvJh277BI5kWGxuxMKzZzXUs0S6UYD2p/zWBmi9/sarr75qsTY6e2Ukz7YXnRydXoVDDzkcoAUBGkA0+pZh70wAAAAAAKCt5EO3fQJHMiw217HwHLAa6lkijf4NhHr9jfHx8W9+85sWa6OzV0bybHvRydFpgK5chaMmQAuZJZ0um7vm30Oot8dGgAZSz+VnAjQAAAAAAMmQD932CRzJsN5cx8JzwGqoZ4m05QA95YUD9Ne+9jWLtdHZKyN5tr3o5OhqArQgQAOIyeVnAjQAAAAAAMmQD932CRzJsN5cx8JzwGqoZ4m0OkBrTtVOoo1Ve2t9gB4bG/vSl75ksTY6e2Ukz7YXnRydHOOGAVropOkE6mTazBKgAVTo+4W9MwEAAAAAgLaSD932CRzJsN5cx8JzwGqop4XUAmdrAfq2VwnQv/u7v2uxNjp7ZSTPthedHF04QIvWA7TQ6bW5JkAD0PcLe2cCAAAAAABtJR+67RM4kmG9uY6F54DVUE8LqQXOiAF6YmJibGzsd37ndyzWRmevjOTZ9qKTo5NjlCMlQANoA32/sHcmAAAAAADQVvKh2z6BIxnWm+tYeA5YDa27/obQfqotVTuJNlatzw0DtJXaWOyVkTzbXiwNA7RoPUALnXC7NS4CNJB6+n5h70wAAAAAAKCt5EO3fQJHMqw317HwHNAYKiyOPl6AzuYZ0IIADSAyfb+wdyYAAAAAANBW8qHbPoEjGdab61h4DmgMFRZHHy9AZ+Ea0ARoAO2h7xf2zgQAAAAAANpKPnTbJ3Akw3pzHQvPAY2hwuLo4wXoL33pSxZro7NXRvJse9HJ0RGgAbSNvl/YOxMAAAAAAGgr+dBtn8CRDOvNdSw8BzSGCoujjxegv/a1r1msjc5eGcmz7UUnR0eABtA2+n5h70wAAAAAAKCt5EO3fQJHMqw317HwHNAYKiyOPl6A/uY3v2mxNjp7ZQSGh4dLpZL9EpesQdZjvwRse9HJ0RGgAbSNvl/YOxMAAAAAAGgr+dBtn8CRDOvNdSw8BzSGKs2jFjjXDdDaoGsC9Pj4+F/91V9ZrI3OXhkBvfGv//qvZcfspihkKVlWV2I3BfTGGOTo5BjrA7ROiE6OTpROmk6gzWYQoP1MO3ZrXARoIPX0/cLemQAAAAAAQFvJh277BI5kWG+uY+E5YDXU00JqgTNigL558+b4+Pjbb79tsTY6e2UE/viP/1hvf/7559944w3ZPbtjI/JIebwspYvLeuyOgN4egxydHKMcKQEaQBvo+4W9MwEAAAAAgLaSD932CRzJsN5cx8JzwGqop4VUaOLUfqotVTuJNlbtrRqgtUFXAvTg4KDF2ujslRGQ3di9e7fd533nO985dOhQ/SU1lNwu98pj7NGerEHWY48I2H3RydGFA7QefosB2s+rY3NNgAag7xf2zgQAAAAAANpKPnTbJ3Akw3pzHQvPAauhniXS6gAtNKfKU6aNVXtrOEDfunVrcnJyfHz8xo0bL7zwgvXaiOyVUe2jjz76sz/7M3tEyO///u/L7Up+tltD5HZZ1tZSzR4RkRyXHJ0coxypHO86AVqny+aOAA2gGZefCdAAAAAAACRDPnTbJ3Akw3pzHQvPAauhniXSlgO0NuhKgJ6YmLhx48a3v/1tS7YR2SujkZs3b+7evbtyUY51yGPkkfJ4W7IRe2hEclxydHoB6EqA1knQCdHJkVnS6bK5I0ADaMblZwI0AAAAAADJkA/d9gkcybDe3Ii1Z89qqGeJdKPLQGtv1faqAVpogB4bG9u3b58l24jslbGumzdvfvTRR294u3fv/tM//VP5X/1Vbl+/O1fY9iKS45Kjq/8GQqETovVZ6HTp1Nk8EqAB1NO3DHtnAgAAAAAAbSUfuu0TOJJhsbkRa88BC6ItB2ht0NpeawL0+Pj45cuXLdlGZK+M5Nn2IpLjkqNrFqB1WnSKdLp06mweCdAA6ulbhr0zAQAAAACAtpIP3fYJHImx3lzHwnPAgmjEAK0Nesq7XX0Z6G9+85tWbaMolUr24kiYbS8KOaIWLwAtdLp06mweCdAA6ulbhr0zAQAAAACAtpIP3fYJHImx3lzHwnPAgqinkdQaZwsBenp6OhygJ/xloA8cOGDhNorvf//79uJImG0vCjmi+gtAy7FHDdA2y57dERcBGkg9fcuwdyYAALJtcaQv/+HIov0GAADQBvKh2z6BIzHWm+tYeA5YEPW0kwqtnFpRhUZVeda0tGp1veNpgBYaoMfHx0dHR//gD/7A2m0Uhw4dstdHkmxjLZNjkSNa5/obQqdF5kcnymat+TcQCr0rNgI0kHouPxOgAaBNZi50ycgfG60qmJ+O9OULZ6fLMiqmTudl5E9PyY9n8/maexM0LVvrG/nUfmvNsozxwUJ+YFR+quIPTcbQWO09bRd9YuPIYoB+ND96qvdgIZ/PH5DRe2rk3ordAwAA2kI+dNsncCTGenMdC88BC6KehdJYl4EOX4Xjv/yX/2L5NqLvfOc7hw4dKj0G2Qd7kTVhW2qZHEvN9TdEOEDrhOjk6ETppNkMEqABNKTvGvbOBAB4TLdLMvL5Ujh/Lo8N5fP5I8PzMuym8sz5n+ZlHL2+mIYA7d09fzjfdf6u/eatTp3pyvcOy6gcWIIiT2wcGQvQqzImPyrke89OPlhefjAl49KxQuGjSbkDAAC0i3zotk/gSIz15kasPXsWRD0LpY93FQ49CfpLX/qSFdwnTiu2vdTq2INaI0cRPv35ca6/IWyWPbsvLgI0kHr6rmHvTACAx7Q8LmMof2R4zm5wge9Uvq/PZc21srk4ejR/RIZ/WEoCtDsQOwnaznb2JyCfvLkqQ29IVuSJjSNjAXpexviF8yN3157B1Zsn5fUY8wRyAADQiHzotk/gSIzF5kasPQesiTYP0ELTqjxx2lu1vfqTgBtchePGjRtvvPGGRdyn5Pnnn//rv/7r+hOi7e7WyFHo6c+xr78hbE5DAVrm3O6LK00B2l50AKrpe8c/IW3sLxMAm44resPd4TNwZ84Wus5Pjg/lh2SMa7u9XcoXzsrwmc8F6NLYjIxLR92FEArv9so4e7PqohbLd4aHeg+4qyQcOi7j/G27d+pMXkb+9LgtrFdRODNZtXBYbYBenrl0/PA7sqDb8sH3T47cb16T54Z7/UnQ/jxof/qzb7WVQ9Wd1P2UQzg5cs+dYav3uVrdJ2Nt09Nn/c6sTYKbh2vjJ48UalYbiDqxYnnmypCMXn+AcnThA1wc6fO5+dLopT7ZY/1vADUBenX67OHCkbPTwZws3xvxV6vwU104ePT81EO7p3z3fFdlN9Tc8JH88dGHZRmi8gyK8DMo/DM4Mv6PR2QUbIrc81J5anS3156a5XuVPdHdCO9J8JJwK3RrmxqR0Vdz9rp7Ko9cul+WUWN59Hi++4mc0g4AQGYQoJ8Myxx1tDtXWBb1rJU2vwy00Gyi+VUDtDboyknQY2Njo6OjX/va16zjPlV/9md/dujQITk0fe3ZrS2Q/ZejkGOpOf1Z1NdnoVNk87XuBaBlzvXe2DZdgLZXFoCW6duHRU08i/RvHQBP0tSZwto1iOeGj7geujjyYV6Gniw8P3wkPzguwzdI117zh4ZkjNxdXF5enLncJyNfKNl1EO6ed5e/KBwddvcuL06fl9FbOKw90Wpj/sDxKzNu4buXZLiLMlel0JDqAD1/pTd/qDT+wK3YbXr4aKGy3QZ8dB4YdedBu6Bc1TRX75w9nD9cGp+X4VZ3163r6Mi8DHd3awE6/87xS+OTk3cWZRfq9yLixK7OfHxYjq5ygHJ0/gCPjvh/kFuAzheOnB6Rf2Tfe1iWsRagH4zIOFo4HNRn/58WevOHP5LDW5WxujI//tFhvfyIP0LXx8PXwtadkd/dTaFn0O1K8AxWnkT3DF4a9wc/Iwevz0t4z+V5CZ4atxuVPdHdqOyJrq2yQr+2ZRmjA/muczP+fscdpq/MuoixQy7EvoAJAABoaJYA/URY5qij3bnCsqhnuTTKVTi0QfuTg6tOgu7q6rKUuwk8//zz3//+94eHh+33Fsj+t376s9Ap0umyuXuGA7S9lADEpW8fliqRAfYvIABJctcmDuqeK32nXDacHz4io3BmSm4bPZbvuzYvwz/ctdeqC1l8OuJzrebd5fHBvIzQZY6dqdP5wseuJ1pt9JvwXPCUx+u9DVQH6JmPC/mh8WDZcnl1cWZyan4totZ5OD5U6JLR29tVsM6r3EbDiVOsjg+tnY/cWoBe/2oe0SbWXbKjcr62kof7nXIPDgJ09dm+7pYPR+Z9epYxNFY17avLy6uP7Gcn2H9/CL4aV4qzz8T+cOwZafgMVp5EPZbKwevzsvbU+Oel8tS43QjvSdVM1r8kHDd1dmL4ojvKD/O9V6r2p7wydfZQXsbhM1PhBQEAwOObJUA/EZY5GtH0XGFlNMpVOEQ4QGuDrjkJeufOnVZz00b2fJ3Tn0WlPoua+ixs7ppcf0PY3XE96QBtrxoA7aNvH9YmkSX2TyEASXgw0pc/Orq4LGN8MDgr1p/I3OVy51SpKoz69hq+BrQFaHejv9BEXkYDvqJabfQ/V9TfsqY6QJcfjB5/x10uY+j0sIzRu+7U4/XNXDgsI5/vrb7OsjuK0m37xYSjc2sBem0SGoo0sW7l7ksLayZCE7OvsHoJjrULbgh3S9/Jk735/LFRGbVnAj+cujRYuQSHWgvQ/roW7tRzF6HlZztheUafxAbOTFWexNrnyz8vladGn5e1p+bhVGVPQqoDdM0KVydP5gtueh+Oyjhe+/TJUu4C33qNbwAA0F4E6CfDMkcjmkErLI56VkzjngR969atmzdvTkxM3LhxY3R09I/+6I+s6aaH7LPsuey/HIUci9ZnEa7PQidBJ0QnRyfKZq356c/CHhHXEw3Q9pIB0Fb6DmJJEtlj/yAC0GYz53+aL42Pyzi5dl3gKRlnC30jN4eP5E9OrpaDM1TXD9BWZoeu29Ub1qy4xzasjQ36Y0VNgHZWl+9PjV45KePou4XC+5dm1o/Q1efbBp5IgI40sbEDtLtGx/zIhwUZdv0Qx3Xk84fyvWcmF1fL1umD/Q824c4sHhpbliHrKXykO+J3r8kzWHkSGz1fsrQ9Nfq8BE+N243KnjgNz4CuXeHq5EeFwpmp5bEhdzZ09VHrnveNLMqwGwAAQPvMEqCfFCsddTSDVlgc9SyaRg/Q2qArJ0HrhTj6+vo6Ojqs7KaB7K3sc/jiGw1PfxY6CTohOjk6UTZraQ/Q9koBkAx9B7EYiQyzfxkBaI/VyVP5vmNHZRTWSp/riXL78ePHLYDa7esHaHdZCRldTS6M0LA2NgmaniuVWoHnZYxfOD9yN7TilfGhDStw4wDd8iU47AtRatbTYoCOMrEtXoKjOsWu3eIviNxXOVPYnpTqdn+7pPtfmQr3DX6nhmUMf1i5lrbbo3WeQVH3fNnzsvbU+OfFnpr6lH+7VNkT0fAl4UyfLRSGhgbyMo5zojMAAE/QLAH6SbHS0YiW0Arro61dhUNoPNEUq1lWA3S4QeuFOPbt22dxNw1kb+svviFarM/CZq359TeEPSKupAK0vTRisSMD0Bp9K3mEZ4tF5ejs30cAHtvi9aN6WYSaK/+6k0/z+a4L4VC7foAur06flXE4f3hoxH3N4PLijPtSuoGD2hAb1sbG/VGtBWhXY93X9PWenXTfdOfMj5fcl9lVX5yhVuMAXf8lhCNDh0JfQuhPXpbhvzpvefnB5Nn3CzKC9bQYoCNNbN2XEI4MyThc8yWEzQK0Nz9ytHDo7NSKrGxSRqlg+y/DH6BsM7jmhnJXt8jLCC64bMLPoD6J+gxWnsTq58uel8pTo8+LPTV+Nyp7ortR2RPR8CXhuafA793x0Yd2U2B1fmx49P6qDLsBAAC0zywB+kmxONiIRZCAJVLPumnEk6Cnp6fDDTp8IY7/9J/+k/XdzU32s9nFN+To9DD1kPXwdSp0WnSKbL7WPf1Z2IPian+AthdFFHYoAGLRtxLLlnhGWV2Owv6hBCC2u+e78l0yQqffer4sV1+qYoMArZZvXxrqPZAX7/TKGLoyo82zYW1s0h+9tQCtlqfOHT/8jluxONA7NHynElObaBKgxfKdYdlJ3c/Cu70nR+65yG13llfvXpJx9F133eIDh45fGr0koy9igI4ysWJ55sqQjF53gIWD75+UMRI01lYCtEvQxwpdpydlUmSs3h85qc+Cm6uTI+Oy/0eG58qhZO/OBK8/GVysPYMieAYrT2Ld8+Wel8pTo89L5amR3ajsie5GZU9Ew5eEmjnX1eRCz+4rEw9fuifDbgAAAO0zS4B+giwX1rEIErBE6lk6bcdJ0HohjtHR0b/6q7+yyrtZyR5qfa65+IZoy+nPwuaaAA1A302sU+IZZVE5CvuHEoDYCNAE6GoEaAAAMmuWAP0EWS5sxDpIwCqpZ/W0hZOghYaUO3UnQYcb9PXr1zdzg5Z9kz1sVp/19Gc9TDvmxzj9Wdjj4mpngLbXQsvsCB6DzQeQbf6/ad1ZxaZnLfmxWWBugf1bCQDwjFgeHbDvSLQbAADAEzFLgH6CrBs2YkEwYFnEs4Aa/STohg16bGxMG/TmvBaH7JXW54aXfm7x4hvCZipFAdpeCBuxvW6BHSuAjejbijVOPBOsNG/EMvO67J9LAICUW11evDdaOuy/GdG+HBEAADwpswToJ8syYh2LhiFWRjxrqE1OghYaYTXIapzVorJ+g963b19HR4el36dN9kT253Hqs9BpsTlqoT4Le2hc7QnQ9irYiO1yHTuyuGySgKySNxfxGTY9q8vRWW9uzmLzuuzfTQCA9Fl0Vxb5MF949+ilu7RnAACeglkC9JNlJbERi4kBi4OeVZLWToIWmmg114YDdH2D7uvr+6M/+iNrwE+P7IPsSX19FrrzchR6OHpodpyPffqzsIfG1YYAbc9/c7andeyAmrOjB7AuAvSzx8JzI5acG7HSvC771xMAAAAAoGWzBOgny5JiI1YVQywjehZKolyIQ2i0bdigK99JeP369Z07d1oJfhpk67IP9d86KHS3a+qz0MPUQ9bDt7mIWJ+FPTquxwrQ9syvy3YzxA6lETviWOyAgOyRtxixgk3P6nJEFp4bsfBczUpzE/avJwAAAABAy2YJ0E+chcVGrDAGrCp6VgmrO6EmVy2wQoOsxlkNtdptp6svxCG0QYvKqdBdXV1f/epXLQk/KbJF2W74xGdRX59l//VA9KD0APVg7cjrLr4hbL7WDdAy5/bouOIHaH3Km7EdrGPHEWJH2YTtJoDmfH8mQD87LDw3YuE5xKpzNYvNzdm/oQAAAAAALZglQD9xVhgbscgYYpHRs6S40UnQQhOt5lpNt+EGLbRB37x5M9ygxRtvvPGlL33J8nCSZCuyLd1opT7L/mh9tr3cqD4LPXCbheinP8uc2wJxxQzQ+nw3Y3sXYkcQsIOrYzvViM0QgDr6drOMNLP23Ii152qWnwMWnqtZbG7C/hkFAAAAANjILAH6abDO2IgFx4AFR88io2dVMcrFoNdv0OEM/frrr//BH/yBpeJ2kzXL+nVDmp5FpPos9DD1kO34G9VnYXPn2ZwGdMJtmbjiBGjdcDO2dyG2+wE7soDtSIjNR3M6cQCUvO+IJaSNtecmLD9Xs/wcsPwcYu05YLG5CfuXFAAAAABgXbME6KfBUmMj1hxDLDt61hyrq6NVxZYbdCVDa3WpORW6kqH//u///s///M8tG7eDrE3WqSvXDdWkZ6E7pjsZrz4Lm6MWTn8Wtkxc0QK0brIZ268Q2/eAHVbAdiFgMxGicyR0ypqxeQWySt6AhP0pxSb2cCPNwrTl54Dl54C154C154DF5kbsX1IAAAAAgHXNEqCfEmuOjVh8DFh8DFh8bH4StKjpihpwNeaK8KnQmn0ngwZdn6EvXbq0b9++f/tv/+0LL7xgITkKWUqWlTXIenSFunJNz6Jhfa6kZ6E7b0fS5NLPwuaiSX0WNpsBm+vNE6BtvwK21wE7poBt3D/3NhMBnaAKm7YW6EQDGSRvQ8L+KGKTsXfP1liHrqZVWtX0aCvQNGgAAAAASNIsAfopsY/WjViCDLEK6VmC9KxCPl6DFtp/azK0lujR0VENx+K///f//tZbb/3lX/7ln//5n3/1q1/90pe+9Lu/+7u/8zu/89u//dvyv/Kz3CK3y73yGHmkPN6WvH5d1qPdWegmZFs16Vm0qz4Lmy/P5jHE5vpJBmjbYCO2UwHba8+OJmBH7Nk0VEdnm6pqOo+x2bMBPKP0Lcn++OGJs/fBx2ZvtSFWoD0r0J5maBXO0MIKtGf5OWDJuZr9YwoAAAAA0NwsAfrpsc/MjdjH8hDLkZ61SM86aMsNWmhymfbWz9Dj4+OajP1Zy3ZOdCS6oK5E1qarXSc9C90929eE67OwheMiQAOpp29M9scPT5y9Dz42e6sNsfbsWXv2rD17BGgAAAAASNosAfrpsc/MTdgn84DlyIDlyOrrAFuXbLlBi5oGLbQLa4auL9FCm3LFaMB+D9ijq7uzqE/PouGJz8L2u4X6LGxGWr74hrKF42p/gLa99uyAgqdZj9nmwNN5UTpTMms2i9V83I9Jnh7gGaZvVfaHDU+cvd89HnsDDbG3Vx+mLUJ7FqG9tjRoYf+kAgAAAAA0MkuAfqrs43Ej9hE6xD5mB+yjezsatDZGi8GeNmJRKdFCO7II9+h6leIsbMlQdxa2DU+2qztge5NwfRY2vwFbPq42BGjbr4Dutx2Nf3btcD2dAp0RnR2bLc+m0NNpDfOpLQ57roBnlP5HM/0jjSfP3uweg75thtn7qWdvtZ6+G4cztDZopSXa2rNn4TlgvbkR+1cVAAAAAKDOLAH6qbKPxE3Yh+cQ+2jt2Qdvzz7Ge1YqG12hQYulsF65UYYW1oy9cIxuRTg6C1tjQLalG7U9aJ6ehR3JRvVZ2Ox4NmshNrMhtoq4Wg3QtrVqtlMB22tPD0Y2YIfr6RTY3Ny9a9N2546vxI5NbRP2PEQhTyHwzPvEszcbPD36FheDvUUG9N1Z6BupsvdZz96XFxfb2KDtX1UAAAAAgDryic8+huEpsRbZhH1aDrFA6dnnas8+b3v2Iby1Bi2sY4YydH3MtCIZnS0f0JXrhmyrofQsbP+eSH0Wtpa44gdo26mA7bUnR6Jrt8MNnfisc6Szpk+VzWvo4ikV9h8CAnZWehTjQAZc9fSPFZ4ifX+Lwf7SCOjfHELfOYW8i+qbauXvCXsjXljQs6EtP/sArQ06nKGtPYdYda5m/7ACAAAAAFSTD2gWyPCU2GfgJqxOhuhn5wrfXY1+vlbaLYV9/G7UoIV9evcsAYQu3hDOm81o9hT2e3OV7ixsS03Ss7B9jVufhc1XiM1pNVtRXC0FaNtUNdupgO31gwe2Yk8P2GbC12eZMpnHd8/8VMbLXd/60t+++L+/+UUGg8FgtDLkPfObh/5f7138B/1rQ9575d3YXxraCTdosc6p0Jacq9k/rAAAAAAA1WYJ0JuABslmtE+GWakM6OdoZeHS03qpLOJGydDCarE35VlLbo0uYst7tl7PtufZfni2f43Ss7Bj8+yYPZuLgM1UiM1mHVtXXBsEaNtIHdupgO60Homu1w43qM86TTJrMqF/ffT/U5NUGAwGgxFp/H+P/2cZ8pYr78DynmwFuq5BW3v2rD0HrDqH2D+sAAAAAADVZgnQm4NmyWa0UoZpsazQdKk0YCqLmJ7V3FCDFhZ9PY2cShtxmCXkEO3LNey+EFs+xLbh2bY92yfP9jXh+ixsdXG1IUDbXofOfbbDDeqzTdudO7dv3z54+t2ajMJgMBiMeOPQ+cPylmvvxZ9+Gm7QYv0GbdW5mv3bCgAAAAAQMkuA3hysSzZnH49DrFoGrMV6mjErrGaGGrTQtqksAHsWhkOsfjZijTlgtzZi6wqx7Xm2H57tn2f7XZ2ehR2nZ8cfsNkJsRlswtYYV9sCtK3PkwPW45fp0OnTU8onJyf/nz/9Zk1AYTAYDEa88efF7fJOK++69nbsG3TlktAaoJtdDNqSczX7txUAAAAAIGSWAL1pWJpswj4bV9N0WWFF1tOSWaEZV2nbVD75GovBAevE1TSHtsiWqWZrD9i2Pdsnz/bVs2MI2BF6duQBm5dqNoNN2ErjWi9A2xbq2H6Fnj85EltfUJ91RmS+ZB61PouJiYkv7vtKTUBhMBgMRrwh76jyNitvufr2K2/L8hatDVozdKVBa4a29hyw6hxi/7YCAAAAAITMEqA3E+2TzWi0rGEFM6BZtkI/UyuNuRU+8xqtncrCcDWfjuOztVSz7Xm2H57tX8D23rOjCtgxB2xGqtncNSFzbquOq/0BWmdB5+WOv+jzrVu3JrwbN27U1BMGg8FgPM6Q91j5W0rfeOWtWN6Z/XU4nEqAVi2eBC3sX1gAAAAAAG+WAL3JWKNsQrtlDYuYAd9m11jWDFjWDeiHbqXNs8I6cSOalddhj2vE1h6wbXu2TwHb44AdT8CONmBzUc1mrQmdcFt7yB82Z48IiRagbb8Ctu/B9Tf0sGUiZF50sqanp2/fvn3z5s0x75NPPqlJJwwGg8F4nDE5OSnvtPqWK+/D8oYs794aoMMnQYv6k6CtN9exf2EBAAAAALxZAvQmY6WyOWuX1TRjhlmmDWjhrNDUWaH9t8KX4Sr62Tw2W0uIbSlg+xGwvQzYMQTsCENsFqrZfDWnE27bqGa9uZrdVy1+gLZ9D53+bJNx755Mmb+GibvGtl5547p39erVmnTCYDAYjMcZ4+Pjt27d0v92Kn/9yHuyvD/re/iGAVpYcq5m/8ICAAAAgM1gZX784+NHflqQ8dbfvVX46ZHjH4/Pr5RlPDGzBOjNx2Jlcxowa2jMDNNcW6GRs0JTb5jVzxCNxQ1pWW7IHtGIrTfEth1i+xewvQ/YsYXY8VezmWrO5rr5JTisOgfs1joEaAaDwUjxIEADAAAAeMYRoNGE9crmtGHW0J4ZptE2TFNnhTbfGpZBq2lBjsGWr2Zbqmb7FLA9DrGjCrEjr2Zz1JzNsmcba8Tac/P6LNofoGXK7vqLb2h91utvfOL97Gc/q0knDAaDwXicMTo6qlfhEPLeK2/F8ras7+F6FQ7Lz567CLRn+ZkADQAAAGATWxw5KuPAm/kG3jwg4+jIoj00YbME6M3KkmVz1jHraNUM03obpsEzzBpwNS2ibWTrrWZ7EGJ7GWJHEmJHW8dmpzmb34Btson167NoQ4DWFclE6Bzd9dfY1hqiAXp0dPSad/HixZp0wmAwGIzHGSMjIxMTE/JmK+TtV96K5W1Z37HlbbzmJGjLzwRoAAAAAJve4vCRt/J5GepvfnJYRu/7vYd/8jd2k/PWkeEn0aAJ0JuZfgReh6XMOho2a1jKDWj2rOGDcGNaR2Ow5RuxrVaz/QvY3lez46xj89KczWyIbTWupgHaNhhi+xiQw9Aj1BXZbAXX39AacuvWLb3+xrB3/vz5mnTCYDAYjMcZV69evXHjhrzZ6oU45E1Y3pD1XVreyZc8y8/BVTg2DNDC/pEFAAAAAE/F8vCRv7XGnH/r8Nm7q3a7t3r37OG38jKcvz0yvGy3J4cAvclZu1yXflKuoaG2hgbPGto/61kkbjdbex3bm2q239XsCKvZXKzL5rSabT6umAFaj0QPUld0L7jKSThAT05Ojo+P68U3xLlz52rSCYPBYDAeZ1y5cuXGjRvyZivkvVfehOUNWd+o5Z285ioclQAtCNAAAAAANq350wd9XT4gY2jabqwyPSRD7hYHT8/bjYmRj1qay7BpWb5cl35Yrqeds4ZmzxpaQZuxeByXraUJ24Nqtq/V7Kjq2Cysy2azju1EXI8VoG0dXiVAz8zMVAL0zZs3b9y4ce3atcvexx9/XJNOGAwGg/E4Y3h4+Pr16xPe1NSUvAnLG7K+Ucs7+YYBWll1DrF/ZAEAAADA0zDc7dPyuyUZTeqy3Dxfetc/rHvYbkuMfNTSXIbNzArmuvTzckNaO2tY6K2jObQVVper2X0tsO3Vsf2rZkfSiB3/umweG7G9iWu9a0BvTjYlQDvcvXvXehtaZn/9Atn18PRrv/dzjf2zzvylh/aw8r2Bv/yXdrv4l385cM/uEHdO79mas3sa+v2/7Bt3a7r1D9/5nN3UwO+9dloe9Mnf/8nP2w0/93M//ydvX324/lL/4nt9t271/cX/bL8KXY96ePW97/xf7faGfu8Hg/c+sweXP7vV94Nms6F+b/eHt+SB8Q5ENyIenn/75f/F7mnof/vee59UHn6n6uia+udVm9jAw0/e3vrPbMGf+7nP/Zs9u0PP4M//6U/Wtq4+u/Xed0NH/K9/dOmB3SNufbi78xfsngZ+7U/ePh+8Wu6d3v2C3Vznc9v+39s2nNXyZ/cGf/iS3dSYPUcAAABohgCdFpZ71mVFthHruHUs+jZihbXdbO2N2D7VsWNoxI58XTaDTdhuxZW+AA20kfwVYn+ZAECr1gnQVU2zaYD+7Fbf90L3NJH7N29fevDEA/SDSz/647XM2sTnvlPUXvnwk78LbbqZL+8evPd4AfrO4O4v283N/Z87Xz9tZbzFAP1zP/e//UB2rSUPz//opf+TLSUz8Bf/8MknxZfXCvT/0Pn25WBvVfMA/fDqT17+Nbu5qX+957Tu2WMH6Hsf/sXGr7b/21/23fGbAwAAQCME6BSxnroRS7ONWNBtxBpwcxZco7Plm7M9aMT2uxE72o3Y3DVnexkXARqZRoAGEF11gP4fOne//p1w4PvcN+1k2GYB+lZvdRD8551/ua/v9JnTfX+3+0+qsum/+M4/3Crfu3Xp/KVLZ/r2/Gu71fnyX7536pLc/sktt6UG3dYvdXrgR3/yy3az+Jff+8ngGbfUpfF7D6sTbRCgH37y96GoKl74zp7ioOzbe6+/XLXP//c9Lqc+OL3n9+0G55937v6H07fu3bt1vu9H/+Zf2I3Ov/yLD+/FPBDn3uAPq4r/P/v9v/jRPwyePtX3k9eq9+qXg0XqAvTP/+u/eLv39Okzgz/5YfUiv7/7dOjE5Oaqn/T/9S9crh1/L9yRX/r/rZ387jQL0A9vvfdvw9H451/6P97uO3X69NB7u/80PGmfc8++aBig/5eXOrd2vvTl3/uLAx9vMKuyG+HNfeFPfjRw6+Fn5Yfjg29/NzwTweYAAADQCAE6XayqbsQabRMWd5uwKpw8214Ttq9N2HFuxGZtXRaS4/q5X/qlX/ofPfnhF3/xFys/669CfpBbfsHTn/V/hXu8LPGL/+MvyW3yP/4Hud+vxv2go3JXZcivv/xLv5yT/++Xflnv+sVf+EX531/4v/zCL//yL7vVevKz/uD2RpbzZDf+HwCQeb/yK7/6a7/2uV/91V/7n/6nX5H/lZ8/97lflx/kdrlFhtyid+ljZPzKr8gPv/qrv/q5X/u1X3dDHi9r+LXPyQ+yMveDX4muR4b8ILfICmXoz/q/MvQBMmRZXU/NDzJ0VbpUZbgFfv3zn//8F+R/9S7dkGzi13/9C5V9k5/1h8/9+udl6Ar9Efs1//rndSW6TvlZf/jCF35Df9a7dM0ydEOf//xv6P/qpvVX2dDn5MfPf0GW1aXkfyu/1gz/eLfpmiF3yf/KIjL0AHU98r96oz5Ab9df5Qcd8nPlkfK/uja9RRfRpfT2L3zhN2X9X/j8b8j4jS/8pv7w65+T/99vfv7XZUu/KT9X7tUH/MZv/KZusbJd+aEyfvM3f0v+Vx8j/1u5V37WG+UB7sbPy61yk2xF1v8FHfKr3ChD79Uf5AG/9Zu/JXfpjfqDDl1cbtT/1ce7H4Kty5A9rGw6/MNv/db/LHui/yu36OHIz3LX/5+9/wDXrazOvXG/71zHluv7f/nOOTmJ2dQE9upt7w0iUkQs9LYr0kQhmpB4ooAtFor5ItiNItiwRcXE2JVmL0TAQlOahQ1bEGm70BH/vzF+c4717HdtFDTn5HyXa3pneD/3M57xjDnfd717vbczc7nEWfNRAEpVU4mpvEqTE3QY8CpB6oqpew1NoFvgybanLGo4QMCKFSvB8uUrJDVcuXLVqlUHE51aHv+1ctnS5aEsi1HkrIjZmFm+EsjJacU2R7Jq5cFyp5YtjXJx5H+vzL2IK0he1g2DZ0x9JXqdl6RF/uDF1WgxHpeUZC5RXGve03DetbyNiIrweAHy7eE1rOVeK3UiOaXUvqWTQw8m1GvhWtqYjPf/6ES8dsGZclVVIPLxBCnEwj6HWLPwCQiVEYeG+QyCo8enGz+MCYYUBPAgI2OjfF4NjUQDpPMJk6u6T0Mqs3uWMgJzWjJ3CgU+wW5ZTWWYD+TMZApusns5C1CcMic4n+ILh8eG+cjjTAJwh3xw8yELQu97ru2A3AhMADVsyXiDrLnRkJ9Pf0r5XONjkU9nyrIFF7zqwCVM1aaeconmUHOCYZIpXrXkk7x2ma9uWUQjOSgO4cbSiTUcwMC5iOjBIixh8/51QYxqKdYpuK+lRFWOfrL+3L1KJ4dXyoTq0LUkWKFmTTC6nFjLhVesMpvi/GDEj8AUP3H56sNRPFlhgmdXhASWMKUoES5HNJo/QDY9NTo+xSfzGJ/LEX3fEuHxczHMqXGyMQupdzWKU+aMDfErxRhxYoSPCc4qAHc4Tib/jFKTUhShPhVYS7WhESA3AhMoGz8vfT8tKUQPuaQWUmSKy5u7oFCcOLpwGAVuZWdNcBUgpxXbHAll5U5VvmUVieR4RgzNt5o6sYYDiFmS52CSWXbnvDiFhcPwcepTeWhE0QR1hxABr0yi1SZHOl6r1K3vEusA15IwxevYF0QxwehyYi0X07wQfQ6xLa5Igmek2HZlAnBWQgJLmFKUCJcjVpMhkgPvyQTnsrEimRmbmB4dN6KQRoQzlUvG2XRmfNKW3A7FTauHbsfRSI78rGZZ6hR3WJuyEZAbgQmx7ygK+YOkMKAwnBmbXDQ+RXRqcpitJyaG2GISjmiOpFYBclqxzZFQVu5U5VtWkUgOikPzraZOjOH4pFepRbU3XegvGnHROOfFKXSvi5dRsb1ude4C7hA9KmcnKnbCvr5ktLSI3077mosnpiSUhbMFMdtAn1o8MQ0k7mh0o8KSyRni4slpKhNjlrLJFZdMzbC7Wy+ZnKYNNwUM2dE2itDGdlMzTClKBNwmZ0YjLqaBsUniLKmpqtlPbTc5s2RimsjpcBZeJRSm4MRuNvO9bihET1PFhXG+eXG8Mg5pzCbVGWar0bwvnNwITKhVc4mVgVe+HVKEy567xJQtceVRbNIcSa0C5LRimyPx1YQ4VfmW5YIYF+dJLfE9kz0TGaoT6d+XwI0K1R5LWnjivnC+8/N9mNX6V/PkE05Udwh51Gabbaaxy6Hzu+WWWyoay4NOEziIaczGVLrJGspGazC5JYpmdONQF9dxJt+hCmg32mqrreyhFPmhhx66eP6YP+aP+eP3+OBjUHN5ISFtVjnicOsOJyeapr27kJSMYUanAQ00oKlDpvmuRYEQJW01h5HDF5xIjMiApfmVme+ts442pLhl9VVLyYJwxDHI6Oi4febX9qgGaosxvtk1/rKlqiyzROCORBMg4/x+njkF3WeujEM4aeGV9UUUy9ZUL061id63RSfCBbMMc9NubVVj1mT1ckiLAHMkVY2IGD3zpSINU51TIoq2KRjhi1CSEKnau7RVQZHoFooDCa2iKzc5MVmunyadQ804iDafImRqcqpyBIqeXSmT/HY9Mjo1NV0tDRDhENitRJ3IcjmirrSQE03rOF8k0mKua1iXEV3RaKZ6nRTR03To+VZE5LqZHL5uWsz6zg2HrVy5cpVDFa1nnWXIyhWrtJtLkZvW+Mu93g/hzHar0ncm6jJDVoXrHcOCw7Kq4WXC+koNnKx68XjteE1HRvP0w4PufmbSgGbIe5eYL15XAWIFrxLwfdISUPvaA8R8xFqu0um8ZLyIifYUqkitrbcrMT5Tsj5kNoEfH/6T7uE4s+Tww5irTDCf6JCPzhjy2cXHSK5NMzqWs7AqABQ/cEthdnjhEDr5DONjbmPiZ1/3Mc2HZFrJEnUiReSItRbIiUyFB0dv4TWPGDWjE/FhTRwnMytEfq61eaKkqlVxcyo6O0F+dm7NjTifauE4cynig0aguLY28kK1itw0L2yXwDC3C580uXYqcEeWBE8yxTshcwoOLVW8pqLhjWsCFWHN2CJb8nUUdOtZENuzcBVFqqYucEuAzUsAxHxEpxiqlE4U5SMrkmC+SlvNUooDCaHQT988YKiiSHRYJxtXLNNMmOIHs88RKN1F6BVmWY5uBeIACfCv2AiNBeptTFQnttazrrSQE03rveYxo2a0KBNWB9ZYdi1RYhqzHclmqFyRjfjJgtuMigtd4nJi6/CiVE0AYVb7uBS5acwSWz+6hvCqbLLbSaa4FH1N4bAtBa+pEq1ZtqkE6LcSdTmJcMEsw7GFw0STywZl1mT1sPY2JmVAw9tqRMRarlI6qyCgfGQrkGC+SlvNUooDCa0iGKooEh2WQ221WuXp1BLgtbJ+p+QlmiGThSjU2ZgIh2CCLVieRJ0Y1nParBNDsal9Anm1UdwYHaa5BihCtA2IMSqnZ0SUmOam073tO9NbXUREvd2ahQxwTV5zStHbdQhhVvu4FLlp7tX60TWEV2WT3U6yqDd5Cw7bUnENmdr4MrZ+NGkz7BIbTUwNj2m66akR4YJZhlwrYl1AL6Yb0QytgnISiwBzJPSgBWwbMez9Poob3U6jkCUSlhMtS1Rxa4duoajj7BYQYiliyeT0gOns0BOH2IMiZLupmcoRKOSUAa1xPD0yjh5GM6ui4e6MOlc6Aa8+7dmzgDBb1vNM+KrhSsewP0dPH1LcaIVEd/XQPRdjXuTOd5aY5ovo0JyKzmZy9+K6Rcvd15xSPCmHEGbjbTZnuWm5V7wxSq8hvCqb7HYSLlS0yhn1cOjbtThnUWc3UNNSJniyvL55yujxssIFswyp5qv5mhNOsqCrIGFAb5mOs1FzuXWi5SUSPZwi6juDrbfa2nVhRsfqrfSg9ZfDm95scyNDVknkXeyP3DAOtugkarFJHvMG9Pwxf8wfv+eHd0DnTc06y+E+j6QJW8pcPnATNIRvytumYUwMz7m3mCnlWniJ1gFOGfPrZFgxUAb57TXdGABJjPLdZ4hvSBEZWsop98oYvqrus6DJUPr6EouPjY3TLdEiVJaUoljbOYT0dz0HtyXvgIakHzLbswjfLGGCSq7q8ou0eqHETAgXuOddQVC7OKwcwJRDibzcUh1nonc9F0lLNwgI0hc3TvBVn5BRUcC9ZXhAYWs21XoDE6xNaL1NTky2piHDyql8RDIVB9BZh1Eq9pril97s0Da0jG0GQgJQNGEgrWxolbm8W8XX0fSUY9Mmcrnq2rZKinEinlF2GxfEyCl4EeB1RorlL+fNznmDczjEuslB5BUDvdccCOM4FDDrKYdrHMO4Y3rOHdClKHa2cobwmtu7npctZxYSPI+OLFvOD1iBcxGerAq8rgBA4a3J+fr27d49Ca67ogmZGRcwkxl0lb1cDisH9MU7IjezKsymxft/dIKvZ/H+52t9VChCzmxms9BZOTVnFdaNjE6Ox+3Po2l6UgqQIODa3JTqRH7W6GGYH9fgrHLhOELvbw6AKSJpJGi3mVmbytuhZcuDdgpAqCBRGeDxvwdufBM0JOOQUQ86Yt8zq2rT2ho4ZSTTzuEuJE6goDNMwLVEid3HWXrQ8oyxUMBFFQflSJrphSLGMOu7kU6rQCQHYmOxu3cZ9zwqZJ8oikT0FuQLC4Yn22/BUGJXNgPsU5RogpmgClZN4HC2LJlpBBeRm1kV5qaFyd7ntwuNtbxEAWfhoJK3P9Nwe0bCc+EHRJdZMKycykf09OeCKWJbykx3NCfqjNAPl4jpzlz2DdzZu6lAyoZWmcsHboKGZBwx6rSW31pKiUThFD9KNGBxGqtmalOIsJrROpK2skO5qBxQnrKZDEfzjmkz1UEpitrKdsvQHooPGM0S9Bbki1o1RSdw9mJtQ1q9UKIJZsqJ5ujzOivMARq1ReRmVoW5adN8xvf57UJjLS9RwFk4VxnjGqatLNpZdOqQU2J1ZYIcsdoYwHRaupNkDo1oymgrazFDnO0N37B1FMuD7tPCXZ3p74AmigFuP0SGnmzsmLG2MLZKiblR11IfZy0weBleihABj/YyMrRbp1xlLEVUDqhqZjKcyDumzVQHpShqK1PHoT0U74zmfq0EvUV5r14xlEXh0I1PsxdrY1VcK6K2msNCiSaYmbwzB+2nfD1hV/YTQx3nbAO+qDd/rW/NhsRNzay1ZhHqGHUSjYoCvmRqhi2ifgLu7c9s6u6AfYU7Lpmc1mUWDO3NBDkimYobId3n3jjuSulNE7s6OasTTTKwW84rrkxGpkwrG7pT5pxgrWLIFYBk9NbjeOE8qdx6VimRKJwykgm45nAXGpN0W8P7vcjpOnHKDgf6FJUDqpqZDHlvEM1UB6Uodu+fPGuGEC5g9JxvS36Ey4NWJKK3oKCoCv0WsxdEEq9aPyyUCP7+xJPMBOrxCI4wkfuHbGj7DhzkGDfvPeiwgTnSNRZxy3O6yXrQxFn0vrMg2QjCqu4rBAi53i2IEo+om8e8AT1/zB/zx+/5oQENhtMglg+lO+yd0WCbbbbVZgXOMlXuc9xfnL7z0PAIUWK1FukVRGQaEknpzMqFpUBUyDiLoc53Fq4ixoJ0gVvYmL4zsTWgSR8gY3yzyzaoYymiIoAwlBepYeXnVMD8NMq6Cs4qMiz7UqWIgNcShi2vhAFFsYj1RXp3nXNtKXMkmqSNN9o9gkMRjPFFNyHXg55I07Z8WHcphV0kRMEU26H0m3b2H1EHcGyUzULh9TAyNDJklmh+SwZ8xqnJ6RDzDmXNZbtSsROIsw+lK5buSQE6Z0ruLFNcEK7VZN4BrcvM0Mvl9RwAOcb2FDwLuPBSqJTOXmkEd75zf+j2hkGcepBZhFPc+c7BGwMafYB0XnOfIykDGhJitxnK7NGZzpE/6D5nqRW8iPEzxuue4FzqZSWqzJJ4HzJFJhcxTptXouXCoQsLNYS0bwyvMCKo7Rw626ZByOlEmon3/GznRJp3IZyoWLMqfGxJokhCB3mc5b2vGjwviwtZQkTx9ufhhcMsMfogDh1M1raEIvHhlWA4QdV+F6cgYZv2+wI/SSHe3QxnyjT1ylH3zmjAZzpT8sikq4VD5T57H3Tc79zpkLjTNtB3COyq+iHCq9XZ4plcOUES5TsLFT9z+TmXJDZa7naS2m6AaFOSo1tKZaK2LCiDVUeVzIL5swt7sZ0C6t3y9Igh1m8JsKvZJf21kguHKq6KhVWhb1jArQ/Y2jSHzrZpkGpPmFmr2itjWjurwosiIYpuIRc5X4Xygom6xpyLCidrZGhkWOfusIhrBUNvfEasKQhrVSotPFxGw3Tb38vMv278u5a6YumkSXiHMyV3dmyI30VG2/ugHWq26sYOYJLlGcui1ZCVsxfwRwnAjYXoIfbt/FwdXqJ1JIVKoLj5EIE+QFxeOZKqWR2aL6lh5Q/k1BRQV2RowSlimphFBLxcWoYtr4QBRbEIBUuHT/H7SOZbyhxJZWZacI3gFDubtZKJmr8kwE1rZ1XqNm2iqIXVgPnmqKt4+zORodG1RPNb4lrBcCZ93mnE/o5jiGa0Jq+Ksw+lT4edCu+adxdAD3qXgO2ccja81LznkaE1+1KDIMfIjhAiXDHbCOuWrekBwI2F8HDTdxYqTqFLCpWQZxT5lq3KLXF55UiqJoShvEgNK38gp6ZA6HnpumuV5i8RndNfxDBJezWI7bWSV8LGyqQdFikPEcA1+0B0RX7uLtGA1t0D0Un/WIPERnWIFtc3JFaCRIVdvNnZJ28Ad0SZ3TQtaTZaknc0cxa1e/VQnTBrPw6LuFaEZZw3PodtnVFRM9olGsoxm+5t+qfReZ1F50pnjr7zDD0kiZPa2Lf1kkLqamTz0bZnMRdZIaJnlGcdhqxc1NrK6REXP3eJfYEK0d0lhUpoWxXoA8TllSOpmtlhd4mK1FADeq77rOLV6E+ha8aC1u8JU/AAvJYwbHkl+AiOUsCjFixYoM+7xRZbwMMDTv/XA67z66Hisdlmm2291dZETWTiZpttLnLRVgsWbFZ3QOsvhz2d1jPJutVU2IjkUftmC2FAb5X3PiM6NW9Azx/zx/zxe37wMTiUtvI222yruZwGbpi83hatDS0Z6W9n1tUFCxcG32Yb5GEwNDxCGWIVAXAWEoWKYNkov3L391zzXdU6gAFDihGZrQpmxnSvj/GVbSMSRgRdDQ8Ht09Ifk3mWzDfkcPdzi+zodRya7oFYJdxvnLylTjFzvjqk4FTwLuh2aJyUpzlVtZDq1kiYGFlKpKjKDdnYGGtklR+C5ZU2wwrWs2cicZuHiWXr7h83+Za8b2IL+p80+hN1fCme/tVN9YtrC9KIQq5yfDy5sr7Y6j9N1d3WLPFS0c0TTKZ96tqIht1iokSuTrRbgeG8PKabb5WQab653t0yKtH9HIVJzpVou5zojs1wZsynjsxGr5nnkLcOSuYZciLRax7nEGS8HjryRurVh08QED4zmkxB+k95bSSO3uaoUp5zaY5C5YtXeaToBVXsmEiNs9D3xmUWIrc14Vz0WP1lFWMgJfMtDKg8yKM6jVzlYkMISrGqiYxWqdAHYqbxrAiyUxVjgnqiqyKhfH+H5uM93/XZ1VwlZ07Wzkq1gnOG4MfIkI6iZpi8bnTL3QJgLgw9LSeXSv05kRZcoiWlaDwualuZKosXT9VEfWXiUN8nvd2cw1dRQTko9QqyASV0oBufTHi8LYLIfrCcKKfs9ahIP3YhsWLU42LQ6y24YJZhm7Kx7Sf3QDiRvEDmfc+88PZk3AbRe1rD5AyJZ0qU5LIUJ293MJd6kEWiOWomhwVcgqUWMoAjxNMixagwI0gTqTPtD36sWE5MRrrm69TiM7z7IgWsWCBvTiFrnK/o8lMVY4J6oqQKliZrkIkclmIlVMohSjkvC5MRcP9Bdcjdggvm7jVHdZs8dIRTZOgcDXUjUx5DSW8UctBJpbb2w7h5TWTj1KrIFPsnDk+bQOMD/Nvv8+4GCuu/doar7qupRcfG4pnWXTmcm6UP0cBNxqhWu5uA2XjQqqmz2tuCTBHAiBlJddyFSJD9VoIOJEqiGh+JQOnQImlDHBvoHa5irYp0H4taGuWJ6vXyRCiYqxVkspvwZK0cTdaaLJlzUER6IqQKliZrkIkTqcbWzmFUohCbrK8lEqAg7m6w5otXjqiaZLpPF+iFjBxiinaJj+JXJ04zsVh+cZDbcqqb3E3hczwm0zTlTrRE6cO++puA4YCPtM4pyqCHReNTxFn0vAlatrq6jL09mQ4ICHaS2PXZHWNrZYAcyRVjYhYy1WIDNVrIWDrKohofiUDp0CJpQzwuIGaizDe3XoMj2gdKkeFDlyTRfnsguJEhhAVowmACu5OrB1FXtiubYYRWZK3YGsHgzBqexfP4tYHLGdJGZFUKOvQ5w67hbOVo6LLrNFMXJxPfJYbyz5mX3jZxK3usGaLl45o2qyzPBKPcQiekSnvg5YEH+/ua6ZJL1p02w+doo6+8wwXoTkpSN6eHPkFh/lyUIrMeO1szIupmJcuRPXiXOe8zTwMbvS8qnHx8/rHKqrl2m4vt6MTSOlUGCDAHImnYD5iLVchMlSvhYALUgURNeiBsyDW0iQvTf6vCNF/DkFxz9e3a+3oWot4poVMY7sQ5USGEBXiySecWKskjyqTV3u3PVA8ipu2WT58I4bxrOfOgA7fOWNNEgW69z6TDwcQPWh56R5b5d8eZC8OeXtQfd6Anj/mj/nj9/zwDuih3mKGEIf7W6HhQK7t2/Nwdb39eWRkjKhlPBT/z9nBSRaoovjISFi9VVCOyDDs7KrAVBYUpFnQ5QAyyrf+HBJLTzAVf3uQ3sJ6Th4ILyJgccDXUoqwZIzvqHzLy5pVhyGixK1r1q0Vhdu1dYRcXVsTOCWpIRjn1/4sLiqhCAmliKpPZC3EnMo3ZyAzI1/TO39Zn5Q4SoEcqmg9Bw9bMKpZsNogqlRZhp5m6RARyQwTunjE8t0Y+gAKZ1GIA0PgqpoCVgBtk4W65nLiVP8XCBkWIZJjsqKKC80pHd4N+e0qbr6Oy6XLLC+k6RzoeTRPtGeI3NNRJNZsDLs7oMPVDWO3caL1oOWlC2+L1j6etZgLvcvc+MvhR6vErEifOkk8ZyPX5Nq867nE7kjaGdDJPZGyVkG9anWOFYPwjXRikh/LOOcE19pYxApet7p6KkT2gtQucnMGMo2bzEzLeALoPusR13Ig8bychcidquQxfpr48YmaAU4t3MNE1YlPIv7DVDYZs8P81I2PDI2k9dy5jWFiZhFdSKsJpiRMFS8gDvOJnm4yQ+tUZhEiORCioooLzemSew96PG273jWLp3CMsWMmdMglovjA7nJPR5FYsxF7WFOjE/BxEz+ffKbkwzckiaip5+iF6vzHBrW1CQwneTPw4qZhWjsy1GmFRJM5SzKItBStA6yJbs4m9XK0KWW1iiDSoE1NejMW2ei8ErZnEa4PxBNRhJszkGncZKZDFbhr5eoSM52FyJ2qZPVwbCnedA4muRRcc+QUiQy9kdlZFH3kdghcVVOgyg5s0Yrqmrn1FwgZFsl3b7RKrFuh631uTum6z97+PEV36T4zTEu682dF68NKNGH1eVX48UFkI4hRUg0IdfKrcvm51lEXTJUub1EuswnlL6swFAwRJZrINQspUZhWBTepz1rkKL2/aRRTbLcwbgQWlVCEhFJE6+1647A5lW/OQKZxk5kOVeCdu9rsKzHTWYjcqUpWhwgThNsR2zrTXJ9+FsU67RC4qqaAFbSSJ6iTvKCoDifq6TgsQkyHOh3kvFcXWF/OjqXbgMNF6UoDy1KqBYooPrC7fCYNL81fomS6N52Feok6ZQ6JA8kWVJe3sD4wgSE5tcSNzEGU+BSOmoWUKEyrghvpea3Aot75dSouBZElsTAQF7O5hdxrRSyi6aaS6HqGuC9Ex1BRpy/3ykyWUKGPGnyW1eOrXcJeTLeROsUhFiTWpirymErHuexmiXBfUVay2xEZxo3MaSyqh4+88RC4qqYWsTU9sK/Ocs8LcY40ljoJxO3y7xB6FnVe9k8CkdlFdJWKJ9Umy2uoKw0Y0g99tuiaTF1iWnOdg2ep7iUm1izR4sBmbBXYgEP7URf2pi5v0Z4UYEhOLXEjcxAlvoVqFkJv/AhnhwF71neWt7oblaNNKavlFLxL5sVqazrlVZKQcPIJJ6oI6ocBrbG7WX/oMqvXENL5yjnkYKhxXAa0VjJZoTCVf4ow1uUjOJyVuCRWLQj/urzpuD+637o9Yq/+zmiOeQN6/pg/5o/f86M1oHV4CyjDwyO60m0O0Ruf49HPw6MQjWNArhjhS3paxkTyHboc4rASiChZmVF8wU+B77PBOz96iK87YeYCCdEilIVbpK8ZXXWmcw8UapJVZflSjFJlhZ6GIrzE6KwRGfp3CIH5o3xh5DsGX4z5tpxFiEJuWg1Nc0i1SoC7S83WpnLhrKJpA1GQoGHaioBhGaOT/XOKiSN8i+O7TW+YEkUZu3qvbfNEh+5imrOVjN5lIiInyoMDWoE1BCSUH+2wJUQdQwEfHYnbn4E7EuVEm7GfqbyLuWDDtaQFimvlbZRwTcp09mKiiFavoWfXdl6nU6dfeuXQYbi5+QgOjWaJFjNYtiymSOg8aI1iY4vBG5yXz97gXDnpOJdYzrU2tKZzd79z/3cIOTSdaxbk8uWchfDEiUWInqZDfiYnOPV4E3q7dNwBLVAcEuWJ7kK1pQaiIIErWU/WLjBE9yLXLFHzd5LJNKBRhBuBWo4CeNc5RUTXWa7ZLpmU/NApI8xZfedwnHPV7JCPOn4M+f4/NqEB7dqWdHWyoJxPSaJim5BTnZWMntZ2flgn6sZnYwsUlrtqoxxietAj7MjnFh3GMBxbH8GROrtGESqwyk5cXo0Bh0QUojuWAqGO24HG0AzCRwyfhoBPfDifyPFhxOddX9NShdrFIXuVialicX1Yt9BIlbAQkTQ4kWE8IjkXml+zVhjQiZaSEE1z6NlZzatkY/bWdk4UKCwJ0tRso+BVYKOBhzIDhtVqzRLpxCmG1aFTklqFAqjvlKsYmuZsJscNxeiRic4syxOenaKvRQ0BCeVHO2wJUTNawLkURMU2gUjZwDB9xp8Z1EQWo0P0T8NhQBNboNC8q9ocojc7++jnNJ1jmEpn3U5SIdI6x9ZhWbEOK4EYPm/8HEUzoDYF+s5hPferXE5kIRhdGA9xpril3MXYwoTS2xucKwe0vdUWbX1Fhix31vyatcKAbiyiialxOUG1NI61O+G6sTXrUJuVKJxVNG0gChK0/1oRMNRFhdcsUftbvTp0SlKrUEDbAHo15mwlo5tpcuWUSFo7BCTYWA1bQrSymOYFytufwRQKBVM0akCnvxzmDrOF/sbnbsmUtunGV0beRglTJHSZuXWVZZfavYZuAXFYCUQdLo1doNslRxSlSFwCvEvatRap2MKE0tsbnCsH1C7yEqu+IkOWO2t+zVphVs9LZCxCXKTvRgLV4hRI7q5hXpDOg+uvDwW7ayWcdRd3HIiCBPrsbER27BENNPcgU8p+rJx6528KSkl0KlWAezl0F71md/EpHFrPoBNzX7d2X3toh4CE8qMdtoSoGR3I25bj9ue8RVeXWTEiZ0eTCYb51/Oic+FL1p4gIA2gRNne822jhKm6FMRU4hUEqXenU0OIisNKIKIQSSi9crJgvJFSyfaS5JLohFOAV5+Qii1MKJ1VA3awqF3kiu11gBMZ+ncIo1XOKAFfwusSr0hwYp1O7SIh9hvFLO86ibyug6JDrx7x5FefUAmKYUC3prNHKd6AjOKwXGD96ODpI+sg60GHoRwpWy5YEFnhRPe3OTOl9UxkyKqtt9paMaznzl7ujtpx4KCleQN6/pg/5o/f86MMaOEtz5rO7b3PYLh3kImZEAa0HvTChcMIaU309y9nWrgBqHz1611m3dW2WoEhuQQi3xYZQCgbcr8QaEBFEl8qs9QYX0tThKMnyA+M8LW3vw/aL6GCb7KznMh/8a2Vb505BNasXUoZ6KGGSSKH7bgyJjAU8IneAq7lTtWwTbATOIShIrESIOxeaS4BNavuElHOaaJ7KMQY3/e5MnyxSa7XXJwpb38GofTLKcUuk3k7MFuU6NBN5YiVACbDtCWDQVh4LbTqSHCoM2hsE1zukNm2YACtP82W2EnNtkOV4kwJeVUAni+kKnBNAFfS61Omc10xlanJafUcEuMc23MRDBXbHF9NneVyn7WetaGXL1++atXBvcjR+chCH1lDuUW5zIIclPKjgQmdZ53mctrKYTHnHmk3523ODmdJ/k1Ch+2p1SsVP9u8Oftzr2G4wHynjSsQTx3hNeDSc90ZQoyKcBe2VxIO5FaGAzmgvjnCITr5bSkARwzzl4vPT1Z/ChLT+Gyq5SU6tKAcsb0DeoLgp1vmtHAhq2I4zI/luI/gIGo4+mmlO+nQmuXqFiqhyPBCPgRzIz6y+JBMT7lQNYE+tQlEptodO46YD3ruveYxlfhIzVkRCic10t2MzEKHxI2q9WCo2OZEJ/1dz3qa+psM44eQH47hYX8gAXzgg752HIAeZYGcyXRpLQ70WGMXEnLTTsmyEGCHDovUiTgU8DJ5556Iw0qgglfMPhlCjIruyy605BKKpNXb9WxB68sB9c0RDtHJ5wrLXVKcKVB1JIAElni52lUOgasgfSleoIBesOdFbFEJDss7rkwTXO6Q2bZgoRKKkNPN8q9Yb+8WUIozJeRawE5tdK9098RnfucY9T7oxozunNyx3nfW5w3XNYcauJDygiO5d5+NtfsIP7mpVDM6vFVNI1ixLSjclzgA1xbIQZm9PblPoKCzpVRZZ2tYBLFuizbNWd1qE8pIBWW5TrN7iihT7JUcwlCRWAmQsXzacrsE1Ky6SwT1zREO0clvS4HiTIGqIwEkhNvLZW90RIfAVZC2rDm2V5mFSnBotbamCS53yGxbUF8SaAG3ROu5ZtuhSvHeqt6oczfyfCFEpkwAdR20h6oUZVvzCMUhEQ5p951qDGI9MhQInZTzS3TKWSJDjWBFOHqLdmEL1xbIQaFOKVXc2VKqrLM1LIJYt0Wb5jtt0cRUdw1ZFVcjeFwKtoCHhxj2pRennDUIQ0XiwNWzYRqjWnp5cR1qX7g9C43gwqwvnC8Nu7sd6Hl3NaqyBCzOv1ynfVm6fmJtSnENaGK7aZx1buFehfCR01N2qLlsbBPaJpnVXNZuLjBUKaL1XLN1UqI9NU/ZBKKn45RuLKQ7wT5ZncuYV4D8eFlBKXmhQneY+XEWvpoFhoptjq+1m1YbORs59kB9xWq40C5s4doCOSjlR4Mq7ixxSSpVNme7/rWbJYi+Vx1yCgBOcRdWkwNF4qXsL0u90JA8/e6yKJ786hMg7Zv2UVrJPgl6i/4+aEiJHqaFMdy4zxyR3PvLPsd5i/7hGxINaLHVlltttiDyRSQ3j+Ag6nd3TnMebKHivpB5A3r+mD/mj/mDj8GRtHHFgPUM5ES9XbgJus9xz/LwaJCh4XyIdNwKTY3wo9N0tqBwbVtnIz2NCL4zStL6CA+aSIeuiiS+emRx4RSxyCjffcp0Tng3tN+1WQqpXeDpY4RFm2s7guhQ0gJxnF//+HLOd6tUGCK6abnPrjUCjUtAvrqlnC1FUlGvU8ARgdsV6KQd1lqiS6pCtUrnMct3c75KoTHkbJII9XKiHYLwo/MsLAjhvNzIoRzkXp3oeYEy+PTsdNwGiEaemYq1SmXA+JMrljtsBLrGduXtzBBnp6amw0TuiWBoNM1MI8vLg2boBeHiTPb3j2vWe9GApnM5+MCePZ2B/kufmgyTGjgVmWPj3a3NiZUrVy1r7m5uvWmJ9nRZyfrIKsRlS1kW/jJcsczoWgUxwdnMnD1WLF8R9z7nU6FVGJYf3T6Uo04N+PIBfuTU42dv44uAkifOxUKJyEvSvQzJ4xXNh0TXKmDBgpfO2L0rcl/AFqVUlNiJaQ4jOV7K0B2C2suhS+qMiJXAJ1eIvPqjsw9VKEeMNNDd77wxiV2GSR5L63k0ebeWqBFJpGZ8fiXgiiY4FZ+eqVMzbnPOyuUpQ1xSRIThm9E0M422AedjVOsZ6A5L8knQs7PxadsXFKwlVp1N6tqFwCndTKOYYLL+zmE+fMNYxAqcVMHiECJ7QWoXuWlplfITG6RMWEmBJYhTvOjp+VpEK9Zd4vqkCBCNLiE/lvTmLITobCmQWrhRb8m7sj2JHM+o6dBSxjoLQf1SKkrmNgPaZGGHpUDaMyJWAu+EEvNN0p0CKJc5+p9DPGUzFWuVistriVzRBKeIpccbKReWjQuZ4uOBH9aeCIZl/lamcZKPej6TRji7znoGPnlDksYrvxOEEVzW7cN5SMUo+bkLcAt3rK1rCCYZNTXdxZoSEkoRtS+RfiDmVL5ptQpSRSqzgDjFlU57XUXn2l3a87UU0SXkT8Wl68zZck6FiqQi+c7KEUER4T3LhVpLNLMqUL+UipK5zYA2WdhhKRBy2rYrga5KrA6dqv7ddIDUKklxVqm4vJbIp3s/lzhBkYxA3duc4U45q4lTRDCcyruD3dQdjWFW8iI2/TuFKKENKrij2/UFu+KIJpizsd7ZplpUAEWxopjh3/DmwReVUISEUoROMYTIWog5lW9arYJUkcosINIkNWvKnt1lE73lddOQBaQxRDe/uzm3N4IlFTXdhDYcKJKIfYkFT8doY3DBdrTB7rQxG/vKEpE7aoOGUVgVrFkKRN9ThRg8vWb3YovgFM9zd2pJ7zLXji1ZnI4zUVK8zGiXz3ZLJ91DMzrTWUvaC6s+TTPeuptToeQNvDbcGq+eC9ETBHIiZ1oXhKFg6BV4ypN3Wb169elvP42WfGkgV1x++a/yuH716qc8eef2IsNJdpbj3LPPUdetBmSScM8997zk2OPZ0WbcLt42/dApYpFqsmCfEGK8Ln1O5ZtWqyBVpDILiFw6auat0FTmSk5rPcN9DwuN6TovSgEWukXfVQcyvWguMdZ7QI4I/v7EkySCHcOADhM5D91ejy233HLBggU6wqVrBIfx7F3SaRx7U7M+cpjI+dcIy4AO0qMSHEIcEruEPFwc69Nu5ujK9ce8AT1/zB/zx+/5wcdgucBihC/+6e0Kh+jbbrtwm222lQ8Njejq1rM40mfmu/CIHnStZdUo35uYGuqsZwvWpnLESAjPIcCXx65OOdFNTWDNWMDXzBxaNhPgnemsKZzuxHgoWbngXqxtl2cFvr9qaHQbmQPQEcU43wgis7tNlY3Ybjz9Voa6lgDiWldZ2Tp6aw4lA6skFVVAlZK3FeQSuUMJ3Yazx5doNodnLDJC/81wcmJKY1oXtXs6x8Tso5ABQ/clUr8Ut4M463CC/yAmCaONK9APBbyeh6CjV7M1bBPKT4QwDGs4O7QNG2D31jjWR65ZdZeIqXxCdMEhOvltKRB8Y8dZ01kCvIB1B3SK0SrRc4mekw9YpZ6OCvumBTzrOJfLDCAONaArQdM5hmkih4/c29CFSug4CSINaMWI+fANUaYzh4/gUAkDmkNXOipAVnmOcQq8AfLl9hX31OCerMO4AnwvjYvDEgiXhYsTpGIq3RLQLod4DeUSuUNJodLaYdvSBL/axstH390bVQ+X2drIVcT2vFTgDjkprUmgL2ZNqvEBB3co4CzXgB4Z4iNp1oDmQ9APxwm2671OzTUrM1QkKvoBOrTtkNtRPH3k7IGZdJarrBzYZMEhOvl8yo+zNl1mULwc5/hI7WcBa1lFw1SwpSpYm8oRK8EcpkJn2FfrajKbtmYMR7r7oLsfzvzoh7TV4DRQF41hoRLkkdBvMckS9H4jogi/tW9yiqqZSYy0rMDQjaxQSyhlfZQqyxRwKBlcpZ6nYJN2SykQetZpK8glcoeSQqW1Q167dhgn2L8EzsLZRcNd2HB7Xipwh86GqQrPs5B4uWoo4D52w4R2toZtQvnOYS6zXYrESoCwS6WFgZs+cusyaz3LgU+ILtQDo8kfHeIlSw96hH/mx733uW6FVizLFUyyf/+ki9IRHYKxodnnWlQ/UZ+FvStNbGFCmb9Wa2tCgHawQ2ajfmN/izYfQoKAV0EiijkA3VXAm5pVTCazNrJCu8Ti5WmGX5mWtEMJEV5DSUUVwFpQvK0gl8gdSgqV1g51jWs4zQlmcffSR2YXdNOAjZngqmrVobM1LII4YEw7S/FKaGdr2CZ4yvBpLnJavRq+2rtwyHj/lwlV4KBm1V0i9CULDtmCjdhCzr51HewhGusrS8AMrQ6NLEpzqnREh24qn+kNX8FQfxZObFEJDsvJqkwTXO6Q2bZgoc2HkCDgVZCIYg5AdxVYlI/gUDGZzNrICrEk/+4f4FrFK8VHipcu7t0OZ206ksNu41IQtdUcSiqqAK9e8m53CP10O/Zbyx0GoUgPGjBSubagZjOcWpI+o8vrZBf/pltlvbfaXXSc3cthxN5M9HwdCriP3TChna1hmxBmdPrOmssQo6J2s4/mKAUO4HVxPBE5KKtUOEQnnysgd0nxMprPOO0d1ed555xz/errd3nSk3ff5SnXr15NjjqriKR965vfPGDvfeEH7rPfhvUbNK8rZ9cdd2KVBrSNiXZrkNViSGwT2rNjFqg4K9p8CAkCXgWJKOaANJ1jFfARHP4FQr1mXlCGvkt9EEeeSyQ4a6kqa2NMVRqxvwIxlFRUec0JJ2Wp7s0D6R7BsVUazUU8NKaJ5HjIiRrB8C3zSRqAGT1l3ecFC/gvVsdzOXxAB7Pt7c8+cwPdCp1OaLzmrbfeWhITKRrnDej5Y/6YP37PDz4Gh3t/mSjginrEThFL3ybudu7vfV5ITjyCgy+qQ3n78yhflHozl+QqJeREXVS4CYnwTKij+6ypzXftGOZEFRSubev0OhExHIk0iIOEHx0mDF+HuyjG+EKXkbbTxIhqEHcc57fr3KKddYhOpL469SmiBw2xYBFEh5IWiBP8Jp97qTBEbHcRliLmks4FJk3dfGdLkdikHihRwMs5lQiN5gKZFW3Mfe22lIoSOzGtdJ07HToxRgWq9gqEHEWHlaA3pwivfFCGIMm1XRE6hBAlxSf7p0WXv+ysvIzmmiKWHo58LvTKeHE0mouIuGgZM61vMiNt1wVhKBh6BSDxlsjZMHTDDA5HuL39uZN1nJN3yByd5YEHPUMOXr7iyBUrnrN8+dGJ565cdcTyFc+Ku5g3Sst7mVewXENZAzpYHsHTmJ59NIcPiU4POkut8CwAxHP0dCAtEKf4jjbSPXkD5G3gvG85fd7D8b8gLZqZ2WXnnffff//nHHnkC17wgmNfdCzHMcccc8ThR+y15147PmlH1mZ+1Be1r6KRNGfliKCI0Ghu26vIKrnwPTmQI4mPGDN56REZ9gZZmGL8qCZqL4cuGRniA2usbGjXpnecJmZyP7yc0mUDmrYt0ePWfQ7CZ1o/ZTWGEGL50XJFE5wignFWwfNmZ/hI3vsMIFqNRQJZpEqJKkvbdm6CYIgoYbsY5o5uZ/2ueFSjuI4z5xJcJI/LAjQfAYpiReGLom0K2AVA3LFMWGdnV2XnxM6BzYupWKVMkyBaRNIC0V1qSofXc+dSuCOo5gE55AP3JbPtsxRJRfKdlSOCIsITL9RaoplVoXpucyQbN0PO7GuhQSw4HYalQMpKdlgJcZq9GFemzwftSzyX1KogtDES/YBJ/u3KxspfdlbeGc2Z4JT+r/rowpH23mcAmeITPW9/TtI5tgyJ8RgNiiT0Z8OKpQfqD4d7S4JgCzaVjCwcdmun7EFRhJjL3cj6Fi9d+xs4JakhsIfyixUh3svM8raasw7RiS5EcUhsSxXpdmn8yoKuXNmpIOw5VqXlWi4tQDS6RF+PNHXznS1FUpF8Z+WIoIhodwS1lmhmVaie2xzJ3GZAmyzssBQIOW3blaA5rjjgXHdlUUieQ/R5tSwV5dPp/DKEmOnsZD5EwpeAyrWpO9ZLQ4RXDxDNICpIRNV3U3c0zvRe6nSYvLFvWbcS7ybO2ZiClChMQzdnk7pWF3BKUkPAdsaBNDdieVvNWYe25EIUh8S2VJB8o86kDQ2XzNZh63DipqbSj/ai6b7llekuoEA0grTkAhSpHohwoSLp4nhnAYvOGs5S1hTsm6SrwxYV0y4MLqhZSsXZykmEO8ZjFnozUbARw1IgkdMbkcRK4MRLhFc+0IYGOs4DpPxoSfFwpZuTGrh07XnVBSzdCwtHOf3t79iwfsMxz3v+hg0bzjjtHfS2ZHLmoH33R3RIny859ri1a9e+5NjjgSRPZ9Z+veLyywFini9lx889+5wf/+hHt95660uPe7Fb24xbC0QiOpDP1et/LXBKUkPgGREH0tzIm51V2lXwOAVe0zSaadshUUXRl8mTcpWkQeTwCsby/n0YL2iWgvfvxoClXnPCSS7x1SftUVuk51smLwfDrfKmY8Sagug7QyqNY6t8fLM3NXduct71vOWWW4GOq/d/pdA/PCh3FVPOan+3u0sGjnkDev6YP+aP3/OjvQNaD5e4bVq/KGk0R2RoZJh+NIRVIx0J/yGc0t5GiCKjvYdrtDLLVRiqOBs6+YhpU0SFkPn+GGJwvor3pcynvpw6Tjk7yvcjNud3e7bKW6ElVmvBV1TiGN+P+vpwCcWrfm2qqE7U1WVtety0Ectz6zZH/zdiZoaV6ZRRZxMiGIa/2VdgCkhKH+e7c7+kXeuw8muqHGSgRcNQpDI60d+fq9IYpgG490GHSA/wLG6rwGGrKBYp5xdM9q6rbh1xgv/kUE+QKJGTUyIws1YxC7FgGcqgnGUIV0BCFEzZlU1CzDdHXSWuXkaGRtcSI398crNn/PUfHnwGgPjEZ8F1m5qcJiIaU4yG7bY9HZSH0mMq74Aul1niHx7sxZgNCzhnvTk6ok9wXqY1HKbwX65cccqqZR9cvv9nl+57/tK9v750768etPfZS/f6xIF7vOfA/V6x/KDDs1qUaczoeqrGitA7G5rYWc/1LI7egO6OZct9fSvys+0J6rQaPVlIpPF1qzvlOPjx8F11yCGHnHnmmd/61reuu+6622+//Z577rn//vvvu+8+fuP/xS9+cc3V13zhC1849dRTn/60p1vQWJdRotJtlLoiQ3aEEFWiASrwasf7P3qzVRe2XDhsFcWO8OUcwjChEUYRoC9MpkOXRCm+4fOzxtnz0zo0koTLF4gPx4Rcd5KycGIlSELn42th3AFtfYuzSm9XZ9klEhc6i+KfKCQyNHZr0xEeY2FD4sOUCgmGcZr20PTGchWG1S3KQ+lamUBn011A2Ny8N9J65hONGJ+/+XcI0VFy966mpebC18U+2ZSyZcXqnHZ79Zv2dmqcC5FkImsh9uywTsE0o3Vc5ekYLWJ9h0BOAlPAyu4S1bLtjjdrgfm1sMR2yn1riqE9uG9LBLyWMGx5JQwoikUm+dHLtz2AD/jFno6kMk2DkFMiMLNWeTUsaFo7qxIvUBJigB9q/gkbpr3upmOIRjNRV9pZnV8jQ2Os7U3nvN95lvgM6ERYrlPsP7yRvatlrFLOrLMWt5/Ygt8lsgfF0u0HjCyMPzxYRaL4UNxfDKkdyxGWzIUVzKxOJCbI66kaiupEl7PWVbWdyZJKJlJnMj1NzVljWZwivDnKJi/vVVJ6u6Rd67DyB3Jqyn1riqEFrd8SAa8lDFteCQOKYhHrC7j1gaXMkVSmaZBqT5hZq5iFWHC6N5TL4VXxDmgIUTClMa3pDDE/csLxSZO3393IsDpxd/dtyUx3k2OAUovyjlpEoyK7qFRazk6mHubadOPzalHJ1TV5AR0yJXeWqXKEXVuOcK0agBXMdBfXWhDIy/JWVCe6nLWuqu1MlnTJnDKvUdr6M/yimlPG8NSoGZkBhqAuDteqLmDpsaS/1PZQYGgzkhK7qf5ebNoQ1lzcuL0NCcNRz7Eqp+04yythVqFUgr2KtI+fXpIPbmYXz8LtHELKVTTNTkoEZtYqZiFRMJ+w0VrMpXgHtI6zYIqzqHOpsyDqwzqL4pXMlykfKjLnahQ5cJ/Ocba9lxx7/K233nrgPvul3zqxdL8DvMe5nGjTmMpTmL7i8svPO+dceLv8b/7yGCLcLYCNAZqxVeAsU87q8BIdlj4XVjDTE3GtBYG83k6K6sS8qvH+8SboeCP1rrFDT6cib2NW1XbG7CFmha+ynApeDUnpf39iGNByyaO2TH+ZQ0LU9l2wYAHcm6AZ1r3POTl7hCvd3MK8YMFmW2+1NWUAufEIjYSz2s2ixFKC9webuvVWeagYOeYN6Plj/pg/fs8PDWjvcYaUKeyQiELUki5FV9fHQIM0HPh+HY5KuLXETGYVvF8yW9PZggmhZ5G4h5ovLOEb9I9sTpAjqClKLCV5eKxgOJ8QohkN8nt0+DBWjj7jK3xUdq2EmM5Gp9NTJcCp75SiQxtIAyTAcoDClKUGoiAhTMx0NksEDPU34TVLdC91PWiBuHC73Rbs+df/felJ4I8OAif+yb4v3nqHvSKfL+P87js+6WM0HKrok9IG6PzlTDCnTGfS2mHuHt5uNWBLRYgatQJOfWInclIs7y2/zhQbZdd4/LGeneClMtnYAqVzCfvZiu5IG1rJDlVEq9cQouKwEogoRBJKN2ebnQ583LPPevRfnh94/nmPfv65jz/iLEQul6Yz4KLBvYZ5VekgHMbos4EnUjonnrcAx5nyCnKmq/o/PCj0nctrbpVZnvbxsqXLiStXrHrWilWnrFz2jeX7XHrQM6858JlX77/7NQc+/UcHPO3aA5529X67Xb3vU67cd7fv7rv7Zw7Y62+XL13VPBV62dJlSdJSXrpMl1mkFMPOdE6nu08I47s93zYKTpMT9HVkGIZvnjJvd0SuNWTRzMyb3vSm66677u67737ggQf8/3P0eLA57rvvvnXr1l126WV/+fy/rPpd2XxX1LvFoQqI7fLtp2iCYjm2Pgm6hqAK1rAl1iEKeDiPcYKdZRYeWZ/JJ6ZgSCa7BPjI4ZNkIf/Hp8ysp1lAoQhl5W2UMEUCpfS4wTCfXXwYxq3NFIwEMnMYq8qJriIO3YKoJa3iJykYYVWiFAmRj1cwvO3Cts+qaamCCaWzF9cKRbE8TbewfqD3mgFcDHD+1aHIwMW3MhvBhYpuKVFD1iFnIQF26BSwCIQoF84qmka0slFwImw0xRukEQFDdHuoWaJXyRMxBmlq1ioU4IVyiM7QNGcrub2kJphTImntEJBgYzVsCdHKYpIwNKz5W82XI8wZCYY+W6PABTTZ2ALFtfI2Sphqt1PRydViHh+hrfB2y3FWcVgJRBQiCaVHThrNPnkDlPUsyUdzdNbtJO+4dI2pADE6Wwj3Oc1lZkGYy7kpiKncFzgLnALhHWcFlosBrndMmmaxs0SgX1yZNUU02SEVKgE+sKo1nYnCWUXTKpZ3CTQ0p7mYjQgYapPBa5bobb/qRlHLaxUKoL5TrtJLrdlKRjfT5MopkbR2CEiwsRq2hGhlAafz2q5NILo7YNjWBJ5vLWmB4lp5pzAFTzKRj9pQIaqIVq8hRIUepka6Vo0otWMpckQxk24RkBApZVk4ldtNq6VCJsxatxND3Z/XU9T8As4Cp0CJpQxwvWOX1ywRULnNrCmiyQ7DNe4T4AOrHNo5UTiraJpXrKIgQVvNR3AUuFboOmsx219VL6O6MdEZeaDMQRtwd4foDGdYNd49X6VzhNPdcwvLCniKUVZTsnYBVFuSf1Ouhi2hbOs4wzlrYiB3JOopE/uziDP12RoFT7aWtEBxbfDebm7d55l81EbpKkLdbjmpNECDqDjsTiRjnX7plYMoUA7aNyzmM047PbudPv3tp12/evUuT3oynBPZbaddGCL2F7Y7a4HO2gP23tchq65fff0Zp73joH33v/XWW192/EsoAthauDsosZQBHi96NgxqlgjqjEqpBJMdUqESfEc5lWKcS5nOROHtz4pcjSZ29YXXLd9IkVBgOPAqK/JB4dRrTjjJ2cqPR3BskRYzMb3f7h7nBQsWEMtxlmsBG7feauvwiDff6GEaW+VdzywqDzqW5qzRe5/LsFZX3GqruJk6W+h2mUuIbDpvQM8f88f88Xt+aECP8MV5eKR5xHOYwkJOlHhPtAb0woXD9QgOaiwkZzgdj96r3bZ5lIcK3L2MYZ42W/gVnq+KVnPYle2XENNb6LYoXZGIXgb0RoTvblncmjUcGxtnyEJIu4VDiJXn6kTh7u5CNMcEiPkq43yz62s6pSIXzlam7mflO1tkwZ5//dhjvvCol/1wk/jPL/jagj3+eozvKnwNz6grWu5zDC3Y5Og1O6t/6lD7la2JgFVG9BIlRMHx0kP/9Op3/h8/PfNRD4VvvuExK5+59RTlqTAW1l45d2Xk6dYpSgoqs8l9DzamfQyqeRWG1TZkKh/0zJKaJQq5+RByhhbv+v+seHNnPf9lWM+Ped45j/mLsx/zF194zNGf+28HvW5k8a5xudL0J9bFTD57vy1xKh7iEadm9Cy8AjqSgB2Xh9vrbc4Rvfc5Td9ZXbG78bk3oImrlq/8q+XL/3XlgVcv2/OaZXv86KBn/OjAp3fYf/fEU6/db7fAPk+5ap9dL91nt39cuu+RK1as6v8OYWdAp8u8Im98lsTYY8CGjtnI4acrXhHeq0k8o/iRi/dbnC9QCRLXJ8Cbm2N6anq33Xb7zGc+c++993Y284MPPvDLB+//Zcc5Hnjwl/c9cP8Dv5w97rjjjn/4h3944vZPdDu3cBdj1M+XwOuvPpBjh94BPRXv/65bE6qsbRPRS9z3mduccPyfnnDcRjjx+D999bFPSG5EWYDyaoZMHZckdZXpCT5T+PgY0yzmQ7DMWT7FJAWV+HTrp0weWjjkiWhww4ka0FWtfOdxzpFP1G0XElWIQm4+JO6DHuqe8gzhY5qoYtSLlA83BYHcvYwTfDY2W6A4pRK8L2Vlo0Zn6Pn5Hh+FzcOg+TiGKDaE2dl92zbsAdI6rbqokm67RmchhCiYYmj/RmfVnSKyPNb2l8gpFblwtjIhis66o827kfnORkJfv4izRhOoaVn1gRwXOltGM3ywk2zbaiVKXCIYhllMMmnkUCS9Zs+CKWLpm1SAyYqSgsrc5Ljm6XErOjs2HI7zOB/LvaUr90HPo0OcSzerw1vcfEjYxwzTbh7PJ2+0N0HrPmtAT5C8MNzbcpZdrr1rrAdcmEOCe8HdyCW13FidqFOHClW2LODO851DYrtszCFLHEJQyjh2CDFzrk4U7mhCpZXulMoUa+Ek9KYqCrNyk2N5kwmJqT6/1s4louoXcdZoAjUtqz6Q40Jnp/lXoJ8d6IQ0I3qJEpcIhiSY7BBQ1l1cW/omFWCyoqTQreqdXKCbPL5wGGU6jUvgrI6zQ1C+80z6R3GvdBqjnqmQEyWeSA1tALDc7SilWwQf2E7uXsZF8YCLrjftLaDVNeDkOmskYa6uSKyFTs0lxLKViSxxWPuWLjFzrk4U7mhCpZXuJSVyxWb4nCEhrlU40VyEReOTU2GyBxdclrwy7BJXTIvNK1azDYmzBhDh7jYgcTYipfImaK1huMWFnGh9XcIymuGtiQkoaEQvMUhWLuhBc7LqeovbTc3MxPJwGIlAfZMKsDFFSSGU3mXWgI7KnO/IOIr3O5vglEoMG9+Z0+QsuGJ1LkTRnVR/duS0QyuANKDXn3HaO6gAyoCmQ67nU568M8PzzjkHzmy2PR2P6diw4Vf5Jwp33XGnOscrLr/Cx3FoQL/k2OPcojrJCl3zpSsSfV0UN0mInEUNWeIQglLXxCHEzNlrNXuJUAJxUo0NTWQo94ySRBHbg1gBpNKlCWvysnal8hWH1OzJJ5xYaZIwoD30eSFbpB8t2aw/4OqKcqe8l3mzfAx08PSdy4Peequtt+y9aUn5zq0NHdZzWs1UzkbSj+67QmToFHHegJ4/5o/54/f80IAewHDesNwOF/ZmdD8kxgOgy4leOBRInyHs3apQawFcXVHu1EgaytbJ785RJFOi4BhfxEbC6k0zofN8jVZzCM/ZWet5lF/dff5GinwVpZr1jRJWjfMFlu/8PRzWFnLWAx+4AXFf77dzr1qLPpH+ZubPFrQCy+UamiaYY+XKLFSCw/HxyYXb7fYHR398wHHeJP7zC762zY776oGCMpSLsGk7O8rXjH6oEoRv8uwep2kDs5075flCiJXAt/+Pvvz/N+A4z8W33vjoI/fdspzZ8TEqzpp6gqFim6PFBslheMST/UM2iLakuQyq1YKeMnEArm2H5o/OPPEJex/fW89x43NYz8/Tev78Y4/63GOP+sxjn/vpxz7nUwue+T9GJ7fjumlAJ+gzTtDOq20I8IyKm5AXMEzSg1cdHJ5ybz2DsIYzht0b0WFaz86mcXzEipWnrDjo68v2uWbpHj9eFvjR0mfOGtAHPG3AgA7svesP99n10/s/89jly1bmjczLli6Lv2EY28SNz7MG9Oz9ztGGBJDAklUrD/aMiJ5ynSCvmtzT7BLif+2YjBd0jC+Rk3/zN3/z/e9//7777uus5QcfXH3XAx+/8d6PrLnnx3c+8MAvf7nh/nvOu/Hyd17zlc+vuWTdvXf1WQ+uX7/+4x//+NN2fxrVgPW9jKLbriF2UrP0oPsMGFaHTgk5U7P9Z50Tjv/TX13/qN8ROyzRJubTZ1QDGmjIdrYsO6fRqYMMceiUsxFJGBqmN/scXshnGXWilLAscQAWbIeVD8aZzfugR/rHMTMUeo5hDSs2a4Edlih3yp6L1yoLanGCMjepH58yfHL1j35mONd6nuBi5IM4rMmQKDcWqUcqC4duRBtyPVY4+RAaBooqggSWUKHVEYnVvLwta06cVypmFmYTsmft1LamCS53yGxbsFAJReynZtuhSnGmhLwqAPaSVwUz09INpW5JFpyFyhQ/955ODrWMISRUMvCsjZXjewni0ClnrcYs9RV1b1u05nILeh4YVn43zAdujM3+4UF+sQi07jNRMto/39kitsHQHKfCOO45W5gAXNI2ILGIS4LnRmX4OgRRthFb79hYZIqPX06th0N0lo/mfdxmguJMzd0RkMASnz3druqGbNq7sVOIvYMJGFKQHGdbVIJDiMPKNKE1apkFKs6KSihiPzXbDlWKMyXkVQHYG6QqmKkucVaUEgZl6g6rDgmVDBgqtjljC4dVGJbJCyb7m469B1lRu7lF7/zGwkTnqOqWFuzQfWtIjE1T6WabR0a4u6S2s40S5U7NpCk2mXcQw6fTzw3fNv3TRWm3aV1Josne5O16ziXtLCC/Fd2lEohFNMgKDtFZPpGP+zATFGdq7o6ABJbYc6dzWcbj1uO4XBrTcZXCd/MZ0F43hl6ceskKleBQ380ma9OBJpkFKs7qCLN19QOsSRRunTyWu0VxiwO5ZZ0qv5IYCRPxGGiwOJ/7DFnS3wEdYOFop2w3NaPuUAMa4vkWGCq2OV49zWWijrMWM5Ehs9tNzijC0QvVrf234FwGhqRVpsN0TuM6AIb5CI71Z5x2es5OnHHaO65fvfopT96ZPrme/kVBH9DhedWLCHnJscfdc889554d9nQ619fvttMu8AP23vfWfAZ0Pce5GrMZYvsqtP1IBpq080ogFtGCLzhEZzlvIbl14komZ4omvd85XpckYMkE77qx7Xg1+5MFVKgdbQmSZbuEzKFmvNXhxBaVAD/5hBMhDs3sHsGhs0zk0F+uA4UcRbk5kNZN3kwHOd1nPWgiVfnqyBesY1907Jve+KZzzjnnW9/6lv9vmLWQuHn/FGmOrfKBGx5sFFLfGIoJ/14G9M4773zKKadccsklt91225133nnVVVe9973v3Wuvvbrp+WP+mD/mj/9dDz4GNVI1gsHQQ/jOoOFhOm+zTTwMejh9iSGSh4YnJqf23nufv/yrY0486aRTTjkVnHzya4455hjEqalpllOT5SPkZ7U0EDoTORX+O6ppPRvTiIgOxWjeNM1C11ZkOVN9TjjCglajw2ESog7fhfmHg6+0ZFmcf1xcHnN8pyWMjUfOaDiAiBIUZ1FAbooeG43x+z+b8/UpE4B+pZWrAkNhkcpsh4CECb79NcOWEFny5zvu85+Ov3jAaP712HyvF/ROaMC/NDjrLzdAmci7d+VdzNNxd9qgQxWiimh1hx96yf/943c/6tdj9T/90e2Xvuq2779sI3yvRyP+4Esv3W+vp2r5jY7En60bYxd6oLe8mNVSAYU22lZ5K6Io6k2XxQycAiU63OJpR7XP3HhMd+NzWs9Hf+6xR332sc/9zGOf86nHPeeTjzvyE4979r/+X6veu9Wuh6fpPMk1zHvJu1Zp24YhKnUKECCJC5j9h7vbY+XKVcu8x7mxoTPGU6ErZ0Xe+/za5QdevHzPa5fv+eNlIA3ougP6gKc9hAG9y7V77XL1njt/Yb+nP4+i4Smv1FYGes1x9DdEE8OSbpzoVFYBzki7ltMBDAW8RE/WYTzsmLMdG3/a0562kfv8y1+uve+BV119564XrN3lgjte/MM777jvgQt/8aNnfvn1S84+YbfzTzl7zaX3hyn9ywcy8mvYRz/60UUzi9zCXR7BA174ehzv/9GJeOdHPxUlMdW/XkQVceLxCwbc5N8CT9puWANa1DOgteGI8cnFB93CITgfaogMIRWD9BhGQejd56F4LMa4vjYVrAziwzHhclBiKXKNRT46608R6jDCjfGpqjfdF2dV26qnwNAzipr9KZgviYSs3GKC+Xzohx+jFflE5kcFDuJnJg1o9RSjvlvDtSYV5e6lpWsUiBL9XEgtJDpEjzqZ5mwluylK1QGeVJxCZrZDQELdd+ywSNShAksQEyyn89rONDmxvWhtTeALV0taoLhW3kYJU+12KqLVc5gufJxdtK0pbP9GzWLOq/TK8UqCUiQuAVxYuGstUrGFCaHzL1oau1N8APNvHD9Ww5wp/wwEnI0+cwq0tq+Y5Wk6158iBHUH9Pjw7E3BglVsxCoNZbnesbZsOMgZy3GWVH4L1o4s5LXryhqjSFZzd8sKLV1bsisTSpSP9g/rIKFdjihBVK+FTrnKyjVbyW6qaMIkMZcTdTCZqhxQ5qYwv0gYnRTPOvL/NQ+4MEqYardTEa1eQ4iKw0ogohBJKL1yLFhFgMQlwBN3bSiQPrZAmSKh18cXDs+kR6w43VucfX5vQyNu7DuDAe7WOkRU0Dy1MqWqsiI5inJzmoXhc5WfKzF2/fSY6W9YdqoiyUxVjgnqipAqWJm1iprqJLTLESWI6rXQKVdZuWYr2U0VuZ6BzOmW9x70VCyPCwW4JjpxNWwJUdNNLMq/kUjU0aM4UU50X8DQ25ALvHBESxFboCzu7kvt6lSUsEv5iUQVMavHKYT7LJmhcv/kjfANw3wM91ArOXdMvbehgScISpG4BNAhPAzoLKi/POAyq+hEO+Rqbzc5o1ttw8KzqzMCJZYywLsLm8vrDmh79qkaB+27v60euM9+PgMazmxWjlcTosJClh/+rEOuX706nM2Njysuv9xO3I59236MnkvlmKCuCAHmV2atqnMhoV2OKEHsuvmtDs6xrdl3NXspiIILEi9rM2wJ0WdAC156fnYetdlmsw/Z0OodiB7yrfI2ZDgkPOgwmuMpHGLPPfbke80b3/jGrbfa+uyzz77gggu6M9jU4RJvi/b2Z2pW/diyvxVazqEJzvHvYkAfcsgha9asufXWW88666wTTjjhxS9+8Zlnnnnttdfefffdr3jFK7qk+WP+mD/mj/8tDw1onWWfBM3QJz4rEgU6Q+PC9uEb+TBo5g888KCTTn7N6aefcf7551933err4oh4/vlfRDz55NeQwPJRvkZlEYhl3SgwHP/P4miAL48M+QYK18YlE0DINKqkBdGJ8FG+xaTdrO+cjkTc/hzI4vzDkbZA+CR8sY0C2VJVA+QoEt0aZYwvfX0b+RcIYyOg1zGRhiYY51txEtYa+8ZiCG9nAfmtyNCpigPkz5609yN1n8UWT3uOZqj+Mhjh+0nyMb7IcRZ8K4inD8dNu3E6qWjCurVteKaIWrRGE5iCOwsYnvnC//vKtz3q1+DH7//Tu77/gl9d9T9+ddXf/GZc/cJjn7fHBJvGc5Y7N5MGiDZsP6H017aanJqatqVWZCiP5X1+nYhx2x32+MODzyjrefaZG631/NxPP+45n9J6ftyzP/74I/7l8Yf/8+MP+9h/PeCUoe2exiXNK89FiT9OqH3p8zfg5WOawBBomE7m/xRRdnPYwek1G1W8LVoR3tnQy5b/xbKl5+z/zB8e9Ix0n+cY0AN3QO+rAb2rBjS4Zq+dP7L/HofnFt7s7L3PxcNubm6CXhWud3cHtJ6150Uc5e2dJ8UQ7pk6BJwyYtxxHO+i0ZmZmU9/+tP33ntvOs/d8eMN9x34nXXbf/MO8OQL7vjpnff/008umPr8qyY//8qZL7z6dT/4wt33b5R/1113vf3tb9ffdyMfq61CtB/2lVdLpKnUo5+dqlOIVvuaZFY04d/FgPYOaG1iyBiV+QDpfVuHchDOKULv2JoG+DD185SuRoZYFQUh1HSYS7qCLqz7qSFWNgp0kxUjhwR0hg0Hkoj9EiHXDYRDLEtkKBwCZiOH00yrFFgcopL1ye/sZj6IiXDgR7aziFwNygp3FNTXwayLSX12bC1UeZxOuquukkdvyV3iLc/AKUCykRyKtDWBQxBlG5GhUxWL2GqUzXu0IRavPqsCikMgtz17MwFwDSsZQEizASNKW0TFKURrGk1gCu4sSAPas0Of9Zchvg0kAg6opqjR3M62ihxQxBcR0YIMVWpojGdMj9BV+Miay7Ynzz45wRD1eStZVHKIGz98o+V60Fqx4cBmTVH15VOUH+KihdHMUDgE1YY5LqmEdpVWL8Owd+kw2pu1dBFtRmg0C3LoARJ9plMMKl9R7lRVltcql3jLM3AKWMQlRIexlpx+Fkxx5Zt9GU5wUgz7OJeQM812qejStvnMojgEck03nVMTQHm4JAAIaSgWUWmLqDiFWEZeJTAFdxY4rCIDCS5xStEExSI12ypyQJHpPIUpctiod37hNTTO0CdFWN6Iaf4GnwoTlvwwUsONzT6NwitjZDjQCXUsVTXb2OqL0jqEQ6oTdhfsrmm7yMcWz/F2TTCq6GcppqsVblrNIgI50GgW5LiLy0XlK8qdqsryWuUSSkmcAhZxCdFh5TOcITkWzj6Fo66P3DiXaL2pWNlNjXVSDIHcO5F9DgaRV83X0TqUtbImL1xf0mqemtWiVE4hemeucc0Na1YtXa536Sy7lAFNDMSdtlEf4i6eiIAD/WWGRWq2VeSACwhvXea637mGxu3ok31pLIc0GVO90QzxHBl61opE4anVCdYFyYXjaTGHAR0tjU349IyXHne85whhSA5k7dq16lw3FjJLTMN6PQkO84WYYegjONiiOsntor1qwJYU4QCxbQ/IgW8VQQ67QFwuKl9R7lRYrr/twfnmpehq1hacL6+m1wGQw9CLVnGAeAd0vOj9m3b2Dug69Hk1ppl1qK7iwfCEE05497vffcEFF1x//fVds3mQ2LGHPnSfBzxoolvoRLsRCtyDIfF3N6CXLl165513nn/++bvvvnsn5bH99tuffvrpDzzwwLwHPX/MH/PH/85Hewc0X9uHet95220Xlg2tQiStV8J6rkdw8E32qKOPfvOb33LZZZd1H81zDqZIeO5zj6ICGwkrAxugDl8bcz58Z/bP78id6UzOKF8qcyHciFK6lbNgd3tyGdCdHx12wSjNEPP7aWCcr8aj4e1aGTLW3AFdUNF3piDV4OP8bpkGtBuxMM2QyIdQGShaueqbpulZylxeqxhSCjIy88T//IKvDTjL4A+O/vj/deT7/8uK10Meyp7+P4+7eOGS3TRDfbizZrRRImhslO8YGT0F2qjTqViKqBygdQv+9c3PWPv1pb8G93z/+b+66gW/uvKvHh6OOfbop05Qv2u48w11zGt3UQqE9gacZbiz6HrQ3hlds3FGM0/8bwe+5tHPOzvxhUf/xecfc/TnHnPUZx9z1GceE4/a+ORjj/xE4Nn/+rgjPv64I/7lcYd/7PGHnfX4Qz/6+EM/8vhDPvwHz/qnPzj4g39w8Af++BnHjU4tyT6pG5alcAj0NPVGTWDIyx16/L9/dXazXnMOu3uftZtbD1pTePmqlcccs/wbe+96xf67X3PQMzv3eekz2zugrwX7737tfrtds29in6dcs8+u1+y9S2DPncFVe+18xoH7rEo3uTGX8zbn9KBXsXvzAGhzgiXPlymsdqA/a1SBeLIqGtC8+9/85jf7Jwfb46a77z/60vVPTAMaXLH2vnde85XJz78STH/hVSdd9qk777unS+2PW2655fDDD6+9Knrl9fe94EaJ8A5oowslVcRYiiDn3+URHE9cvDCtYd4BEbuPrd6c7T62Euo6tjUMJUE/QdJ0Hl5IQjyFQwM6lfx/CekLQsY5haxGjP8NsLehVcwsBZAw1pvCRD6pC94BHcY0s5Rv1qoIh8AGiPbgFPWtTKQmRHOzE/OTMd4xG3vQRIlTkKzZnaZbGIUGZSArp22qZ8pn/SA0WFlOk/ApRpnpKZjjLiabb0LXdp8G0botZS4332Yo5aaxY0Z3cQn6QHGjqDpEuwqft19olAg4yUaGrnXKVcZSROWAqpaZ4dvyCmocE7naxeMsSE4xVvWKOd1Lk6ipgjpiLWlRCiSMWlYMRzPj/NPW282A3jSFvTO6ZitZxcxOSbu5HsFRd0AnOm9Xs9UiWsZwXWMUUSYys+Yg1hLvdK5ZdXiJKkQ9X3K6TZPoF0MUbUyldFDGcc2y0Apz4UakkQBnrZnWN6etY34lDKRN59alyLU1ge6qUaMzbNYm6oEaW6VEonDKSCaIrfuFRomA1y4MXeuUq4yliMoBVc1MhmMLh0svkThQuRSHxEJNFdQRwRQKOQ1KgXizM1FRxVkNL8hMY91O8N7ubWggKfdZsDVDoA1EzYJl3YhZh+oqwiGY7p1ZeyAypAEU/VO7Ki9MUaV0KxDbUhBFuGBYOtAUU1R3d8UBuBFpJMBZa6b1zWnrmF8JA2nhtcGjf5IDXKWW55WJyHBRPqCjjZkc9e1kYNPaGjgVkTrpBXtDNHXowSgRi9OENeoVSuQVSwGve+2pa25Ys+uTdlLUFXWWuGTSJywHiY3SgJZzasQQ+zZUHFZLDitZqOs16yy3KEVvWldakcgZ2XmZtjrpNsxsnbuKmb3SvUAMAbp3QJ+ef2bQqSsuv9yncDx1510h551zDvpLjj1u7dq1Lzv+JUv3O+BjHz0rX8EJ748+9+xz8hzDVyUydcDe+6QBfTxb2K0N2IMx8zvdhqtzpyCKcMGwdOBZK6rn7t3L3SK+xv+2h2easdsaklvHxfR1nMtrFUNebgjx5FefIDeZGAZ0HVvl4y/0mhcsWCAv51fOFIdi1+Ccg8SOPfSxZT6vI2583jL+9uAWPpFj4yN66s1oDtsj/o4G9JIlS66++uoLL7wQ0kkbH6effjrfo/6/+iyOv/3I1Vd/9fVLu9H88Vse85dx/vjf++BjcKgxnSHtnyJEgYOaVR/yuc+JkZGxo4/+izPPfB//svqxfP7557/0pS879NDDKP7yl7/8vPPOVyfhve898+ijj7ZOVZakYTK27cIhvjOmmxGK4gikT5aP8q0NymyCoXX6TGIHDWg94lwX5vLDOWojt1Dpxc6Dri3KmB7j6yEd8403Mc7XzNHOwp7Iu1lV0jCJygyJ6gNL3M5Mosn/deUbWk/5Dw89fYunPWd4+okjMzvQgJ448Qn7vbRNK5Dv/c6azhC5RO6QvVrYmLGILdVwMv+OH9zTsflzzlw+x0QewF/+6srnP3y86OinhPs8EWCXuq+5enOqhm2CRjO8zGhjJUBo3rQFT//Lxx7+4Ucf+YlHP+cTjz7yXx99xD8/+oiPPfrwsx592EcfE/jIYw79p8cc8qHHPuuDj33WBx578Psfu+p9j1v13setfM/jVrz78cvfFVj2zscvPf0Plr4jsP9bttjp0DHeBlwuLkwSME4DScBkOP6j3qtbOqJecyIt5t53hosc5mSf+fTjjtjhHw//0Krdv7vPrj88YPdrD3pG5z6LI1f+9ISX/uiN//DjN5x4zQl/8cMX7H7lXz/5qr/Z8eoX7HjN/9jx2v+x44//9kk/eeEO1x37pEtetNOLnnNQFu8PHeckHfIpHIoRIyGGnoInCzgRz5qob8vJMoyf8JxFPPSQQ3/yk590FvIDD9x///0deeCBC2+795VX3fm8y9b/xaXrf7zhvjOu/vKsAX3pJgzo++6776yzztp+u+2rB0jtDnFHuURuTj0DWrjKWIRPqHZIwVcf94QBN/m3wBMXL0zfmY+AsSSdP6sj7FDAJ/hx6xOc5XoCb3+2w9aDlqcZHdXKZZZD2j9FiFIbOVu7yIEmY8GhHvRwPO6jM2dBcRdWZQkggV3CLuz1KjjGkH3z3ucwOvmY6R/0DBjyQaxCbJEJaUHmFpqSRpXqahKxj/qzOqqQAmkkI0qEaxWJJgh0RMBaa1qfqajWm7zqtYShs9UAkbJMRT6z/RkNrJJUVAFVSl6ZELlE7lBSqLR2GJ5yM+QELe5evliTYxP1yAt6bk1nz6IsaUBLwBN0tggiV6CGAh73NfcJ7WwNp03gX7fhaGZ8JDik3FuiIhwyOsR17tJcAmpWvbGbx6b452KUD+4OOezuFB7Jpye3C2sLoFizgIRYkru3qxwCV0HafsxhKnSG6A00dm0J6AgbK0Ff2Byjd0ajV1qhRIiAV0GrEYXVhDVVTCaTYVsBTEFIYAl6Y8WGx5p2p0MJUTO01SuqgColbyvIJXKHkkKltUM95RpOc4JZ3L18yge7oJsGbMwEV1WrDp2tYRFECzoU8Jl00qfg1GQqeTskQVEPWg7RjDamGMokb+mFpKVhmteH5oHcTeH2LPSACg6tSUE522kYyZkCiqmEZaZHNjHw9OQUHQK6kiNWgjnl7ZpZqASHVmtrQlxrjpEeiLVdixIhAl4FrUYUVhPWVDGZTC5XPH8jn8VRF7CuDECBe+mYcrbSNPKAF01SUWW7qUV//fy/+qcPfuiS73//lltuuffee3lBZ3o/11ISuUMqtHj1372Sb0BWBhJPqoYXX3RROrCxr7PwxRPT202Fxbk40ZnO4W6zMHroLOncFxKzfRutjpjnO5vmbBRnF3pgU9pI3g7rxmc9aDmEJiG2av9eLtou6zZy0p5OHpe9vURiST4ueel+B2xYv+GM0053iE7+FZddnl8l4xka2XboEKZ8KrSzHOed07nPvMply3ob9cuOf4kdguo2S0WHgqHNV2ahEhxCHFYmxLXmGOmBWNuJrtff6uB0eCGict85kbc9L6IX1lczLwJTcWHRgZeCCF/Cu2Viyj9CCEEnwrs/QqjDu2XvMhN1mbWb1SXOenQNzjm22nKrjj304e3PW26x5WYLNvP25xjmsVUebERkyEZbb721Ihz9dzSgjznmGH6S99lnn24859h+++2vvfba9773vd344R3hWD7E8b/UyPyPd06jg4/8bTf4/+oxb0DPH/97H3wMlq3sLc8CpR2qFGdq221JQBk54IAD3/zmt+g+33DDDYcfcUR4y2kW6zITDz30MKZIIO0tb3nrQQctrVLMjvAtnm/yfCVJ3zm/wIYrBYdQI0gPlpBhHCWT/+7vpLaOzoPWxDDf2fialndA+5UcWLaFpahATAejc4QtTmT47W9/G67Da3Gg71y76GASrQMBVnNYpMo6FPCJNKlNaGcdbrtkt7KSH3/UvyzcbnfEPzropD84+uMLJ7ejmewhWiL+8T4vruQWQ9vtPk4OmaTxbZAz4tt4cjA55+/vEe2NHuScIyhun4o1C0hgyTnvXfarH/7FvyOO/YvdNIiB7Rlr02rMIbNAxVlRCUXIqdn/e+mpj37W+//zqvf+55XvfvTKdz16xTsDy894zPLTH7PsHY9ZetpjDnr7Yw9622MP/MfHHvjWxx7wlsce8ObH7v/mx+73xsfu+4bH7fv6x+3zusftcyp4/N6vffxe/+/j9/j7P9gT/L//5SkvnKQ+O9JPYmw0vFeU8p0dao9CuLZ6yj30oCOWDb3MG5DTfSbuf+Szxk97zsL3HXXMcQecu88ul+zzlKv2f1pnPR924HVvfd2ai7/7gx/+7OIf3vq9q27+yY9+dOMPv3T9Ocet/vAuP/vok37+z0+67ZM7rv/sjned/eR7z33yneft+NFT9zzk4BXLlsYe3vW8gl0Sne/cW9KzSh6eoP6yFm0RRH4Iawgm+C1zetF73v2eDRs26Dvffu/9166798q1s/je7fd+57Z7V2+47+777m8N6BMv/dSGe+++6957frLu5uvW/eLu++6hAge/gO233351JdkL7uWd3ZfXvHk5fATHJD8HiSlelvjfacIrp+GBhXKmgOIJx/073AG94xNHyibWgC6McTHTWXMIcUhkGJ9r2Uy5z3CKpN3MRycTpHXQBY5VPdGMFijtUKU4U0LOpzbgU1v/UR4f5elfW9+eJXYrStE0RKmTCt5XKzBU5COpbGj+VeDz1A8polPOalMyq9EJKEv9AZBDJ7/GTo0+0/BFNw3o81KQSJFSrAlxNurnkCipE3Eo4JrUJrSzXSeZENWyrF4ts0HsIWNbgV2YLQXedbhxfTmgvjnCITr5bSlQnClQdSRgkhB/jHH2tmIufms3R/PJEYkx22/qOVZmASXSMh9Yra1pgssdximgDXN22UOPsm6LaOzWbDtUKT42xK8LgYk5z9+YHJ39I4SjacVqN8cqlb64KKV8Z4fmQ0ioZMBQsc0ZWcgPYCgO2XSSf8qpM9wZu2ND8bQNRQ3fAUSfC4eJwKF3N8OJzsJZjm4aqOJEV6nAHTpbwyKI9TAQ05wNDzeNztaEbYckKKKUKwphqEisBIgP2WiXaJ46q+4SodlaKO+V/LYUKM4UqDoSQAJLqNDqiA6BqyBtWXNsrzILleDQatO0is5smssgreRuqI+j4qyohJ6QE1FM5g3I1C+4r6h+5DE1x2W2MsT66hJnRSqd1UVka4dEOESHt6C9a6wcWlVx6JSzVmO2rLSBgsIirnVIvplW9uKw3D5FFSe6SgXu0NkaFkGM7eDUjFUBLkv5cVwZiLwdtgm6crZEWYiR+vKdn7jj29/6tltvvfU7F1385je86YhDDnvaU576xEVLZvjFhmpZmSLAXYB28OJ0XYF2qu4zh+4k2wH5mjVrVh60nB1Rjj7yuevWrXPWBHpIOzWuvL5w3QHtpsE3frYGYGhjzraoBIdWm63Z79Ka0Uuav0DorKgEevOkPAuB0g5T6a4V8LUAci+dU3lZghMrAahLnBWllO/ssOqQYIfCroyZE537psomY+iUs1kt8n0pAdxSLSziWofkm2llZn0PeJgZhn7fTLcqFU+tS80jzitzAGR6ZKIeO8M5Cni99HnWs7MOF4WLPf2aE05cjMJbK150yjYG9GYbPwxaIxii6IFYaRxdg3OOh2lA6z5rQwO2YxgOdO9Byzlsia0lv6MB/eEPf/jSSy/tBg9xnHnmmVdddVU3eMTH0td/9T/OvfwPd07z7OcN6Plj/vifetQd0KJMZ4fDafiqE50CDIeHR7fddmh8fPKkk17jkzduuOGGxUu205pgoe7tKF+assh2222nB33ZZZefdNJJExOTVY0Eiuf3a7/nds6JXKS30N2AbGWLE+2zlCjVeNByEHcrp52d/3T85sNqojgk94riVbY2GuObbEzxbbizYokMjW1BpoianhAjMIdZCPB25gm+BGXOfzvwBE3kJ+z3EqaGprZ77DFfYLjlzittCbQ29CafxfFfV77B52/E4zX4dpScyBDQUtu8biykFNsrMKv/CzwFcyr/nPce+KsfHPXviBcdtauGoFvYg0Sg15S3PwttaADxLOTtchTPZfKD1/3XI9619BVn/uQnP7nxxhv5Jf6OO+5Yu3Ytv2E//IN8Vt1yyy1UWHXsGzZf9Q97f+PmSa4nu7N/D63M8kZVitPS8v4hG1rMusxAMd3nWWXZ0uVPO+6wbd571NYfOnrHfzzsbSuf+o09d75i36dcc+DTfnzYQTd+7pNrbrj5LZ9fd/S7Nqx864ZnvW3DCz+w/iNfX3fLTdfdcdGr7/ryU+/72lN++c2n/PKC3R789lMfvHC3By/a7ZJ/3uO5hy9bkY5z+Mqa3b3LrPvssMSVK8Kk7vrPk+1eMl60RJ1ym7DLTrt8/Wtfv+eesI9/sv7eV1y5Yf+L1+554UZY/p11H73hrrvu3YQBffrVX9r/q2858Gv/+LGffvvue6MIL8GLXvgi2wASos/fsA05kaEt2dsE/wmHK2xop1zCWUAKJLsEMPXvcge0f4SwngHNx198cqWPKUHhQ3YTeqKe/gzocISPw4Q2tPdBD2270CKujU/YhJ5yKTXbbgdcOCv2BvTAw6B1AKs9gdiWAiSg6BiaTJRbB2hu6oRG5UgIl5nIvy58bsZnXyoMi6cvGaW6armRRLEwSWhc1NZpVZGw0PbkDmuqRJbDjepUIDPaTlh/irdNX1zdU2PW07QCaeZU82WzAst218QeGhtaUlNGC5omJ7Y7VjJDWy3FVQVmWWuaFczJ/M5I1RjVG+VS07kOsieiAqqOiMZyijSIXOJZz9UFek3F7c9smpgkMdtIZ5wOoyu4HQoUhqXUrM07BcaGRifpPa3nuhs6zehZsxVo17q8wPIBT5kEFCu3e7ULHZYiVxzhJ7pRfHCHu2sHCxuba/sKMvWRAbMM25ziEM9R7rDNUXRfY+l1cUwg6mVDaqE5U8xC0i8Og5U0lnDuC7tbgNG1PoFerRGQBifKJTVltKBpciJD4I6V3G6k4qoCs6w1zQrmVL6xplSsiVI5ipIaOtUulKBwKUrXxi1MoKfdDGb4Ba/XpymYU5DxhcMo8n45MU3nNEkdemrua0uCoddNMWI6pNSByEF5SYrCllplOgzZsKF1u3TTiguHpcgV7bmU8pHhtQq4sE6wdEFmnG+fybDNeeXL/+5VL3+FU6Q5RXRoTiu6r1G9+1LxCA9ducW96cxV8sKWK+e1rV3c1AaOf+GxN//85k/96yf223PvboolY3nvcz5/gxeOIlp+RKuFkxubhplIXDwxfcIrXkUndQc0dZgqvOGU1/1szZpyNq/84Q9f9IK/tQ0rGG2g83x7B5l9zzvn3DzR7uB3v5cd/2ISrrj8CvhLjzseTprnS7K3EqPQKvGM097RrcwjZnnR2b3fy9ufhTY0gMQt59lVb5jGKdun5+WQk+r7j+1sA3ihSiRKVCqT5WUrF/JCdWnChV5Dk13bL5ztpBqTK/pyl8KweK0CLjS58gtktufOsM2Rd1f5tzo4Ec5xEadGqe61yFenP9880+5l9drmNWF30uItujj/fwWo8JoTTvRW6Kw2MTPSPwOa2JnKaUAz1O1l6I3PEMUFCxZkVgy7Bucc1OjYQx9bbL5F3fi81ZZhPes4uylkYAjhkPyOBvRXv/rVs846qxs8xPHiF7/4zjvv7AaP+Jg3oOcN6Plj/vife7QGtMQ4nH+K0OE222xLTNM5rGTdZ58Bvc8++51++hl+Gnvvs9ARto4FGR522OFmvuMd79h7733QEZ11I74zorFIP2S4MaDJtCaxJRaBjKb1TNQUrsdAzw754hZ2x+wzoNkuv6uG7TsG7y1sQI5lFdetW4dCzGFsYeU0OoK4CzFuteb7MN8ls046JFFfhaEbybU+2aVmiUIHOSyUIBSPE3zsMV/4T8df/GdP2psK5T4TyRnnS33emg2nEyLNPP6oj7fWs/iDoz+u3awHTfQmaJ/IEa403/ybbuFGux3QFYnoEMWWnPPeA371gyP/HfGi5+48sNFk3uNMDwVEI5iamiZTqNMqp9muMrNdOPyJmxf+y8+P/NS1F1988ZVXXrl69eqf//znt91228P3oO+4445bb72VVaz94Q9/+Pff/9kuF23Y6aINrYlZDqz+Zhmjzk7wn2xbf7liS8L2TR7W87LlEVetfOKJR2z1wedu9aGj/uyDRz3rFQd9as8dL9575yv33/36t75+zQ03v+qf1x/wxg37vr7DPq/bsP8bNrz1C+tuu+Gi+7737AcvfvqvvvP0X31XPO1X39n9pi8+/bhjlnbWcn+U41yms8b0sqVhVa9cEY8E8UQ8X11dz6v72cvTR+fnXJN3v/32u/baa++///577rvvY2vu3uWCtT7xeQB7XbT2Z3feu7EB/clLbrlut/NPUVn+9bffsP7W+/J473veO8Ovr72zbNRutjciilOh8GWbIT902eRAGnFAVyT6mv67PAP6SdsN5x3KfABFLDctPrz4ROrd2yLdLJ8QPeKjMyPLx0fH9Z3rJughPs7jORtjoEpZrSKblr9MMlHTuQhTkmiPmJ6j7rMGdFpj3RKS7Z/oQrhDZ91ogvPoewBRPD1Ni1cMws9wfuzyGS3n44B/DOJDIYfqaU3WcNaaNLaG5iQ8T0RfVe6Oip3SA8UoATZM8yhUU3SWKet3+VkWouXK5apZdyluPoSyndgXrPrqVKgiFCS2zcOZNY2o3cxUdeKUisN2udG1A3qVrYVO6Y0SixDDZmUXZuk2fsoiTnENWJKOsxWikzxNo2l61qW3xFnSCiG60Uh40Jq2urR0QhtgcoyJ8JftrZo0MtXmExmaH+4zP/f5DOh68kZ/73NnpLLvZC6kAgurgtW0jB06CyBuKgeubXkpRUiWU4qyRIfo9qC3q01cvVWHRIc6wuoqoCzjUgoqc5O9jbqt5pSK+WZCvCmbJTVLDJLOplGi9VzDAU+WWMYonGRimwPvfNKM07x8OWtEcUrFYbvc6NoBvcrWQqfmEqKNOayFNiNnqpLdqKZqthooolnTWro6vMQ0dif0nYH6+MJh0K7KzPBVK057W3FuzUburmspsUlI6xxZDTikrFvYBkSRTkxTzN3DF16Ubpo9AHqQFC+liK1CZtJ6JjpUHxi6RFKzDuE1qwLs5JUv/7v40vKrX0HUgTlzk7W/22pOsdwhMHOmfx7xZDx1pPMuiQLOEqKiV7KGXLRKy9h5hW7Ni3LWhz9y3U9/eujKg6uZRRPdnx/UgOZ1JM0K7A60elFyuJHb+Oq/e6VKbeGOxMUT02vWrDnhFa9CRznjtHd86hOfhDhbxDOlDQl7edvyeeec+4MrrmBflerkisvj4RU+Q9kpcN4556Db8G477cLshvUbDtp3f2eX7nvAlT/44VN32qXbIiOIJz/Qc0LdG8+X5J3RDEF7Rl3D/Z3CDLnaRK4MnbC1xGsFEdl2+KTCoRezz0wXNUXf+Q6dBZAl8ZCK7kUBrp3bW0u87BBKxeVNx7n0gaFLJDXrMDvpZlWAV0CRmO+F3/IIoz9M5LzavBtH44XgpVnC97Ph+EuYzfnOnjtRovW8mKs6PvmaE06MCsymQnzUFr3DG6Zy7z4TvdMZogLXkpardw3OOR7mHyEU3gpNjCdB981svfXWbrFVPnaD2A5/RwP6c5/73Gc+85lu8BDHCSecwFfWbvCIj0EDOszMQUt2NqcM20zrjrkGbjv765zR3jn9Lat1y7OpjeceRgP9qjoeYvlvNKg3KrTxZr+mjY23mLsMZRPntXHTfWNd/kY1f0PT88f88b/w0IAulOlM1HceztuTFeHmDA2NbLst4vBf/dUx558fj3g+77zzh/P+Yu3j/MrfPUgaAsIzHRo+77zzSP7iF7/IQvXaAkJBiqQd0dnQDPlSXAUBRFTlWMOXcQKZXZOkhYc7PMwq9HEUvqumrREGNAXzqytflsNOZa2RCoKcUogMPSil0QwRaYPEXooZA9bUDwGQcb7upeiwEmi4RM+FOhQEespZNhznR73sh1vvsJcF/68j36+h/EcHnUSmabVKZeCB0QVN5zKgiUADeoSvSXyHT5fW9iCT+ciLIoKh0TQzjbq6cBLOfvd+v7ri2T2OePCKI355OTj8l5c9DERmLGFhFXnRUbtYfyr/ZiCwH0kNAd3apKiEIp6OirBnyPAnbhbjZ/3sfV/+/iWXXHLttdf+7Gc/u+WWW26//fZfb0MzS84vfvELfjW/5pprPnnptft8Z91O6T6D8jrD6CQkGTA05U6RHCbzxvc+55AjFOCt0ESkAw9ZOXXqEVu+/8itPnQUGHrvc1793Gec/8wdLz3soDXf+e5bPr9uwH3eO7HiLRu+fMntG65994Pf3at3nzWgn7r+67uf8rID+/02+nuD5T6vzH5qGMey7hEcnEidCz/MdWpywA+54pHPPpKLdt999919733/dP1du1wwaD2Lp3177fUb7j3rJ9+e+cKrJz//ykVfePWbf3jO567//pPOfY0G9EFf+8efrr2ZOhwXXXjRdku2cyN3qYvv0Fh6NMP3PX7u+PFMHTI1Ef/DAMQcYf+VZua/yyM4dlgypFOsR1yGLJCPsWkac5LQmeU/fRS0NLRtlBJlahcZKA74+FYh6jtTH177mjOQSeRTmw9TItCjJMYN0X23fNqaXFxdUqVU5ETdzCooCfDBnA99FvrOREUiw0l+rLrZcZS6XDkMEYRHmXr4lbmXYKNSKkpYG0UqM2uGA5uiQxBbNAmQyEnROnKgX9wV3/i5HPYAPHHLVn2at7LL21UqLp+9aMkVTejK5oVVtwF4rYJoDRcRDI2mmWlkeVi0/JvCjwhvswTDeEUgeQ3ryscpsHWce95La3EKZoI5cNHqU3w09i+iYkVBt/qzQnOWWKSaLNgnhBj99DmVHznNkze8/dlYBjRnMUm1rGBBl8PtR64uMdNZiNypSlaHCBMEOWa2deLma/KHw1wuC7gd2qS6Ma5/orWMK0rKPhbqbbIgrU2AkKPosBL0rBW9QXuCguSn+wkHc11XiB6omYq1SsXltUSuaIJTxNJ1uuG1CqLfWkQwNJpmppHltQtDwbDKlp/uFKREYRr6JrdQD18mbdzewA1SQzDNdnmns6iEIiT0SrilIEzn3oMeXxgnUqcs97zq7CBE6lCk+tFBq+IQFThKcfUk4Uq7KdxObEMLTKIOESaIMsuqeYaL0s52FsU67RC4SpFoZVD5r3r5K/i1n6gNDXGLyoS3yx0CeyiFteTEV4g8ZtyC3SHhm5NJkbgOXhY4aYvS7uyv0iCpVVR2L8jiienzzjn3W9/81pO324ErYAO77PDkfzj577/y5a/c+LOf3XfffbyO3g3tcgtqAlqWItFkf4nyNt4woCWA33JXHrTc+q977alfOv+LZh797OdcdOGFLNfQNEEs6u9BhsQNyGk0n3t2eMoauLyX6Cpc8vFJxAu++a0N6zdwLvSDAjSgXYh+/errn7rzLq7VWa4o2M47nUUlFElXNPUe9GnbRK4bpHdmowf34loZFSsyS+wzw0yvHBW4a+XqEjOdhcidqiuZbQQRtipyu2hVMa522rs1i2KddghcpUi0Mqh8eMV44/62x+J4ajOvfv+/QKQNraEc5nJ/HXz7yfPc45IuQtFx5uxGxl/z6hMl4T7H/4qTj+DQa24PvebSFyxYUBYw4pb90TU453g4d0DrO2/h3x5MJzpuiG4O9tJuLk5kCPkdDei3vvWtP/rRj7rBQxxnnXUWX1y7wSM+0tJs/c90MTeyLzNFxeyvfnU2QUu0yc/1VXBO+Y2O3jGt5Rsv5vi11WJyo2byeCQN5OyvW76JljY6cra5GB/ZqLmHbIPhQ14yx3PPK0tsVOP13Xyu56j8wYLzx/zxH3rUHdDp23YetChFQtSJzr9SGM/fGBoaOemkk6+77jo+il/y0pfqPgvyramzDCg4Ojr2spe9nGSWvOY1rxkZ6XxkUTYI30nT8Qg7RWhAC2tGNl9Z+faaihFQpzclAuU+d5yvOekmQ/KbcuxlfatVQXLasvy+hUJMMQziuTFAfb4kpINJqTG+PPeIvcfDBoXXLJGCTjE0JsI+LjdZQ3nLnVf8yb4vpiXyt9pl5YCn/IgwxvcHatIw3wPZKBGP4+gfUtE2U73RNlHA6YSo2CYQ6VAwPOc9+/3q8sMevPywX1526AOXHnrf9w+553vPuus7B9918cF3/ibc/d1nkcwSFj542aEUodSxR+/iLsAOAZ3X7jWsrhxWAlHrmYTSK8eCZUCLvT7+029/+9s/+MEPeOv+/Oc/94kcYTbPObzx+aabbvrJT35y+eWXH/W923furecyoMfS7hRlaKKLEktZvpHvvMJnbqxcuUrf2dmwf9P/PfCwVRNvfvYW73/Olh98Ltjig8/Z6c3P+sCBO1/yd8f+8MqfHf2uTbjPe50a/G1nr79lzWW//P5B7e3Pv/rOU+/99u5vffX+bBb+cvP8jYEoSMjnRB+MWKcGOGXPBc4JMlTUJ51EG5v4m7/+Gy7gvXlcs/ae43+w/snf2oT7/N7r7lx/971X3b7miG+9a+YLr17x9bd//5affuGGS3Y45+TJz7/yKee/9kPXfnPD3XdZhxfiSTs8qbZ2X3toh4AE70Afjx8HfvbiZTLBaAUBp/OBsvB/xzug8/ZkIx9DYTvymchHDMShikAvA3p4aJh+gvS3PFsKlA2t9ayVDOCWBfUhXkrt6F5D+VcKXWuRrlS6zwVvf2bKIiRMcJH6trUIo+2cBU6BEoMnBlzOqMzFz8/H+Axt/vYgn9f5QdwBhU1TTK82G6CyNqV7qUDABDG3KGuVCGJJztqVDulAFCRM5s28rQgolbbsOJxZhopcKKcYGoUJiuoo1LQB20avxpi1jsm2rWiCOSWS1g4BCTZWw5YQrSxi67xxW7FNILo7mBjlUsw+BAOEN0qFvP7EFiheNyq0OURJTPET16xFEa1eQ+1aetA4LpeWqK2sdVuKXEsXlCJxCRhdyEscz9/Qd9aJNmq2Cs40HNXeJh5Z2P11wajAVFYGtZ1ToMRSBrg3ULu8ZolA63kWnAXVshM5kSGkPF8ViKghUS6cVTRtIAoSKK73XSJgiO6+NUvUcVbvYqJs1imqsTAVUA4sEV33tmYrGb18WxPMKZG0dghImOaFboYtIVpZwMfykdCKbQLR3QHDtiYo69nYAsW18jZKmGq3UxHTdIISNm48ANph3fLssBJ0OYl1J3IqnVU6wRs7EUqeoL4zsTb1pNpmYpilCrWLQ/ZalEabojYT6PPRO6dyJr2/Vhng9EYkDdQsEZTtK0xTlJszsLBdVUOipvMrX/Z3KprRiKYNRGHxRel9lwhYiE70YHYmF8Z1TjdW060uC1eJNEV1Lx3XiugQnWHmx+kA9v3ohz/ynYsuXjI5YwPbzyx55zvO4JfS88459+UvfumeT3/GdtOLePkWTUz5subyANWW5LMORO4eV7gsSBSiOOO00790/hc1MQ9etoJf2xDhuz5pJ9Jsxn7KBo0iurphd1IkIl1dcfkVEBUaoCv4FZdfztQZp73De5xNPvfsc36QySj5F//e0XUbFnncy9w5m/lgDYmKw0ogaj2ToE5vNO+pVfOlJOnMUMA1h3v9GdbL4WzBhNJZ5eM4FKkpKt8pt+uV2B14/YvHmycbBjVLBF7zgmmKcnMGFrarakiUCxRe2TpqbUVBJtc2X/SNHjuzKP5gYHfLObP9C9E9CZrrybkbRV0Qn7YRXjNKb0BrPaNrQ4cBvUXe18yh20vk0H02mpByZwdrQ5eJDCEuWEDyFoIVLAWxdIstt95q67Kbfe6zvAVKexN01O//6iC8evjdDeiVK1c+8MADRx99dDeec+y+++58ET3llFO68SM+5hq06V423mdr0g6aoHFsVKFN9pirzB5zjdKNiv2mahqvG9d+ZA3MmRs8+Tg2pXVHTG18Nbrjt2hjts5Dntcmt+ryf81lnD/mj//Yo70DWn+55cO9g1zDXiEiDr/2taded138Md/DDj9CJ4Gskd5WrrXEtG67p3CsXr36lFNORUdJ0yCN4/Sd8xnUI8JqFgRjfKXKZGI141TBUsPD+cyNcCTCGoaj5NftiDTgl3Gje7E2/YquDjnWLxGSdses3Wx9McaXLHS+9PI1mC+GFG/gcsCsnonnImnzna2HabiRw5GZHVKJnLr9+bfDON3y3Y+G+TpBTfqPXTpzORvoHF4NWRUAB+qKzpomJ7bJZ79rn19dfsiDlz3rvu8ffPd3Vq2/cMXtFyy/9ZvLfvGNpb/4+q/DLd9Yeus3l9/xb8tZcs93Vz1wycEUodRxf9HdAU3xuglaQxk4BA7LVlaRVIcA3iZUzoABDYb++aZXn/3D733ve3ykr1mz5he/+MXArdDe+HzzzTffcMMNV1111VsvueGpF29kPQcu3DCe7ucEW492NrQmppYob1CiQOd6Aq3nVasOLrtZD1reAmW/Q1eO/uMRWs8AsvX7n/PCv9nre6ee/P2rb1/51s59LusZ7HlKxJP+ZT3N3/+95Y37HPjlxbu98+/3y0dQd39gsPOam6PugAZyDk5QxE9dEs9LouhpOvu3/+Nv77zzTo3je+6999a77v3Runsuvf3uS2+765Lb7gaX3nb3T9bes+7uezgIN2+449rbb7ppw+3wW+9cd+kt14HV625Zf3cUiaR77uF12fFJO7qv15mN4sL2Lbm7s4KpCb5sx9OfiTFbL0otMU0l8vtT+Pd6BrSucdrE+amatqOkfDc+toqPE/gQyw84EcM0mrWey30GGtN+yOojC5WWu0s7HFAgKmVl6qiWB22maTQJARBXQeSKxLafbq8sCMKXpIHcSA+aD9b4fGwQH7XNTdCAS5QKPDZyF0SIsfbqEnqo666CMljJIUoK4br2urwFdaoIkHgi5jvrkKgiryExVqH0WzMUTrnE5HBys3mG9dKYo85VjQuY3ASIUGShqCXAOuqKzpomJ2YyCrMBuTZuOKd5fbz+IH7EcgghqtesUyWCuvGZqeLtWuEQXaPWHiQ6tiL6aRIqR65l3A5nlf65z974LJkMvfN5w11N99noKog7MiwbGq5IrKdzAHPKU3Zr9UpzqoBSmzLU1R1wjfWIy/Bl2CYU1EusfPlAsqesLm9hfVALibVpm99ZmWzU8xoO2J0S0U6ZPM21SieXIaTyiepj+QxluQkQochCUUuAddQVnTVNTmyTHRLJgbiqTbOUCW2+s06VCDi1mio+nWvL7QVwLeBWkWhMi/Kgp8J47W5/Tk5+uOcUt/PYZWxiQIHMpNIabUbgjkYT1CEM0XNJmFx6akTNZYHetdFbYGYSK82pAoqnUKsoq+IskaGbGhm2CYVXvqy75dmh+XVD9ECyzSOa1k4B6rMKQvQgzU3DJB2f3HqPbR/3sgWPOvWPBRylz+x8TF05LyNRIjQBqfniFx3Hr6a77bTL4nwgw97P2OPqq6760vlf3HePeAx05PASsJDfbfK1AxbPIp33515sTZGyLNkCBQ4Qn7Ljzgxr35qSozsl5JqPJISTm2cNOe+cc39w+RV0xXDJxo/gYErS3PUcd0BvNzWjMX3gPvvB0UGsZaO0NYVDNy1FojEtop/sthpuuaefw7jO7uW1UrGxnnSGshHUi1UJ6hCG6C6xmrP+dAj2JceLD7z93H7indN0W0Ah36hCWRVniXHKaUAbGbYJBfUSIbyyD/+4//77r7zyyosuuuiLebzhda9//amve/0ppx7/wmP33P3p+SrkTc39BexPmb3iOhcHSybCqu5s6NGJvz/hJKL3PovOgDYW0epV8SgnmrhgwQIIOV2/cw4SO/bQRxnQmtc+D3qrvM2ZyhyS2lRF/jsa0Bwf//jH+WnfZZddunFzLFmy5Pzzz2d255137qRHfGzCqtzYcN3ION2ksdmImzJkH9Kk3eRUu/lvqtbmdsdvWjJwbHRyHJuoyDGYNXts8npwPMI2BuY20cVDt8CxicqbKDF/zB//UQcfgwvTXAbbNn9pkK/wEqckNYxnZQyPbrPNwte+9hTvgD7s8CMWkh+mxEiYwxTICtq4goUa0Cz5h394beWYlt9ew3E2UgdScZTZLEKePkO3aqRzh+EoybunZACJBnRY0rkFDViWId9Sg2QFAacUOYrGsbHxCy+8MBPCF7Z4EdFZ3n0dllQc52tmckHNUipK+u0mhL7Kxn70mM/i+F0wztezsXBavfc5DOhszB4kmrN6sopyjVqGsbxZIlc0wamz37Xng5cd/MD3V9598Yq1Fyz9xPnvPviffrTv+376MHHUWVd/8ctvWvdvy+75zooHLllJqeOO3lm72b0EQ0SJzdesDSsK09Cr27n6gPsshv715id97PrPfuM7l19++U9+8pObbrqp/jjh7bff7h8b/PGPf/y1y6465Lt3DFrPF2148rfXP+mC9RPsxcUZCddS0xnI9TGNisbleb9zGLzpOPc3PnN0BnQ/y3jlgUccPPLWw7d4/5Ea0GKHtx7y6be95vtX3/qst8XNzt77rPtc+H8/sf7mn6954HvL2tufwS8v2v2M1+zPlgP+chGPZUvz7uj+INOzaM9IeO41awR/+7d/u2HDBo3ju29bu+5rl9z27s/d+uaP33HWl+++9Y47r1p9xz9/9fYPnXfnD35yz113333nbRtu+NL6K9+z7oenF9b/8IwNP/n43bddmwZ1HLfddtuTn/xktmBH9rUBOKiLX711JH4i0iZr9OIsVPEU/BAR8BOPXzDgJs8FlcsphlhHsmhm5H1v+a9Lpkf6m5T5MOqcUG3cMm3hfNbEp20iLE4+3PJzbWghn3dR3+c+az23z+JIAzqWgOG8f1nI1d0COCWpIWD3ofxLht2Q5N7TlESFOIuwSgVpVIAQ2QtSu8jNaTOjTsYJZrO4/iYxdmn+9iBc01muLtGApqBbyIkM41VOBS6cje1yI+MkrzvJifBec0kRYeeFWkvUn60KnEUpFSV1gkK9TQYUtMNSINFMig7lgKtUIrzygWWBmw6QWiUpzioVl9cSedOq50JEJznM03BFqcAbnnxy8uJoIhcRDI2mmWlkuXazCYJhlfWFjtncutxeokAkav7K5+pT45MSpyQ1HM8HbowuHNGG1kg1FilPtluSPbgFcWQhr0UUhNe+5gxkGjeZ6VAF7lq5OoQGtHpbN3mu+QsXzkoqkuas3CWtcQy8l7lQa4l1KQT1S6kYaTml2Sq0XKd0V/sh0MYtBUKOosNKGGseu1zPuHDKsqBM3pbUKklxVqm4vJbI21adIpZuA/BaBdHSLSIYGk0z08jy2oWhYDjtFchd9Hwn0NNfZtg+i0MDWi94wIxOfdZRZSP7kdQQ0G1sV8N0utMv68hMumkqwk0h7gsxJ8WwwIiT/d3H7A6p2PXTG8FtjgrctXJ1iZnOQuROtWWFs2U0V1ol+Of4Xvnyv6u1orXOgaWMZLIETvSoJol/8qw/K+u5xau/8ToyuUqalVwrouCK6c05hCwan9pp+yfd/PObD115sMX3eOrTf7bmZ2963RtsnugV4IXrnnSRN0FbpKoVsUnKlgWJAte13GWHJ5tg5eLMmlZTsWPqcC+Ftzn7qI1zzz6H/DquX73ap2poQNPJS487nt+uiXANaJa/8x2nb1i/Yel+B9htFdmwfv1B++zvYzc0mr3HOYzmFIUGNDqwSSH3lOthI04lmbVEAU3WqwCcIhbJU+4U0b9SkcBaiDmVzy7kGPtNu+gFdNhnsjCGKnCU4uoSM52FyJ1qywpnJRXd0Yv8G4+77777U5/61AknnPDy5lg0PbPDdtvv/OSd9tlr71e8/OUvPe7F20/NLO6vVV2EukRCXQNa9xm85tXxDGitZ5UwoNubndP73cStxxIPuHdAd13POR6OAV13PetBb7ZgMw1oNyLKqyVFDpTf3YB+4xvfSA9r1qwZuA96n332ufDCC++8885DDjmkk36bY1MWaut2bux8btoHLQM0pzd1PITxugnntNnhN1abu/yRNjBwPjmcm/oQch7p9A7u8PDaGMiandvEZdmENHv8+ss4f8wf/9GHBvS2eePxcP7hwTaW6Vyz8qG8A5o48AgOyhBH+DbOl2S+yPQesRH0j+BY/ZrXvIZSKERm3SW9CL4mh39inFUSpFkHpL0QxOIMLTjKly++mqX1LC9rmFJEGsgy3TBiLrc+BJCjSHRrFEm5w9ZnI3kM+dKX34jH+MrMgC+wWY1hoUQTzJQTzWHTevKGSDslwNRWu6waMJQfKcKAZms2yQa0aI12KODl6raKVwYu2ll06mgQi3PeteeDl6y473vLNnz7oF98bf/lH7x2x9N+9IhwyIevveUby++8aOn931v+4KUrjj1qJyu7EYAAOzGqQKbyFulS5vJaxdCTNQ5Yz8P/evPQx3++EPzLz7c568bnfPra73znO1deeeX111//85///Be/+EX9scGXX3LzwDM3wnq+cMOO/7Z+h2+te+I31k6wVbqfvF2MDMvTlFcUaS6LsJjLdJaElsNly2L2oMMPHnvD4Zu9/4jNPnCk2PwDR275viOPef/Lr7jqJy/8wPq57vMep2zY93Ub/ulr629f/aUHv7df6z6Du/9t9ze8Yr/Ye1lgJXsldJlVwnJ22JFQ6JyTip8KLnKPEj1fFDmX4nl/8bxbb7013Oe77rrj09+8focX/HTLQ366xbN+tvTE9d+75sZnn3rdnx/+060PW7P0hLtuunXDDV+69exdb/n05CA+s+iOf3vB3etu4vdgjmuuuWaHJ+7gXx30YhaxGaLWv1FxgndxNjaVLxCisE/tXbhoZx/OHdDjuYQiVUHssuPQh9/2X+760f9Zf4RwfJR2JwY9WX76aKC3UIGi7nP3P9xFTldBkkZ2JyaJCtTUdPa+4yiSvnBFN62tSymRKKICJKN2JBcwPLJs0litOmSVkaGlnHIvonXiIxUlUcWBHzfxiZMuM0M+viWNOE5MY7rbXRLF+6GbKtpSKxLRW0zyhkkwNZGr5A5b0uoFxDoFOEpxojmcKUNnhTmAKYfsW1NmVoU2TVI3RIMilVzLSxTwelpIq/AqUAQu2ll06pR7C+qWYRCuKJmcGv2wkB3ngCmiVx4eP4CZSXSts1XH/EoYSAtTO/e1gblcrzaM2mwV0kaTja0SYv/oZ81TLV3jJMmjs4+hCLO1VnEFEnB+OowMqSyRVyxFVA6oamYyLFO7RLamgdgIneTsBwxYzBJEH8fcikT0Fp5dnFS/Sl75RVq9UKIJZoKp1HUzx3ubtfxNTVgdWIflfsLLHoW3s0Vat7RdaKzlJQo4C+cq3j0NF+0sOnXIKbG6MkGOWG0MoNqoUma6ozltHfMrwairO9n/6T+d3xJbrulMZDhNq+ELxx8tzNhtYaxLUZvW1sBNLa5ttCgfEKGjZJQIOMlG9prqDWJ5xVJE5QCdMmcdxuMser1E4kDlUhwSJYhW0H2uR22gt6BmedCuQqkiLWl18o0e6iRsvcfCcpyn37f7gw8+SCzlE1d/fuC6eXmLyDUKT3/7Oz75r5+AsNH204svu+TSN7/hje6yeGJ61x13fs87333N1Vffe++9GtC8oMbFzQMQKKj3R5PwJfkADerrP8J9uMfpbz/N5z6DegQHfOcn7khaubdgwA8Nnjcssy+kfQSHYIp4xeWXn3v2OfDtpmYg/jXCNKAj2Tugl+53AAnmg5ccezy/PR64935lLkO2m5yRqMzlXCtaItoqpI12bkwl3rdeHwlROGUkE+Slixy4USLgJBsZurauUsVShH2KrDabz5DXpfQSibVKsRSHRAmiFVqRiC7ijfubDr4Tvfa1r+1c5+ZYPD3TYWbRdosXL1+27PWnnLrvM/fw3POisVdcLpBXhubpJIZhNDMFeEVGxr0DuvWgw4D22Cyf++yh0nKd33bI0TU+59hqy6069tDHFhTr/wLh5pttDin3GUJs+0Fv9/0dDeiTTz75l7/85Rvf+MaPf/zjDzzwwI9+9KPPfOYzZ5111qWXXspP+NVXX7106UOYkg/32KS5GqLaLMtj075mGaCbLPZrjl/vnP7GanOXP9IGBs7nIZb/xqqZkMfD67zLn83Y+Ew2cVk2Ic0ev/4yzh/zx3/0wcdgGsrxjOYRvuD39yMv7G98Fg7Re6UzoP/qr44577zujxBqQOtIVKamrZz6Jp9//vksZOiOs8lp7MTyJPJOyZyKqKN8I0s93YaoA0ke7rPWsHdqC+sAGoDzFZXYbZRj64jIyS36mvnkaLL4fpeVdZ/lGtBukR5F58/WcmDZEiH6nvKB5LrlGchb/Okefz1gKD9SjPFNY2P7VSLaKThksv9rfgwhlU9Ur2sFNwEizn7nMx68ZNl93z1o7QUH3PTlfXZ6x6C//BvBkpu+vO+Gfzvw/u8d9OAlS4896smU1XdmIyMKBGgfm2ADiDVbjSkCHWqnirO2dZ+H/rWznrf955u2/dhN25x105+fdePYh9d84Mvxxwn55+LHP/7xVVdd9clLr33Gd9Zv0np+UljP67b/2trtvnqHLieYZCPa4BR6RRu0iJwYjm7n7XZRx1m9boiGgKWHrJr8h8M3f1/nPi94/7MBZPT9R3318gs+/LW1B7xx0H0Gh7xtw0U//Pm6K/7hwe8+Y2MDerd139j9NS8+wDugV/IfNu2fBL2RAe0N0GlSczDVuqv8bABOx6Hn6JAoOfSQQ3/2s5+Fbbx+wy1v+pfrtjn8p1s8KwzolSev+/L3Vm//1w5/uvWh6y+5dt3V7x+0nnvcdv7ed956VfrPd3/xi1/cfrvtaztQV1WldIiIqeyHGE5Z2lg2z2z8kPenQFTvPN+R0YfzDOiynl3i7k/fbZuPnfH/bLjq/yRhxyfyITJaZnE+i2PWBpXrtWnaEjs9e8v/P5TYgmiF3nSOe6J7sfOOqWPZ4YVDxa1pWeHQrUuR6Ep38MkYiVESaIOW+lXWb4cDCqQUyATnmG5pFayo7xl6/xcI+YiHdB9JKRL514KY6CoD9+WVJaoT9SshLcysNHbUpbVDiByRoaJbOEssqCOWaTtg+KoLpkqXt/D0QS0k1jVp852taooOibVWHSLaKZN/qwd6UCQwNhx8coxPWH7wumteBjHQRFZ01jQ5sU12SCQH4qo2zVImzOaPcF5dM/ByaUF55UwVp9VKEw7RZ5U0oMFYms4CXk6ripziXgcbqOGA4o5F5EYQP019rEwAYRguc9+qIrF9oAdtxNq+wynOJZs0tl5wwcxKA6Z5yiplQCsSa5ZYUC8RUjsSO9JjiqnebJW30GMFZX0Sy59t852taooOibVWHSLaKZPLBWbY7k5U15KWmwARiiwUtQRYR13RWdPkxDbZIZEciKvaNEsxnCYBkUz0jEC7uUQw09+DzFTx6fRVgb25F+A6tIrErV1IQfYVfalZbv122CvhfAHITH9rsBYY3Aiinz5WJoDYsEus5mx7V7I5AALKcat8Sffc55f/nVOieO1l2qvybxK6F8QocVWBZHSiR5WqJ2/oPr/vsrNaD5pZ/bgWXkPgBZQsnpi69dZb99tzH8/rLW988/nnnecWKMe+4IW33Xbbhz/4ocMOPmSnJz5J87c8aOto9oXfl8YfTSYP+3jJ5Ax1UBja+bp16w5etsL6rz8l/gghBBx95HMvuvBCdDYViEQWBuIZ09kSW2QD554Tj3Ve0j/6mR3phGHeAX2OXS3d74AN8dcIz/EOaNK8Lfplx784bnCmDgXHJl923Iu5Asv2O8DhkonZh3IYgVMlgs6hzj7j2cTJPev2LHIYzjL9iLpi9UIAeJtQOfIsG0oNB5TaWiI3AjqsWJkAwhDdJXbrLG88c4A5AAL8HwnUibWwhZmVlu/c7qhZCnKpGe7x1Ke/+lWv6vzmOcei6WmweHpmUQKy2667nvCqV++3597tJRLxmvaXztufy4AGJ7/6BMmsAV1/YLAMX0l5vh6lc3TS5pt3JzTneDh3QGtAF3SiOahvPxJ2aUWGW2+99e9iQOs+Ex3yXfCtb33r5z73ua9+9asf/vCHjznmmCVLljj1Oxyb9kpDDbH/7/7YZHZjdoYV+gh8z9/gnP6maptY/ggbaHeLYxMVOQazHuLIvV3969uYu8vGyia6+LUFN5H/MFueP+aP/xUHH4Pbpm2s3Vy+s3az3KG3P/ezYewODY3ss89+p59+hp/Ghx1+RBnQEG1il4vDDz/CTJbsvfc+7ZTIL+lhY7KaIsX5L2apVjUlxBbpPIQ1TG+jfM1J3xniHdDB+ZqTVvLDOSilmwEgKin29zvzNbAniuN8AeT7cCLaybUs0esEbc2aHVCiSOwYycDiLf770pNbN/mPDjqpTGpmaSP8Zb6Jk4zC5kmIo3zNINM+4ROd8cp2coeAhMm8uRjC0FNQF3IiS1SqVDtLhbPPePqD3z/ovu8csPZb+974pb0GzOWHiRu/uNf6C/a7/7sHUOrYo3akbLu1fRZXh0xNTUtIljtle3BRpYyS3nrOG5/Dev55WM8fC+v5zz9645995MatP/yzrf/pZ3t+7Kff/OY3L7zwwqO+d9uA9Qx2zGdu7PDNdU/8eljPS758x+Iv3q7Lqe04AKe8XdchnEu6KrzmuLs5Qne7sURjuoNO9IpVK3d4xSELzjxc67nFc85/8zU33fDWL6xb8ZZ4CoePfoYc8rYN//S1tat/8tW13z20efpzdwf0Dec8/YXPX3Zw9sCxqfudw5iGaE8nVi5f1j0DenQkHrgh9FvVa7aUvfbY6/LLLw/b+M67bv/nr6yeef5Ptz70uoVH3PyqM9dd+IPVi/+yM6C3eNbaC3+wfvW5t35hp1s+Mz0Hi27/xlF3rv3ZXXfdtWHDhje96U3TvPR5Mdlikpebd3vPNaOLO8z7jsenJqZ8JgCzfBKZFrMJOZFSKtZ8OHdAT/I5MBwGsX4x2OcZf/7xd/3huivDfQY7LBnSL6YTwOcpbQznXcmam+O01NjBDCVVdmSINH4aWRtkeOGwXDO6vZEZxM3LrE0lPrt7Qv1Kg5TRXLMQ49C2C8OFzFIakelER5+IBQsSXTUXTnGy7jKePuloPkSCqN1JLA/aveIjOBE/2Pk5KO/FTfwRQm1KgC6Yqm6rSUVnw4RNMUxYZ7OmRJEIF3U6sR2fhAm6ZYrOC3MV0oiInp28RZvQLmlFFHiJNVU9yF1Y3KHJnC9wrS+BupATWaJSpfpZhhSZDOtzlP/q74OOn6zupmYvbBEvdRnHcl+p+F+AqNxnKj7UEnUIqyT0EDwb0J/tmknYYc0Wme25WdXO+tznCX7mFg7r5+qxFtGZBax1+egQr04UURmAU1Qul1nOji5UrFlXFWxMHa5ID7UWHuLQiHdnl/lrq7YN6mEais7WErgEvYhi5QPqOAtBF/BaVbOlTCTK0xxPS1feok1ol7QiCrzEmkInFndhcYcmT491zztmGA+16IsIOZElKlWqnaWCirNmllhK5YPqQQ5IZknbg+JDLVHXF5NoLpfvrA2tCwwYqhuLePr2UFurEJmFGGlmUTpxsSq9UQmbuoVoE1o9ES5tGWTl4cpnmj8kSNykwwtIQ1SHl1hrFRlS1lnzgWuZWr9u/Ste+nJnqyCkllgEvOrlryAZYoJT5gObBBB0vj4YPZwCGs3gfZeddcI3Xwchwkv3MrbwUkO4bl5MlL/5y7+6+MKLbGOXHZ5822237bH7M+zkRS/425/f9PODl61gyrOYiZvTx3WBfQUX9zcg1xZdo3m88uV/x0IIUbCRcfHE9Jo1a179d6/U8Tz97ad9+pOfqlmda7izsXZiasnUDJtqQHsHNISt2RQsySdBa0DDAf3kMzfWX/DNb2lA61CzcHbJ2ORL8w7oZfsdoLm8JP8UnmRGc5luc0obGi7ssHouMttzDuuFYEeiDRt5IdLPjRxikaww+MKZ0OoF9/KiubWcOm2TNUtsQRqius1Laq0iQ8o6az5wLVMg3iEbF4SwxDfDQx1XXnllZzZv6lg8MwNaDxo8ZZdd33Dq67afXtReBN+EXiuvuUZz4e9PjDugITO8hzm10YlHbdF7zeH4ps+r0VyKhMjRutLwrv05x2abPaQ3XcfWW22t77z5ZpvL44kc/XYU93AjFaLktzagB9zn/2lHOpUD7iVHyF99/d9mbOYye8DY3Mgb/bVG6ZzjNzmnv6HaJpY/wgbm+LSbWv6wSzaJv27N3Eue2bNKDB/JeW0if86JzR/zx3/cwcfgwoVD22yz7VDvQYveaA5XWAXCsHerUeIm6KmpmRNPPOmyyy7j0/iGG27Ybrvth/gOPzqmAe0qCVMkkHbZZZefdNLJExOTiHqslOXLI5VZikbkm2wWiKEFrRMSX+pHwnqGjPHNJQml5E7R2/BwONGiDOj8ghwmg4RN5bZBBaL1HbYKneeO4fCWKQw3tvVjKd+B+d462hnK1tHchCsSbV6YU/tOTExR2Y0yLawVNx14BMdjj/mCbcRjndNfnms6O+UQjPCdqttl1nLVqFWU2K1EsfKBPQMIuoDXKnH2Gbs/+L3977t437Xf3PvGL+7R2sonffCMj3zsJR/955e2+Mg/v/TDH3vJ4e8+r81k4foL9rn/O/s9+P39X3TkDmxRRjOQENnOsygO7Efu0OSpqWngWk9BXXTP3PiXn2+bNz5v443PaT3/WVrPW30IrNnyg2u2ev8Nk5+/ZcB69nHPYT1/Y+32X1u75Ct3LP7S7YvOv33m3Ns6lzOh6Tk2OhZG80gYtVqZig5pPg3ojVxmyapVB0uWL18ud+ppf3nwFqcf+qfvP6LFE95/xNYfOuovv/z2r/zosvMuuf1tX1h/0r+s//tPrP/Q19ZfcOUtX77y69dc/NcPfucZA+7zr76z29c+sMcRh8ZdzWU0S8p0JsZRd0BHArOrdFc9C8+uO6MUiRqmXdrYxPbbbf+pT31q3bp1d911150333b7v37t5hM/cOvpn97wkzXrvnf1gAF957qfr7vmo3d87+Q7vvvqBiesvfytG26+lAIUuemmm55z5HO4tmzHJXVTQDO0ARSdJa3EvqVoFYSYa8k0B8TPeV/NIuDhGNCUdS2nD/bf888/+d4/XNu7z8A7oJtnQIdPGh9b6Wl25ixb86nQi8ZhPgb5VMnnPhPz1ukoUtxhVbAsw6FtF0qIQk5sd2E44FZTQcXZIGFBjmtAh1PGmfbtEUGdixywkGsS5nWfqaihmQXHJPIyOid5ZcKXDHuan14+hXWf+TdALsqANhaJ17cR5w4HFEjsyFQSuRHYubHrLXUIQ3SX2D+ESNtEgV4nCMr8JVaaUwUU8o0qsWkqzhIZuqmRIaiCis6yY4kS9CKKlQ/cCLiFgPeriAHeBmWMBijFRlTor4+8RZsAqSWtiAIvsabi55SGex4Ls4fJMX6qA7ZBS1Pj/MB3D+jQ5FUXciJLVFxbp5PP3xidYj4tVB1YvdcpekmxFEmYv7lcIgfsTnEfoIHo1uUamyaRVxuskowujApjQ7GWyBAdLqqUMZZkS9UzcZPDAQVSSs0aAadcsTIBhCG6S6zmbPvY6En0dJx1OXU/NT3HFm707OYCCvlGFc1QM40MNUyNDEEVVHSWHUuUoBdRrHzgRsAtBLxW1eyAYikrWMSChTahXdKKKPASa6p6kE/nQrhuDpgkk+XNDcgMx/lNPglRJI8tNCijVP+KuLVxET9BjdfsFogsh5QisbKZxWfCIB5dND41kc/9YFNiip1rrB0mkZdHxipJecpOaf7CRZUyFrFsiXOHAwqklJo1AjetrUuHMOTrg0us5uzE0GgZzQ8++OBWZyypWDqXyIsJ8nLNor2wH/nQh9/8hjd5EV75sr/7/Gc/Zw+77rjzbbfdtmrpcqbcFMQFyf99RRdY/1erF+gAAn3SV/9dPJDkhFe8iliOJLD+61576pob1qCLK3/4wxe94G/RC6S5dQf2YqPx7gnU554dNzXD2bSgv+wzoOkBqNBAuNUUHJtctn/cFn396tW7PTmeGY3S3gG9mB3zzlzvgy7uUPd5u8kZb3+mK66JTdbZyYl1yhD64Wp7WYxpEM96zX23nVhK5QMziwOSWcKLWPumyJIY2oNErg7RRzZZ7pQvDVxUKWMRy5Y4dzigcP0f6rj77rvryRvvfOc7V69erb527drPfvaziGE9pwd91kc/SvLrTj110fTMzNT08mXLXvyi47gUXB+ug9cNxP+o0F+3KX66Ib0T/fcnnCRZxGmmB/2o1m7W7UVxyCH37uMyghE5FixYYKNzj4fzCI6tt9p6yy22NG6+2eZhRjcPgOZwaEsc6JXw2xnQJ5100v8S95ljrhvqkfpGtmgcc9UB77TLaFehPJQT+hud019fbVNG7SNrYGC7OAZPKMcPfQLNzEaZv66NnKspM9vcTZ6X5ZtOZvfeRP7c85o/5o//sIOPweF8uPNQ7zszLPfZOJdo7y5cCB8+4IAD3/SmN/MvDR/IN9xww6GHHT4yMhr1eveZ/MMOO1z3mbS3vOUtS5cusxr7kmzZrMw3mPhKm9Z0RG1oBlUNMsp3KBLIILmPJqT/kF7wSJBRvnP1BjSJOR/3Mj+cg5q6GRIUop6GW/T+Rqfkd+FAWisBGosdY1Xn1ep1QojVOVCXOCtSmRzjq1HvRzP88x33bQ1osPnuRzI1Rid88SAt4wQLyeebLa2mMjy1PbFsVjYiuvVk/yRlOHoLWyIOwLXtsPJrSDz7jN0e/N6+9128z9pv7nnjF5+x42nXFs76l5eg3PLVPe74+p5rv7nX2m/sefvX97zlK3v87PxnvOgDH2szbzz/Geu/tdf939mHUi868omclw27IwToJoM6F9sgzu2qZgH5rahJXc/cKOv5zz/S3fi8VbrPW35wzZYfWLPF+2/Y/H03bH7mDVt+4IYdvrkurOeBZ26U9XzebdPn3Dr5hVu1O8u7lOtpQqYmp1DgRl4O8uuu50Q8agOCuGrVwRVN0J4+aNWKiVMOecJ7D/+T9x3+hLSeIWLB+5+908df/A/f/ti//fSq635+yzU33vivl3/zrz7/j8/72PPXX7THxu7zbuD+C55y2sn7UXT5svCdRWzVDFVmuU/hWLa8dWk9Qc5FTmTKhLgI8V4Nnd9ib7755jvvDPs4bmC+fe2da9cxXPvdq1oD+o5vX7HhFz9Y/5NPr//JZ++85co719/W4/a7NqzVfWbVxRdfvPvuu9sDW9uA178usi152cEYPynxoxQ9C7slDsCC7ZC0E477zY/gCL+svzLhPr/nD9df+Z/aBJ8BrVlMhI/k/xDHhwsfK8X5RJPHR1tvurmQmKv4GIrYPHkjjGk/nlgoYZUmsqJlK4E4l5BDAyqsHXSlqYDSN6Zue7bdrpWT4Nq4OHmaxrJKo1pvnpb72bmi/HCny8zHZffp2bvPWS2mqAbY2vr2QP0BUmCoUsSWOu81rnPn+ZZSPNpOyK3glA1DiHq1npS6xFlRSvnRDqsOCZUMGCq2OV46iEOnnLUas9RXHCgI2oUtXNsOKz+HYdeWQ6ptGmBKX5g0llA8iVcpLhRlU1eUO+Wq4rXKJf7/KwCngEXKewW00fYjGWjSziuBOJeQM8U+lE3LtbWbw0tll96H1XuFe4t0GK9ZZJQfRn4kF/JmDk4DAEJlFPtRcd82xynb6OLwWJjOQ+w4DteJBmS61qFlO9I31pICQ5UinmPNtkOV4kwJeVUA+s6QqmDmVO+TamvCRSlz3U84hIRKBgwV2xyfjwFx6JSzVmOW+ooDBUG7sIVr22Hl19CCKs4qOlsihDRRyYpyp1xVvFa5xEsEnAIWcUlwtmbIWnJIyCGYpmwjMnQqvNS+1ABhrxl+BUuFyoBVliLOpGfqsKppMDFlRATsO5MGdBmjul1wY1ilm7qhGKKtVtEEpuDOAodVZCDBJS0pMFQpUkUU26FKcaaE3Ap+p5h7lNH8vsvO8vkbktK14RanKcylK1fOy1gX+Xvf/e5zDjuCjTjBL553/otfdJyX5YzTTv/g+z+g/u4z3sUvRe9+57uY0v/VgOY1XdI/SdmyLdhLD5ojFvZYnE7omjVrDl62wuHRz36OD4N2yI5EelBhGEgDujzoc8/Z6I8Qcpxx2jtoozOg4+bf7p7llxx7/D333IMOD0O5f1R0tyyPWDs+tWRimgg0ml1evnPUbGYB+W2TretabTfEl6N7xDPw+tfr4qyXkSGQkw9nyugqXr5KBhDSUNjIWI1BbADiFGLW7KIJTMGdBQ4Hzk6iPkAKDFWKkNNd5U0dn/rUp3SfOW7J4wd53JvHqaeeunh65nOf+9ztt99ufhrQ04umZ5YsWvyS41+819Of6enHy53XcPaC8LYcn9yOlzsdZ4Z/f8JJ8VyO5iboR2kuG7WbNXnLg3bIlMM2wYbmHg/HgN4y//agz9/wGdBEKrsv/XDAa2jceuutIb+FAa37TOzG/3OPjc3Q9tiU89r7mpqhHnNtznaW46F90IflnD50tU0s93jYDXD0/m9TqaQ8ft3qjTca7OXXtNFOoW98JhuP2mOjipWyify5l3H+mD/+ww4+BrfdduE222w73P+NwfKFUeDGcqj7HAhT8ZDloaGRo//iee8980w9aI7zzjuff4cOP/yIww47/GUve/n558dznzlIOPPMM48++mjqWF/XmIJBuq/tfF8Od4KvlkSGEsYi8vgi1ityQAV4Vg7HuQxieDfkW08sjd8FLeswYl9kjK9puQU5iG7RKj7sgi20g4lhPfMNS8s7vg4HqEkp4zhfbPlvhtmzDgnRKWeJDJnVAwVwdE9B1I7gPx1/cWtAM9ziac8Jc7n3nbWeazg6s8MfHXgiaSgxm7trudqGis0I2yhR7pSritcql2jgAqfOOWO3B7+7130X7bn2G8+88fynPekfryx87F+Ou+UrT9/wrT3uvXDP+y8O3HPhnuu/9cxffPnpL3rfR9pMFq7/1h73X7QnpV70nCdWcfaaymdrAE9BvWbtnyGQ61MzZXQVzVcygLSPe26fudFYz2s2f39Yz5udef2C916/4D3X/+m7Vy/8l5ue9K11O3xz3fb9MzcWfVHr+bapL9w68blbxj97i8al1mcZlxIBN0ERot0sdJlLkSc0ppmIx1/s/ZxVm53Rmc6gPOg/ft9hYPMPHDn04edPfPSvxz58zJ+96zlbnXbwt7+y/6++M/Dwjd1+9Z2n/PgLux91xDIK+niNVStXaTc79PbnznRuj7Sn+RlrT9AfZkj5uZ4vw0lOl7f3yOgznvGMiy66aMOGDXxTao+5BvTaH77z1s/vAG774v7rf/btO++cs2Tt2je+8Y2L+OU8Lya7uJ1bK9ZFVolm+HHmR693tWy12u6msufiJgDIw3kGNJks52rs+8xtPvne2SdvFDSgx/nPMHljGcPx1M1siRabSvq5sbB8Z9ZqPTME8izbLSdqHw9tu1Aen7xRJ3xhFLgRxV3aHKcQSa5oQixPs4wc0FYDJkvUJTVrQkSucJSadUXhrSKPD9wwr1nC1lTozOi8OBSPfePVzDgZr3LXkqJ7AYcSE0QpGsEo2q/h2GYPJFQyiPwU25w4/VRs2yl9W6sx+z/BCO7quzVwVtHZEiGkiUpWlDvlquK1yiVeoolRinf3DpcTGrYpdZj1muSPmEPg61KidnMlEOcScnzOBvDKt/n1QjOkAU1b73q2NyKib1Q5CfZJWhi7I1zA2Rufq0goLOGnH52aVOujlmvd6ksEDsM77utTSkKMH5O+rKIJiu2mzoaixTycs0P83hN3PU/wQ0MsMzobprj1rUOMG7Qhsby7ExmuEexQYoIoxXNEcdgur2TAULHNGV04rOLQKWe1Ncd/P4xgh5XvEJA/vnBWbHszziXksJ1K9dDOuiNDIJ/pXUvjBCILFw7LW1/YEzFarVpScQpRl82YbnJ40LUFcMiUw4EEDejpxszVMFUsUrOtIgeTzZM6tH0ZqtTQuKi5V1rRJcChxARRik4cisN2eSUDhoptTvxRx1QcxtT4ZPsM6O///PIHH3yQ2D4D2svOVfKKEQegYXfbbbc9bZfd2IsOb7zxxj2f9kw4uOrKqw47+BBP+b777uNbDL8aufuiic6Gpg0i8BUUcCsr+ncXXVjeqNxrAi6+8KIzTnuHfihwCtiVS9hL6zm2ywYcLvYW7CgYfFE8viPuVi6nmDiXkLPdVDxbA2hMt/lL6JPTzCGQe9ezJrXWM3jH207j7DyuuPxylDKCn7rzrtf39/NCdt1xJy871yQT4vrkKU/+4PIrKo1VdfV222mX61dfX1MM0fPizF5eCJfOHA56cHcvY/nsLH9K3PEdUwP59IxOZEmTf/2uO+6MSL6riHRr5RLh5FiBocQEoWLNucf9999/wgkn6D5zXHDBBR1LTsJnP/vZxdMzV1999aWXXHLpJZeieAe090Tvs9fex7/wRV6HTf4PIXX7s6Zz3QEtlkxMdX+EUOeXY4v0mmvIgSJpczxo/T3vec8F37rg+uu7F8ljiy0e8ukcdfjMjRZhRqffvVVaz1tvvTV84EAnPlID+n+t+/zrjk1amPO+5vwxf8wfj/TgY3Aob2rWWYaHF9xbzw4HEoje+7zttogoJA8/96ij3/KWt/osjk0eTL35zW85+ui/sCDFBXyEr0iKvfvc3fjMF5kcghgz7BeyBBQp9LNjo2k9axB36P0BmpGk5xA+LwsrisjpC5aSTmXA+hRnC0kn8r03vo931rPOpoRSNbSgqKmCurtbuYXKf1nx+taAFn9w9Mc3f+qRw1Pbj/E9ga/Z/Bo8tf1WT3/uHx56+n86rjOs41ZovpbnRhK9WhXA1gzBgF5T9sysQ3UV4RCYfM47nvzgxU+97992W/u1XW88d6cnvvmywsc+9oLbvrzzXd96ygMX7kYOuP/bu935zafc+qWdX/Se97eZN56z0/qv78rsgxc99UVHLnEjtxAMjUJXunIkRPhkPoij1upEQyoTILaPe5595obWc3/j82Zn3rBZbz3/6btWP+Fdq//kndfBp75wazzu+UtpPZ9729TZt05+/tbxz94y9ulfjH7yF+NsRDPslYBrgypKeCfB1WlMi1l/WV5mtKRQsyQ/6cUHP+G9h+o4F/57gz8689A/es8hTzht1Rs/ufSB7/rwDa3nzn2+4+tPfe1L91+xvHuys6Zz2M2xTQyXLV1WeonB04D2RDwj/VmHxEJNTfBFmjA6dvTRR990000bNj4GDeiLfnDHFe/o/urgZxbdcdmbNqy/vUvtjx/84Ad7PHMPrqFX1eKgLrKkEsQYX615XdIOI7pE2Kf2MTl1RqWAE49fMOAmz4VLnrH7th9/50ZP3ij4CI64EZtPrfBwu/uFddPK60SJz68Ewz4G6onPZUCXN0010spHdiFEparVlGgTiAIFlOKqIHwILxwaD2ct/g4hCVXK/lXEgCixWneyPfhg9WZeMM4sy1uXNj8f/ayH8Nrx2a2JOQBqSmxAUrGdApUMNFsBOpEhfUpakcgqYoml0KexEDl9slD3NGtYKAVCAttVmoqz6ABSt04729aU2LAKMAEM6DXlFu2+pQiHvPrleJaTyzBMWBpjCzJJY6P8QStRpfS4gBklTkEU4YJh6UBXunKCZCe2YSdh4OZQXQXeNuxwIIE4Phwu6liatjqqQC8VoKDXUEWCSJ3a3bLULFHCVYKXLhhqJYNu7RA1baaDZjQkkvO5HGa2iJeA4vCmt4rtFPAEBc3XrMPRhcOll0isVYqlOCQWnNLTLGcTtHZqi1IgJExxkfs0FWe17SCapDXb1pSQVgowAQzoNeUW7b6lCIfAZEvVkvZRzrUQXqJK6VYgtqUginDBsHTAWTs0RzLFVG8Bl9cMV1eBlyk8Pdr9jwF2Yh25QAEqrJpJa7uW11BF0uaIFMOi1ZaVtNZtgWH5vMyaLCnUrMnlrLWwOKjkNrZToJKBTpyzDieG4iqpl0hst5CoOCQWtt5zoV6zaB++AZj1+tfl4gIW4dItygcQw++7774nziyxPnyHRdt57vfee+/204shNPauM9551113vfud72IYSvrOWsAQYHFqgnCB0yEtsMSalFrce52eL/ENp7xuzZo1T+ntTmAyUVtz8WQsocMynWNHNpqc1oDuNu2t5/Ai0zU2SpZMdK60Ily4UB3UE5/NkRDhVChj2uFTd9rlW9/45q477kyTB+3rHzw8NxqemE7veLVDzytPOa5GXpB4IbxK5559TrrDOwNIOsiR6dA/qAjyUgTJi6w7H+JTnhw9pDc9eeA++29Yv55NvW595V20wqmMSCb5iFSonrNal08yZ3T96uvzSdmxUcEXBZAMJBXbKVDJgH5q1iGv5sUXXtQ+/fn5z39+Pt85nvUM3nnGO/ni7P3OPv35K1/5Sq90T4Le+ck7vf6UU/OCBLw+7bXVgA6kAf2aV59Ytz8v4SKPjMczoDfffPP2BueKHnCPyuH0zc/yAABSh0lEQVTYMm+C1jUmbrXlVgsWbLbnHnuuWrnqTW96E6vPPvscHfSHOlwYpnMPht4EXYd7uXsNOR6RAX3iiSf+b+I+P5TVPG9Azx/zx/zxSA8+BtNQ7vxlY2/jdg/HgJfzq1PsPcXeBB0edFrGBxx44Eknv+b00884//zzr7tu9XVxEFeff/4XTz/99JNOOvnAAw+q4oD6VTOGo2PsPjwSfg6RmsVZpCHrKhBb9kOLiH5KIyKQN8AhsguTUY1/OIgiLQu+VYcLDBwCcgZ0FKIWcBUv6zk437xIyG/EVNbfRBW5tnOWHUrkZYDCm9muOGSC39ySuPvw9BMHboJ+mBjjuwG/svIVNzcStmoP6DqwJTKsnMpHtO25YIpYpc55+5IH/237+76x3dovLb7p8zPbv+F7hY995Ojbzl9819eWPHDB9r/6t+1/9e3tH/jWdnd+bcmt5y164bve2Wbe+PmZ9V9ZfP83t6PUi57dPWqjNjIy1FluY/VTs/ISicIpI5m99ZzP3Ogf91zWc9z4nNbzgneH+/yEd61+wjtX/8kZ1/3x6df98Tt++t9P+ylpM731HDc+f+YXo5/6xcgnbh7++M91KoHWJxin+Rzydi+9RGJ4uys2cpxVHIbx2yOGyzJ5+coDD1019g+r/uS9G/nOYTr3+G9nHvLf3n3Isg+tWHOBD99o3efd7vrWbu/8+/0OXpVlG3jXs0dZz3KiOXnH9CrPQvCDIThHhxK5d0BzsvmmHOcXrV/84hcbNvB7+Hrj2it/ev1Tj9N9vm76+WuvWX3HNR+75TOLegP6rRvWhQFd+T/+8Y+f97znUconO9OJUImPFd69fW/t7BhfrfN50GVmTRL6ZIic5Oq/xcO5A5oKOz9p4cdO/3/m3vssdlgylDbx2Cjf8PmRD8JHDB8KgQE+0pvCDPnoGc7HPVfUfTamMusy10LhlNHiVIOT40aKrnVIspGha0NnNm3i3izeaFUVB9SXxKqu+SiorqjFSan0NOPjW6LiMHdJpPXMxz2RIoIiVgM1LKjoVNZwk7rQmVUE8PBke05kCNhLN9YhsG27dSiRm0mEt7NFpngT9vntQmMtL1HAWThX8aWBi3YWnTr9XcyB6soEOWK1MYC+jehzciweVaF5qm3qz1R3MfOHS6PZS41orDQfrFHKXF6rGMaPKlejiSbHvvzDB7WHUTrsRKJwykimncNdaJQERsYn2XAoXOayVgdcV2MpQmdZ1O7VlY+BVi+RWKsUQ1kYil6zpnNZzzGlH90vAVSwiMOok7A3zqIdblIvlGiCmXKiOV4ZZ4U5YJOXqzMxyU+Xk6jfWmR6rPvDfaBIJdfyEgWchXMVH8oBF+0sevh9vNa9WF2ZIEesNgZQbVQpM93RnLaO+ZUwkGYnpczltYqhXbXRZKKeb6T1LrOEKDSgjen+TMxo+OYpGCUCTtkupo/cLwxesRRROaBspsyM7X53P7emCuqItaSFCru0w03qhRJNMFNONIe9GDorzAHVRpC8pH/8rD9rTefCnzzrz7jOvHzpUU5xlfTmitQ17Hy6dAYp7tbyxekUDyhsHa3m7mDm/9/euwf7epX3fZnO9K8mjY2BuJFAkq1zzr7vs89F4iZuvgASSAiOdI6Mp8SuZ5wpuMUgITTtFHGbGIQMsZGQUl/jOtiu2z+aOoPEZEKNk5pMZzrpSGmLQVBrEiDhLrVopjNVP8/zedd3r/3bxza0Tgyj/fKdh+/6rmc9a73rt/eP8369/G6GD++PasxVFvAwBDVS4zwCzUdKKYr5XRzEzHVm/B1Cl3Fqezn1rAft6zg0oMsURie2oQwgZ3frwHIp7Swf4J1gvv6yzvIcTTbOSsQaO3bG2Abuoy+95kWsvF9R/bB3RJRkW9wr4mteVZbxfffca9ftb7nt61//OhH+sQfqJddsoPDDEqPa7OfW/8kE8rEHHny0z0q/9voyl7tyZVr5bbe+1S11IDEmdZvRj91/74fNJ9OVkJ8hM1SYcW5eVA8imoDysQc/dtB9bgO6Tzfz/M+D80/95E/Gbv74P4oBXa/gAFefveruu+7qDWHS/hmYfqprk/sVHHvrRcC73n6nRBu6XsGhsavJ69lnmhCv9nuXM9FEcqI45Nn9Ag3tY23o8qX7HLOER9kL5y+85c1v+eAHPvjRj340rjTJDtGGNl56SU2Uy0PQl/ern4kug+vbMqA//elPv+Md71gaf6FXG80XeQvEkQF9dB1dR9e3e3kCOtCAPgy6iJq8V15JUh1/PnFiXQ+63YbyoHmcvPa6697whje+613v/rm+3vnOd77hDW945StftcXDyORoA7lY9PWyhuoPGLZf0Y/DRRD4n4Dq5rGl/OXFFAYSIr1GSukICx1bnVwee7s2T6btI/EUzH/1whybIqlMb+p3/gLd4RQvTh2r9bLLSRtTEJ0FYrSyusQ0J7XZOfXGD6Nz+Upomn/95W9cMZe/FdThaJ5oePybppY7L70qiupJi57eFaDr6joKvP7GrU/cv/VPfmnj4/dtPPALJ86+758Gd939H/7Dezc+8V9u/OGvbPzTXy384S9tfOL+jX94z8ZPvP+eOfOBD278/v0bFPkHH9x52Yur/k5b5JnF9SgSvQubrocYnZjmCnJfF3vnxrCep3duxHr+/rKe/49n3vu5Z4B7Pvv0D332Gfd87gd/6/Nbf/9Lm1rP/+2/OvG7Xzz2O1+oHxSWwJpZPNM1YmvGhpZLyt7tV23kJRsADiTlOyN3PPfaTripcl7xUxeOv+/H/9qv7vvOT4/1/Kuv+75fed0P/PIt/82D1//f/9NF3Of/+heue/2P33Th/C2UKoN5vIVDyGfTWW7MCej51nRsjYgo6hKV+p3f3Lzqqqs+8pGPfOlLX3psXN/4ytf+9a/8g0dfdvujP3zbv77/v3vsy1/9xr/6X7/yT9745Y9d+5VP/Eff+Pz/TMqS+thjn/vc59785je7e5TNApzIHZ4VuWn0bvEb16M0ubLgwKYDV/CtvAP69N7Gb37oex//3y/uPoPnnl3z/RvG9o4XC5X1yFkhUc8X6BQjesaZIXrQKwZ068uQ1JxBL6UOgy5ifW/yVX/sONw6WsaWMhNFH5P/PRBlePEFe7zey2Eph8hFdHJSsz6FkbkNb8czZrR2p8QZ60uT7+8T9f6QYIfPVheyI6XU/XBNcBZXIkGH2CtH1FoV8vJhx0rkRpIVgQnoit4FC04FiTdSdzHuyJxEe5OsssItbk6U1AQQet3DKHLTnCuietKip3cF6M7eoyDlO0v0UtlztxTkI3CHbUrMmTMl8aPt8pMCjIpItI7NymfejcVHznr23eQJ5czyP7KHQBdRD7r/dN5ypHd2WmOw2oQIbVb1jT7CbE25iM5E2tDyZLo2oj6yvZXQh517Pcxecf1YLa/QaSzYZOPicaOPZe+SMFYOJOgQe+WuHy7kRNPCjVYQJqArpngq6LJplc6eKaAr0d4kq6zwMlhZc+dESU0Aodc/QhhFbppzRVRPWvT0rgDd2R01E+CoTBERrOSbM2dKTg4/2q78NUVGRSRax+aSP0zhbXTqj+YKcjK6UaZtga6uqV/pCjNdnDUrMNBm6sBtohPJieIQR5Ul2iagNrRcwhrgJBDh6TXB6HBihotTw/o0zsUVSWAU8GYl6BZ0uKL5IgVNCzdmkcAEdMUU3+tzx1qxV7zieN7FAeCXv/wY20sX8dR4SwMbFVdOZYWTwESsmSiYKAsAEHpdg1P7mToRFTQBBXM5tZOmpvWJh4GuKelEMwE1qk1np57NaNbA1DV72dbtgI+j0HGKQfxou06ub6nrLJ9h6o7k6EHTjNccnZimyApZ7X33fFgzF0Bo5pa5NdCbXNvu5rDaO26rv3944yuvV49r/KLnvYAKbQcvmcR5Y6kp6uPoWbr+FkMY+NJrXvS2/suKr77uenQSuvLiL7sYifkvecELb3/LbeS/5lWvRgflRz/+OL3JpLhdGe4bOVyDy/Ajcz39dpHiiOaLFKTr7rve/zf7OlVv1TjVtnKdd/ZtG5/85CfrNPTeIsaAbmV5CwcV3JbsDxHUAeeOvoLDI8/vufOdp1hhu8+LAa2hzHXZeP8y12IutxgbeuUqJ7hdY9/gfMXlV1x66bNQhk1d7nMZ1MOb1msGGtaxrQHEv0a4lO1rhVuUSPPbMqC/E662mOcXDB+4jgzoo+voOrq+3SsGdPu2+38PMMqVVx6bXenRW6/d0H1e57FlOBU8wh+nt51cM7V0GQg5DLqIy1xtCnfiKNLuhJV1ZtthKLPYyqlvnU0euJqwJOHywuvgdhdkLpIhxJqvy8I1NOEqmdEuoi4wpXSEQaYokQWUlbGPqt1FeqwOSa1W0cqpH9jUaHaWAEVsbe0887XvWvGX/0wsf5mQR9eeXbPVtUmyBrHizKrM+SGzHkQEGoJn/tY/Dnav/Rsaf3TZ29jZ4p8gf/MX50x9c0BNjePZXKb4THZ3T0pASJIzPKKAMzDKRV733O/ciPVc79zQer6/rec++PyMez739A999um/+Nnv+4XPPu1vP/K0Dz5C7/Hf/eKJ3/3i8d/5wrHf/sIP/r3Pj9sseNdb7E9vwu7OLgRFf9McbkFzOY5zG81cHj3Omeibx18jbOWmwk03nb/+9ed333HLM3/5x2I6gyY/9rRf+bHrfvOmL/zhyybr+cX15o3/4aV/592vev3rzo0ilKtXP59nDZO/vDTz9ucWF94Xd1GGMj/JfTveJkpEvd04vPXSib74GXrxi1/8G7/xG/xj+hu5vvLVr/3RH3/tf/vsN770lW5//RtffvTrX3iYWHxcjzzyyJt/9s17J/fYOn7Tlsq9mRA2OZx53WEUxUpeX1YodviMGhZxCNzmTNS/FQP61z74ff/XZ/5E9xk858yJjfad4ybzDegXio4bhAhXsRfieza2N7YkIGQ40UtmBhIFnJqHlRPHjs+u9NyrU+xKBF9/fL3yrVdffCQ3r7LDU14BXUSrwbf5MuwVOpE5qRyLM7Ms9VuBaDjyvUYUThFuzarWc0GM9pZT2falozJ2v6vNYiuwEpvWjCgP0pvFs855zTWko4qwmTgjOc4ujx5Fkf2BOB1NiAlyeiEZK0Gf4SzzqEyxMnDWG2WP6n4KeNmgJPcmE9lVwOb4K2bTrRa1b92UyM1MhcNpu3ztj/yFMO96LSnLWBbTooDnyPOszJbx0rte0GYt/5RS6A3tVzlkxXtd9AnOogENZ1X6y/OkEHlWVQn9lmejdjOkdns40RrQxcdczrLMNVZVsV4eve8I60erEOcuIqDp7diEo0SUB+lNKZSVIUQNzcBm4ozk7LZzLY8eRVF/VnOW5uzJwn0bRsZK0Gc4yzwqU6wMnPUgoglmyonmZBabyQF02ZTIzUyFw2nxiIFkOLwVTzLXcJ9XLOC9YRAPpdzMLX48+NGi2XCproEZmUvbSFCBgXKLKDrvYdBF7LmYvQyvuLTapuCwhZqElTSGS1QO84yiSSmI0V6LU8RRGZsuIpgrAGtGlAfpTSmUA0P6/6JAzMYCm4nsUpCti4kJorsDwrU5qU2ICbmLmL9A1886gaawPqNj5TZnMutBxErok87OqAetAc3UZ3ZOgjHX4jUDzeiFUI2abT0jakDv905pZ3f2kj8PNOo7GxWL9C3UwM2dhx962NdWeNz4t//eR5745hNPPvnkE0880YeaSa6dd69cSfxfmuiQdq7vtcLv/NZvp8Lbbq1j0QO1P07txua0+MMPPQQgVvZVGyT4Fg5EP0Rj57PmhxielSACPXREePKdgmoQo70uRj9ahTh3EcFcAcDf/767rj57lceZxXWvuPZTn/oUt/y//LN/plIedJPpBDTNOgR99dmzVGDfArfXqMscnNrY9hUcZ9h5PnRWogGdA87hXM8aB6K9aHKRcHlfesGXXHKJ9rE+MtB6LtN5nIC+vP/SYL1bY2RqN6vY69grrmhxsp4lRC4n9fquM6CPrqPr6Dq6/nyvlRPQa+NgckxnlVlE0YAGkhNr6x5b7j9VWFyblQb5cptAwxd0naopaZ+hQAVjPw6XkmQkiHGTf123Yi+kBtR7mWmUHRxf2KhBbEHAcMDALR7rpgpwibpd4dS3bIxgm2UNL0/NPIO3K9VzOQr02hYrdpTa59afm1s83PV0zgJpZSFy4l9/+Rv/nfF+5z8T/+5/8vs6uUQPQYvcXc9bFi1RPcu2K0Dp5VVUoayKvUSaGrvarLp1m3tXb516Dtg58zz+tYau8brFkM2tnW3INtjZu2rr1HPB9pnn7Zx9fhWZDixnPRB0AXe64LDirVnBIhYMkvCtvO7Zd27Een6G1nO5z4887W8/8r0f/Mz3fuAz3/Pzn/meD3yGsVd+5PM/8Jv/8orf+JfcMvdbL3lgSWzgenmaEKKQ924spvyF5S8N3hR/mXjhwi0q57u3TOebz5fYr+AoZdjHr7nlwlV33PL999zyfb90i76zNvT3/vItH/r7N/w/y8s36uDzE//jiz/zez/03rfdcMuFmz37XBXOeQ56/5hzzdvNOM7os9ID648QLh86/80vVH/EQGXmO1vLHwnkB4jLG9/d3f3ABz7w6KOPfu1rX9Nc5uIf9F5Le7q++tWvPvTQQz/90z89/TgtP3gQuSJxXo85LqDm5aPphRH5JrIryQLFu0sdBsL3djeed/X6c69aIz7n7InnP6eaz79643lXrT3nzPGrzxy/6vSx0yfX6DLNTNJQFImbVG7fGUD6HPRikooYwfq2Yli3iAt0n0ez7OOMXePrum1l6wRzwjxkFlHgEdPFFx+Rr+z15qC+xIsvKyQNMDzmoAMlRCEnMkTFsUxU361tp+qEarDyzVtif1Hu8CnUKzhqoJNKrOOk4YCyWplZQJLV7QpnUnuHzTqSqTYpktQE8CS4OTPXvZ2bKwokSnqNIHuSBHUITfdKrkh064Q5AALm10Ynza4AJZOqUFbF3m1+LWrefbdXI7UMVhLIZ5b+CCD5Q4LZZ/QQxeQD9tNeCLqAZ1R6S+HHb6As2nVWuyxGPmNOmIfsi2ubOxvLoWB9VWO5qCTEUaXU8GrlS7PL7vI/cF2WpkeSM104kRlVnFpveultu9kXcVTvMJ0XURvaak0YZcEa3nBJm8fXNdAhW1VkuSMQY51bCPcuTBM20WdFwkB7gTuThOTIdxk+7FSgDTcrWp8hciPYaovZmEwAoYnuEKvZm7PDwBy9WnCyPUH1pNkVoGRSFcqq2Euk6aRGmiAFFe1lxogS9BDF5AMnAk4h4BmV3ig7jZMUoRQiFehtPmNO0Co92W4vcBkUZLVZjIRRdO0No5mokUSdcJtOoQEHcSKm0CQVcqJWF4BomM69p3KSt3vNjBgl+cDMcEAyQ0ioGxxOsUTdrvBUsAlsos+KJDWBq0rCktM7Cfb6APLcXFWG0S+RG93GRFaS1UJcMESuSNxfDx+Nc43Ppbzd4QBS08/OCoGlUhDoRTq7kSaiXTYBi/Hu9KMB5OzuHsoyNWOHsyxRJGoWl8nLpN0LQRd6zerpXVFyJpoui1iT5YmPPfDg4489/ppXvZql3v6W25544olH//jRFz+/Xs3cXY/d+Mo6jOz+uEVEbd+XXvNC99CDz+RXhW9SobpY9oMffYAKr3nVDWd29nKymB2WZA2d9viNr7yBiUblF5HAkrS2qUwzbnXWDP87H76PBNIsOOcDCkrkgAquBKIOl6jbFZ4KNgH8rve+75rnP1+jGVz3imu/+MUvPvnkk7/33/9eRI8/1wnoi7wD+vka0NlV9qo+5XafffszRLsZ8p53vFO+b0DrLOvzynPp9nKFm3bp/iHnsq01kdGM6SQK9GchDg9ax9kD0fLoXnrN5UD3mzcUc1H9yIA+uo6uo+spfvE1qLlMPNb+sY4wTRUgpyv6iRPlQa+tbRw/vrbOP6rrkBydGg7FSRaoInx9vezjFJQj0tTLXirQ1QUFaRZ0OIBs8GjfTWL0Bl1bWs+axRrQw2apsg6hAmCIjqRK6tBElDh1SkGozCY4BajpqNYPv0wBrybVuqb1t4f16bySNMEW/5KvAUtTA5oYEhs6uPL0S77nxz/8p78S+q/8xK9f8oqf2eAueVBhFJEn9mk9uq7EnnSxd+11VXJ1iZn2QuR2JVldXw/MRp6GIFGRSHN392T3llPMIrWDgf4yEVBcYpezSOZFBorqcCKzONxS0ckxGXH1dc/gIq977ndu3NPW84dm6/mRxXq++zN/9f2f/vfBXZ+m69m/9i8u+7V/4Y1719kWXdFsRXqrOf4IoVav5nL998GXb0QXiyvdDvL5my+cu+nmV/zk+TN3XPjBn7tw6S/82DPvO/+0+295zX918zc++bL/8x+/9Guf+KE/fuCHf//vvuKed13/U6+vs8wL+uxzk5vOvbbb/Ke7NJoVl6vp4kE390aW34rxoUtyj4lF+MR59ud3aVx8MK973et+/dd//aGHHvrCF76weM8Hr69+9auPPvroJz/5ybved9eP/siPsmmZRe4OGxUTL5LJ4z2P0yj09hAtZrnJEu/LXojcrsxVehVcUN9o/HI3UkdRp5uB1bu2wRrWy6rb0oauscNrjvuWrzMtYEDXWr/3eQbD6/t02M3WIdNmCJEcCFFRxYHmRIenud1rA9qRfLfOQBF1+pKEXrwDrSD3dhStZi8xKHHMAuJ1yoss38VVc7Yp5TMsDkyg6SeukhlpIkqYvZqjFxJRLPlM1zkX1fNuZRcsSRPsMF3fo0hCiPaxipi3grEQc5Jvzkqm8aKZNlXgjpWrS8y0FyK3q5PJrCgR5X6S3OAXir3VOKZZWzT+eKC9KMSVJnBUuoAVQD7BGSUO59cl7fIF3/4vzRBiLFpFFQeaUzpN0miuL26sR4aBJqw8MFNdUqP4XefXgYSuXEeSe15FYnqJQem++plm28rLsvWa23QOquDwoOUFB0K0m0lb2wQ0d9bbIkehYB2sXs4pI0r6xSPd213ekaIwzXuUH9ZjZNsliUkKdpnuoDVsDCEhitCNhRA91GxO8s1ZyTReNNOmCtyxcnWJmfZC5HYlWR0iTBBOR5zrnJycaBTrzE3gqHSBlF2ZQuwqlqFcXEf4JHW6GUIkB9KOcIk7/Gzw83CiSHmp7YcyRRZg8xS/TSjjvQSQGSgifGV2+V77pDVLR8nJ4dUK9YhaZjaJK8kWVJfPsD4wgSY5GeJE5iBK2Ie5FxJRmJaCF9VPTT5sie0vG8Ue/yRhZ0bTLnbMTSOy25LAbYSMndyfhcVrETJX7g6S6AFkQNnT27spDlGxLEV0HiEWdIqlyLAsVeZkdYiohHafY0ATmZ0mkenO7tYfDyynuA1l4koTkCaxi3WWlVxO5eIsL/rAit1MPLuzFycakqU+/NBDjz/2eN534fllonfRZu6jD370gRtfeT1pT/b1+GOPnbvh1ffdc68ucy1m/OHBnID21DN67GDfGT0q7M/I/vQaHkOhyaryPhB7++8K7r8VhFEPP/Rw3GfE5FvQGe+/9z74DD8pwChAk3yH2BQ0ESX+CKXX6RRvfdObr7v2uhjKWsy/9ZHfGkodc9Z9Pr136rABfd211976pp9lfwAfLj/P8mq2AU0MObO9++63v0NF1B8h1C32sDMxnIuucC6aJl/el17wn/8h6OGGO6mEyBUz+siAPrqOrqPrKX6tnIAGa8MdjvWsMotra/U6i/KdjzOkyIl/k4eg+a8kwyHGTf5p3Yq9ELDJP5uZkCe4YUBLiJRiiGmdWe5ezToWow6XbPHUPLoGZ8ifcAi6nt+Xx96qbfGuJjIjUJm59afmTrxmZ4FESa8RsIDLrjn/9Bvf8YzXvPOZ4LXvgnz/q27/gRdd2KICzxX805ZR7T5rs/7bOQStrxcfEOi+AUV790+tFtkGmsKWdT1EuMh6IOgCnlHpXVEsZQWLWDAw4djP/t0/43XPH95/3XO/c6Os56fFev75z/zVuxfr+a+874/+8nv/6C//3Kf+vb/1qf/gFz/DPXLL39YhaL3mcnfLVF4cZ+Kfdgi6zz5rQEuI586ff83rLlz7k+df8h9fuOaN5+/4z8/d+84b7vrPrn/3bTe+6afPvf51587XFEsyOHgIut7CAb7lQ9D1DmhuzQ99/tyBysy503J+6yOrq258uzifEF9T119//c/8zM/cd999f/AHf/DII4988Ytf/PznP//www8/+OCDd99990/8jZ946UteepJ/G9evRxWpal3cDbS+XJE4r8ccAAH/fw5Bm2mkWTN2HSKlAN+V6I4izUzHKmo6HzwEXZ4mcZP6DS1aAKlvnMbBI8+FoZSlKzI25rJ1gjlhHjKLKPCIpXQXX3z1tg2Uv5hD0DXFDjs5BqpIrOOk4cBk4KQgyXE56aq/5sfnSP1RAS6WZKpNimS/Zt9OEmi67PA4vGmuKJAo6TWC7EkS1CE03Su5ItGtE+YACPjzOASNspi5EONipI4N100GkO+OQ9Drixs7e80SIl3ateFl6TLL4NU7JqWmZWl+G4egNaDbWSZS4cAh6FpJVd4/BD3ezhF7upbU1jMo05k7Or4eG1o9t/Zv7RC0phtxB2U0VxR9zxC5EWi8GpMJIDTRHWI1e58ih6B3yafIgDYl4jYVyG8+YySUuxqzVeIymILVZjGSuJ+ZQguJguE2naIcw7Y7abblXZ6s3la49paKbpeLSe+pP6dD0KbVDeoLj+TYbXSFp4JNYBN9ViSpCTKRCZXT5q+f3d6fegiajWL33DGJ3Og2JnbCqlEIkSsS99czKgMrl73bnimRmowCVggslYIgZqW9RJqIdtn0dry7HIJmurKeMzVjy/q82CHo8ZqOxXSmzjCmAVyLOTisXPQQtEatb96IDxsDWsXXWTz40QfYllpb749bdN8997aP/Cp09lB/+f57P3zHbf4NwFtd80uvWSr0bc6HoOvTsb5ryB7ef+99+suu4dXXlfd93z31So3Of9Q3dWTNTPr44+VoO7zeAT3yaQIzw0E+Pj87kORv8RD0tT/ysjvedsdVp89oKH/zm9988sknP+71jyrkhRuHT0CfPX3mrbfe9vIf+pH6THsz3dUzfOj1A7B40PMh6PfcWSeg5cZ6BYe2MvHy/kN/8Mum90FHjJJ8Lu1jAQeXXvqsKy6/wr9G2IllMc/Hn1eGqEOuuOIKspmOsnKtZ5pyL5pHBvTRdXQdXU/xyxPQmsu6rhCaV155TEIUcuLa2vqJE4W1PgFdf42wjy0bNzb6rwhSrEtBAOIYuCgSYg0exnRTnhk3q87mlo52iRTg+aW7HU5TIleHbPLP7yJbLK85d1TWs6ulMjmOdVSiZIVv8ug3cmxSU+tZ07n8rqH4aEzWVkdQk4yo12lxiJUhcsVK7oWJrlzrh4Dt7V2iM3IvEPkMRlU+XTyi8HzLKB57W9F6JpYZzdM6D/MdnWvcHeoB2zeiBD1EMfmg11y9EPSq0JZ0eXAMGdg8pGgIIg4/rorPmF1j51KZRRR4xHR5F+EODLdp8u7uSeBYb0FdyIkMKYUC/cKQMvTb2Tfu7pxUsRcCWuSul9v09rMJ3n44IHmXf5eu9xuHN7eGxXyTvjMYfvTC1SFtSXfvuZvki5vcx5d1k8G5czff3K91vkDuzYw/f36YzibI6/jzUqEuMnWftZglUdJr5Orft9Vzwb0PdePoEDlibQK/Vmv14+7Fh8pPef2g97XLZ3Py5JkzZ577nOc+5+rnPO+5z7v66qvPnjl7cvckY+dSRhU309mNzmWXTaDzC5ZSkDbF7C1va/nJPGAZQ4gOBN4pyK2BttuqK9DRnpWM1aHWdJ6xRWdbmRq+WniSiNpt+s7a0MS1/lOEawf/YCD54TZTwbI0Txw7LiEKOZEhKvulaLYHTdymZCtbpLUI2M8Se6CTSqyTe5EDyjJkNqYVa6wFudkm8sUG7U+NHAij5AyciwgnSq8iZIVTR8WmHm7pSeBnYyjpNQInNZrAOgGkKvzFvBljmdcumyAFFe0tz32IEvQQxeQDJwI9Bb88hdlFLZDGcMZSaoBPiuhuA/mMOWEeMoso8Ijpqh+DXgPRJbGMcJuAhF2+qPkC6NV6KlldbK0tbmmcVq1YfVXtVOIu07Zir5kRmdfpJERAcYkcMDsLqz8nODJLHO4zqCEeam6uDmGUhGS51jNNebxmYnnNI0oW3jcCcgtpriiQKOk1At1nYzIBhCa6XpueKYT4FDGFVxRLWcEiFgzmhHnILKLAI6brJJltQ3u0GeyQM7hN0D5jWT8QmlvH1/RMtUoX3lPoIYJ8IhTR+iSe4l8+rVjKKSJGST7Yu5gpfGprd7v/YCCi1piGadIkcnUIoyRWgNvljcBFSiVKVrizzM0VBRIlvUbgpJk6OoQmuj5sPFmin+O8vcDPRYeOTSO6mfIZ88a6nmyCk7oGRLtsglrMmIUPC0DK0l3Efc8xRJEIF9kECLqAZ1Tu9xT30lzURD3jvik8jGZBgqK9oJSxzhK7SLxmiS5znXFuG1quAR1evX32+eGHHq6T0ZMpPI4Pl3sLNIjvu+fevuUxde/5a151w5e//OW33XobTZZx+1tupfna61/tUWgqIJI2FWQ39reFgmMND2XTWMnuGpVf3ZXfqujfJPTtHOY73FKQczfcSMIdt91uhdv7bxKST5MEbwTkQ0mUrHAKqqS5okDcQCa6+dxN/gXCJw9dH//4x/v4cznOkwF9EuW1N97IdtW+9Wb2z239yIE63cxP+MaWJ53P1udb74B+z53vPMlvN7dQH2t11QloLWauyybDlxjDN4pOdK5yjfnP8J19+cb8Cg6j79/Qcc6R5/lAtGKRcbGkGjz54HAJypEBfXQdXUfXU/zia9BDzfOrNuBEuSRdxvV+7UZZz33WGM6TI4NiGZOz1rEt1P2Dz0QqQAJ6NUCpQB06GWS0VApaIUMgKHCV/To87zc2eNhpA1r3uU1bE2qI1Wxu8jw1rZamOSZs8bh0YJbFfXaKxCIMrCfoeqKvIrT5xz+P5TwD81zcs7exdqAJAZL0Nra3eKLk2ZOnTR4muwkydXS7bOqNbsIbW3QNb3TxQ9tFBWVMLxPtw64Ahfx0SVywzUTSFFUcFRtOw05S29RNos05p8XF5DVaPBMJjeP4xUZgDr0QYAXSzMkK0a0AHJLipMFTVpIuYxVk23lgaHMZru8MdrZ33W0jzbzYupX9+xU7ffqbCOhyc+YtIpbBu1ztEd98kQPRipJCv3mjuvr8cicPMxqcu+nca5eXbADfs9Hv0xjNzjHhwvk6Z928rrjPXPLZj5aQDPdO+QX2Rmhqtq40IZVJbu1nbQifhBd7TfS3gmtllywlalQ3zbE3CSgh4Skyw65tSIOcMrCmzwWw7Kw8kVGKKgfq86vKb/oYW99o3STaTNci8vxPpXV+0yq2H10+phaw2CKzLVe7jBt95Hn9BM06Da37bLJj+YKGLE4uUzfnOzcRkAYnyiXpMlrQtO3mFalQh53762/40TqSkFLGXTi7iF1oTesbzTemS5dTu9P6KmXSjTrCzYFYRC6xYHQyVdI0x4T6ARgrqd5RJDxKCMnyHf5X4MSaLq1Lhaw0e/E11jhbuslMEzBq3PKi25Xh8jkBJSQ8RWbYFaCkmk3gAmwmkqaoorG7zW90I9yPwE+HaBNuM6JucjxlowOTQNzld/ngQHP8yEBV2Chn2QXwCwIBLM8VAh1eIyBNI1guKSCOuMvYtlbDtZiB7mqSacZ4RaFy1iCoz0qciC5gzrKqE0vcOF7v34CokKyYHEVJYW3JgWRgXOZNqh1by5Fnz0GjLM1esLcDyc3mLiThUUJIllNq4/ha9kR9bupgzp7pbrucQq5uE8SljW5XhsvnBJSQ8BSZYVeAkmo2gQuwmUiaooqjbKqEOK/c5pyj6CKN0R2YBGIs4Aw0x8WA4UWWZQnZ4rMgediXcs9BGwFpbVgvzqlEFO9V7fEPq54Rfqp5xR7OXE6aqQEkCjnOLmY/a3+WYdompkuFZMXkKErStGseKEHxfLdNp877NFLcBJZn094UCY8y15dTirIuLPqBZrvPQEJkb4lCXhve26jvmc3s3SvdLpvm2OtcYHYMw1kACWJPjOEBip6jYyUOsZlImqJKnMooHnb2jojxoGnCT7fxXZHMcdjZWFZyR1ZYvb0wuohnd/dWBppTrmjfEeR0/1lCRMhJPk3rDyca5KQzi3TNuTtfr3zjK2+AP/jRBx6tt1tc07PvsTPssCuB//OHHqb3Rc97wXzMGX1UuL55VSCHruwMG0W1O2673TXUZ9E77EqIDy+Vr/H9G115d+Tfak5KEc1/yQte6F8sZAFWS0GA4qdv08/OH1eb5pjQN7ssCaRIOPHs7qm73vu+F7/wRZ5r9rAz5PTe3t5uGc02lzdBj+YLX3DNz9/1/noDuHZzxzP8MLStHJ63cNAE73r7nXt8jnxGMaA1dp81rljMNtOLTrSLS7e6kscrNSRmaT23aVwOdRLE5X0gelZIQLm8L2eskYN72VQ5MqCPrqPr6HqKX/MJaIk4Nr39eZ1nn6Gvra3btba2ceWVJJQN3VZAucbCE9CAmvGIrU+0C6SyYiWjozSRAx4kN3mk6iLBBg8vUylAAkp7o2UHaz2HC+p0Qjm/QG7xGeoBSnIsmJo2l8gTOA8FtbR6FmbQFg+VXV+EW9Mm0eaco6j7bGQKo9MJTef5ZHQNp4uHUnR6SeY5YTihiJB68wbJNbDc1ZV5bbpyolySLqMmr2lyIk2gUYuyzX/QJ09Qhc0qm2+A3mHCssgy4zJLPF8VRRUd5Jpl5ChK0rRrHihB8X5XdIGert32r0Xdae9e3SxPdJtlQ8d0FrW3aENJ7/IjwlwNmtxyxOyPSjLJueXCLTe30Ry0Ac21r3TCTeja0KW0B71vOrezTDOKfLGbJ6gHKJ3jfCT01fb0bEAT6+xziz3qpvleQDhEs1Vuc7sMera9fjCIRRDY8Y40jfUrNwr6Q5U3mRiBld1bAKGLNHOYyzR0KwCHGMsH52ejfbFFaSKSZn2ryYk0a2CvJMk0uTu7HBLTWZCWxdM1H2HWQd5kbDuk2qYqfMso2qvjtlX5NBcw3CGzvyxBOcHX+CFd+FUuZ6LoTGEXRDsbrimpy+z/EuhR2kzver0PZFknSGVFokQlmeTUB5GExjb3zmJGEzALCpl6kRkoFzajyC0+Qz1ASQ7zSlyMzcQd0ocJi1KebOuCFYa4YLnNOUdRp9gY3YFJIM4no9XNqdl7Z6zgcWaIn4gJVgAOSXHS4CkrSZfRgqbJiTRBz7gYuMTZ7c0nAgl2+v/bgBjj2Byi+cZ0qZCsmBxFSZouY/aXJbPPO+sCPV3611qrO5QaRrNvQJbHe1WhGSW983SAJpPue81jRpVkkuPuaSIvVnLNvtjKogYeX0P3Rkqps8xbnoAWO+v8A2XzwGHntU1Em4GLD7wF78UmcBNsJro5EBVH2VQJIc1mRQr+mzRhrUCaOfNhZysAh6Q4afCUlaTLaEHT5ESawBmTPE+k4qiAXsaaZgVzkm9Ml4o1UZKjKCneNmU8ZQ1iLWCAssVWHNIFel7BsTesYQ1TF+DNMgt8b5jOguEaoDbTi060C9Cka4jlf2mKMUu4ttep9gQVhUuaFQeiA5MdOw+0GUWOmIRZD1CSYxMsuzEmMpKmqOIomyohLl7uR8Z++jOQn4TFnG1jju3KNmYD6SKeHudwjcAcNq2Kj/POmozzCtHd2AKrLVJFgJWd2jQGCjkxvmQ40Wo6oUmmebpc2rKb40HrR4sz/QoOYpm5LLJNZOOKAV1iG9AoetAo1dvK6T6QSwx0mSFWk0tQ/Ahu7z826FndXPfdcy9drPnBjz6gohPd21ibzHTss3vuAh5+6CEzIS7SzfzYAw+qP95/w9Au0AOXD+Vtt7718Bo8fE3OP3/oYRWPPFPzjttuf+KbF1lzbXW/GFolL/QQdNGMIkdMwqwHKMmxCfygbRqv+9GX3/lfvH3yoJcjz+U4N8K79+QLX3AN+de/4rplD9tKhhtP9Zlo+OxBn2Kv1rfe/fZ36D7TRTy7c/Iv6SxrLhv1eeWXXHIJcc7Rel7Snn2Zr3J+9vgjhOU1+84NlW7Ox5+Nnnde0bWYiUxUxTPLIXJkQB9dR9fR9RS/cgL6xIm1dZ6p19avvPIYUYUo5EQJOcePw9eBHnSbEvuHl7VrSaZUu9VLQRW4cxk3+gUdXXnxoAEPm1YrPkplCJFRh/UWy6L1aDZYaydaQq+jMjZNYHOTh75pCpsmDL3qb/Ik1cTiS32ep3rlRsYiwSHWUdnigXTUtEtFLuzd4p+mPctsQ0vkK0THE+hBgxDQHmjn8JTKk0NbtHCQeeWV0Guzt1zX0euQdPUiK6JHlCxDGtttpG6SBu0m2C0zl6TFSRx6ebUax2BlkRElgcrhZBc2V7NLxXwzIbv9xwkZkl6ikJsP0XqOy7zsaivGnXHwGV5bzcfXd+o9wrlliDH7YOxNqC54rb/fAV2eb/m8Gs3LIejDumLZ0/0aaO3jixLiuddWTvRzrz1H3D/+3LrN9pTbeu5z0IvX3KTaXvrRHpTu6B3xmwCpe2mCwh3Vrwc/YGNPdmqX9l9bwefBDx8XO+4vIURxSRg7eZiIVA6x12gCO+z+q+/n8GDfqyUHgph3cSwJU1lvysVHlDgEWApF39kmYEh92Y0K0TfW+L3dfxP0Jl2k8c0zObOSQKVjOdfAo9C+SQOdsQ4nah+nGk25dh5D0ksUcvMhWs9pUmGDZjvCRs1K+RoFSevj0sDizhUD0WpGFLtUbNoFND2JOqFOoUKsz6s/tcokYcxymFhz1m0yFsVlpGlCdKYue7cJUdBF04SkRbeLyDpr7Ngiu1Tkwt5ktqVb4tx7USJSP8ReownUtKz6So4D7dVftrmyEtKM6BGbHPBzdVE31w6YxfVrRVlq1i9d7bD6RRVgsqIkUDmcrMm7b3/3qliGCk2g1QvxjxMyJL1EUZzFQ2jyizn+It9sp6oYd5h0DClfmEk7x7lcVaZwUrqMmXFznHEG8/Fno2MpPuspWwPXWMziREviPhs3jq2lCWy67BjEs4l8UZ0o6KK53OZIi26XCmNNKE6ptk11MwNdTnWJ4tx7USJi1IbYazRBm8/m4RwH2nuS//0ZvSsrIc2IHlHiEEGTBJNtAso6i2OjX1QBJitKApXDyZv1Jo2yI3fobauXuN0no20CPei4aVvH17q3HFKikJeh2bfvjcBtMpGlGGikFJCvTCd3LuOpemszvcsUelt74xiyzWX2YdqacFhXJGagXYcJcX7FB7CZedVtmnBRnSic0YSkRbdLxeVBzOHHYI9vHnaG3Rhwb0+pDy/YHZNk91aIcJ+dztkB8xpdPNseP1Fvl4FOpD0qIUd/GcA1MeWAgkY9SkWJQwTN+nuDJLcBvfjOu3vee/nO7cmWidxec5nLjGrrWUXLuEin9cL2YY6m85x8cn0rNrQJdsWYBu4JKzy7s8ddsDO5l3n9xia1vWNz6K3NJ6oYXbacZOKcA3cbjRr31M9K7FKxaZe9XWQZe1Bn3qVsBtp1mBD9GYhuM/Oq2zThojpR0HXDta+8+3133XTu3JlTp7Wb9ZqH77wci77q9JnXvPrGu++66/pXXHe6fecz/e5sufC9z+h7/PAPM9ojz++5850a0Cpg/x3QsXcvP/gmaHuJ2tDpsvfZ/Gf4yN1fx5/LX75s+QuEldv+shHoWQv1Sy+5FDAvl5WZwlkS6XIlNI8M6KPr6Dq6nuIXX4Mnpr83CCeurdV5ZCI6RPEgKd/ZeOWVDFh85/YfFuvWOnAHWnOegq70LmVHnSrSz/XtOVQacAgRbPJv4B4I1KkAmHeDZzEe/9sR1n1OZJTJpDGQaCnr0wwRJoOQ7q36Gr5dc3vxf6mzeBGb8pquq0HAdr8CwuYWT8o8Jo8uyhrL3Bxik648UP4b/+Bnya079Tb/HOr1tMu5FTMUclgBiyU91jBDhZguF+PCWL+ivXSpmG8mZKfPIDNkp3tX3b2OEq23NGvXTBtuL6XiBa9MJ3cu4+7uSXuNKHap2JyHGx27oqdsBtp1gLCctpv1l2162Jm48ibokbzcI5Fb1gD1lnPvIbM9evPN9VaNMoI7Av/84LhKP3eOf/jtn4DWWa6uyXEuN3k4y4v7zJBxAnoeIkwuaCv3pelM1G721c9Lc1xdqgxoTdXcEdzmyidOmmeEK6c/DC4JMRdNizjczfkT/s8YlXBYAZk0SqBSyZ0GXD/fa+g7/CCN9dtFpk2QO2VSdIakly7hKKKEb7q5qRldCr/OfLHwnM+vHb+w7WauuMbyGG1E1qzpbIx/TVoZxD1Kr9kiRgYe1hWJGWjXYUIswxpl+M7GbWbuc9Bwuqq3a2YUzfrG5Mb/hPr2khYgFiG23WnZzMt0gF/12YIEEiNdFqHJRESa9VlPmRKxzJipG+W3dgTos417OMeB9v5/snErBjRJMNkm8NwxTcdGv6gCTFaUBCqHk9lklLmaXfNqzYSwHnSGXNzGJZl7Z2Bvztxko4gqRn7jdKLhJBPnHDi9phFjZxtR7GLezTUWtu81LyvpyCIP64rEDKyu9eUgs3aqhKi/bHOH5I556bNG7X7yMJqdC9BUWSGZN4jLDMqzrpdyrGlAo68fOwGWUcNxrq7hQdco9rtfuxG7efP4ek5A0ywybhDEJg6x12gCN+hdq6/kONBeX+Vh0yHwHTjkO97GRZmr2TWv1kyI7mE5v6OXKOTmQzyLnebKwohUSBHXMOe4ANOI2YesJG7vNpnd1GvWCzaScFhvsYzLvJUihqnTzfMynUWIe8OMO8W/fLoOnK5MNE9BV3pbPzBRXK0A0QhO9V8aFOosFcyjzJwH0jXnE2kizpkSYTIIsddowuEZ55xMB1hzeh2SLtL4+Kpavwka7k+R+xm4sWyXuht4uo/i0tTZjN5KGZRONy8yoqR4gwoMJEosQhpD4jkCbUdGze6kBSFn/hQbd3KfvdO56QLKF9ZN7jPOOtHwspLLjlyWJ6fXNGK9yYFeJuqouazRjGLTLnuNnph28VktK4cQ0SGKg+zvj5HNT5NlGFmSn0itc/jORD+d0VWnlZ03Cwix10nH1NnMer8zRRrLtrPh7nlGWWceSNecT6SJOGdKxOFV2Ws0gQ2sTR4znt099dY333r7W29/5bXXvfAF11x99mwOPj/nqquvef7zr7v22rfeetvbbr3t6pOnuBHtZm7EWI7zEJdTz2zdAE0S3vX2O0tvAxrUCegyetvV1VnmelYfQNbtTTxMyLni8iv0lJ/VL4CuQ83VWfGyfiu0zdLba/Z1HB5/9kUcNfCSS+VVqitfccUVl/c7oI3OlSVxHRnQR9fRdXQ9xa8Y0PGa1w9axiCu8eRTr/sC6MWJLu+i/JOuUbz+q+tYJKVWCDkb7QWDrozMo+swsvknOl2Q9XJ+HbXJs1iPWhkrJ6Erk1YW7RpPdB1R2qU94CnPpWagAHsBxObI3Hef4Tbb96j3b5DeD8hl1DokYyUWTO/cVAl3dupTPJPWRDxp8NDXnJgEsN2OcyxRHedZKUO29XipTASZ5wU0FeccFqNi0y57rUav1i1IQe05sO/uHYSG3X6zV5ji1WzRWYBTK9obEeKkc7Ki3C5HhWeUQ3b7vdLALmARhxBt1h5usfLaVclOv+QkYk5AJ2YTQrh3Xw0BNCLV0+s2DgO6rN0L/TqO/ZPOfWk9N138YtJ0lnOi+bCnPE43L75zYGaMacjNfeQ5FvNiNw9X2t46E91K91Zybmom/IYQBUqa8ys42GUuftq85HTZC3SW3SWK1MCury6xV0Rht9Vtpg4JSS7Pd73Nyo47o1eDGJJkBjrWmvRaFsDRBdzmLAYWnJvxjvWg9en4Vt1kOKVYRqO+ZajXFqcKxFc/A4vo5+ojwyGAtJmbACxiTZCyFnEI0WbyaW6S3P6jpjPg65smUW4keV4qkblqn0edKtV6ep2LJpDH9DRWWQa29VwT9fcgX+6akowyWi3bpWIXokpgpr0AYjOZWq4pBWdV5bq2Yq9IAqt1wWxFelHmpko4XUKeCmDehCQAdYm9Isou29K6zdQhIcmApuKc4+cIsWmXvVajV/cZdEEy96GdyjauwE9qbmb/06zfQSZtxV5FeyNC3PA5mXn1c5ldb1dnPNwEAAH+HUJgF1gWT87wYbVW9VVtgh3qTKLWcxKIEudyAc6istEvgFZPrwefaQK5i8+q9KC1njWjWQOZtfj1OkNtLN/ZY87jvc+xnhffWYxFAtcPNItjGSdh3g16gYq9Igkh2SJFmjsMH9A5FVtUa8hjvIJdFtOcmASgLrFXRCmbr3WbqUNCkgFNxTln8/iaik277LUavfqGYKUgmAfOcOzcTH6aFlSxV9HeiBDSRI0lv4zd8pflEHCSGSduAoCAvcUULm9LV0sXlbhd/zeMA6sCNNsIK2dNZ9ma1pEbDxNyTpUXttQvH3Y4pMS9yS8Gcm0vuoyO0no2AUC0wyyiMhdRsQtRJTDTXgCxmUwTUspeoGKvSEJIVqI4N/3h0X32B1VkJwG8N63cOki2sfdwOWkrccGCidwQ3UYUm/ubyW0WWUARS+mTmun6MxDQZS/RUrrPwLIzZvd5xumdkxUHdJzLHZ6axDKRW2FJArF6a4UtMoS1MW8DHpfZJtyuuNJyulittwa4hdydpBbf0T0HTOfmAJuAZcwiTbsSDxOmYDr3J2vIdNlGlyF3eb22JQHw0SQZQPwgLKIyF1GxC1ElMNNeALGZTBNSCq4NrULzuh99+W1vevP73/u+97/vrrvver+Ao7zlP33TtT/8o3rH7AA7Jo+yz9nthrw86Dad33PnO8/wiTcn7q1v1TugNXYvvfRSX7jBhaJIRJ8vvWAuuurw8qVlH2tDa0BrOhMv6xdxFGkPWiQZ6ESHE1P58r5scvWi6qpJj05AH11H19H1lL80oLWVgQauPHoURd+/Ua/dOL6mE702Xtx87PgJOiEMIVNHeK4vhrW6eMoqlc/AcirKi5DwLGkzQ8AGz2s9BYCjhBO1YlmYjq1NsLbmgehKzihIMFeGbPLQx/Q8JY3KTarmCjSCeeAlvR/PefAtm5KxVgaWUpl1u0gmChW7NJpncCPGmM6QBZTh6XQicT899WzXYp6O49jMVQpT9YKJiHNTmK9oglEzN3rGRozxp2FnlMQE1Adk76rZtnKtdlRg6hSMKKHLXpSIDjk80GbijOQ4uzx6FEU2M5vM3kLiNcP1+t15RZPjMAJv2bvmllXgNmeCzo3cdFOdcQ7aa17MYp3ocKI5+svtHZebDMwptBkdMidUPOfLNBYDumLerdHkMPSmy4CuokxBuZqa9eeWN/gh7/uCz7pdvoJD8AO0bzdv82keuOhyuPsmEegrhN0zkqZIdKsVQc0+PggjymJmdUSsfPUWa5EjOja6oopileUnpG8woyQmmEmTr7w0xxHmtncpyzfPBK1YoNemUuJ4+QZj2yAu0zbIQOOM5FhQHj2KYl79bBPCV57u5Drf/X0gGqAo1vd4H09OEe1CwHCLy23OZNaF7qdTAP3QhfPzsc6Q+vgYEgtSpIJlQ+YEotNB6gegfUyb6hqvK9B+LdfVtbUhqwgXGev6iQEr17EVKnahS4IkVPGxA3PlmbgGiysSrZkZ+XRUMnBOJgrzFU0w6mhHz9ht/ieGb8h1BpaNmz8D6Mb6ufA7BYmPXLs3mnCUiPIgvSmFsjJkfyBf1w3XkzgjOaxWh9eciEWGhboxXv0cR1WvVk5v3FVFk6trIPPqNatoQ9PcJyfYybKPQS1gIKIJZsp7VcxYRnMf2V5OQwNztJ41nSWu1nUSXSrEm9JWnvXDIMeY+4UrwkXGJmfu2mXscE63ETtqcUqCJOxQZDitAn2FaI9aXJFozcy4clSZOCcThfmKJhhjFKpkbEQGQkhTT2+6iC7A+jatE1EepDelUFaGEHfpJWfAZuKM5Jxsl7M5etmjOqSSEqd9ILryveGQMlBTG1hZkvqCfJFRe8PtZa6ZzHoQ0QQz5URzWCpNe4U5wDsKmROI3ibEakSb0Q/DWcyHOEoRLjI2OXOXswgVfwxOtdE5I1vq7kkE+kGyeItEajKpS9I6VHSuskpLKfvPGSVGMsHpthchFkmMXauiqKKocXmm/tDc6gnoxXr21c9lMpZpq61c6yGfbWxRvqAze2EUZ2FMVMqBIUzdcX9UO9FznMHaBKsFctevKFF0z7NLkNrAwel1bSiKJs9w2V22tpRNOzypZNYDBzaW7TXHZHOsaa8wB9BlUzInEBHVrUa0Gf0wPAFNtAKx/Wg2lulcZ+0ATZVZt4vkbI6KR57LaG6ygE+53wFNrCL8ojX5S1rMlw0b+vLp6DG6hq/OL5HLJl3F2z6Oj0zMqWehAb2Yy8N9hgjHRnFSLkrAndpyNFVsHhnQR9fRdXQ9xS8N6LW1somJHoX2NdA57wxZ5+m7nWIjyok+/qwNXX502c6LDb3BA9SIJFPZ4U4B5mrqpbRTkSIQAQdWIy1EwGdF7pHnDf4p3gefiSjlXPHgMxYAN27xDNucscQUBOoSexv0MrBMZw1iXWAedXkcpiSEGv1EXIasA+fpUCBZhk277M2Strd3mQIwRfkqE1xA+c4N7c44nnOz3c+tubm4qD2dUwOtWJeh4mJEkhXldjkqPKMg2+PMKdhpN7D8OObqGLuNJny/t1dSNvTglNIFlhsPE3J2xx8MZKzD514Um0BOPpwuo6NYfJIBhDQUi5TCHrbLnI2FxIbe3TmZaAJdcO8UuBXzLatkK5JZzTagYy7PLnMZzQd9Z3nBA856zX3qWVNYH9mm8cL55ay0HvT+kHFEWqKzvFyllOl84fyir3rQNcVN3IjQbDXmBus3vJXlfmuXypTnl4HI1vMLyUfCp8VVv5zjItk6xhW4k3Mz+WnWLNPmC0R7S+xlb/eahTkuNcu2i/yZmwAcUjWhPZBoptEdsKn7vPTyfcKvJ18swxHme5AlEeXGw4Qc1ry+2NDLoWaKGMmJawzkK2Ud5WugTQCQ2hAWO8xolLnIkkORdpz5KkxcJ7NOQ9dwpwBzNXUVE9CTqWiComWZS2Siam5s8NvCt21/j5cBfWBg/Ywtp61tGrVB4VmDQ4C6xF6BskO1caAYxWa5tL1CEpIMqkKL5rDUao69smmXvVaj9+CB4uWWxTxwhmPnZvLTtKCKvYr2RoSQJpKsKLfLUeEZtc2XJA/k/AY00Yl2J7OfRJtwYnqBNnRETeokEA8Tcnbr160Ud770dVZekQVo7LoeuctzbSaAjRN1gtgEAPH10Ftry7nm2KmQuKhxYHepNqIJcWMrjvUwS+qrOCN6pi5x31xeFi9J76K0y9ycf/HUkedtfpD74DMRZWedf0b0keo+BF2r7cg6s3JvxGXnjiT2iijeI4rN1CEhyYCm4pzT57X3rUzdTA1NIs2t77ADxeqKcrscFZ5RDolDbRewiEOINpNvE5A/i/PajIcJOTrdwDXsMhy940kqULCbQL43XGCjR6H7NdD1kgotUc8Xo8C9HefKklRSSifO6HSaSvYCmy5J3fr6pGW/NhH6pCQohqR3VuSAIvBa8ChIUyVNo5YZ3GoZAtQl9ooojFW3mTokJBnQVJxz3F6ITbvs1bVkV3VXQbYucA+JK3Bso6q5whS3SWQWlaW3fd4YqSk1pqshYK6QsTqV4SYAh+wfKG67OR40kZ+l8p27CXcB5Q430YaOWIedu4tVGVdJ55xlOhbJrXlTTM2ojuWQsqpuluncvN77PCxUzVbA5sizRQcPFJOznHTORwBhDW5aLXVEE1ynvcBmF4HUTrpvEKLz2qU45i3RBXRXNeeu0busGU5EtCBNlTSNuTWrZQhQl9grotRut77iQWdbRG1O3y/xTO8SxB/p8pHHqWe67CWWvrF1dqeM7BK1pFnbxrZ/hJAEI1hewcGlDa3pTDNur4qci5zLx5sxSkRuH5ksSAkNElEqd7KnwzNK69lm8S7uMpxLxbXJL7/8iiMD+ug6uo6up/jF1+Da8J0hfbq5/GX4ienkcjvOeVHGCR3e/XPQ7REDbejKJaUrSBgSDtZ5Jm+TV1HwwDiXAkhdr9zMshTGQLmwGaU5+WUKU62PPJcjgUKTZFAWFo+ozTM8FVQSyVRU2eSps6uJcEjNRRpPhWTW8zjJy0SZTjfTGN2JkkDc3i73E6LLnIl0ogGELtIQIYu9zvMAj9N0NffUsxFsUYqBPFdXnX2LFmRVuq4uQ050YXq4SY6HG8VRAb27/EdLkRuhl/901KQzpkulPdwSnc5ZWIMkTbucWi5xGYd1gZ6u+NTAOwXeLIp8Ho5CM0r1ttHvxrrt7jy3EJEoUfEe+zZrc9yBwI2aFRJYD/qTn7zzuxHehTflB72S8J0Dd9tz+vwab48/PEjUI17J/86BXicRrB1fO3GM7+jlCxRl/8u0PeL4xVt87Qyd4XZBcrrZmslBcQqb6bWghiNYbxta07m+Acch6FZqOAOBjqFFApc0KySgxE9Uma1PYDNKfVeWDV12pOt0OEpKwU0Q5AgnVUkkU1GlrNtegwiHZHlEm3OOi9SfNdI01rK71wRiXpSRgebU7H2bViDNnLb4l+FWAA5JcdLgKStJl9GCpsmJNIEzJnmeSMVRwc4mX+Vl2sbVLbeUSG9vvtG9cntRdJlrx0aOoiRNu+aBEhQ/hQM6/6vXyDKAJ7JFVgjRFJZrCovyecc7oEEMWZ1WuChHtS1gRZPVw6lGZeo7UYCo9RyQUD4yc/VKymXusXJRzeWAc1nGiw3dB5/Xj/XroVvZ4bb6pc+gnOhev3BhwAoqid5OMmMfRwnp2ZeBNuccRec1Rq9MeENPMy6nEejV0rv4qm3marZCfJmyCVYADjEC0uApK0mX0YKmyYk0gTMmeZ5IxVEBvYw1zQrmJN+YLhVroiRHUZKmXfNACYrvCbG5Sz69A5rL8j12eOgnKdhdkK3jayjNFzdWbOdl0L0Gb815qzlc0VTWXSJKVOSAHA04xUb5oUzkLII1oMTzUgkXNqPIFV1zFJrhGQUcCLxTlUQyFVVoqkcJcfFym3OOovMaozswCUStTDfKHXPr2DS3C0IXaeb4IZrgxoIesszipNaXS9JVbmx7ps4Yfqb/Ph6IBWmkqTsZhRxIQK/OJsgsFVkhdzciP0hAG5rbKdO2F1MWbc1S7jOiJE2WB3HN8iI90HeJwGs4K2ki0NMVnxqcGStkqdkiuPclULwv9sSdZ0b3iugyAE26IpqsHg5yFy0uU7hRaQKmcyVZDHHwqoZi014TkuO9RKEZnlHAgYC5vE1HGcmc7r2mU48S4uLlrK22ot1huBHoLC/+8tCzOSYQz/KJ1wfaLjObRlcb0NW7vvWut99pBdL0oOsEdPnI7fYSY/tCtH0VuczkklfvONQcZ9lKxMvQn33ZJf1+Z9NE5fi26PEXCB1YOW09UzmzG2lmJc5+ZEAfXUfX0fUUv/ga1FOORyzShKyt7TvFurTHPfU83sJRTXrpGgeW14ely3CJmOsQLU4CvJ9hl+ESlWPH6/3ONIjCsY5yOJB0Zh151hFmYUaaROtkiM0QdLDJMxGzjolMVmmbcjumMISy4Twd99M0T731SM4IoHdpBJYdpaq5QoJWai7BFFtbOx6IztRE7k5XehORB4n2OofdWfYoWOcZbxLVWZJ2KhNBnNHmtIBl5Ub2wVF2GS0CETStBkjQb91sskMmpTbLaaUpD0mzb6GWZGVnNKayuiJNzWKiSoiAZwjNmSdhRVEMsb6AV/1sIyudjGZPOkvk5EQE850S5505vC0qbPuK5/jdgnJy+0ZyXysJ3zlgbX4WHj3e4jeG32SU1r+TV66vqulWx6j5Qlg/4OTCtYkVZ56EFUUxRF9P1Bdc+8Ig7nMlN9GIlMi1pEvsgXMdosVrtxnSdzH3qjBLbhDw3Uo1LddM6hR849SvOl/na8ueWJ9I02hlogVn4tR84k4NVOyiqeuqFdse674ZrW41ExwrNwKXCtJcIcGKQpMiu3xX8HvUXdwvkR1AySbYa4KjgHsVUZ3oqhjrKAumlCTJROo4yi6jRSCCptXKJK2C9NZZY6KWa20jX63kMIrFDJJm/cYxY5OIcxdQV6wN74IxpkNEr6TWA1xMuLA5K4ohmtEa0DvcCCJFDlmusVaTBiEnYjUZ1aAsUb+b4nDnmntVfL+zaWLTdzqXPb1vMfdimKLW1i8JKZNaD5pIUwPaN28QAevJyolUcLXEZbWLqb24yd5Ubgfi2HRZzQTHyo3AhIyqZHrhgwQrStmpG4ula5curS/Q2Ldcu9cER4HY04rqRC1UxjrKgiklSTKROo6yy2gRiKBpNWBBIIk+D5nH2kz+Sk66nDddNC1o/RCdSqChTNQFnnkSVpQWiWWJaqTKgY6hi8l0Fdsh1U6KowShbESQ+nJ6IXuTN7rM0kQl56/b2CrQ5apcJMR8c9RV9KC1no2OJZo/E3RABYcDFbtoZgH2QhybLquZ4Fi5EZiQUYeJiJHqNrqBGpdxM9k9IhuI4n6aI+lRy6QuvspO6yfqFTI1ZZ0xxZ2RGJPRTIiOZIpoZUIETT1KQAJdQHLa92xwFzt1FFoeUrxv0MVINIgl6QJkChUdas3r5ThzEwGvIZZiqRMXWbyrFWlCvEcxbnDeIsZW0/VkYXJyIgIzM4pea2aWrCRKf0BFiGIM9MPaX6c5RDcchbFGmkaafnDmzwQdUMHhQMUumlmAvRDHAvbc48+g9r8PQYPZcQa5/TRXSKD7PDcp4oHod7/9HSi+fOPk2ibKcgL68un1F5q8iV6XXXbZJZdcsjRG1wH7eLxM49kD+6/jeNazL71k361OPnHFjK7sNpqzHppw4lKrrx8/uo6uo+voespfx4+f8ODziemvEUYUiCaYU47z7EG3g8GzoaTM6GExGwUZOUkNkrCQ9fJ8yOon9wX62lrALACywQPa8IXhRMYaFTuW+7zBk84azQ1tYmIb0zVK89RkC6aOsLKZWzzG8qDL41Ilj8POw3qOQiLrT8woAE8piXD2gMzENprhFCkwRaznRIkr0QMFes1an2kCjz9HYSXbbSW7ThdGBNx4RDhEDhhi03WukIySgG2GtMGqBanTqqMn4Iom2EVkhfrIloXPlXf7vRkhoqab/GUzjYtrPK3frpR1lvRCIgrT0Cvn4G4TNZd950a7zNUlSRPs8PjM3lKq4S27RZJsReD2rniO3y3wNr2j/ky/c09Au0L3nC+g7f4hJJal+529ci05wBdlxeEvAznRBDhfqTQFzeR78Dm9kIjCNL+U5bO+yS4N+xJsDD86sbBWHq7FBbMbQ0iIIpwUQmQsJLPwPRtj1FgivzD9GujK5EPsItqRKQ5RgaNErxsZ8yIagf4mIK1mH6uFCxVJos6sGJ7svkEsXHlAZqKZqcCtRUmUZCuE+pwsSJsTIOQo2kwCq4qYFdqV9TvpCsmoJgUN05wm1hpmf9xYefzidBGj+wHBMwqyyzdlf3wSQdNompkV19gNvrXL/i73th1eTV5EyWwEA1erKNrnXWxTPVkhV/d9FMAuSZpgh6mO81O6vwBjiAtQEb49A9I+8glI5fTZZ/lWvWGj/GXfaFETlUFZ+Tv95weBp56JZVt3k1XpFzME7sCusyw1iwe+owOYjD7fdRRJYkxnOSIIEc6ol6qbmRg7VWizruRINGRNiz4nC9LmBAg5ijaToNGsuGJeWxY46QrJKEk4o1QcniHyeal2EaO7AHhGQbSAQwRNo2lm7kD6aDPQYqYpNH8lHnxOb1vDm1vH6SoCtvt9EbvrB167AeTW1xEDDNcSTRR7/IJ0cZGEk8OB3WuzTNtLOCmEqINsTvLNWck0XjTTpgp8HqtbLRCN4NTw6UxGn+tEkSQ6o3AuECLmGYFj9zqeYvjkQbNRw3Ck4BIl7qFp0eNOZg1Vue/CJoT7UqTpdIwCzkUpuaP0GfUcHXKYuFFmKmaUih40P7QxneGKurS6w3XXbSsvq+p3a9hl79ndPfJDBM3ZXzbTqD0KN0HQRHT97gOLpJkbyY4B07ydld12o4CHmusuukuSJmCRvZ9LcyQs20WcLV2ReYn9uZizDHdjXfCcacyH5ag5RwU+j53vF9EI5pPs6nOdKJLEmM4A7ppDxLwboGzlEcmcPei99rI976wBDbe5t771/wI8OQN6nvTVdQAAAABJRU5ErkJggg==" alt="Cropped output" style="max-width: 55vw; max-height: 65vh;">
  (Session info: chrome=85.0.4183.121)
Build info: version: '4.0.0-alpha-4', revision: 'c2d955b49e'
System info: host: 'LAPTOP-A003P5EU', ip: '192.168.225.216', os.name: 'Windows 10', os.arch: 'amd64', os.version: '10.0', java.version: '1.8.0_261'
Driver info: org.openqa.selenium.chrome.ChromeDriver
Capabilities {acceptInsecureCerts: false, browserName: chrome, browserVersion: 85.0.4183.121, chrome: {chromedriverVersion: 85.0.4183.87 (cd6713ebf92fa..., userDataDir: C:\Users\JAYASU~1\AppData\L...}, goog:chromeOptions: {debuggerAddress: localhost:60961}, javascriptEnabled: true, networkConnectionEnabled: false, pageLoadStrategy: normal, platform: WINDOWS, platformName: WINDOWS, proxy: Proxy(), setWindowRect: true, strictFileInteractability: false, timeouts: {implicit: 0, pageLoad: 300000, script: 30000}, unhandledPromptBehavior: dismiss and notify, webauthn:virtualAuthenticators: true}
Session ID: ddb2435b633a9b3ea97be1fbbea2c9a7
at sun.reflect.NativeConstructorAccessorImpl.newInstance0(Native Method)
at sun.reflect.NativeConstructorAccessorImpl.newInstance(Unknown Source)
at sun.reflect.DelegatingConstructorAccessorImpl.newInstance(Unknown Source)
at java.lang.reflect.Constructor.newInstance(Unknown Source)
at org.openqa.selenium.remote.codec.w3c.W3CHttpResponseCodec.createException(W3CHttpResponseCodec.java:196)
at org.openqa.selenium.remote.codec.w3c.W3CHttpResponseCodec.decode(W3CHttpResponseCodec.java:129)
at org.openqa.selenium.remote.codec.w3c.W3CHttpResponseCodec.decode(W3CHttpResponseCodec.java:53)
at org.openqa.selenium.remote.HttpCommandExecutor.execute(HttpCommandExecutor.java:161)
at org.openqa.selenium.remote.service.DriverCommandExecutor.execute(DriverCommandExecutor.java:83)
at org.openqa.selenium.remote.RemoteWebDriver.execute(RemoteWebDriver.java:582)
at org.openqa.selenium.remote.RemoteWebElement.execute(RemoteWebElement.java:316)
at org.openqa.selenium.remote.RemoteWebElement.click(RemoteWebElement.java:85)
at assembly.GiveRecognitionValidation.giverecognitionToUserTwo(GiveRecognitionValidation.java:182)
at assembly.GiveRecognitionValidation.ValidateGiveRecognitionUsingGifOnly(GiveRecognitionValidation.java:113)
at sun.reflect.NativeMethodAccessorImpl.invoke0(Native Method)
at sun.reflect.NativeMethodAccessorImpl.invoke(Unknown Source)
at sun.reflect.DelegatingMethodAccessorImpl.invoke(Unknown Source)
at java.lang.reflect.Method.invoke(Unknown Source)
at org.testng.internal.MethodInvocationHelper.invokeMethod(MethodInvocationHelper.java:124)
at org.testng.internal.Invoker.invokeMethod(Invoker.java:583)
at org.testng.internal.Invoker.invokeTestMethod(Invoker.java:719)
at org.testng.internal.Invoker.invokeTestMethods(Invoker.java:989)
at org.testng.internal.TestMethodWorker.invokeTestMethods(TestMethodWorker.java:125)
at org.testng.internal.TestMethodWorker.run(TestMethodWorker.java:109)
at org.testng.TestRunner.privateRun(TestRunner.java:648)
at org.testng.TestRunner.run(TestRunner.java:505)
at org.testng.SuiteRunner.runTest(SuiteRunner.java:455)
at org.testng.SuiteRunner.runSequentially(SuiteRunner.java:450)
at org.testng.SuiteRunner.privateRun(SuiteRunner.java:415)
at org.testng.SuiteRunner.run(SuiteRunner.java:364)
at org.testng.SuiteRunnerWorker.runSuite(SuiteRunnerWorker.java:52)
at org.testng.SuiteRunnerWorker.run(SuiteRunnerWorker.java:84)
at org.testng.TestNG.runSuitesSequentially(TestNG.java:1208)
at org.testng.TestNG.runSuitesLocally(TestNG.java:1137)
at org.testng.TestNG.runSuites(TestNG.java:1049)
at org.testng.TestNG.run(TestNG.java:1017)
at org.testng.remote.AbstractRemoteTestNG.run(AbstractRemoteTestNG.java:115)
at org.testng.remote.RemoteTestNG.initAndRun(RemoteTestNG.java:251)
at org.testng.remote.RemoteTestNG.main(RemoteTestNG.java:77)
]]>
    </error>
  </testcase> <!-- ValidateGiveRecognitionUsingGifOnly -->
  <testcase name="checkTrophiesDropdownZeroTrophy" time="73.081" classname="assembly.GiveRecognitionValidation">
    <error type="org.openqa.selenium.NoSuchElementException" message="no such element: Unable to locate element: {&quot;method&quot;:&quot;xpath&quot;,&quot;selector&quot;:&quot;//div[@class=&#039;gc-button__div shoutout-give-button&#039;]/button&quot;}
  (Session info: chrome=85.0.4183.121)
For documentation on this error, please visit: https://selenium.dev/exceptions/#no_such_element
Build info: version: &#039;4.0.0-alpha-4&#039;, revision: &#039;c2d955b49e&#039;
System info: host: &#039;LAPTOP-A003P5EU&#039;, ip: &#039;192.168.225.216&#039;, os.name: &#039;Windows 10&#039;, os.arch: &#039;amd64&#039;, os.version: &#039;10.0&#039;, java.version: &#039;1.8.0_261&#039;
Driver info: org.openqa.selenium.chrome.ChromeDriver
Capabilities {acceptInsecureCerts: false, browserName: chrome, browserVersion: 85.0.4183.121, chrome: {chromedriverVersion: 85.0.4183.87 (cd6713ebf92fa..., userDataDir: C:\Users\JAYASU~1\AppData\L...}, goog:chromeOptions: {debuggerAddress: localhost:60961}, javascriptEnabled: true, networkConnectionEnabled: false, pageLoadStrategy: normal, platform: WINDOWS, platformName: WINDOWS, proxy: Proxy(), setWindowRect: true, strictFileInteractability: false, timeouts: {implicit: 0, pageLoad: 300000, script: 30000}, unhandledPromptBehavior: dismiss and notify, webauthn:virtualAuthenticators: true}
Session ID: ddb2435b633a9b3ea97be1fbbea2c9a7
*** Element info: {Using=xpath, value=//div[@class=&#039;gc-button__div shoutout-give-button&#039;]/button}">
      <![CDATA[org.openqa.selenium.NoSuchElementException: no such element: Unable to locate element: {"method":"xpath","selector":"//div[@class='gc-button__div shoutout-give-button']/button"}
  (Session info: chrome=85.0.4183.121)
For documentation on this error, please visit: https://selenium.dev/exceptions/#no_such_element
Build info: version: '4.0.0-alpha-4', revision: 'c2d955b49e'
System info: host: 'LAPTOP-A003P5EU', ip: '192.168.225.216', os.name: 'Windows 10', os.arch: 'amd64', os.version: '10.0', java.version: '1.8.0_261'
Driver info: org.openqa.selenium.chrome.ChromeDriver
Capabilities {acceptInsecureCerts: false, browserName: chrome, browserVersion: 85.0.4183.121, chrome: {chromedriverVersion: 85.0.4183.87 (cd6713ebf92fa..., userDataDir: C:\Users\JAYASU~1\AppData\L...}, goog:chromeOptions: {debuggerAddress: localhost:60961}, javascriptEnabled: true, networkConnectionEnabled: false, pageLoadStrategy: normal, platform: WINDOWS, platformName: WINDOWS, proxy: Proxy(), setWindowRect: true, strictFileInteractability: false, timeouts: {implicit: 0, pageLoad: 300000, script: 30000}, unhandledPromptBehavior: dismiss and notify, webauthn:virtualAuthenticators: true}
Session ID: ddb2435b633a9b3ea97be1fbbea2c9a7
*** Element info: {Using=xpath, value=//div[@class='gc-button__div shoutout-give-button']/button}
at sun.reflect.NativeConstructorAccessorImpl.newInstance0(Native Method)
at sun.reflect.NativeConstructorAccessorImpl.newInstance(Unknown Source)
at sun.reflect.DelegatingConstructorAccessorImpl.newInstance(Unknown Source)
at java.lang.reflect.Constructor.newInstance(Unknown Source)
at org.openqa.selenium.remote.codec.w3c.W3CHttpResponseCodec.createException(W3CHttpResponseCodec.java:196)
at org.openqa.selenium.remote.codec.w3c.W3CHttpResponseCodec.decode(W3CHttpResponseCodec.java:129)
at org.openqa.selenium.remote.codec.w3c.W3CHttpResponseCodec.decode(W3CHttpResponseCodec.java:53)
at org.openqa.selenium.remote.HttpCommandExecutor.execute(HttpCommandExecutor.java:161)
at org.openqa.selenium.remote.service.DriverCommandExecutor.execute(DriverCommandExecutor.java:83)
at org.openqa.selenium.remote.RemoteWebDriver.execute(RemoteWebDriver.java:582)
at org.openqa.selenium.remote.RemoteWebDriver.findElement(RemoteWebDriver.java:333)
at org.openqa.selenium.remote.RemoteWebDriver.findElementByXPath(RemoteWebDriver.java:451)
at org.openqa.selenium.By$ByXPath.findElement(By.java:394)
at org.openqa.selenium.remote.RemoteWebDriver.findElement(RemoteWebDriver.java:325)
at PageObjects.RecognitionPageObject.getGiveRecognitionButton(RecognitionPageObject.java:122)
at assembly.GiveRecognitionValidation.checkTrophiesDropdownZeroTrophy(GiveRecognitionValidation.java:142)
at sun.reflect.NativeMethodAccessorImpl.invoke0(Native Method)
at sun.reflect.NativeMethodAccessorImpl.invoke(Unknown Source)
at sun.reflect.DelegatingMethodAccessorImpl.invoke(Unknown Source)
at java.lang.reflect.Method.invoke(Unknown Source)
at org.testng.internal.MethodInvocationHelper.invokeMethod(MethodInvocationHelper.java:124)
at org.testng.internal.Invoker.invokeMethod(Invoker.java:583)
at org.testng.internal.Invoker.invokeTestMethod(Invoker.java:719)
at org.testng.internal.Invoker.invokeTestMethods(Invoker.java:989)
at org.testng.internal.TestMethodWorker.invokeTestMethods(TestMethodWorker.java:125)
at org.testng.internal.TestMethodWorker.run(TestMethodWorker.java:109)
at org.testng.TestRunner.privateRun(TestRunner.java:648)
at org.testng.TestRunner.run(TestRunner.java:505)
at org.testng.SuiteRunner.runTest(SuiteRunner.java:455)
at org.testng.SuiteRunner.runSequentially(SuiteRunner.java:450)
at org.testng.SuiteRunner.privateRun(SuiteRunner.java:415)
at org.testng.SuiteRunner.run(SuiteRunner.java:364)
at org.testng.SuiteRunnerWorker.runSuite(SuiteRunnerWorker.java:52)
at org.testng.SuiteRunnerWorker.run(SuiteRunnerWorker.java:84)
at org.testng.TestNG.runSuitesSequentially(TestNG.java:1208)
at org.testng.TestNG.runSuitesLocally(TestNG.java:1137)
at org.testng.TestNG.runSuites(TestNG.java:1049)
at org.testng.TestNG.run(TestNG.java:1017)
at org.testng.remote.AbstractRemoteTestNG.run(AbstractRemoteTestNG.java:115)
at org.testng.remote.RemoteTestNG.initAndRun(RemoteTestNG.java:251)
at org.testng.remote.RemoteTestNG.main(RemoteTestNG.java:77)
]]>
    </error>
  </testcase> <!-- checkTrophiesDropdownZeroTrophy -->
</testsuite> <!-- assembly.GiveRecognitionValidation -->
