<?xml version="1.0" encoding="UTF-8"?>
<!-- Generated by org.testng.reporters.JUnitReportReporter -->
<testsuite skipped="0" hostname="LAPTOP-A003P5EU" name="assembly.HomePageLaunchURL" tests="1" failures="0" timestamp="13 Oct 2020 04:10:45 GMT" time="7.831" errors="0">
  <testcase name="validateHomePageURLLaunch" time="7.831" classname="assembly.HomePageLaunchURL"/>
</testsuite> <!-- assembly.HomePageLaunchURL -->
