<?xml version="1.0" encoding="UTF-8"?>
<!-- Generated by org.testng.reporters.JUnitReportReporter -->
<testsuite skipped="0" hostname="LAPTOP-A003P5EU" name="assembly.O365EditViewFlowValidation" tests="3" failures="0" timestamp="28 Sep 2020 07:44:58 GMT" time="56.383" errors="0">
  <testcase name="validateSlackLoginWhenConnected" time="27.711" classname="assembly.O365EditViewFlowValidation"/>
  <testcase name="EditInvitesValidationOnCancel" time="10.606" classname="assembly.O365EditViewFlowValidation"/>
  <testcase name="EditInvitesValidationOnConfirm" time="18.066" classname="assembly.O365EditViewFlowValidation"/>
</testsuite> <!-- assembly.O365EditViewFlowValidation -->
