<?xml version="1.0" encoding="UTF-8"?>
<!-- Generated by org.testng.reporters.JUnitReportReporter -->
<testsuite skipped="0" hostname="LAPTOP-A003P5EU" name="office365testcases.O365QueuedInviteFlowValidation" tests="7" failures="0" timestamp="27 Oct 2020 07:35:12 GMT" time="136.883" errors="0">
  <testcase name="validateSlackLoginWhenConnected" time="20.996" classname="office365testcases.O365QueuedInviteFlowValidation"/>
  <testcase name="managePageSetup" time="10.467" classname="office365testcases.O365QueuedInviteFlowValidation"/>
  <testcase name="validateCancelButtonOnClick" time="5.340" classname="office365testcases.O365QueuedInviteFlowValidation"/>
  <testcase name="connectOffice365OnCancel" time="45.788" classname="office365testcases.O365QueuedInviteFlowValidation"/>
  <testcase name="validateQueuedInvitesFlow" time="34.563" classname="office365testcases.O365QueuedInviteFlowValidation"/>
  <testcase name="validateQueuedInvitesFlowOnView" time="15.197" classname="office365testcases.O365QueuedInviteFlowValidation"/>
  <testcase name="validateQuickSettings" time="4.532" classname="office365testcases.O365QueuedInviteFlowValidation"/>
</testsuite> <!-- office365testcases.O365QueuedInviteFlowValidation -->
