<?xml version="1.0" encoding="UTF-8"?>
<!-- Generated by org.testng.reporters.JUnitReportReporter -->
<testsuite skipped="0" hostname="LAPTOP-A003P5EU" name="billingFlow.FreePlanBillingFlow" tests="5" failures="0" timestamp="07 Jan 2021 08:14:03 GMT" time="47.014" errors="0">
  <testcase name="validateLandingPage" time="7.045" classname="billingFlow.FreePlanBillingFlow"/>
  <testcase name="validateValidLogin" time="5.241" classname="billingFlow.FreePlanBillingFlow"/>
  <testcase name="accountPlan" time="4.682" classname="billingFlow.FreePlanBillingFlow"/>
  <testcase name="switchToFreePlanOnKeepPlan" time="19.631" classname="billingFlow.FreePlanBillingFlow"/>
  <testcase name="switchToFreePlanOnDowngradeButtonClick" time="10.415" classname="billingFlow.FreePlanBillingFlow"/>
</testsuite> <!-- billingFlow.FreePlanBillingFlow -->
