<?xml version="1.0" encoding="UTF-8"?>
<!-- Generated by org.testng.reporters.JUnitReportReporter -->
<testsuite skipped="0" hostname="LAPTOP-A003P5EU" name="slacktestcases.SlackIntegrationFlowValidation" tests="4" failures="0" timestamp="07 Oct 2020 05:57:45 GMT" time="73.833" errors="0">
  <testcase name="validateSlackLoginWhenConnected" time="10.680" classname="slacktestcases.SlackIntegrationFlowValidation"/>
  <testcase name="SignInUsingSlack" time="14.917" classname="slacktestcases.SlackIntegrationFlowValidation"/>
  <testcase name="AnnounceLaterFunction" time="39.726" classname="slacktestcases.SlackIntegrationFlowValidation"/>
  <testcase name="ValidateQuickSettingsFlow" time="8.510" classname="slacktestcases.SlackIntegrationFlowValidation"/>
</testsuite> <!-- slacktestcases.SlackIntegrationFlowValidation -->
