<?xml version="1.0" encoding="UTF-8"?>
<!-- Generated by org.testng.reporters.JUnitReportReporter -->
<testsuite skipped="0" hostname="LAPTOP-A003P5EU" name="slacktestcases.SlackQueuedInviteFlowValidation" tests="7" failures="0" timestamp="04 Jan 2021 12:28:17 GMT" time="95.011" errors="0">
  <testcase name="validateLogin" time="14.972" classname="slacktestcases.SlackQueuedInviteFlowValidation"/>
  <testcase name="managePageSetup" time="4.664" classname="slacktestcases.SlackQueuedInviteFlowValidation"/>
  <testcase name="validateCancelButtonOnClick" time="7.518" classname="slacktestcases.SlackQueuedInviteFlowValidation"/>
  <testcase name="connectSlackOnCancel" time="31.879" classname="slacktestcases.SlackQueuedInviteFlowValidation"/>
  <testcase name="validateQueuedInvitesFlow" time="20.881" classname="slacktestcases.SlackQueuedInviteFlowValidation"/>
  <testcase name="validateQueuedInvitesFlowOnView" time="10.314" classname="slacktestcases.SlackQueuedInviteFlowValidation"/>
  <testcase name="validateQuickSettings" time="4.783" classname="slacktestcases.SlackQueuedInviteFlowValidation"/>
</testsuite> <!-- slacktestcases.SlackQueuedInviteFlowValidation -->
