<?xml version="1.0" encoding="UTF-8"?>
<!-- Generated by org.testng.reporters.JUnitReportReporter -->
<testsuite skipped="0" hostname="LAPTOP-A003P5EU" name="v2ScreenPackage.V2ScreenTestCases2" tests="2" failures="0" timestamp="06 Jan 2021 13:05:32 GMT" time="12.707" errors="0">
  <testcase name="loginFunc" time="8.365" classname="v2ScreenPackage.V2ScreenTestCases2"/>
  <testcase name="validateLandingPage2" time="4.342" classname="v2ScreenPackage.V2ScreenTestCases2"/>
</testsuite> <!-- v2ScreenPackage.V2ScreenTestCases2 -->
