<?xml version="1.0" encoding="UTF-8"?>
<!-- Generated by org.testng.reporters.JUnitReportReporter -->
<testsuite skipped="0" hostname="LAPTOP-A003P5EU" name="assembly.SlackBotRecogPageValidation" tests="3" failures="0" timestamp="30 Sep 2020 13:35:29 GMT" time="29.557" errors="0">
  <testcase name="validateSlackLoginWhenConnected" time="10.985" classname="assembly.SlackBotRecogPageValidation"/>
  <testcase name="SignInUsingSlack" time="17.204" classname="assembly.SlackBotRecogPageValidation"/>
  <testcase name="ValidateBotPostInRecogPage" time="1.368" classname="assembly.SlackBotRecogPageValidation"/>
</testsuite> <!-- assembly.SlackBotRecogPageValidation -->
