<?xml version="1.0" encoding="UTF-8"?>
<!-- Generated by org.testng.reporters.JUnitReportReporter -->
<testsuite skipped="0" hostname="LAPTOP-A003P5EU" name="assembly.SignInWhenO365IsConnectedUsingEmail" tests="2" failures="0" timestamp="29 Sep 2020 06:23:31 GMT" time="38.139" errors="0">
  <testcase name="validateO365LoginWhenConnected" time="13.225" classname="assembly.SignInWhenO365IsConnectedUsingEmail"/>
  <testcase name="SignInViaSlack" time="24.914" classname="assembly.SignInWhenO365IsConnectedUsingEmail"/>
</testsuite> <!-- assembly.SignInWhenO365IsConnectedUsingEmail -->
