<?xml version="1.0" encoding="UTF-8"?>
<!-- Generated by org.testng.reporters.JUnitReportReporter -->
<testsuite skipped="0" hostname="LAPTOP-A003P5EU" name="assembly.SlackIntegrationFlowValidation" tests="4" failures="0" timestamp="06 Oct 2020 15:09:20 GMT" time="73.852" errors="0">
  <testcase name="validateSlackLoginWhenConnected" time="11.077" classname="assembly.SlackIntegrationFlowValidation"/>
  <testcase name="SignInUsingSlack" time="14.675" classname="assembly.SlackIntegrationFlowValidation"/>
  <testcase name="AnnounceLaterFunction" time="39.443" classname="assembly.SlackIntegrationFlowValidation"/>
  <testcase name="ValidateQuickSettingsFlow" time="8.657" classname="assembly.SlackIntegrationFlowValidation"/>
</testsuite> <!-- assembly.SlackIntegrationFlowValidation -->
