<?xml version="1.0" encoding="UTF-8"?>
<!-- Generated by org.testng.reporters.JUnitReportReporter -->
<testsuite skipped="0" hostname="LAPTOP-A003P5EU" name="giverecognitonV2testcases.V2LayoutTestCase" tests="1" failures="0" timestamp="09 Dec 2020 08:10:54 GMT" time="7.778" errors="0">
  <testcase name="launchURL" time="7.778" classname="giverecognitonV2testcases.V2LayoutTestCase"/>
</testsuite> <!-- giverecognitonV2testcases.V2LayoutTestCase -->
