<?xml version="1.0" encoding="UTF-8"?>
<!-- Generated by org.testng.reporters.JUnitReportReporter -->
<testsuite skipped="0" hostname="LAPTOP-A003P5EU" name="assembly.HomePageValidation" tests="4" failures="0" timestamp="06 Jan 2021 15:56:09 GMT" time="25.813" errors="0">
  <testcase name="validateHomePageURLLaunch" time="11.824" classname="assembly.HomePageValidation"/>
  <testcase name="login" time="6.916" classname="assembly.HomePageValidation"/>
  <testcase name="loginFunc" time="7.035" classname="assembly.HomePageValidation"/>
  <testcase name="joinAssemblyPageAssertion" time="0.038" classname="assembly.HomePageValidation"/>
</testsuite> <!-- assembly.HomePageValidation -->
