<?xml version="1.0" encoding="UTF-8"?>
<!-- Generated by org.testng.reporters.JUnitReportReporter -->
<testsuite skipped="0" hostname="LAPTOP-A003P5EU" name="assembly.SignupExistingUserSlack" tests="2" failures="0" timestamp="06 Oct 2020 15:27:38 GMT" time="7.037" errors="0">
  <testcase name="ValidateSignUpDomainExistsFunc" time="6.111" classname="assembly.SignupExistingUserSlack"/>
  <testcase name="ValidateExistingUserSignUp" time="0.926" classname="assembly.SignupExistingUserSlack"/>
</testsuite> <!-- assembly.SignupExistingUserSlack -->
