<?xml version="1.0" encoding="UTF-8"?>
<!-- Generated by org.testng.reporters.JUnitReportReporter -->
<testsuite skipped="0" hostname="LAPTOP-A003P5EU" name="assembly.SlackInviteFlowValidation" tests="7" failures="0" timestamp="30 Sep 2020 12:07:46 GMT" time="80.916" errors="0">
  <testcase name="validateLogin" time="8.835" classname="assembly.SlackInviteFlowValidation"/>
  <testcase name="managePageSetup" time="3.690" classname="assembly.SlackInviteFlowValidation"/>
  <testcase name="validateCancelButtonOnClick" time="7.348" classname="assembly.SlackInviteFlowValidation"/>
  <testcase name="connectSlackOnCancel" time="30.131" classname="assembly.SlackInviteFlowValidation"/>
  <testcase name="validateQueuedInvitesFlow" time="16.387" classname="assembly.SlackInviteFlowValidation"/>
  <testcase name="validateQueuedInvitesFlowOnView" time="10.085" classname="assembly.SlackInviteFlowValidation"/>
  <testcase name="validateQuickSettings" time="4.440" classname="assembly.SlackInviteFlowValidation"/>
</testsuite> <!-- assembly.SlackInviteFlowValidation -->
