<?xml version="1.0" encoding="UTF-8"?>
<!-- Generated by org.testng.reporters.JUnitReportReporter -->
<testsuite skipped="0" hostname="LAPTOP-A003P5EU" name="assembly.SlackDifferentAccountAuthorizeError" tests="2" failures="0" timestamp="06 Oct 2020 15:02:12 GMT" time="36.746" errors="0">
  <testcase name="validateSlackLoginWhenConnected" time="9.662" classname="assembly.SlackDifferentAccountAuthorizeError"/>
  <testcase name="ValidateAccountMismatch" time="27.084" classname="assembly.SlackDifferentAccountAuthorizeError"/>
</testsuite> <!-- assembly.SlackDifferentAccountAuthorizeError -->
