<?xml version="1.0" encoding="UTF-8"?>
<!-- Generated by org.testng.reporters.JUnitReportReporter -->
<testsuite skipped="0" hostname="LAPTOP-A003P5EU" name="assembly.SlackAppValidation" tests="5" failures="0" timestamp="06 Oct 2020 15:13:43 GMT" time="30.417" errors="0">
  <testcase name="slackAppFunction" time="4.313" classname="assembly.SlackAppValidation"/>
  <testcase name="SignInUsingSlack" time="8.960" classname="assembly.SlackAppValidation"/>
  <testcase name="ValidateGiveRecogUsingSlash" time="9.679" classname="assembly.SlackAppValidation"/>
  <testcase name="RemoveExistingUser" time="3.531" classname="assembly.SlackAppValidation"/>
  <testcase name="AddNewUser" time="3.934" classname="assembly.SlackAppValidation"/>
</testsuite> <!-- assembly.SlackAppValidation -->
