<?xml version="1.0" encoding="UTF-8"?>
<!-- Generated by org.testng.reporters.JUnitReportReporter -->
<testsuite skipped="0" hostname="LAPTOP-A003P5EU" name="assembly.SlackQueuedInviteFlowValidation" tests="7" failures="0" timestamp="06 Oct 2020 15:43:47 GMT" time="77.780" errors="0">
  <testcase name="validateLogin" time="8.714" classname="assembly.SlackQueuedInviteFlowValidation"/>
  <testcase name="managePageSetup" time="3.771" classname="assembly.SlackQueuedInviteFlowValidation"/>
  <testcase name="validateCancelButtonOnClick" time="7.453" classname="assembly.SlackQueuedInviteFlowValidation"/>
  <testcase name="connectSlackOnCancel" time="27.044" classname="assembly.SlackQueuedInviteFlowValidation"/>
  <testcase name="validateQueuedInvitesFlow" time="15.956" classname="assembly.SlackQueuedInviteFlowValidation"/>
  <testcase name="validateQueuedInvitesFlowOnView" time="10.186" classname="assembly.SlackQueuedInviteFlowValidation"/>
  <testcase name="validateQuickSettings" time="4.656" classname="assembly.SlackQueuedInviteFlowValidation"/>
</testsuite> <!-- assembly.SlackQueuedInviteFlowValidation -->
