<?xml version="1.0" encoding="UTF-8"?>
<!-- Generated by org.testng.reporters.JUnitReportReporter -->
<testsuite skipped="0" hostname="LAPTOP-A003P5EU" name="slacktestcases.SignInWhenSlackIsConnectedUsingEmail" tests="2" failures="0" timestamp="07 Oct 2020 05:54:42 GMT" time="25.876" errors="0">
  <testcase name="validateSlackLoginWhenConnected" time="10.770" classname="slacktestcases.SignInWhenSlackIsConnectedUsingEmail"/>
  <testcase name="SignInViaSlack" time="15.106" classname="slacktestcases.SignInWhenSlackIsConnectedUsingEmail"/>
</testsuite> <!-- slacktestcases.SignInWhenSlackIsConnectedUsingEmail -->
