<?xml version="1.0" encoding="UTF-8"?>
<!-- Generated by org.testng.reporters.JUnitReportReporter -->
<testsuite skipped="0" hostname="LAPTOP-A003P5EU" name="slacktestcases.SlackQueuedInviteFlowValidation" tests="8" failures="0" timestamp="07 Jan 2021 08:31:04 GMT" time="91.718" errors="0">
  <testcase name="managePageSetup" time="4.722" classname="slacktestcases.SlackQueuedInviteFlowValidation"/>
  <testcase name="validateLogin" time="12.328" classname="slacktestcases.SlackQueuedInviteFlowValidation"/>
  <testcase name="validateLandingPage" time="1.838" classname="slacktestcases.SlackQueuedInviteFlowValidation"/>
  <testcase name="validateCancelButtonOnClick" time="7.434" classname="slacktestcases.SlackQueuedInviteFlowValidation"/>
  <testcase name="connectSlackOnCancel" time="30.157" classname="slacktestcases.SlackQueuedInviteFlowValidation"/>
  <testcase name="validateQueuedInvitesFlow" time="20.290" classname="slacktestcases.SlackQueuedInviteFlowValidation"/>
  <testcase name="validateQueuedInvitesFlowOnView" time="10.237" classname="slacktestcases.SlackQueuedInviteFlowValidation"/>
  <testcase name="validateQuickSettings" time="4.712" classname="slacktestcases.SlackQueuedInviteFlowValidation"/>
</testsuite> <!-- slacktestcases.SlackQueuedInviteFlowValidation -->
