<?xml version="1.0" encoding="UTF-8"?>
<!-- Generated by org.testng.reporters.JUnitReportReporter -->
<testsuite skipped="0" hostname="LAPTOP-A003P5EU" name="signInViaSSO.GoogleSsoSignIn" tests="2" failures="0" timestamp="06 Jan 2021 14:02:55 GMT" time="32.804" errors="0">
  <testcase name="validateGsuiteLoginWhenConnected" time="30.587" classname="signInViaSSO.GoogleSsoSignIn"/>
  <testcase name="login" time="2.217" classname="signInViaSSO.GoogleSsoSignIn"/>
</testsuite> <!-- signInViaSSO.GoogleSsoSignIn -->
