<?xml version="1.0" encoding="UTF-8"?>
<!-- Generated by org.testng.reporters.JUnitReportReporter -->
<testsuite skipped="0" hostname="LAPTOP-A003P5EU" name="gsuitetestcases.GsuiteEditViewFlow" tests="2" failures="0" timestamp="27 Oct 2020 09:15:37 GMT" time="36.171" errors="0">
  <testcase name="validateGsuiteLoginWhenConnected" time="29.666" classname="gsuitetestcases.GsuiteEditViewFlow"/>
  <testcase name="ValidateDeletingSelectedUser" time="6.505" classname="gsuitetestcases.GsuiteEditViewFlow"/>
</testsuite> <!-- gsuitetestcases.GsuiteEditViewFlow -->
