<?xml version="1.0" encoding="UTF-8"?>
<!-- Generated by org.testng.reporters.JUnitReportReporter -->
<testsuite skipped="0" hostname="LAPTOP-A003P5EU" name="v2ScreenPackage.V2ScreenTestCases" tests="2" failures="0" timestamp="06 Jan 2021 13:43:52 GMT" time="12.529" errors="0">
  <testcase name="login" time="7.685" classname="v2ScreenPackage.V2ScreenTestCases"/>
  <testcase name="validateLandingPage" time="4.844" classname="v2ScreenPackage.V2ScreenTestCases"/>
</testsuite> <!-- v2ScreenPackage.V2ScreenTestCases -->
