<?xml version="1.0" encoding="UTF-8"?>
<!-- Generated by org.testng.reporters.JUnitReportReporter -->
<testsuite skipped="0" hostname="LAPTOP-A003P5EU" name="gsuitetestcases.GsuiteQueuedInviteFlowValidation" tests="7" failures="0" timestamp="27 Oct 2020 05:58:35 GMT" time="134.183" errors="0">
  <testcase name="validateGsuiteLoginWhenConnected" time="35.843" classname="gsuitetestcases.GsuiteQueuedInviteFlowValidation"/>
  <testcase name="managePageSetup" time="6.488" classname="gsuitetestcases.GsuiteQueuedInviteFlowValidation"/>
  <testcase name="validateCancelButtonOnClick" time="5.516" classname="gsuitetestcases.GsuiteQueuedInviteFlowValidation"/>
  <testcase name="connectGSuiteOnCancel" time="38.465" classname="gsuitetestcases.GsuiteQueuedInviteFlowValidation"/>
  <testcase name="validateQueuedInvitesFlow" time="26.941" classname="gsuitetestcases.GsuiteQueuedInviteFlowValidation"/>
  <testcase name="validateQueuedInvitesFlowOnView" time="16.523" classname="gsuitetestcases.GsuiteQueuedInviteFlowValidation"/>
  <testcase name="validateQuickSettings" time="4.407" classname="gsuitetestcases.GsuiteQueuedInviteFlowValidation"/>
</testsuite> <!-- gsuitetestcases.GsuiteQueuedInviteFlowValidation -->
