<?xml version="1.0" encoding="UTF-8"?>
<!-- Generated by org.testng.reporters.JUnitReportReporter -->
<testsuite skipped="0" hostname="LAPTOP-A003P5EU" name="assembly.SignInWhenSlackIsConnectedUsingEmail" tests="2" failures="0" timestamp="06 Oct 2020 15:02:56 GMT" time="25.377" errors="0">
  <testcase name="validateSlackLoginWhenConnected" time="10.864" classname="assembly.SignInWhenSlackIsConnectedUsingEmail"/>
  <testcase name="SignInViaSlack" time="14.513" classname="assembly.SignInWhenSlackIsConnectedUsingEmail"/>
</testsuite> <!-- assembly.SignInWhenSlackIsConnectedUsingEmail -->
