<?xml version="1.0" encoding="UTF-8"?>
<!-- Generated by org.testng.reporters.JUnitReportReporter -->
<testsuite skipped="0" hostname="LAPTOP-A003P5EU" name="assembly.TrophyCountDisplayValidation" tests="3" failures="0" timestamp="29 Sep 2020 06:00:00 GMT" time="16.469" errors="0">
  <testcase name="validateLogin" time="12.952" classname="assembly.TrophyCountDisplayValidation"/>
  <testcase name="getTotalTropyCountFunction" time="2.327" classname="assembly.TrophyCountDisplayValidation"/>
  <testcase name="getEarnedTropyCountFunction" time="1.190" classname="assembly.TrophyCountDisplayValidation"/>
</testsuite> <!-- assembly.TrophyCountDisplayValidation -->
