<?xml version="1.0" encoding="UTF-8"?>
<!-- Generated by org.testng.reporters.JUnitReportReporter -->
<testsuite skipped="0" hostname="LAPTOP-A003P5EU" name="assembly.HomePageValidation" tests="3" failures="0" timestamp="14 Oct 2020 12:01:13 GMT" time="13.566" errors="0">
  <testcase name="joinAssemblyPageAssertion" time="0.026" classname="assembly.HomePageValidation"/>
  <testcase name="validateHomePageURLLaunch" time="9.357" classname="assembly.HomePageValidation"/>
  <testcase name="requestDemoFunc" time="4.183" classname="assembly.HomePageValidation"/>
</testsuite> <!-- assembly.HomePageValidation -->
