<?xml version="1.0" encoding="UTF-8"?>
<!-- Generated by org.testng.reporters.JUnitReportReporter -->
<testsuite skipped="0" hostname="LAPTOP-A003P5EU" name="slacktestcases.DeleteInviteUsersSlack" tests="2" failures="0" timestamp="25 Nov 2020 06:39:29 GMT" time="19.563" errors="0">
  <testcase name="validateLogin" time="14.039" classname="slacktestcases.DeleteInviteUsersSlack"/>
  <testcase name="DeleteUsersFromQueuedInvites" time="5.524" classname="slacktestcases.DeleteInviteUsersSlack"/>
</testsuite> <!-- slacktestcases.DeleteInviteUsersSlack -->
