<?xml version="1.0" encoding="UTF-8"?>
<!-- Generated by org.testng.reporters.JUnitReportReporter -->
<testsuite skipped="0" hostname="LAPTOP-A003P5EU" name="billing.BillingSignIn" tests="1" failures="0" timestamp="07 Jan 2021 07:59:33 GMT" time="12.504" errors="0">
  <testcase name="validateLandingPage" time="12.504" classname="billing.BillingSignIn"/>
</testsuite> <!-- billing.BillingSignIn -->
