<?xml version="1.0" encoding="UTF-8"?>
<!-- Generated by org.testng.reporters.JUnitReportReporter -->
<testsuite skipped="0" hostname="LAPTOP-A003P5EU" name="resources.GoogleSsoSignIn" tests="1" failures="0" timestamp="23 Oct 2020 05:11:42 GMT" time="25.188" errors="0">
  <testcase name="validateGsuiteLoginWhenConnected" time="25.188" classname="resources.GoogleSsoSignIn"/>
</testsuite> <!-- resources.GoogleSsoSignIn -->
