<?xml version="1.0" encoding="UTF-8"?>
<!-- Generated by org.testng.reporters.JUnitReportReporter -->
<testsuite skipped="0" hostname="LAPTOP-A003P5EU" name="slacktestcases.SlackDifferentAccountAuthorizeError" tests="2" failures="0" timestamp="07 Oct 2020 05:55:57 GMT" time="33.133" errors="0">
  <testcase name="validateSlackLoginWhenConnected" time="10.402" classname="slacktestcases.SlackDifferentAccountAuthorizeError"/>
  <testcase name="ValidateAccountMismatch" time="22.731" classname="slacktestcases.SlackDifferentAccountAuthorizeError"/>
</testsuite> <!-- slacktestcases.SlackDifferentAccountAuthorizeError -->
