<?xml version="1.0" encoding="UTF-8"?>
<!-- Generated by org.testng.reporters.JUnitReportReporter -->
<testsuite skipped="0" hostname="LAPTOP-A003P5EU" name="gsuitetestcases.GsuiteDifferentAccountAuthorizeError" tests="2" failures="0" timestamp="27 Oct 2020 12:34:49 GMT" time="46.719" errors="0">
  <testcase name="validateSlackLoginWhenConnected" time="12.190" classname="gsuitetestcases.GsuiteDifferentAccountAuthorizeError"/>
  <testcase name="ValidateAccountMismatch" time="34.529" classname="gsuitetestcases.GsuiteDifferentAccountAuthorizeError"/>
</testsuite> <!-- gsuitetestcases.GsuiteDifferentAccountAuthorizeError -->
